
===========================================================================
report_checks -path_delay max (Setup)
============================================================================
======================= nom_ss_100C_1v60 Corner ===================================

Startpoint: B[7] (input port clocked by __VIRTUAL_CLK__)
Endpoint: GT (output port clocked by __VIRTUAL_CLK__)
Path Group: __VIRTUAL_CLK__
Path Type: max

Fanout         Cap        Slew       Delay        Time   Description
---------------------------------------------------------------------------------------------
                      0.000000    0.000000    0.000000   clock __VIRTUAL_CLK__ (rise edge)
                                  0.000000    0.000000   clock network delay (ideal)
                                  2.000000    2.000000 ^ input external delay
     2    0.003122    0.035591    0.017456    2.017456 ^ B[7] (in)
                                                         B[7] (net)
                      0.035591    0.000000    2.017456 ^ _197_/A_N (sky130_fd_sc_hd__and2b_2)
     2    0.005542    0.084899    0.440890    2.458346 v _197_/X (sky130_fd_sc_hd__and2b_2)
                                                         _050_ (net)
                      0.084899    0.000000    2.458346 v _202_/A (sky130_fd_sc_hd__or4_2)
     2    0.003579    0.224113    1.562030    4.020376 v _202_/X (sky130_fd_sc_hd__or4_2)
                                                         _055_ (net)
                      0.224113    0.000000    4.020376 v _206_/A (sky130_fd_sc_hd__or4b_2)
     2    0.003649    0.224833    1.618984    5.639360 v _206_/X (sky130_fd_sc_hd__or4b_2)
                                                         _059_ (net)
                      0.224833    0.000000    5.639360 v _230_/B (sky130_fd_sc_hd__or3b_2)
     1    0.004181    0.173637    1.095235    6.734596 v _230_/X (sky130_fd_sc_hd__or3b_2)
                                                         _082_ (net)
                      0.173637    0.000000    6.734596 v _231_/B (sky130_fd_sc_hd__nor2_2)
     2    0.038126    0.685598    0.595774    7.330369 ^ _231_/Y (sky130_fd_sc_hd__nor2_2)
                                                         EQ (net)
                      0.685598    0.000000    7.330369 ^ _232_/B1 (sky130_fd_sc_hd__a21oi_2)
     1    0.033442    0.279932    0.397437    7.727806 v _232_/Y (sky130_fd_sc_hd__a21oi_2)
                                                         GT (net)
                      0.279932    0.000000    7.727806 v GT (out)
                                              7.727806   data arrival time

                      0.000000   10.000000   10.000000   clock __VIRTUAL_CLK__ (rise edge)
                                  0.000000   10.000000   clock network delay (ideal)
                                 -0.250000    9.750000   clock uncertainty
                                  0.000000    9.750000   clock reconvergence pessimism
                                 -2.000000    7.750000   output external delay
                                              7.750000   data required time
---------------------------------------------------------------------------------------------
                                              7.750000   data required time
                                             -7.727806   data arrival time
---------------------------------------------------------------------------------------------
                                              0.022194   slack (MET)


Startpoint: B[7] (input port clocked by __VIRTUAL_CLK__)
Endpoint: EQ (output port clocked by __VIRTUAL_CLK__)
Path Group: __VIRTUAL_CLK__
Path Type: max

Fanout         Cap        Slew       Delay        Time   Description
---------------------------------------------------------------------------------------------
                      0.000000    0.000000    0.000000   clock __VIRTUAL_CLK__ (rise edge)
                                  0.000000    0.000000   clock network delay (ideal)
                                  2.000000    2.000000 ^ input external delay
     2    0.003122    0.035591    0.017456    2.017456 ^ B[7] (in)
                                                         B[7] (net)
                      0.035591    0.000000    2.017456 ^ _197_/A_N (sky130_fd_sc_hd__and2b_2)
     2    0.005542    0.084899    0.440890    2.458346 v _197_/X (sky130_fd_sc_hd__and2b_2)
                                                         _050_ (net)
                      0.084899    0.000000    2.458346 v _202_/A (sky130_fd_sc_hd__or4_2)
     2    0.003579    0.224113    1.562030    4.020376 v _202_/X (sky130_fd_sc_hd__or4_2)
                                                         _055_ (net)
                      0.224113    0.000000    4.020376 v _206_/A (sky130_fd_sc_hd__or4b_2)
     2    0.003649    0.224833    1.618984    5.639360 v _206_/X (sky130_fd_sc_hd__or4b_2)
                                                         _059_ (net)
                      0.224833    0.000000    5.639360 v _230_/B (sky130_fd_sc_hd__or3b_2)
     1    0.004181    0.173637    1.095235    6.734596 v _230_/X (sky130_fd_sc_hd__or3b_2)
                                                         _082_ (net)
                      0.173637    0.000000    6.734596 v _231_/B (sky130_fd_sc_hd__nor2_2)
     2    0.038126    0.685598    0.595774    7.330369 ^ _231_/Y (sky130_fd_sc_hd__nor2_2)
                                                         EQ (net)
                      0.685598    0.000000    7.330369 ^ EQ (out)
                                              7.330369   data arrival time

                      0.000000   10.000000   10.000000   clock __VIRTUAL_CLK__ (rise edge)
                                  0.000000   10.000000   clock network delay (ideal)
                                 -0.250000    9.750000   clock uncertainty
                                  0.000000    9.750000   clock reconvergence pessimism
                                 -2.000000    7.750000   output external delay
                                              7.750000   data required time
---------------------------------------------------------------------------------------------
                                              7.750000   data required time
                                             -7.330369   data arrival time
---------------------------------------------------------------------------------------------
                                              0.419631   slack (MET)


Startpoint: B[7] (input port clocked by __VIRTUAL_CLK__)
Endpoint: LT (output port clocked by __VIRTUAL_CLK__)
Path Group: __VIRTUAL_CLK__
Path Type: max

Fanout         Cap        Slew       Delay        Time   Description
---------------------------------------------------------------------------------------------
                      0.000000    0.000000    0.000000   clock __VIRTUAL_CLK__ (rise edge)
                                  0.000000    0.000000   clock network delay (ideal)
                                  2.000000    2.000000 ^ input external delay
     2    0.003122    0.035591    0.017456    2.017456 ^ B[7] (in)
                                                         B[7] (net)
                      0.035591    0.000000    2.017456 ^ _197_/A_N (sky130_fd_sc_hd__and2b_2)
     2    0.005542    0.084899    0.440890    2.458346 v _197_/X (sky130_fd_sc_hd__and2b_2)
                                                         _050_ (net)
                      0.084899    0.000000    2.458346 v _202_/A (sky130_fd_sc_hd__or4_2)
     2    0.003579    0.224113    1.562030    4.020376 v _202_/X (sky130_fd_sc_hd__or4_2)
                                                         _055_ (net)
                      0.224113    0.000000    4.020376 v _206_/A (sky130_fd_sc_hd__or4b_2)
     2    0.003649    0.224833    1.618984    5.639360 v _206_/X (sky130_fd_sc_hd__or4b_2)
                                                         _059_ (net)
                      0.224833    0.000000    5.639360 v _225_/C1 (sky130_fd_sc_hd__a211o_2)
     1    0.002283    0.079014    0.549545    6.188906 v _225_/X (sky130_fd_sc_hd__a211o_2)
                                                         _078_ (net)
                      0.079014    0.000000    6.188906 v _226_/A3 (sky130_fd_sc_hd__a31o_2)
     2    0.006023    0.080943    0.463928    6.652833 v _226_/X (sky130_fd_sc_hd__a31o_2)
                                                         _079_ (net)
                      0.080943    0.000000    6.652833 v _227_/B (sky130_fd_sc_hd__and2_2)
     1    0.033442    0.193568    0.537815    7.190648 v _227_/X (sky130_fd_sc_hd__and2_2)
                                                         LT (net)
                      0.193568    0.000000    7.190648 v LT (out)
                                              7.190648   data arrival time

                      0.000000   10.000000   10.000000   clock __VIRTUAL_CLK__ (rise edge)
                                  0.000000   10.000000   clock network delay (ideal)
                                 -0.250000    9.750000   clock uncertainty
                                  0.000000    9.750000   clock reconvergence pessimism
                                 -2.000000    7.750000   output external delay
                                              7.750000   data required time
---------------------------------------------------------------------------------------------
                                              7.750000   data required time
                                             -7.190648   data arrival time
---------------------------------------------------------------------------------------------
                                              0.559352   slack (MET)



