Reading timing models for corner nom_tt_025C_1v80…
Reading cell library for the 'nom_tt_025C_1v80' corner at '/foss/pdks/volare/sky130/versions/0fe599b2afb6708d281543108caf8310912f54af/sky130A/libs.ref/sky130_fd_sc_hd/lib/sky130_fd_sc_hd__tt_025C_1v80.lib'…
Reading top-level netlist at '/home/asic/workspace/cmp_32/runs/RUN_2025-09-21_21-04-19/06-yosys-synthesis/cmp_32.nl.v'…
Linking design 'cmp_32' from netlist…
Reading design constraints file at '/usr/local/lib/python3.12/dist-packages/openlane/scripts/base.sdc'…
Warning: base.sdc line 15, port '__VIRTUAL_CLK__' not found.
[INFO] Using clock __VIRTUAL_CLK__…
[INFO] Setting output delay to: 2
[INFO] Setting input delay to: 2
Warning: base.sdc line 32, port '__VIRTUAL_CLK__' not found.
[INFO] Setting load to: 0.033442
[INFO] Setting clock uncertainty to: 0.25
[INFO] Setting clock transition to: 0.1499999999999999944488848768742172978818416595458984375
Warning: base.sdc line 69, transition time can not be specified for virtual clocks.
[INFO] Setting timing derate to: 5%
%OL_CREATE_REPORT min.rpt

===========================================================================
report_checks -path_delay min (Hold)
============================================================================
======================= nom_tt_025C_1v80 Corner ===================================

Startpoint: A[24] (input port clocked by __VIRTUAL_CLK__)
Endpoint: EQ (output port clocked by __VIRTUAL_CLK__)
Path Group: __VIRTUAL_CLK__
Path Type: min

Fanout         Cap        Slew       Delay        Time   Description
---------------------------------------------------------------------------------------------
                      0.000000    0.000000    0.000000   clock __VIRTUAL_CLK__ (rise edge)
                                  0.000000    0.000000   clock network delay (ideal)
                                  2.000000    2.000000 v input external delay
     2    0.004493    0.012945    0.007246    2.007246 v A[24] (in)
                                                         A[24] (net)
                      0.012945    0.000000    2.007246 v _150_/A1 (sky130_fd_sc_hd__o21ba_2)
     2    0.005605    0.033075    0.201498    2.208744 v _150_/X (sky130_fd_sc_hd__o21ba_2)
                                                         _003_ (net)
                      0.033075    0.000000    2.208744 v _173_/C (sky130_fd_sc_hd__nand4_2)
     2    0.007115    0.060653    0.091721    2.300465 ^ _173_/Y (sky130_fd_sc_hd__nand4_2)
                                                         _026_ (net)
                      0.060653    0.000000    2.300465 ^ _231_/A (sky130_fd_sc_hd__nor2_2)
     2    0.037561    0.088259    0.097851    2.398316 v _231_/Y (sky130_fd_sc_hd__nor2_2)
                                                         EQ (net)
                      0.088259    0.000000    2.398316 v EQ (out)
                                              2.398316   data arrival time

                      0.000000    0.000000    0.000000   clock __VIRTUAL_CLK__ (rise edge)
                                  0.000000    0.000000   clock network delay (ideal)
                                  0.250000    0.250000   clock uncertainty
                                  0.000000    0.250000   clock reconvergence pessimism
                                 -2.000000   -1.750000   output external delay
                                             -1.750000   data required time
---------------------------------------------------------------------------------------------
                                             -1.750000   data required time
                                             -2.398316   data arrival time
---------------------------------------------------------------------------------------------
                                              4.148315   slack (MET)


Startpoint: A[3] (input port clocked by __VIRTUAL_CLK__)
Endpoint: GT (output port clocked by __VIRTUAL_CLK__)
Path Group: __VIRTUAL_CLK__
Path Type: min

Fanout         Cap        Slew       Delay        Time   Description
---------------------------------------------------------------------------------------------
                      0.000000    0.000000    0.000000   clock __VIRTUAL_CLK__ (rise edge)
                                  0.000000    0.000000   clock network delay (ideal)
                                  2.000000    2.000000 v input external delay
     2    0.005663    0.015482    0.009140    2.009140 v A[3] (in)
                                                         A[3] (net)
                      0.015482    0.000000    2.009140 v _126_/B (sky130_fd_sc_hd__nand2b_2)
     3    0.006319    0.051743    0.056916    2.066056 ^ _126_/Y (sky130_fd_sc_hd__nand2b_2)
                                                         _094_ (net)
                      0.051743    0.000000    2.066056 ^ _225_/A1 (sky130_fd_sc_hd__a211o_2)
     1    0.002507    0.025183    0.110769    2.176825 ^ _225_/X (sky130_fd_sc_hd__a211o_2)
                                                         _078_ (net)
                      0.025183    0.000000    2.176825 ^ _226_/A3 (sky130_fd_sc_hd__a31o_2)
     2    0.006593    0.051584    0.155928    2.332753 ^ _226_/X (sky130_fd_sc_hd__a31o_2)
                                                         _079_ (net)
                      0.051584    0.000000    2.332753 ^ _232_/A2 (sky130_fd_sc_hd__a21oi_2)
     1    0.033442    0.126817    0.125784    2.458537 v _232_/Y (sky130_fd_sc_hd__a21oi_2)
                                                         GT (net)
                      0.126817    0.000000    2.458537 v GT (out)
                                              2.458537   data arrival time

                      0.000000    0.000000    0.000000   clock __VIRTUAL_CLK__ (rise edge)
                                  0.000000    0.000000   clock network delay (ideal)
                                  0.250000    0.250000   clock uncertainty
                                  0.000000    0.250000   clock reconvergence pessimism
                                 -2.000000   -1.750000   output external delay
                                             -1.750000   data required time
---------------------------------------------------------------------------------------------
                                             -1.750000   data required time
                                             -2.458537   data arrival time
---------------------------------------------------------------------------------------------
                                              4.208537   slack (MET)


Startpoint: B[31] (input port clocked by __VIRTUAL_CLK__)
Endpoint: LT (output port clocked by __VIRTUAL_CLK__)
Path Group: __VIRTUAL_CLK__
Path Type: min

Fanout         Cap        Slew       Delay        Time   Description
---------------------------------------------------------------------------------------------
                      0.000000    0.000000    0.000000   clock __VIRTUAL_CLK__ (rise edge)
                                  0.000000    0.000000   clock network delay (ideal)
                                  2.000000    2.000000 v input external delay
     2    0.006104    0.016438    0.009854    2.009854 v B[31] (in)
                                                         B[31] (net)
                      0.016438    0.000000    2.009854 v _145_/B (sky130_fd_sc_hd__nand2b_2)
     2    0.004960    0.044989    0.052404    2.062258 ^ _145_/Y (sky130_fd_sc_hd__nand2b_2)
                                                         _113_ (net)
                      0.044989    0.000000    2.062258 ^ _210_/A1 (sky130_fd_sc_hd__a22o_2)
     1    0.004707    0.042766    0.134320    2.196578 ^ _210_/X (sky130_fd_sc_hd__a22o_2)
                                                         _063_ (net)
                      0.042766    0.000000    2.196578 ^ _216_/B1 (sky130_fd_sc_hd__a21oi_2)
     2    0.005697    0.025056    0.033867    2.230445 v _216_/Y (sky130_fd_sc_hd__a21oi_2)
                                                         _069_ (net)
                      0.025056    0.000000    2.230445 v _227_/A (sky130_fd_sc_hd__and2_2)
     1    0.033442    0.099765    0.230368    2.460813 v _227_/X (sky130_fd_sc_hd__and2_2)
                                                         LT (net)
                      0.099765    0.000000    2.460813 v LT (out)
                                              2.460813   data arrival time

                      0.000000    0.000000    0.000000   clock __VIRTUAL_CLK__ (rise edge)
                                  0.000000    0.000000   clock network delay (ideal)
                                  0.250000    0.250000   clock uncertainty
                                  0.000000    0.250000   clock reconvergence pessimism
                                 -2.000000   -1.750000   output external delay
                                             -1.750000   data required time
---------------------------------------------------------------------------------------------
                                             -1.750000   data required time
                                             -2.460813   data arrival time
---------------------------------------------------------------------------------------------
                                              4.210812   slack (MET)



%OL_END_REPORT
%OL_CREATE_REPORT max.rpt

===========================================================================
report_checks -path_delay max (Setup)
============================================================================
======================= nom_tt_025C_1v80 Corner ===================================

Startpoint: B[7] (input port clocked by __VIRTUAL_CLK__)
Endpoint: GT (output port clocked by __VIRTUAL_CLK__)
Path Group: __VIRTUAL_CLK__
Path Type: max

Fanout         Cap        Slew       Delay        Time   Description
---------------------------------------------------------------------------------------------
                      0.000000    0.000000    0.000000   clock __VIRTUAL_CLK__ (rise edge)
                                  0.000000    0.000000   clock network delay (ideal)
                                  2.000000    2.000000 ^ input external delay
     2    0.003303    0.022713    0.012047    2.012047 ^ B[7] (in)
                                                         B[7] (net)
                      0.022713    0.000000    2.012047 ^ _197_/A_N (sky130_fd_sc_hd__and2b_2)
     2    0.005534    0.043779    0.205318    2.217364 v _197_/X (sky130_fd_sc_hd__and2b_2)
                                                         _050_ (net)
                      0.043779    0.000000    2.217364 v _202_/A (sky130_fd_sc_hd__or4_2)
     2    0.003587    0.103537    0.658035    2.875400 v _202_/X (sky130_fd_sc_hd__or4_2)
                                                         _055_ (net)
                      0.103537    0.000000    2.875400 v _206_/A (sky130_fd_sc_hd__or4b_2)
     2    0.003620    0.104217    0.680894    3.556294 v _206_/X (sky130_fd_sc_hd__or4b_2)
                                                         _059_ (net)
                      0.104217    0.000000    3.556294 v _230_/B (sky130_fd_sc_hd__or3b_2)
     1    0.004136    0.082707    0.462124    4.018418 v _230_/X (sky130_fd_sc_hd__or3b_2)
                                                         _082_ (net)
                      0.082707    0.000000    4.018418 v _231_/B (sky130_fd_sc_hd__nor2_2)
     2    0.038149    0.421468    0.348704    4.367121 ^ _231_/Y (sky130_fd_sc_hd__nor2_2)
                                                         EQ (net)
                      0.421468    0.000000    4.367121 ^ _232_/B1 (sky130_fd_sc_hd__a21oi_2)
     1    0.033442    0.150201    0.171145    4.538267 v _232_/Y (sky130_fd_sc_hd__a21oi_2)
                                                         GT (net)
                      0.150201    0.000000    4.538267 v GT (out)
                                              4.538267   data arrival time

                      0.000000   10.000000   10.000000   clock __VIRTUAL_CLK__ (rise edge)
                                  0.000000   10.000000   clock network delay (ideal)
                                 -0.250000    9.750000   clock uncertainty
                                  0.000000    9.750000   clock reconvergence pessimism
                                 -2.000000    7.750000   output external delay
                                              7.750000   data required time
---------------------------------------------------------------------------------------------
                                              7.750000   data required time
                                             -4.538267   data arrival time
---------------------------------------------------------------------------------------------
                                              3.211733   slack (MET)


Startpoint: B[7] (input port clocked by __VIRTUAL_CLK__)
Endpoint: EQ (output port clocked by __VIRTUAL_CLK__)
Path Group: __VIRTUAL_CLK__
Path Type: max

Fanout         Cap        Slew       Delay        Time   Description
---------------------------------------------------------------------------------------------
                      0.000000    0.000000    0.000000   clock __VIRTUAL_CLK__ (rise edge)
                                  0.000000    0.000000   clock network delay (ideal)
                                  2.000000    2.000000 ^ input external delay
     2    0.003303    0.022713    0.012047    2.012047 ^ B[7] (in)
                                                         B[7] (net)
                      0.022713    0.000000    2.012047 ^ _197_/A_N (sky130_fd_sc_hd__and2b_2)
     2    0.005534    0.043779    0.205318    2.217364 v _197_/X (sky130_fd_sc_hd__and2b_2)
                                                         _050_ (net)
                      0.043779    0.000000    2.217364 v _202_/A (sky130_fd_sc_hd__or4_2)
     2    0.003587    0.103537    0.658035    2.875400 v _202_/X (sky130_fd_sc_hd__or4_2)
                                                         _055_ (net)
                      0.103537    0.000000    2.875400 v _206_/A (sky130_fd_sc_hd__or4b_2)
     2    0.003620    0.104217    0.680894    3.556294 v _206_/X (sky130_fd_sc_hd__or4b_2)
                                                         _059_ (net)
                      0.104217    0.000000    3.556294 v _230_/B (sky130_fd_sc_hd__or3b_2)
     1    0.004136    0.082707    0.462124    4.018418 v _230_/X (sky130_fd_sc_hd__or3b_2)
                                                         _082_ (net)
                      0.082707    0.000000    4.018418 v _231_/B (sky130_fd_sc_hd__nor2_2)
     2    0.038149    0.421468    0.348704    4.367121 ^ _231_/Y (sky130_fd_sc_hd__nor2_2)
                                                         EQ (net)
                      0.421468    0.000000    4.367121 ^ EQ (out)
                                              4.367121   data arrival time

                      0.000000   10.000000   10.000000   clock __VIRTUAL_CLK__ (rise edge)
                                  0.000000   10.000000   clock network delay (ideal)
                                 -0.250000    9.750000   clock uncertainty
                                  0.000000    9.750000   clock reconvergence pessimism
                                 -2.000000    7.750000   output external delay
                                              7.750000   data required time
---------------------------------------------------------------------------------------------
                                              7.750000   data required time
                                             -4.367121   data arrival time
---------------------------------------------------------------------------------------------
                                              3.382879   slack (MET)


Startpoint: B[7] (input port clocked by __VIRTUAL_CLK__)
Endpoint: LT (output port clocked by __VIRTUAL_CLK__)
Path Group: __VIRTUAL_CLK__
Path Type: max

Fanout         Cap        Slew       Delay        Time   Description
---------------------------------------------------------------------------------------------
                      0.000000    0.000000    0.000000   clock __VIRTUAL_CLK__ (rise edge)
                                  0.000000    0.000000   clock network delay (ideal)
                                  2.000000    2.000000 ^ input external delay
     2    0.003303    0.022713    0.012047    2.012047 ^ B[7] (in)
                                                         B[7] (net)
                      0.022713    0.000000    2.012047 ^ _197_/A_N (sky130_fd_sc_hd__and2b_2)
     2    0.005534    0.043779    0.205318    2.217364 v _197_/X (sky130_fd_sc_hd__and2b_2)
                                                         _050_ (net)
                      0.043779    0.000000    2.217364 v _202_/A (sky130_fd_sc_hd__or4_2)
     2    0.003587    0.103537    0.658035    2.875400 v _202_/X (sky130_fd_sc_hd__or4_2)
                                                         _055_ (net)
                      0.103537    0.000000    2.875400 v _206_/A (sky130_fd_sc_hd__or4b_2)
     2    0.003620    0.104217    0.680894    3.556294 v _206_/X (sky130_fd_sc_hd__or4b_2)
                                                         _059_ (net)
                      0.104217    0.000000    3.556294 v _225_/C1 (sky130_fd_sc_hd__a211o_2)
     1    0.002240    0.045146    0.273815    3.830108 v _225_/X (sky130_fd_sc_hd__a211o_2)
                                                         _078_ (net)
                      0.045146    0.000000    3.830108 v _226_/A3 (sky130_fd_sc_hd__a31o_2)
     2    0.006012    0.046122    0.249055    4.079164 v _226_/X (sky130_fd_sc_hd__a31o_2)
                                                         _079_ (net)
                      0.046122    0.000000    4.079164 v _227_/B (sky130_fd_sc_hd__and2_2)
     1    0.033442    0.101807    0.260652    4.339815 v _227_/X (sky130_fd_sc_hd__and2_2)
                                                         LT (net)
                      0.101807    0.000000    4.339815 v LT (out)
                                              4.339815   data arrival time

                      0.000000   10.000000   10.000000   clock __VIRTUAL_CLK__ (rise edge)
                                  0.000000   10.000000   clock network delay (ideal)
                                 -0.250000    9.750000   clock uncertainty
                                  0.000000    9.750000   clock reconvergence pessimism
                                 -2.000000    7.750000   output external delay
                                              7.750000   data required time
---------------------------------------------------------------------------------------------
                                              7.750000   data required time
                                             -4.339815   data arrival time
---------------------------------------------------------------------------------------------
                                              3.410185   slack (MET)



%OL_END_REPORT
%OL_CREATE_REPORT checks.rpt

===========================================================================
report_checks -unconstrained
===========================================================================
======================= nom_tt_025C_1v80 Corner ===================================

Startpoint: B[7] (input port clocked by __VIRTUAL_CLK__)
Endpoint: GT (output port clocked by __VIRTUAL_CLK__)
Path Group: __VIRTUAL_CLK__
Path Type: max

Fanout         Cap        Slew       Delay        Time   Description
---------------------------------------------------------------------------------------------
                      0.000000    0.000000    0.000000   clock __VIRTUAL_CLK__ (rise edge)
                                  0.000000    0.000000   clock network delay (ideal)
                                  2.000000    2.000000 ^ input external delay
     2    0.003303    0.022713    0.012047    2.012047 ^ B[7] (in)
                                                         B[7] (net)
                      0.022713    0.000000    2.012047 ^ _197_/A_N (sky130_fd_sc_hd__and2b_2)
     2    0.005534    0.043779    0.205318    2.217364 v _197_/X (sky130_fd_sc_hd__and2b_2)
                                                         _050_ (net)
                      0.043779    0.000000    2.217364 v _202_/A (sky130_fd_sc_hd__or4_2)
     2    0.003587    0.103537    0.658035    2.875400 v _202_/X (sky130_fd_sc_hd__or4_2)
                                                         _055_ (net)
                      0.103537    0.000000    2.875400 v _206_/A (sky130_fd_sc_hd__or4b_2)
     2    0.003620    0.104217    0.680894    3.556294 v _206_/X (sky130_fd_sc_hd__or4b_2)
                                                         _059_ (net)
                      0.104217    0.000000    3.556294 v _230_/B (sky130_fd_sc_hd__or3b_2)
     1    0.004136    0.082707    0.462124    4.018418 v _230_/X (sky130_fd_sc_hd__or3b_2)
                                                         _082_ (net)
                      0.082707    0.000000    4.018418 v _231_/B (sky130_fd_sc_hd__nor2_2)
     2    0.038149    0.421468    0.348704    4.367121 ^ _231_/Y (sky130_fd_sc_hd__nor2_2)
                                                         EQ (net)
                      0.421468    0.000000    4.367121 ^ _232_/B1 (sky130_fd_sc_hd__a21oi_2)
     1    0.033442    0.150201    0.171145    4.538267 v _232_/Y (sky130_fd_sc_hd__a21oi_2)
                                                         GT (net)
                      0.150201    0.000000    4.538267 v GT (out)
                                              4.538267   data arrival time

                      0.000000   10.000000   10.000000   clock __VIRTUAL_CLK__ (rise edge)
                                  0.000000   10.000000   clock network delay (ideal)
                                 -0.250000    9.750000   clock uncertainty
                                  0.000000    9.750000   clock reconvergence pessimism
                                 -2.000000    7.750000   output external delay
                                              7.750000   data required time
---------------------------------------------------------------------------------------------
                                              7.750000   data required time
                                             -4.538267   data arrival time
---------------------------------------------------------------------------------------------
                                              3.211733   slack (MET)




===========================================================================
report_checks --slack_max -0.01
============================================================================
======================= nom_tt_025C_1v80 Corner ===================================

No paths found.


===========================================================================
 report_check_types -max_slew -max_cap -max_fanout -violators
============================================================================
======================= nom_tt_025C_1v80 Corner ===================================



===========================================================================
report_parasitic_annotation -report_unannotated
============================================================================
Found 182 unannotated drivers.
 A[0]
 A[10]
 A[11]
 A[12]
 A[13]
 A[14]
 A[15]
 A[16]
 A[17]
 A[18]
 A[19]
 A[1]
 A[20]
 A[21]
 A[22]
 A[23]
 A[24]
 A[25]
 A[26]
 A[27]
 A[28]
 A[29]
 A[2]
 A[30]
 A[31]
 A[3]
 A[4]
 A[5]
 A[6]
 A[7]
 A[8]
 A[9]
 B[0]
 B[10]
 B[11]
 B[12]
 B[13]
 B[14]
 B[15]
 B[16]
 B[17]
 B[18]
 B[19]
 B[1]
 B[20]
 B[21]
 B[22]
 B[23]
 B[24]
 B[25]
 B[26]
 B[27]
 B[28]
 B[29]
 B[2]
 B[30]
 B[31]
 B[3]
 B[4]
 B[5]
 B[6]
 B[7]
 B[8]
 B[9]
 _115_/Y
 _116_/Y
 _117_/Y
 _118_/Y
 _119_/Y
 _120_/Y
 _121_/Y
 _122_/Y
 _123_/Y
 _124_/Y
 _125_/Y
 _126_/Y
 _127_/Y
 _128_/Y
 _129_/X
 _130_/X
 _131_/Y
 _132_/Y
 _133_/X
 _134_/Y
 _135_/X
 _136_/Y
 _137_/Y
 _138_/Y
 _139_/Y
 _140_/X
 _141_/X
 _142_/X
 _143_/Y
 _144_/Y
 _145_/Y
 _146_/Y
 _147_/X
 _148_/X
 _149_/X
 _150_/X
 _151_/X
 _152_/Y
 _153_/Y
 _154_/Y
 _155_/X
 _156_/X
 _157_/X
 _158_/X
 _159_/X
 _160_/Y
 _161_/Y
 _162_/Y
 _163_/Y
 _164_/Y
 _165_/Y
 _166_/X
 _167_/Y
 _168_/Y
 _169_/Y
 _170_/Y
 _171_/X
 _172_/X
 _173_/Y
 _174_/Y
 _175_/Y
 _176_/Y
 _177_/Y
 _178_/Y
 _179_/X
 _180_/Y
 _181_/Y
 _182_/Y
 _183_/Y
 _184_/X
 _185_/Y
 _186_/X
 _187_/Y
 _188_/Y
 _189_/Y
 _190_/X
 _191_/Y
 _192_/Y
 _193_/Y
 _194_/Y
 _195_/X
 _196_/Y
 _197_/X
 _198_/X
 _199_/Y
 _200_/X
 _201_/X
 _202_/X
 _203_/X
 _204_/X
 _205_/X
 _206_/X
 _207_/Y
 _208_/X
 _209_/X
 _210_/X
 _211_/Y
 _212_/Y
 _213_/Y
 _214_/X
 _215_/Y
 _216_/Y
 _217_/Y
 _218_/X
 _219_/Y
 _220_/Y
 _221_/X
 _222_/X
 _223_/X
 _224_/X
 _225_/X
 _226_/X
 _227_/X
 _228_/X
 _229_/X
 _230_/X
 _231_/Y
 _232_/Y
Found 0 partially unannotated drivers.

===========================================================================
max slew violation count 0
%OL_METRIC_I design__max_slew_violation__count__corner:nom_tt_025C_1v80 0
max fanout violation count 0
%OL_METRIC_I design__max_fanout_violation__count__corner:nom_tt_025C_1v80 0
max cap violation count 0
%OL_METRIC_I design__max_cap_violation__count__corner:nom_tt_025C_1v80 0
============================================================================

===========================================================================
check_setup -verbose -unconstrained_endpoints -multiple_clock -no_clock -no_input_delay -loops -generated_clocks
===========================================================================
%OL_END_REPORT
%OL_CREATE_REPORT power.rpt

===========================================================================
 report_power
============================================================================
======================= nom_tt_025C_1v80 Corner ===================================

Group                    Internal    Switching      Leakage        Total
                            Power        Power        Power        Power (Watts)
------------------------------------------------------------------------
Sequential           0.000000e+00 0.000000e+00 0.000000e+00 0.000000e+00   0.0%
Combinational        2.333960e-05 1.233054e-05 3.995405e-10 3.567055e-05 100.0%
Clock                0.000000e+00 0.000000e+00 0.000000e+00 0.000000e+00   0.0%
Macro                0.000000e+00 0.000000e+00 0.000000e+00 0.000000e+00   0.0%
Pad                  0.000000e+00 0.000000e+00 0.000000e+00 0.000000e+00   0.0%
------------------------------------------------------------------------
Total                2.333960e-05 1.233054e-05 3.995405e-10 3.567055e-05 100.0%
                            65.4%        34.6%         0.0%
%OL_METRIC_F power__internal__total 2.333960037503857e-5
%OL_METRIC_F power__switching__total 1.2330544450378511e-5
%OL_METRIC_F power__leakage__total 3.9954051178625605e-10
%OL_METRIC_F power__total 3.5670545912580565e-5

%OL_END_REPORT
%OL_CREATE_REPORT skew.min.rpt

===========================================================================
Clock Skew (Hold)
============================================================================
%OL_METRIC_F clock__skew__worst_hold__corner:nom_tt_025C_1v80 0.0
======================= nom_tt_025C_1v80 Corner ===================================

Clock __VIRTUAL_CLK__
No launch/capture paths found.

%OL_END_REPORT
%OL_CREATE_REPORT skew.max.rpt

===========================================================================
Clock Skew (Setup)
============================================================================
%OL_METRIC_F clock__skew__worst_setup__corner:nom_tt_025C_1v80 0.0
======================= nom_tt_025C_1v80 Corner ===================================

Clock __VIRTUAL_CLK__
No launch/capture paths found.

%OL_END_REPORT
%OL_CREATE_REPORT ws.min.rpt

===========================================================================
Worst Slack (Hold)
============================================================================
%OL_METRIC_F timing__hold__ws__corner:nom_tt_025C_1v80 4.148315586232745
nom_tt_025C_1v80: 4.148315586232745
%OL_END_REPORT
%OL_CREATE_REPORT ws.max.rpt

===========================================================================
Worst Slack (Setup)
============================================================================
%OL_METRIC_F timing__setup__ws__corner:nom_tt_025C_1v80 3.211733192527444
nom_tt_025C_1v80: 3.211733192527444
%OL_END_REPORT
%OL_CREATE_REPORT tns.min.rpt

===========================================================================
Total Negative Slack (Hold)
============================================================================
%OL_METRIC_F timing__hold__tns__corner:nom_tt_025C_1v80 0.0
nom_tt_025C_1v80: 0.0
%OL_END_REPORT
%OL_CREATE_REPORT tns.max.rpt

===========================================================================
Total Negative Slack (Setup)
============================================================================
%OL_METRIC_F timing__setup__tns__corner:nom_tt_025C_1v80 0.0
nom_tt_025C_1v80: 0.0
%OL_END_REPORT
%OL_CREATE_REPORT wns.min.rpt

===========================================================================
Worst Negative Slack (Hold)
============================================================================
%OL_METRIC_F timing__hold__wns__corner:nom_tt_025C_1v80 0
nom_tt_025C_1v80: 0
%OL_END_REPORT
%OL_CREATE_REPORT wns.max.rpt

===========================================================================
Worst Negative Slack (Setup)
============================================================================
%OL_METRIC_F timing__setup__wns__corner:nom_tt_025C_1v80 0.0
nom_tt_025C_1v80: 0.0
%OL_END_REPORT
%OL_CREATE_REPORT violator_list.rpt

===========================================================================
Violator List
============================================================================
%OL_METRIC_I timing__hold_vio__count__corner:nom_tt_025C_1v80 0
%OL_METRIC_F timing__hold_r2r__ws__corner:nom_tt_025C_1v80 inf
%OL_METRIC_I timing__hold_r2r_vio__count__corner:nom_tt_025C_1v80 0
%OL_METRIC_I timing__setup_vio__count__corner:nom_tt_025C_1v80 0
%OL_METRIC_F timing__setup_r2r__ws__corner:nom_tt_025C_1v80 inf
%OL_METRIC_I timing__setup_r2r_vio__count__corner:nom_tt_025C_1v80 0
%OL_END_REPORT
%OL_CREATE_REPORT unpropagated.rpt
__VIRTUAL_CLK__
%OL_END_REPORT
%OL_CREATE_REPORT clock.rpt
Clock: __VIRTUAL_CLK__
Sources: 
Generated: no
Virtual: yes
Propagated: no
Period: 10.000000

===========================================================================
report_clock_properties
============================================================================
Clock                   Period          Waveform
----------------------------------------------------
__VIRTUAL_CLK__      10.000000    0.000000  5.000000

===========================================================================
report_clock_latency
============================================================================
Clock __VIRTUAL_CLK__


===========================================================================
report_clock_min_period
============================================================================
__VIRTUAL_CLK__ period_min = 0.00 fmax = inf
%OL_END_REPORT
Writing SDF files for all corners…
