┏━━━━━━━┳━━━━━━━━━┳━━━━━━━━━━┳━━━━━━━━━┳━━━━━━━━━━━━━┳━━━━━━━┓
┃ P / R ┃ Partial ┃ Required ┃ Net     ┃ Pin         ┃ Layer ┃
┡━━━━━━━╇━━━━━━━━━╇━━━━━━━━━━╇━━━━━━━━━╇━━━━━━━━━━━━━╇━━━━━━━┩
│ 2.10  │ 840.30  │ 400.00   │ net11   │ fanout617/A │ met3  │
│ 2.09  │ 834.59  │ 400.00   │ net38   │ fanout402/A │ met3  │
│ 1.93  │ 770.87  │ 400.00   │ net188  │ fanout187/A │ met3  │
│ 1.75  │ 701.43  │ 400.00   │ net167  │ fanout164/A │ met3  │
│ 1.62  │ 649.25  │ 400.00   │ _03265_ │ _09200_/B   │ met1  │
│ 1.49  │ 597.12  │ 400.00   │ net35   │ fanout424/A │ met1  │
│ 1.42  │ 569.99  │ 400.00   │ net245  │ fanout243/A │ met1  │
│ 1.40  │ 560.86  │ 400.00   │ net27   │ fanout492/A │ met1  │
│ 1.26  │ 503.80  │ 400.00   │ net58   │ fanout235/A │ met1  │
│ 1.24  │ 495.94  │ 400.00   │ net373  │ fanout372/A │ met1  │
│ 1.20  │ 479.52  │ 400.00   │ net175  │ fanout173/A │ met1  │
│ 1.08  │ 431.56  │ 400.00   │ net1    │ fanout629/A │ met1  │
│ 1.04  │ 417.24  │ 400.00   │ net16   │ fanout577/A │ met1  │
│ 1.03  │ 412.95  │ 400.00   │ net32   │ fanout447/A │ met1  │
│ 1.03  │ 410.15  │ 400.00   │ net456  │ _06150_/B2  │ met3  │
│ 1.03  │ 410.15  │ 400.00   │ net456  │ fanout453/A │ met3  │
└───────┴─────────┴──────────┴─────────┴─────────────┴───────┘
