
===========================================================================
report_checks -unconstrained
===========================================================================
======================= nom_ff_n40C_1v95 Corner ===================================

Startpoint: B[1] (input port clocked by clk)
Endpoint: C[61] (output port clocked by clk)
Path Group: clk
Path Type: max

Fanout         Cap        Slew       Delay        Time   Description
---------------------------------------------------------------------------------------------
                      0.150000    0.000000    0.000000   clock clk (rise edge)
                                  0.000000    0.000000   clock network delay (ideal)
                                200.000000  200.000000 ^ input external delay
    65    0.204310    0.689000    0.476277  200.476273 ^ B[1] (in)
                                                         B[1] (net)
                      0.689000    0.000000  200.476273 ^ _07141_/A1 (sky130_fd_sc_hd__a22oi_2)
     3    0.009584    0.137040    0.056957  200.533234 v _07141_/Y (sky130_fd_sc_hd__a22oi_2)
                                                         _01021_ (net)
                      0.137040    0.000000  200.533234 v _07142_/C (sky130_fd_sc_hd__or3_2)
     2    0.006549    0.060495    0.273900  200.807129 v _07142_/X (sky130_fd_sc_hd__or3_2)
                                                         _01022_ (net)
                      0.060495    0.000000  200.807129 v _07146_/A1 (sky130_fd_sc_hd__a21o_2)
     3    0.008754    0.036569    0.138328  200.945450 v _07146_/X (sky130_fd_sc_hd__a21o_2)
                                                         _01026_ (net)
                      0.036569    0.000000  200.945450 v _07148_/A2 (sky130_fd_sc_hd__a21o_2)
     2    0.006549    0.032697    0.140460  201.085922 v _07148_/X (sky130_fd_sc_hd__a21o_2)
                                                         _01029_ (net)
                      0.032697    0.000000  201.085922 v _07151_/A2 (sky130_fd_sc_hd__a21o_2)
     3    0.010443    0.039523    0.148006  201.233917 v _07151_/X (sky130_fd_sc_hd__a21o_2)
                                                         _01032_ (net)
                      0.039523    0.000000  201.233917 v _07152_/C (sky130_fd_sc_hd__and3_2)
     2    0.006410    0.035420    0.138954  201.372879 v _07152_/X (sky130_fd_sc_hd__and3_2)
                                                         _01033_ (net)
                      0.035420    0.000000  201.372879 v _07156_/A1 (sky130_fd_sc_hd__o211ai_2)
     2    0.003450    0.088497    0.106127  201.479004 ^ _07156_/Y (sky130_fd_sc_hd__o211ai_2)
                                                         _01037_ (net)
                      0.088497    0.000000  201.479004 ^ _07157_/D_N (sky130_fd_sc_hd__or4bb_2)
     4    0.013066    0.089671    0.328768  201.807770 v _07157_/X (sky130_fd_sc_hd__or4bb_2)
                                                         _01038_ (net)
                      0.089671    0.000000  201.807770 v _07301_/C1 (sky130_fd_sc_hd__o211ai_2)
     2    0.003450    0.088574    0.058705  201.866470 ^ _07301_/Y (sky130_fd_sc_hd__o211ai_2)
                                                         _01196_ (net)
                      0.088574    0.000000  201.866470 ^ _07302_/D_N (sky130_fd_sc_hd__or4bb_2)
     5    0.017245    0.098767    0.340691  202.207169 v _07302_/X (sky130_fd_sc_hd__or4bb_2)
                                                         _01197_ (net)
                      0.098767    0.000000  202.207169 v _07447_/A2 (sky130_fd_sc_hd__a211o_2)
     2    0.005660    0.040716    0.229491  202.436661 v _07447_/X (sky130_fd_sc_hd__a211o_2)
                                                         _01354_ (net)
                      0.040716    0.000000  202.436661 v _07449_/C (sky130_fd_sc_hd__and4_2)
     5    0.014924    0.051246    0.166494  202.603149 v _07449_/X (sky130_fd_sc_hd__and4_2)
                                                         _01357_ (net)
                      0.051246    0.000000  202.603149 v _07453_/A1 (sky130_fd_sc_hd__o211a_2)
     2    0.005471    0.036358    0.170473  202.773621 v _07453_/X (sky130_fd_sc_hd__o211a_2)
                                                         _01361_ (net)
                      0.036358    0.000000  202.773621 v _07454_/C (sky130_fd_sc_hd__or3_2)
     4    0.013066    0.076069    0.262744  203.036377 v _07454_/X (sky130_fd_sc_hd__or3_2)
                                                         _01362_ (net)
                      0.076069    0.000000  203.036377 v _07599_/A2 (sky130_fd_sc_hd__a211o_2)
     5    0.018266    0.064592    0.252939  203.289307 v _07599_/X (sky130_fd_sc_hd__a211o_2)
                                                         _01521_ (net)
                      0.064592    0.000000  203.289307 v _07603_/B (sky130_fd_sc_hd__and3_2)
     3    0.004992    0.033108    0.136225  203.425537 v _07603_/X (sky130_fd_sc_hd__and3_2)
                                                         _01525_ (net)
                      0.033108    0.000000  203.425537 v _07760_/D (sky130_fd_sc_hd__or4_2)
     2    0.003782    0.068398    0.297462  203.722992 v _07760_/X (sky130_fd_sc_hd__or4_2)
                                                         _01696_ (net)
                      0.068398    0.000000  203.722992 v _08071_/B (sky130_fd_sc_hd__or4bb_2)
     2    0.003902    0.065161    0.351534  204.074524 v _08071_/X (sky130_fd_sc_hd__or4bb_2)
                                                         _02036_ (net)
                      0.065161    0.000000  204.074524 v _08077_/B (sky130_fd_sc_hd__or3_2)
     2    0.002877    0.050505    0.259675  204.334198 v _08077_/X (sky130_fd_sc_hd__or3_2)
                                                         _02042_ (net)
                      0.050505    0.000000  204.334198 v _08079_/A (sky130_fd_sc_hd__or3b_2)
     2    0.003761    0.053758    0.270489  204.604691 v _08079_/X (sky130_fd_sc_hd__or3b_2)
                                                         _02045_ (net)
                      0.053758    0.000000  204.604691 v _09198_/A3 (sky130_fd_sc_hd__a311o_2)
     4    0.012400    0.059865    0.267676  204.872375 v _09198_/X (sky130_fd_sc_hd__a311o_2)
                                                         _03267_ (net)
                      0.059865    0.000000  204.872375 v _09999_/B2 (sky130_fd_sc_hd__a22oi_2)
     3    0.012078    0.122721    0.112948  204.985321 ^ _09999_/Y (sky130_fd_sc_hd__a22oi_2)
                                                         _04138_ (net)
                      0.122721    0.000000  204.985321 ^ _10505_/A1 (sky130_fd_sc_hd__a311o_2)
     3    0.015091    0.070040    0.143913  205.129227 ^ _10505_/X (sky130_fd_sc_hd__a311o_2)
                                                         _04686_ (net)
                      0.070040    0.000000  205.129227 ^ _10580_/B (sky130_fd_sc_hd__and3_2)
     4    0.011393    0.058383    0.130811  205.260040 ^ _10580_/X (sky130_fd_sc_hd__and3_2)
                                                         _04766_ (net)
                      0.058383    0.000000  205.260040 ^ _10634_/A1 (sky130_fd_sc_hd__o311a_2)
     3    0.011882    0.059585    0.130214  205.390259 ^ _10634_/X (sky130_fd_sc_hd__o311a_2)
                                                         _04823_ (net)
                      0.059585    0.000000  205.390259 ^ _10655_/B (sky130_fd_sc_hd__nor2_2)
     1    0.008002    0.025430    0.028692  205.418945 v _10655_/Y (sky130_fd_sc_hd__nor2_2)
                                                         _04845_ (net)
                      0.025430    0.000000  205.418945 v _10656_/B (sky130_fd_sc_hd__xnor2_2)
     1    0.033442    0.339758    0.260357  205.679306 ^ _10656_/Y (sky130_fd_sc_hd__xnor2_2)
                                                         C[61] (net)
                      0.339758    0.000000  205.679306 ^ C[61] (out)
                                            205.679306   data arrival time

                      0.150000 1000.000000 1000.000000   clock clk (rise edge)
                                  0.000000 1000.000000   clock network delay (ideal)
                                 -0.250000  999.750000   clock uncertainty
                                  0.000000  999.750000   clock reconvergence pessimism
                               -200.000000  799.750061   output external delay
                                            799.750061   data required time
---------------------------------------------------------------------------------------------
                                            799.750061   data required time
                                           -205.679306   data arrival time
---------------------------------------------------------------------------------------------
                                            594.070679   slack (MET)




===========================================================================
report_checks --slack_max -0.01
============================================================================
======================= nom_ff_n40C_1v95 Corner ===================================

No paths found.


===========================================================================
 report_check_types -max_slew -max_cap -max_fanout -violators
============================================================================
======================= nom_ff_n40C_1v95 Corner ===================================

max fanout

Pin                                   Limit Fanout  Slack
---------------------------------------------------------
B[28]                                    10     66    -56 (VIOLATED)
A[30]                                    10     65    -55 (VIOLATED)
B[10]                                    10     65    -55 (VIOLATED)
B[1]                                     10     65    -55 (VIOLATED)
B[27]                                    10     65    -55 (VIOLATED)
B[6]                                     10     65    -55 (VIOLATED)
B[7]                                     10     65    -55 (VIOLATED)
B[12]                                    10     64    -54 (VIOLATED)
B[13]                                    10     64    -54 (VIOLATED)
B[15]                                    10     64    -54 (VIOLATED)
B[16]                                    10     64    -54 (VIOLATED)
B[21]                                    10     64    -54 (VIOLATED)
B[22]                                    10     64    -54 (VIOLATED)
B[24]                                    10     64    -54 (VIOLATED)
B[3]                                     10     64    -54 (VIOLATED)
B[4]                                     10     64    -54 (VIOLATED)
B[9]                                     10     64    -54 (VIOLATED)
B[18]                                    10     63    -53 (VIOLATED)
B[19]                                    10     63    -53 (VIOLATED)
B[25]                                    10     63    -53 (VIOLATED)
B[0]                                     10     62    -52 (VIOLATED)
A[1]                                     10     61    -51 (VIOLATED)
A[29]                                    10     60    -50 (VIOLATED)
B[17]                                    10     60    -50 (VIOLATED)
B[23]                                    10     60    -50 (VIOLATED)
A[17]                                    10     59    -49 (VIOLATED)
A[19]                                    10     59    -49 (VIOLATED)
A[2]                                     10     59    -49 (VIOLATED)
A[9]                                     10     59    -49 (VIOLATED)
B[26]                                    10     59    -49 (VIOLATED)
A[13]                                    10     58    -48 (VIOLATED)
A[20]                                    10     58    -48 (VIOLATED)
A[21]                                    10     58    -48 (VIOLATED)
A[24]                                    10     58    -48 (VIOLATED)
A[4]                                     10     58    -48 (VIOLATED)
A[10]                                    10     57    -47 (VIOLATED)
A[11]                                    10     57    -47 (VIOLATED)
A[14]                                    10     57    -47 (VIOLATED)
A[15]                                    10     57    -47 (VIOLATED)
A[16]                                    10     57    -47 (VIOLATED)
A[18]                                    10     57    -47 (VIOLATED)
A[23]                                    10     57    -47 (VIOLATED)
A[25]                                    10     57    -47 (VIOLATED)
A[26]                                    10     57    -47 (VIOLATED)
A[27]                                    10     57    -47 (VIOLATED)
A[28]                                    10     57    -47 (VIOLATED)
A[3]                                     10     57    -47 (VIOLATED)
A[6]                                     10     57    -47 (VIOLATED)
A[8]                                     10     57    -47 (VIOLATED)
A[12]                                    10     56    -46 (VIOLATED)
A[22]                                    10     56    -46 (VIOLATED)
A[5]                                     10     56    -46 (VIOLATED)
A[7]                                     10     56    -46 (VIOLATED)
A[0]                                     10     55    -45 (VIOLATED)
A[31]                                    10     55    -45 (VIOLATED)
B[14]                                    10     52    -42 (VIOLATED)
B[29]                                    10     49    -39 (VIOLATED)
B[31]                                    10     46    -36 (VIOLATED)
B[30]                                    10     45    -35 (VIOLATED)
B[20]                                    10     42    -32 (VIOLATED)
B[8]                                     10     41    -31 (VIOLATED)
B[11]                                    10     38    -28 (VIOLATED)
B[5]                                     10     37    -27 (VIOLATED)
B[2]                                     10     34    -24 (VIOLATED)

max capacitance

Pin                                        Limit         Cap       Slack
------------------------------------------------------------------------
B[25]                                   0.200000    0.218057   -0.018057 (VIOLATED)
B[24]                                   0.200000    0.216239   -0.016239 (VIOLATED)
B[16]                                   0.200000    0.212937   -0.012937 (VIOLATED)
B[15]                                   0.200000    0.210669   -0.010669 (VIOLATED)
B[23]                                   0.200000    0.210014   -0.010014 (VIOLATED)
B[6]                                    0.200000    0.206769   -0.006769 (VIOLATED)
B[7]                                    0.200000    0.206255   -0.006255 (VIOLATED)
B[1]                                    0.200000    0.204310   -0.004310 (VIOLATED)
B[28]                                   0.200000    0.204260   -0.004260 (VIOLATED)
B[26]                                   0.200000    0.204256   -0.004256 (VIOLATED)
B[17]                                   0.200000    0.204062   -0.004062 (VIOLATED)
B[10]                                   0.200000    0.203454   -0.003454 (VIOLATED)
A[30]                                   0.200000    0.202823   -0.002823 (VIOLATED)
B[19]                                   0.200000    0.201776   -0.001776 (VIOLATED)
B[27]                                   0.200000    0.201428   -0.001428 (VIOLATED)
B[9]                                    0.200000    0.200256   -0.000256 (VIOLATED)



===========================================================================
report_parasitic_annotation -report_unannotated
============================================================================
Found 5436 unannotated drivers.
 A[0]
 A[10]
 A[11]
 A[12]
 A[13]
 A[14]
 A[15]
 A[16]
 A[17]
 A[18]
 A[19]
 A[1]
 A[20]
 A[21]
 A[22]
 A[23]
 A[24]
 A[25]
 A[26]
 A[27]
 A[28]
 A[29]
 A[2]
 A[30]
 A[31]
 A[3]
 A[4]
 A[5]
 A[6]
 A[7]
 A[8]
 A[9]
 B[0]
 B[10]
 B[11]
 B[12]
 B[13]
 B[14]
 B[15]
 B[16]
 B[17]
 B[18]
 B[19]
 B[1]
 B[20]
 B[21]
 B[22]
 B[23]
 B[24]
 B[25]
 B[26]
 B[27]
 B[28]
 B[29]
 B[2]
 B[30]
 B[31]
 B[3]
 B[4]
 B[5]
 B[6]
 B[7]
 B[8]
 B[9]
 clk
 _05307_/X
 _05308_/Y
 _05309_/X
 _05310_/X
 _05311_/Y
 _05312_/X
 _05313_/X
 _05314_/Y
 _05315_/Y
 _05316_/X
 _05317_/Y
 _05318_/Y
 _05319_/X
 _05320_/X
 _05321_/Y
 _05322_/X
 _05323_/Y
 _05324_/X
 _05325_/Y
 _05326_/X
 _05327_/Y
 _05328_/X
 _05329_/Y
 _05330_/Y
 _05331_/Y
 _05332_/Y
 _05333_/X
 _05334_/Y
 _05335_/Y
 _05336_/X
 _05337_/Y
 _05338_/X
 _05339_/X
 _05340_/Y
 _05341_/Y
 _05342_/Y
 _05343_/Y
 _05344_/Y
 _05345_/X
 _05346_/Y
 _05347_/X
 _05348_/Y
 _05349_/X
 _05350_/Y
 _05351_/X
 _05352_/Y
 _05353_/X
 _05354_/X
 _05355_/Y
 _05356_/Y
 _05357_/X
 _05358_/Y
 _05359_/X
 _05360_/X
 _05361_/X
 _05362_/X
 _05363_/Y
 _05364_/Y
 _05365_/X
 _05366_/Y
 _05367_/Y
 _05368_/X
 _05369_/Y
 _05370_/Y
 _05371_/X
 _05372_/Y
 _05373_/X
 _05374_/Y
 _05375_/X
 _05376_/X
 _05377_/Y
 _05378_/Y
 _05379_/Y
 _05380_/Y
 _05381_/Y
 _05382_/X
 _05383_/X
 _05384_/X
 _05385_/Y
 _05386_/X
 _05387_/Y
 _05388_/Y
 _05389_/X
 _05390_/Y
 _05391_/X
 _05392_/Y
 _05393_/Y
 _05394_/X
 _05395_/X
 _05396_/Y
 _05397_/X
 _05398_/Y
 _05399_/X
 _05400_/Y
 _05401_/Y
 _05402_/X
 _05403_/Y
 _05404_/Y
 _05405_/Y
 _05406_/X
 _05407_/X
 _05408_/X
 _05409_/X
 _05410_/Y
 _05411_/Y
 _05412_/Y
 _05413_/X
 _05414_/X
 _05415_/Y
 _05416_/X
 _05417_/X
 _05418_/X
 _05419_/Y
 _05420_/X
 _05421_/X
 _05422_/Y
 _05423_/Y
 _05424_/X
 _05425_/Y
 _05426_/X
 _05427_/Y
 _05428_/X
 _05429_/Y
 _05430_/X
 _05431_/Y
 _05432_/X
 _05433_/X
 _05434_/Y
 _05435_/X
 _05436_/Y
 _05437_/X
 _05438_/Y
 _05439_/X
 _05440_/Y
 _05441_/Y
 _05442_/Y
 _05443_/X
 _05444_/X
 _05445_/Y
 _05446_/Y
 _05447_/Y
 _05448_/Y
 _05449_/Y
 _05450_/X
 _05451_/X
 _05452_/X
 _05453_/Y
 _05454_/X
 _05455_/X
 _05456_/Y
 _05457_/Y
 _05458_/Y
 _05459_/Y
 _05460_/X
 _05461_/X
 _05462_/X
 _05463_/Y
 _05464_/Y
 _05465_/X
 _05466_/X
 _05467_/Y
 _05468_/X
 _05469_/Y
 _05470_/Y
 _05471_/Y
 _05472_/X
 _05473_/Y
 _05474_/Y
 _05475_/Y
 _05476_/Y
 _05477_/X
 _05478_/X
 _05479_/Y
 _05480_/Y
 _05481_/X
 _05482_/Y
 _05483_/X
 _05484_/Y
 _05485_/Y
 _05486_/Y
 _05487_/Y
 _05488_/Y
 _05489_/X
 _05490_/Y
 _05491_/Y
 _05492_/X
 _05493_/Y
 _05494_/Y
 _05495_/Y
 _05496_/Y
 _05497_/Y
 _05498_/X
 _05499_/Y
 _05500_/X
 _05501_/Y
 _05502_/Y
 _05503_/Y
 _05504_/X
 _05505_/Y
 _05506_/X
 _05507_/X
 _05508_/Y
 _05509_/X
 _05510_/Y
 _05511_/X
 _05512_/X
 _05513_/Y
 _05514_/X
 _05515_/X
 _05516_/Y
 _05517_/X
 _05518_/Y
 _05519_/X
 _05520_/Y
 _05521_/X
 _05522_/X
 _05523_/Y
 _05524_/X
 _05525_/X
 _05526_/X
 _05527_/Y
 _05528_/Y
 _05529_/Y
 _05530_/Y
 _05531_/Y
 _05532_/Y
 _05533_/Y
 _05534_/Y
 _05535_/X
 _05536_/Y
 _05537_/Y
 _05538_/Y
 _05539_/Y
 _05540_/Y
 _05541_/X
 _05542_/Y
 _05543_/X
 _05544_/Y
 _05545_/Y
 _05546_/Y
 _05547_/X
 _05548_/Y
 _05549_/X
 _05550_/X
 _05551_/Y
 _05552_/X
 _05553_/X
 _05554_/Y
 _05555_/Y
 _05556_/X
 _05557_/Y
 _05558_/Y
 _05559_/X
 _05560_/X
 _05561_/Y
 _05562_/X
 _05563_/Y
 _05564_/Y
 _05565_/X
 _05566_/Y
 _05567_/X
 _05568_/X
 _05569_/Y
 _05570_/X
 _05571_/Y
 _05572_/Y
 _05573_/Y
 _05574_/X
 _05575_/Y
 _05576_/X
 _05577_/Y
 _05578_/Y
 _05579_/Y
 _05580_/X
 _05581_/Y
 _05582_/Y
 _05583_/X
 _05584_/X
 _05585_/Y
 _05586_/Y
 _05587_/Y
 _05588_/Y
 _05589_/X
 _05590_/Y
 _05591_/X
 _05592_/Y
 _05593_/X
 _05594_/Y
 _05595_/X
 _05596_/X
 _05597_/X
 _05598_/Y
 _05599_/Y
 _05600_/Y
 _05601_/Y
 _05602_/Y
 _05603_/Y
 _05604_/Y
 _05605_/Y
 _05606_/Y
 _05607_/X
 _05608_/Y
 _05609_/Y
 _05610_/Y
 _05611_/Y
 _05612_/X
 _05613_/Y
 _05614_/X
 _05615_/Y
 _05616_/Y
 _05617_/Y
 _05618_/X
 _05619_/Y
 _05620_/X
 _05621_/X
 _05622_/Y
 _05623_/Y
 _05624_/X
 _05625_/X
 _05626_/Y
 _05627_/X
 _05628_/Y
 _05629_/X
 _05630_/Y
 _05631_/X
 _05632_/Y
 _05633_/Y
 _05634_/X
 _05635_/X
 _05636_/X
 _05637_/Y
 _05638_/Y
 _05639_/X
 _05640_/Y
 _05641_/X
 _05642_/Y
 _05643_/X
 _05644_/X
 _05645_/Y
 _05646_/X
 _05647_/Y
 _05648_/X
 _05649_/Y
 _05650_/Y
 _05651_/Y
 _05652_/Y
 _05653_/X
 _05654_/Y
 _05655_/Y
 _05656_/Y
 _05657_/X
 _05658_/Y
 _05659_/Y
 _05660_/Y
 _05661_/X
 _05662_/X
 _05663_/X
 _05664_/Y
 _05665_/Y
 _05666_/Y
 _05667_/Y
 _05668_/X
 _05669_/Y
 _05670_/X
 _05671_/Y
 _05672_/Y
 _05673_/X
 _05674_/Y
 _05675_/Y
 _05676_/Y
 _05677_/Y
 _05678_/X
 _05679_/Y
 _05680_/X
 _05681_/Y
 _05682_/Y
 _05683_/Y
 _05684_/X
 _05685_/Y
 _05686_/X
 _05687_/X
 _05688_/Y
 _05689_/X
 _05690_/Y
 _05691_/X
 _05692_/X
 _05693_/Y
 _05694_/Y
 _05695_/Y
 _05696_/X
 _05697_/X
 _05698_/X
 _05699_/X
 _05700_/Y
 _05701_/Y
 _05702_/X
 _05703_/X
 _05704_/Y
 _05705_/Y
 _05706_/X
 _05707_/X
 _05708_/X
 _05709_/Y
 _05710_/X
 _05711_/Y
 _05712_/Y
 _05713_/Y
 _05714_/Y
 _05715_/X
 _05716_/X
 _05717_/X
 _05718_/Y
 _05719_/Y
 _05720_/Y
 _05721_/Y
 _05722_/X
 _05723_/Y
 _05724_/Y
 _05725_/Y
 _05726_/Y
 _05727_/X
 _05728_/Y
 _05729_/Y
 _05730_/X
 _05731_/X
 _05732_/X
 _05733_/X
 _05734_/Y
 _05735_/Y
 _05736_/Y
 _05737_/Y
 _05738_/Y
 _05739_/Y
 _05740_/Y
 _05741_/Y
 _05742_/X
 _05743_/Y
 _05744_/Y
 _05745_/Y
 _05746_/Y
 _05747_/Y
 _05748_/X
 _05749_/Y
 _05750_/X
 _05751_/Y
 _05752_/Y
 _05753_/Y
 _05754_/X
 _05755_/Y
 _05756_/X
 _05757_/X
 _05758_/Y
 _05759_/X
 _05760_/X
 _05761_/Y
 _05762_/Y
 _05763_/X
 _05764_/Y
 _05765_/X
 _05766_/X
 _05767_/Y
 _05768_/X
 _05769_/Y
 _05770_/Y
 _05771_/X
 _05772_/X
 _05773_/Y
 _05774_/Y
 _05775_/X
 _05776_/Y
 _05777_/Y
 _05778_/Y
 _05779_/Y
 _05780_/X
 _05781_/Y
 _05782_/X
 _05783_/Y
 _05784_/Y
 _05785_/X
 _05786_/X
 _05787_/Y
 _05788_/X
 _05789_/Y
 _05790_/Y
 _05791_/Y
 _05792_/Y
 _05793_/X
 _05794_/Y
 _05795_/Y
 _05796_/Y
 _05797_/Y
 _05798_/X
 _05799_/X
 _05800_/Y
 _05801_/X
 _05802_/Y
 _05803_/X
 _05804_/Y
 _05805_/Y
 _05806_/X
 _05807_/X
 _05808_/X
 _05809_/X
 _05810_/Y
 _05811_/Y
 _05812_/Y
 _05813_/Y
 _05814_/Y
 _05815_/Y
 _05816_/Y
 _05817_/Y
 _05818_/X
 _05819_/Y
 _05820_/Y
 _05821_/Y
 _05822_/Y
 _05823_/Y
 _05824_/X
 _05825_/Y
 _05826_/X
 _05827_/Y
 _05828_/Y
 _05829_/Y
 _05830_/X
 _05831_/Y
 _05832_/X
 _05833_/X
 _05834_/Y
 _05835_/X
 _05836_/X
 _05837_/Y
 _05838_/Y
 _05839_/X
 _05840_/Y
 _05841_/X
 _05842_/Y
 _05843_/Y
 _05844_/X
 _05845_/Y
 _05846_/Y
 _05847_/X
 _05848_/Y
 _05849_/Y
 _05850_/Y
 _05851_/Y
 _05852_/X
 _05853_/Y
 _05854_/Y
 _05855_/Y
 _05856_/Y
 _05857_/Y
 _05858_/X
 _05859_/X
 _05860_/X
 _05861_/Y
 _05862_/Y
 _05863_/Y
 _05864_/Y
 _05865_/X
 _05866_/Y
 _05867_/X
 _05868_/Y
 _05869_/Y
 _05870_/Y
 _05871_/X
 _05872_/Y
 _05873_/X
 _05874_/X
 _05875_/X
 _05876_/Y
 _05877_/Y
 _05878_/X
 _05879_/X
 _05880_/Y
 _05881_/X
 _05882_/Y
 _05883_/X
 _05884_/Y
 _05885_/Y
 _05886_/X
 _05887_/X
 _05888_/Y
 _05889_/Y
 _05890_/X
 _05891_/X
 _05892_/Y
 _05893_/X
 _05894_/X
 _05895_/X
 _05896_/X
 _05897_/X
 _05898_/Y
 _05899_/Y
 _05900_/Y
 _05901_/Y
 _05902_/Y
 _05903_/X
 _05904_/Y
 _05905_/X
 _05906_/Y
 _05907_/Y
 _05908_/Y
 _05909_/X
 _05910_/Y
 _05911_/X
 _05912_/X
 _05913_/Y
 _05914_/X
 _05915_/X
 _05916_/Y
 _05917_/Y
 _05918_/X
 _05919_/Y
 _05920_/X
 _05921_/Y
 _05922_/Y
 _05923_/X
 _05924_/Y
 _05925_/Y
 _05926_/X
 _05927_/Y
 _05928_/X
 _05929_/Y
 _05930_/Y
 _05931_/Y
 _05932_/Y
 _05933_/Y
 _05934_/X
 _05935_/X
 _05936_/X
 _05937_/Y
 _05938_/X
 _05939_/Y
 _05940_/Y
 _05941_/X
 _05942_/Y
 _05943_/X
 _05944_/X
 _05945_/Y
 _05946_/Y
 _05947_/Y
 _05948_/X
 _05949_/Y
 _05950_/Y
 _05951_/X
 _05952_/Y
 _05953_/X
 _05954_/X
 _05955_/X
 _05956_/X
 _05957_/Y
 _05958_/Y
 _05959_/Y
 _05960_/X
 _05961_/X
 _05962_/X
 _05963_/Y
 _05964_/X
 _05965_/Y
 _05966_/X
 _05967_/Y
 _05968_/X
 _05969_/Y
 _05970_/X
 _05971_/Y
 _05972_/X
 _05973_/Y
 _05974_/Y
 _05975_/Y
 _05976_/Y
 _05977_/X
 _05978_/X
 _05979_/Y
 _05980_/X
 _05981_/X
 _05982_/X
 _05983_/X
 _05984_/X
 _05985_/Y
 _05986_/Y
 _05987_/Y
 _05988_/Y
 _05989_/Y
 _05990_/X
 _05991_/Y
 _05992_/X
 _05993_/Y
 _05994_/Y
 _05995_/Y
 _05996_/X
 _05997_/Y
 _05998_/X
 _05999_/X
 _06000_/Y
 _06001_/X
 _06002_/X
 _06003_/Y
 _06004_/Y
 _06005_/Y
 _06006_/X
 _06007_/Y
 _06008_/X
 _06009_/X
 _06010_/Y
 _06011_/Y
 _06012_/X
 _06013_/Y
 _06014_/X
 _06015_/Y
 _06016_/X
 _06017_/X
 _06018_/Y
 _06019_/Y
 _06020_/Y
 _06021_/Y
 _06022_/Y
 _06023_/X
 _06024_/Y
 _06025_/Y
 _06026_/X
 _06027_/X
 _06028_/X
 _06029_/Y
 _06030_/X
 _06031_/X
 _06032_/Y
 _06033_/X
 _06034_/X
 _06035_/Y
 _06036_/Y
 _06037_/Y
 _06038_/Y
 _06039_/X
 _06040_/X
 _06041_/Y
 _06042_/X
 _06043_/Y
 _06044_/X
 _06045_/Y
 _06046_/X
 _06047_/Y
 _06048_/Y
 _06049_/Y
 _06050_/Y
 _06051_/Y
 _06052_/X
 _06053_/Y
 _06054_/X
 _06055_/X
 _06056_/Y
 _06057_/X
 _06058_/Y
 _06059_/X
 _06060_/Y
 _06061_/X
 _06062_/X
 _06063_/Y
 _06064_/X
 _06065_/Y
 _06066_/X
 _06067_/Y
 _06068_/X
 _06069_/Y
 _06070_/Y
 _06071_/Y
 _06072_/Y
 _06073_/Y
 _06074_/Y
 _06075_/X
 _06076_/Y
 _06077_/X
 _06078_/Y
 _06079_/Y
 _06080_/Y
 _06081_/Y
 _06082_/X
 _06083_/Y
 _06084_/X
 _06085_/Y
 _06086_/Y
 _06087_/Y
 _06088_/X
 _06089_/Y
 _06090_/X
 _06091_/X
 _06092_/Y
 _06093_/X
 _06094_/X
 _06095_/Y
 _06096_/Y
 _06097_/Y
 _06098_/X
 _06099_/Y
 _06100_/X
 _06101_/Y
 _06102_/Y
 _06103_/X
 _06104_/X
 _06105_/Y
 _06106_/X
 _06107_/Y
 _06108_/Y
 _06109_/X
 _06110_/Y
 _06111_/X
 _06112_/Y
 _06113_/X
 _06114_/Y
 _06115_/Y
 _06116_/X
 _06117_/Y
 _06118_/Y
 _06119_/Y
 _06120_/X
 _06121_/X
 _06122_/X
 _06123_/X
 _06124_/X
 _06125_/X
 _06126_/Y
 _06127_/Y
 _06128_/Y
 _06129_/Y
 _06130_/Y
 _06131_/Y
 _06132_/Y
 _06133_/Y
 _06134_/Y
 _06135_/X
 _06136_/Y
 _06137_/X
 _06138_/X
 _06139_/X
 _06140_/Y
 _06141_/Y
 _06142_/Y
 _06143_/Y
 _06144_/X
 _06145_/Y
 _06146_/Y
 _06147_/Y
 _06148_/Y
 _06149_/X
 _06150_/Y
 _06151_/Y
 _06152_/Y
 _06153_/Y
 _06154_/X
 _06155_/X
 _06156_/X
 _06157_/Y
 _06158_/X
 _06159_/Y
 _06160_/X
 _06161_/Y
 _06162_/Y
 _06163_/X
 _06164_/X
 _06165_/Y
 _06166_/X
 _06167_/Y
 _06168_/Y
 _06169_/Y
 _06170_/Y
 _06171_/Y
 _06172_/Y
 _06173_/Y
 _06174_/Y
 _06175_/X
 _06176_/Y
 _06177_/Y
 _06178_/Y
 _06179_/Y
 _06180_/X
 _06181_/Y
 _06182_/X
 _06183_/Y
 _06184_/Y
 _06185_/Y
 _06186_/X
 _06187_/Y
 _06188_/X
 _06189_/X
 _06190_/Y
 _06191_/X
 _06192_/X
 _06193_/Y
 _06194_/Y
 _06195_/Y
 _06196_/X
 _06197_/Y
 _06198_/X
 _06199_/Y
 _06200_/X
 _06201_/Y
 _06202_/X
 _06203_/Y
 _06204_/X
 _06205_/X
 _06206_/Y
 _06207_/Y
 _06208_/X
 _06209_/Y
 _06210_/X
 _06211_/Y
 _06212_/X
 _06213_/Y
 _06214_/X
 _06215_/Y
 _06216_/Y
 _06217_/Y
 _06218_/Y
 _06219_/X
 _06220_/Y
 _06221_/X
 _06222_/X
 _06223_/Y
 _06224_/X
 _06225_/X
 _06226_/X
 _06227_/Y
 _06228_/Y
 _06229_/X
 _06230_/X
 _06231_/X
 _06232_/X
 _06233_/Y
 _06234_/Y
 _06235_/Y
 _06236_/Y
 _06237_/Y
 _06238_/Y
 _06239_/Y
 _06240_/Y
 _06241_/X
 _06242_/Y
 _06243_/X
 _06244_/Y
 _06245_/Y
 _06246_/Y
 _06247_/X
 _06248_/Y
 _06249_/X
 _06250_/Y
 _06251_/X
 _06252_/Y
 _06253_/Y
 _06254_/Y
 _06255_/Y
 _06256_/X
 _06257_/Y
 _06258_/Y
 _06259_/Y
 _06260_/X
 _06261_/X
 _06262_/Y
 _06263_/X
 _06264_/Y
 _06265_/X
 _06266_/Y
 _06267_/X
 _06268_/Y
 _06269_/Y
 _06270_/X
 _06271_/X
 _06272_/Y
 _06273_/X
 _06274_/Y
 _06275_/Y
 _06276_/Y
 _06277_/Y
 _06278_/Y
 _06279_/Y
 _06280_/Y
 _06281_/Y
 _06282_/X
 _06283_/Y
 _06284_/Y
 _06285_/Y
 _06286_/Y
 _06287_/X
 _06288_/Y
 _06289_/X
 _06290_/Y
 _06291_/Y
 _06292_/Y
 _06293_/X
 _06294_/Y
 _06295_/X
 _06296_/X
 _06297_/Y
 _06298_/X
 _06299_/X
 _06300_/Y
 _06301_/Y
 _06302_/Y
 _06303_/X
 _06304_/Y
 _06305_/X
 _06306_/Y
 _06307_/Y
 _06308_/X
 _06309_/X
 _06310_/X
 _06311_/Y
 _06312_/Y
 _06313_/Y
 _06314_/Y
 _06315_/Y
 _06316_/X
 _06317_/X
 _06318_/X
 _06319_/Y
 _06320_/Y
 _06321_/X
 _06322_/Y
 _06323_/Y
 _06324_/Y
 _06325_/X
 _06326_/Y
 _06327_/Y
 _06328_/Y
 _06329_/Y
 _06330_/X
 _06331_/Y
 _06332_/X
 _06333_/X
 _06334_/X
 _06335_/X
 _06336_/Y
 _06337_/Y
 _06338_/Y
 _06339_/Y
 _06340_/Y
 _06341_/Y
 _06342_/Y
 _06343_/Y
 _06344_/Y
 _06345_/Y
 _06346_/X
 _06347_/Y
 _06348_/X
 _06349_/X
 _06350_/Y
 _06351_/X
 _06352_/Y
 _06353_/X
 _06354_/Y
 _06355_/X
 _06356_/Y
 _06357_/Y
 _06358_/Y
 _06359_/Y
 _06360_/X
 _06361_/Y
 _06362_/Y
 _06363_/Y
 _06364_/X
 _06365_/X
 _06366_/Y
 _06367_/X
 _06368_/Y
 _06369_/X
 _06370_/Y
 _06371_/X
 _06372_/Y
 _06373_/Y
 _06374_/X
 _06375_/X
 _06376_/X
 _06377_/Y
 _06378_/Y
 _06379_/Y
 _06380_/Y
 _06381_/Y
 _06382_/Y
 _06383_/Y
 _06384_/Y
 _06385_/Y
 _06386_/X
 _06387_/Y
 _06388_/Y
 _06389_/Y
 _06390_/Y
 _06391_/X
 _06392_/Y
 _06393_/X
 _06394_/Y
 _06395_/Y
 _06396_/Y
 _06397_/X
 _06398_/Y
 _06399_/X
 _06400_/X
 _06401_/Y
 _06402_/X
 _06403_/X
 _06404_/Y
 _06405_/Y
 _06406_/Y
 _06407_/X
 _06408_/Y
 _06409_/X
 _06410_/Y
 _06411_/Y
 _06412_/X
 _06413_/X
 _06414_/X
 _06415_/Y
 _06416_/Y
 _06417_/X
 _06418_/Y
 _06419_/X
 _06420_/Y
 _06421_/Y
 _06422_/X
 _06423_/Y
 _06424_/Y
 _06425_/X
 _06426_/Y
 _06427_/X
 _06428_/X
 _06429_/Y
 _06430_/X
 _06431_/X
 _06432_/X
 _06433_/X
 _06434_/Y
 _06435_/Y
 _06436_/Y
 _06437_/Y
 _06438_/X
 _06439_/X
 _06440_/X
 _06441_/X
 _06442_/X
 _06443_/Y
 _06444_/Y
 _06445_/Y
 _06446_/X
 _06447_/Y
 _06448_/Y
 _06449_/X
 _06450_/X
 _06451_/X
 _06452_/X
 _06453_/Y
 _06454_/Y
 _06455_/Y
 _06456_/Y
 _06457_/Y
 _06458_/Y
 _06459_/Y
 _06460_/Y
 _06461_/Y
 _06462_/Y
 _06463_/X
 _06464_/Y
 _06465_/X
 _06466_/X
 _06467_/Y
 _06468_/X
 _06469_/Y
 _06470_/X
 _06471_/X
 _06472_/Y
 _06473_/Y
 _06474_/Y
 _06475_/Y
 _06476_/X
 _06477_/Y
 _06478_/Y
 _06479_/Y
 _06480_/Y
 _06481_/X
 _06482_/X
 _06483_/Y
 _06484_/X
 _06485_/Y
 _06486_/X
 _06487_/Y
 _06488_/Y
 _06489_/X
 _06490_/Y
 _06491_/X
 _06492_/X
 _06493_/X
 _06494_/Y
 _06495_/Y
 _06496_/Y
 _06497_/Y
 _06498_/Y
 _06499_/Y
 _06500_/Y
 _06501_/Y
 _06502_/Y
 _06503_/X
 _06504_/Y
 _06505_/Y
 _06506_/Y
 _06507_/Y
 _06508_/X
 _06509_/Y
 _06510_/X
 _06511_/Y
 _06512_/Y
 _06513_/Y
 _06514_/X
 _06515_/Y
 _06516_/X
 _06517_/X
 _06518_/Y
 _06519_/X
 _06520_/X
 _06521_/Y
 _06522_/Y
 _06523_/Y
 _06524_/X
 _06525_/Y
 _06526_/X
 _06527_/Y
 _06528_/Y
 _06529_/X
 _06530_/X
 _06531_/X
 _06532_/Y
 _06533_/X
 _06534_/Y
 _06535_/Y
 _06536_/X
 _06537_/Y
 _06538_/X
 _06539_/Y
 _06540_/Y
 _06541_/Y
 _06542_/X
 _06543_/Y
 _06544_/Y
 _06545_/Y
 _06546_/X
 _06547_/X
 _06548_/X
 _06549_/X
 _06550_/Y
 _06551_/X
 _06552_/X
 _06553_/X
 _06554_/Y
 _06555_/Y
 _06556_/X
 _06557_/Y
 _06558_/X
 _06559_/Y
 _06560_/X
 _06561_/X
 _06562_/X
 _06563_/X
 _06564_/Y
 _06565_/Y
 _06566_/Y
 _06567_/Y
 _06568_/Y
 _06569_/Y
 _06570_/Y
 _06571_/Y
 _06572_/X
 _06573_/Y
 _06574_/Y
 _06575_/X
 _06576_/X
 _06577_/Y
 _06578_/Y
 _06579_/X
 _06580_/X
 _06581_/Y
 _06582_/Y
 _06583_/Y
 _06584_/Y
 _06585_/X
 _06586_/X
 _06587_/X
 _06588_/Y
 _06589_/Y
 _06590_/X
 _06591_/X
 _06592_/Y
 _06593_/X
 _06594_/Y
 _06595_/X
 _06596_/Y
 _06597_/X
 _06598_/Y
 _06599_/Y
 _06600_/X
 _06601_/Y
 _06602_/Y
 _06603_/X
 _06604_/Y
 _06605_/Y
 _06606_/X
 _06607_/X
 _06608_/X
 _06609_/X
 _06610_/X
 _06611_/Y
 _06612_/X
 _06613_/Y
 _06614_/Y
 _06615_/Y
 _06616_/Y
 _06617_/X
 _06618_/Y
 _06619_/X
 _06620_/Y
 _06621_/Y
 _06622_/Y
 _06623_/X
 _06624_/Y
 _06625_/X
 _06626_/X
 _06627_/Y
 _06628_/X
 _06629_/X
 _06630_/Y
 _06631_/Y
 _06632_/Y
 _06633_/X
 _06634_/Y
 _06635_/X
 _06636_/Y
 _06637_/Y
 _06638_/X
 _06639_/X
 _06640_/X
 _06641_/Y
 _06642_/X
 _06643_/Y
 _06644_/X
 _06645_/Y
 _06646_/Y
 _06647_/Y
 _06648_/X
 _06649_/Y
 _06650_/X
 _06651_/X
 _06652_/Y
 _06653_/X
 _06654_/X
 _06655_/Y
 _06656_/X
 _06657_/Y
 _06658_/X
 _06659_/X
 _06660_/X
 _06661_/Y
 _06662_/X
 _06663_/X
 _06664_/Y
 _06665_/X
 _06666_/X
 _06667_/X
 _06668_/Y
 _06669_/Y
 _06670_/X
 _06671_/X
 _06672_/X
 _06673_/Y
 _06674_/Y
 _06675_/X
 _06676_/X
 _06677_/X
 _06678_/X
 _06679_/Y
 _06680_/X
 _06681_/X
 _06682_/Y
 _06683_/Y
 _06684_/X
 _06685_/Y
 _06686_/Y
 _06687_/X
 _06688_/Y
 _06689_/X
 _06690_/X
 _06691_/Y
 _06692_/X
 _06693_/Y
 _06694_/Y
 _06695_/X
 _06696_/Y
 _06697_/X
 _06698_/X
 _06699_/Y
 _06700_/X
 _06701_/Y
 _06702_/X
 _06703_/X
 _06704_/X
 _06705_/X
 _06706_/X
 _06707_/Y
 _06708_/Y
 _06709_/X
 _06710_/Y
 _06711_/Y
 _06712_/X
 _06713_/Y
 _06714_/X
 _06715_/Y
 _06716_/X
 _06717_/Y
 _06718_/X
 _06719_/Y
 _06720_/X
 _06721_/Y
 _06722_/X
 _06723_/Y
 _06724_/Y
 _06725_/Y
 _06726_/X
 _06727_/Y
 _06728_/Y
 _06729_/X
 _06730_/Y
 _06731_/X
 _06732_/X
 _06733_/X
 _06734_/X
 _06735_/Y
 _06736_/X
 _06737_/Y
 _06738_/Y
 _06739_/Y
 _06740_/Y
 _06741_/X
 _06742_/Y
 _06743_/X
 _06744_/Y
 _06745_/Y
 _06746_/Y
 _06747_/X
 _06748_/Y
 _06749_/X
 _06750_/X
 _06751_/Y
 _06752_/X
 _06753_/X
 _06754_/Y
 _06755_/Y
 _06756_/Y
 _06757_/X
 _06758_/Y
 _06759_/X
 _06760_/Y
 _06761_/Y
 _06762_/X
 _06763_/X
 _06764_/X
 _06765_/Y
 _06766_/Y
 _06767_/X
 _06768_/Y
 _06769_/X
 _06770_/Y
 _06771_/X
 _06772_/Y
 _06773_/X
 _06774_/Y
 _06775_/X
 _06776_/Y
 _06777_/X
 _06778_/X
 _06779_/X
 _06780_/X
 _06781_/Y
 _06782_/X
 _06783_/X
 _06784_/X
 _06785_/Y
 _06786_/Y
 _06787_/Y
 _06788_/X
 _06789_/X
 _06790_/X
 _06791_/Y
 _06792_/Y
 _06793_/Y
 _06794_/X
 _06795_/Y
 _06796_/Y
 _06797_/Y
 _06798_/Y
 _06799_/X
 _06800_/Y
 _06801_/Y
 _06802_/X
 _06803_/Y
 _06804_/X
 _06805_/X
 _06806_/Y
 _06807_/Y
 _06808_/X
 _06809_/X
 _06810_/Y
 _06811_/X
 _06812_/Y
 _06813_/X
 _06814_/Y
 _06815_/Y
 _06816_/X
 _06817_/Y
 _06818_/X
 _06819_/Y
 _06820_/X
 _06821_/X
 _06822_/X
 _06823_/Y
 _06824_/Y
 _06825_/Y
 _06826_/X
 _06827_/X
 _06828_/Y
 _06829_/X
 _06830_/Y
 _06831_/X
 _06832_/X
 _06833_/X
 _06834_/X
 _06835_/X
 _06836_/Y
 _06837_/Y
 _06838_/Y
 _06839_/X
 _06840_/Y
 _06841_/Y
 _06842_/X
 _06843_/Y
 _06844_/Y
 _06845_/X
 _06846_/Y
 _06847_/X
 _06848_/X
 _06849_/Y
 _06850_/Y
 _06851_/X
 _06852_/X
 _06853_/X
 _06854_/X
 _06855_/Y
 _06856_/Y
 _06857_/Y
 _06858_/Y
 _06859_/Y
 _06860_/Y
 _06861_/Y
 _06862_/Y
 _06863_/X
 _06864_/Y
 _06865_/Y
 _06866_/Y
 _06867_/Y
 _06868_/Y
 _06869_/X
 _06870_/Y
 _06871_/X
 _06872_/Y
 _06873_/Y
 _06874_/Y
 _06875_/X
 _06876_/Y
 _06877_/X
 _06878_/X
 _06879_/Y
 _06880_/X
 _06881_/X
 _06882_/Y
 _06883_/Y
 _06884_/X
 _06885_/Y
 _06886_/X
 _06887_/X
 _06888_/X
 _06889_/Y
 _06890_/Y
 _06891_/X
 _06892_/Y
 _06893_/X
 _06894_/Y
 _06895_/X
 _06896_/Y
 _06897_/Y
 _06898_/X
 _06899_/Y
 _06900_/X
 _06901_/X
 _06902_/X
 _06903_/X
 _06904_/X
 _06905_/X
 _06906_/X
 _06907_/Y
 _06908_/Y
 _06909_/X
 _06910_/X
 _06911_/X
 _06912_/Y
 _06913_/X
 _06914_/Y
 _06915_/X
 _06916_/X
 _06917_/X
 _06918_/Y
 _06919_/X
 _06920_/Y
 _06921_/Y
 _06922_/X
 _06923_/Y
 _06924_/Y
 _06925_/Y
 _06926_/Y
 _06927_/X
 _06928_/Y
 _06929_/X
 _06930_/Y
 _06931_/X
 _06932_/Y
 _06933_/Y
 _06934_/X
 _06935_/X
 _06936_/X
 _06937_/Y
 _06938_/Y
 _06939_/X
 _06940_/Y
 _06941_/X
 _06942_/Y
 _06943_/Y
 _06944_/X
 _06945_/X
 _06946_/X
 _06947_/Y
 _06948_/Y
 _06949_/X
 _06950_/Y
 _06951_/X
 _06952_/Y
 _06953_/X
 _06954_/Y
 _06955_/X
 _06956_/Y
 _06957_/X
 _06958_/X
 _06959_/X
 _06960_/Y
 _06961_/Y
 _06962_/X
 _06963_/Y
 _06964_/X
 _06965_/Y
 _06966_/Y
 _06967_/X
 _06968_/Y
 _06969_/X
 _06970_/Y
 _06971_/Y
 _06972_/Y
 _06973_/X
 _06974_/Y
 _06975_/X
 _06976_/X
 _06977_/Y
 _06978_/Y
 _06979_/X
 _06980_/X
 _06981_/X
 _06982_/Y
 _06983_/Y
 _06984_/Y
 _06985_/X
 _06986_/Y
 _06987_/X
 _06988_/X
 _06989_/X
 _06990_/X
 _06991_/Y
 _06992_/X
 _06993_/Y
 _06994_/Y
 _06995_/Y
 _06996_/Y
 _06997_/Y
 _06998_/Y
 _06999_/Y
 _07000_/Y
 _07001_/X
 _07002_/Y
 _07003_/Y
 _07004_/Y
 _07005_/X
 _07006_/Y
 _07007_/X
 _07008_/Y
 _07009_/X
 _07010_/Y
 _07011_/Y
 _07012_/X
 _07013_/Y
 _07014_/X
 _07015_/X
 _07016_/Y
 _07017_/X
 _07018_/X
 _07019_/Y
 _07020_/Y
 _07021_/Y
 _07022_/X
 _07023_/Y
 _07024_/X
 _07025_/X
 _07026_/Y
 _07027_/X
 _07028_/X
 _07029_/X
 _07030_/Y
 _07031_/Y
 _07032_/X
 _07033_/Y
 _07034_/X
 _07035_/Y
 _07036_/Y
 _07037_/X
 _07038_/X
 _07039_/Y
 _07040_/Y
 _07041_/Y
 _07042_/X
 _07043_/Y
 _07044_/X
 _07045_/Y
 _07046_/X
 _07047_/Y
 _07048_/X
 _07049_/Y
 _07050_/X
 _07051_/Y
 _07052_/Y
 _07053_/X
 _07054_/X
 _07055_/X
 _07056_/X
 _07057_/Y
 _07058_/Y
 _07059_/X
 _07060_/Y
 _07061_/X
 _07062_/Y
 _07063_/Y
 _07064_/Y
 _07065_/Y
 _07066_/Y
 _07067_/Y
 _07068_/Y
 _07069_/X
 _07070_/Y
 _07071_/Y
 _07072_/Y
 _07073_/X
 _07074_/Y
 _07075_/X
 _07076_/X
 _07077_/X
 _07078_/Y
 _07079_/X
 _07080_/Y
 _07081_/Y
 _07082_/Y
 _07083_/X
 _07084_/Y
 _07085_/X
 _07086_/Y
 _07087_/Y
 _07088_/Y
 _07089_/Y
 _07090_/Y
 _07091_/Y
 _07092_/Y
 _07093_/Y
 _07094_/Y
 _07095_/X
 _07096_/Y
 _07097_/Y
 _07098_/X
 _07099_/Y
 _07100_/X
 _07101_/Y
 _07102_/X
 _07103_/Y
 _07104_/X
 _07105_/Y
 _07106_/Y
 _07107_/Y
 _07108_/Y
 _07109_/X
 _07110_/Y
 _07111_/Y
 _07112_/Y
 _07113_/Y
 _07114_/X
 _07115_/Y
 _07116_/X
 _07117_/Y
 _07118_/Y
 _07119_/X
 _07120_/Y
 _07121_/X
 _07122_/Y
 _07123_/X
 _07124_/X
 _07125_/Y
 _07126_/X
 _07127_/Y
 _07128_/Y
 _07129_/Y
 _07130_/Y
 _07131_/Y
 _07132_/Y
 _07133_/Y
 _07134_/Y
 _07135_/X
 _07136_/Y
 _07137_/Y
 _07138_/Y
 _07139_/Y
 _07140_/X
 _07141_/Y
 _07142_/X
 _07143_/Y
 _07144_/X
 _07145_/Y
 _07146_/X
 _07147_/Y
 _07148_/X
 _07149_/X
 _07150_/Y
 _07151_/X
 _07152_/X
 _07153_/Y
 _07154_/Y
 _07155_/X
 _07156_/Y
 _07157_/X
 _07158_/X
 _07159_/X
 _07160_/Y
 _07161_/Y
 _07162_/X
 _07163_/Y
 _07164_/X
 _07165_/Y
 _07166_/X
 _07167_/Y
 _07168_/Y
 _07169_/X
 _07170_/Y
 _07171_/X
 _07172_/X
 _07173_/Y
 _07174_/X
 _07175_/Y
 _07176_/Y
 _07177_/Y
 _07178_/X
 _07179_/X
 _07180_/Y
 _07181_/X
 _07182_/X
 _07183_/Y
 _07184_/Y
 _07185_/X
 _07186_/X
 _07187_/Y
 _07188_/X
 _07189_/X
 _07190_/Y
 _07191_/X
 _07192_/Y
 _07193_/Y
 _07194_/X
 _07195_/X
 _07196_/Y
 _07197_/X
 _07198_/Y
 _07199_/Y
 _07200_/X
 _07201_/Y
 _07202_/Y
 _07203_/X
 _07204_/X
 _07205_/Y
 _07206_/X
 _07207_/Y
 _07208_/X
 _07209_/X
 _07210_/Y
 _07211_/X
 _07212_/X
 _07213_/Y
 _07214_/Y
 _07215_/X
 _07216_/Y
 _07217_/Y
 _07218_/Y
 _07219_/Y
 _07220_/X
 _07221_/Y
 _07222_/X
 _07223_/Y
 _07224_/X
 _07225_/X
 _07226_/X
 _07227_/Y
 _07228_/X
 _07229_/Y
 _07230_/Y
 _07231_/Y
 _07232_/Y
 _07233_/Y
 _07234_/Y
 _07235_/Y
 _07236_/X
 _07237_/Y
 _07238_/Y
 _07239_/X
 _07240_/X
 _07241_/Y
 _07242_/Y
 _07243_/X
 _07244_/Y
 _07245_/X
 _07246_/Y
 _07247_/Y
 _07248_/Y
 _07249_/Y
 _07250_/X
 _07251_/Y
 _07252_/Y
 _07253_/Y
 _07254_/X
 _07255_/X
 _07256_/Y
 _07257_/X
 _07258_/Y
 _07259_/X
 _07260_/Y
 _07261_/Y
 _07262_/X
 _07263_/X
 _07264_/X
 _07265_/Y
 _07266_/X
 _07267_/Y
 _07268_/Y
 _07269_/Y
 _07270_/Y
 _07271_/Y
 _07272_/Y
 _07273_/Y
 _07274_/Y
 _07275_/X
 _07276_/Y
 _07277_/Y
 _07278_/Y
 _07279_/X
 _07280_/Y
 _07281_/X
 _07282_/Y
 _07283_/X
 _07284_/Y
 _07285_/Y
 _07286_/X
 _07287_/Y
 _07288_/X
 _07289_/X
 _07290_/Y
 _07291_/X
 _07292_/X
 _07293_/Y
 _07294_/Y
 _07295_/Y
 _07296_/X
 _07297_/Y
 _07298_/X
 _07299_/Y
 _07300_/X
 _07301_/Y
 _07302_/X
 _07303_/X
 _07304_/Y
 _07305_/X
 _07306_/Y
 _07307_/X
 _07308_/X
 _07309_/Y
 _07310_/Y
 _07311_/X
 _07312_/Y
 _07313_/X
 _07314_/X
 _07315_/X
 _07316_/Y
 _07317_/Y
 _07318_/Y
 _07319_/Y
 _07320_/X
 _07321_/Y
 _07322_/X
 _07323_/X
 _07324_/X
 _07325_/Y
 _07326_/Y
 _07327_/Y
 _07328_/X
 _07329_/Y
 _07330_/Y
 _07331_/Y
 _07332_/Y
 _07333_/Y
 _07334_/Y
 _07335_/Y
 _07336_/Y
 _07337_/X
 _07338_/Y
 _07339_/Y
 _07340_/X
 _07341_/Y
 _07342_/Y
 _07343_/X
 _07344_/Y
 _07345_/X
 _07346_/X
 _07347_/Y
 _07348_/Y
 _07349_/X
 _07350_/Y
 _07351_/Y
 _07352_/X
 _07353_/Y
 _07354_/Y
 _07355_/Y
 _07356_/Y
 _07357_/X
 _07358_/Y
 _07359_/Y
 _07360_/Y
 _07361_/X
 _07362_/X
 _07363_/Y
 _07364_/X
 _07365_/Y
 _07366_/X
 _07367_/X
 _07368_/X
 _07369_/Y
 _07370_/X
 _07371_/Y
 _07372_/Y
 _07373_/Y
 _07374_/Y
 _07375_/Y
 _07376_/Y
 _07377_/Y
 _07378_/Y
 _07379_/X
 _07380_/Y
 _07381_/X
 _07382_/Y
 _07383_/X
 _07384_/Y
 _07385_/X
 _07386_/Y
 _07387_/X
 _07388_/Y
 _07389_/Y
 _07390_/Y
 _07391_/Y
 _07392_/X
 _07393_/X
 _07394_/X
 _07395_/Y
 _07396_/X
 _07397_/X
 _07398_/Y
 _07399_/X
 _07400_/Y
 _07401_/Y
 _07402_/X
 _07403_/Y
 _07404_/X
 _07405_/Y
 _07406_/X
 _07407_/Y
 _07408_/Y
 _07409_/Y
 _07410_/X
 _07411_/Y
 _07412_/X
 _07413_/X
 _07414_/X
 _07415_/X
 _07416_/X
 _07417_/Y
 _07418_/X
 _07419_/Y
 _07420_/Y
 _07421_/Y
 _07422_/Y
 _07423_/X
 _07424_/Y
 _07425_/X
 _07426_/Y
 _07427_/X
 _07428_/Y
 _07429_/X
 _07430_/Y
 _07431_/X
 _07432_/X
 _07433_/Y
 _07434_/X
 _07435_/X
 _07436_/Y
 _07437_/Y
 _07438_/X
 _07439_/Y
 _07440_/X
 _07441_/X
 _07442_/X
 _07443_/Y
 _07444_/Y
 _07445_/X
 _07446_/Y
 _07447_/X
 _07448_/Y
 _07449_/X
 _07450_/Y
 _07451_/Y
 _07452_/X
 _07453_/X
 _07454_/X
 _07455_/Y
 _07456_/X
 _07457_/Y
 _07458_/Y
 _07459_/X
 _07460_/X
 _07461_/X
 _07462_/X
 _07463_/Y
 _07464_/Y
 _07465_/Y
 _07466_/Y
 _07467_/Y
 _07468_/X
 _07469_/Y
 _07470_/X
 _07471_/X
 _07472_/X
 _07473_/Y
 _07474_/Y
 _07475_/Y
 _07476_/Y
 _07477_/Y
 _07478_/Y
 _07479_/Y
 _07480_/Y
 _07481_/X
 _07482_/Y
 _07483_/Y
 _07484_/X
 _07485_/Y
 _07486_/X
 _07487_/X
 _07488_/X
 _07489_/Y
 _07490_/X
 _07491_/Y
 _07492_/Y
 _07493_/X
 _07494_/Y
 _07495_/X
 _07496_/X
 _07497_/X
 _07498_/Y
 _07499_/Y
 _07500_/Y
 _07501_/X
 _07502_/Y
 _07503_/X
 _07504_/Y
 _07505_/Y
 _07506_/X
 _07507_/X
 _07508_/X
 _07509_/Y
 _07510_/X
 _07511_/Y
 _07512_/Y
 _07513_/X
 _07514_/X
 _07515_/Y
 _07516_/Y
 _07517_/X
 _07518_/X
 _07519_/Y
 _07520_/X
 _07521_/Y
 _07522_/X
 _07523_/X
 _07524_/X
 _07525_/Y
 _07526_/X
 _07527_/Y
 _07528_/Y
 _07529_/X
 _07530_/X
 _07531_/Y
 _07532_/X
 _07533_/X
 _07534_/X
 _07535_/Y
 _07536_/X
 _07537_/Y
 _07538_/X
 _07539_/Y
 _07540_/X
 _07541_/X
 _07542_/Y
 _07543_/X
 _07544_/Y
 _07545_/X
 _07546_/Y
 _07547_/X
 _07548_/Y
 _07549_/X
 _07550_/Y
 _07551_/Y
 _07552_/Y
 _07553_/Y
 _07554_/Y
 _07555_/X
 _07556_/Y
 _07557_/X
 _07558_/X
 _07559_/X
 _07560_/X
 _07561_/X
 _07562_/Y
 _07563_/X
 _07564_/Y
 _07565_/Y
 _07566_/Y
 _07567_/X
 _07568_/Y
 _07569_/X
 _07570_/Y
 _07571_/X
 _07572_/Y
 _07573_/Y
 _07574_/X
 _07575_/Y
 _07576_/X
 _07577_/X
 _07578_/Y
 _07579_/X
 _07580_/X
 _07581_/Y
 _07582_/Y
 _07583_/Y
 _07584_/X
 _07585_/Y
 _07586_/X
 _07587_/X
 _07588_/Y
 _07589_/X
 _07590_/X
 _07591_/Y
 _07592_/X
 _07593_/X
 _07594_/X
 _07595_/X
 _07596_/Y
 _07597_/Y
 _07598_/X
 _07599_/X
 _07600_/Y
 _07601_/Y
 _07602_/X
 _07603_/X
 _07604_/X
 _07605_/Y
 _07606_/Y
 _07607_/Y
 _07608_/X
 _07609_/Y
 _07610_/Y
 _07611_/Y
 _07612_/Y
 _07613_/X
 _07614_/Y
 _07615_/Y
 _07616_/Y
 _07617_/X
 _07618_/Y
 _07619_/Y
 _07620_/X
 _07621_/X
 _07622_/X
 _07623_/X
 _07624_/X
 _07625_/Y
 _07626_/X
 _07627_/X
 _07628_/Y
 _07629_/Y
 _07630_/X
 _07631_/Y
 _07632_/X
 _07633_/X
 _07634_/Y
 _07635_/Y
 _07636_/Y
 _07637_/Y
 _07638_/X
 _07639_/Y
 _07640_/X
 _07641_/Y
 _07642_/X
 _07643_/Y
 _07644_/Y
 _07645_/X
 _07646_/X
 _07647_/X
 _07648_/X
 _07649_/Y
 _07650_/Y
 _07651_/Y
 _07652_/X
 _07653_/Y
 _07654_/X
 _07655_/Y
 _07656_/Y
 _07657_/X
 _07658_/X
 _07659_/X
 _07660_/Y
 _07661_/Y
 _07662_/X
 _07663_/Y
 _07664_/X
 _07665_/X
 _07666_/Y
 _07667_/Y
 _07668_/X
 _07669_/Y
 _07670_/X
 _07671_/X
 _07672_/X
 _07673_/Y
 _07674_/Y
 _07675_/X
 _07676_/Y
 _07677_/X
 _07678_/Y
 _07679_/X
 _07680_/Y
 _07681_/X
 _07682_/Y
 _07683_/X
 _07684_/X
 _07685_/X
 _07686_/Y
 _07687_/Y
 _07688_/X
 _07689_/Y
 _07690_/X
 _07691_/Y
 _07692_/X
 _07693_/Y
 _07694_/X
 _07695_/Y
 _07696_/X
 _07697_/Y
 _07698_/X
 _07699_/Y
 _07700_/X
 _07701_/Y
 _07702_/Y
 _07703_/Y
 _07704_/Y
 _07705_/X
 _07706_/Y
 _07707_/X
 _07708_/X
 _07709_/X
 _07710_/X
 _07711_/X
 _07712_/Y
 _07713_/X
 _07714_/Y
 _07715_/Y
 _07716_/Y
 _07717_/Y
 _07718_/Y
 _07719_/X
 _07720_/Y
 _07721_/X
 _07722_/Y
 _07723_/X
 _07724_/Y
 _07725_/X
 _07726_/Y
 _07727_/X
 _07728_/X
 _07729_/X
 _07730_/Y
 _07731_/Y
 _07732_/X
 _07733_/Y
 _07734_/X
 _07735_/Y
 _07736_/X
 _07737_/Y
 _07738_/X
 _07739_/Y
 _07740_/X
 _07741_/X
 _07742_/X
 _07743_/Y
 _07744_/Y
 _07745_/X
 _07746_/Y
 _07747_/X
 _07748_/Y
 _07749_/X
 _07750_/Y
 _07751_/X
 _07752_/Y
 _07753_/Y
 _07754_/Y
 _07755_/Y
 _07756_/X
 _07757_/X
 _07758_/X
 _07759_/Y
 _07760_/X
 _07761_/X
 _07762_/X
 _07763_/X
 _07764_/Y
 _07765_/X
 _07766_/X
 _07767_/Y
 _07768_/Y
 _07769_/Y
 _07770_/Y
 _07771_/X
 _07772_/Y
 _07773_/Y
 _07774_/Y
 _07775_/Y
 _07776_/X
 _07777_/X
 _07778_/Y
 _07779_/Y
 _07780_/Y
 _07781_/Y
 _07782_/X
 _07783_/Y
 _07784_/X
 _07785_/Y
 _07786_/X
 _07787_/X
 _07788_/Y
 _07789_/Y
 _07790_/X
 _07791_/Y
 _07792_/X
 _07793_/X
 _07794_/Y
 _07795_/Y
 _07796_/X
 _07797_/X
 _07798_/Y
 _07799_/X
 _07800_/Y
 _07801_/Y
 _07802_/Y
 _07803_/Y
 _07804_/X
 _07805_/X
 _07806_/Y
 _07807_/X
 _07808_/X
 _07809_/X
 _07810_/Y
 _07811_/Y
 _07812_/Y
 _07813_/X
 _07814_/Y
 _07815_/X
 _07816_/Y
 _07817_/Y
 _07818_/X
 _07819_/X
 _07820_/X
 _07821_/Y
 _07822_/Y
 _07823_/X
 _07824_/Y
 _07825_/X
 _07826_/X
 _07827_/Y
 _07828_/Y
 _07829_/X
 _07830_/Y
 _07831_/X
 _07832_/X
 _07833_/X
 _07834_/Y
 _07835_/Y
 _07836_/X
 _07837_/Y
 _07838_/X
 _07839_/Y
 _07840_/Y
 _07841_/Y
 _07842_/X
 _07843_/Y
 _07844_/X
 _07845_/X
 _07846_/X
 _07847_/Y
 _07848_/Y
 _07849_/X
 _07850_/Y
 _07851_/X
 _07852_/Y
 _07853_/Y
 _07854_/Y
 _07855_/X
 _07856_/Y
 _07857_/X
 _07858_/Y
 _07859_/X
 _07860_/Y
 _07861_/X
 _07862_/X
 _07863_/Y
 _07864_/Y
 _07865_/X
 _07866_/Y
 _07867_/X
 _07868_/Y
 _07869_/X
 _07870_/X
 _07871_/X
 _07872_/X
 _07873_/Y
 _07874_/X
 _07875_/Y
 _07876_/Y
 _07877_/Y
 _07878_/X
 _07879_/X
 _07880_/Y
 _07881_/Y
 _07882_/X
 _07883_/Y
 _07884_/Y
 _07885_/X
 _07886_/Y
 _07887_/X
 _07888_/X
 _07889_/Y
 _07890_/X
 _07891_/Y
 _07892_/X
 _07893_/Y
 _07894_/X
 _07895_/Y
 _07896_/X
 _07897_/Y
 _07898_/X
 _07899_/X
 _07900_/Y
 _07901_/X
 _07902_/Y
 _07903_/Y
 _07904_/X
 _07905_/Y
 _07906_/X
 _07907_/Y
 _07908_/X
 _07909_/Y
 _07910_/X
 _07911_/X
 _07912_/Y
 _07913_/Y
 _07914_/X
 _07915_/Y
 _07916_/Y
 _07917_/Y
 _07918_/X
 _07919_/X
 _07920_/Y
 _07921_/X
 _07922_/Y
 _07923_/X
 _07924_/Y
 _07925_/Y
 _07926_/Y
 _07927_/Y
 _07928_/X
 _07929_/Y
 _07930_/Y
 _07931_/Y
 _07932_/Y
 _07933_/X
 _07934_/X
 _07935_/Y
 _07936_/Y
 _07937_/Y
 _07938_/Y
 _07939_/X
 _07940_/Y
 _07941_/X
 _07942_/Y
 _07943_/X
 _07944_/X
 _07945_/Y
 _07946_/Y
 _07947_/X
 _07948_/Y
 _07949_/X
 _07950_/X
 _07951_/Y
 _07952_/Y
 _07953_/X
 _07954_/X
 _07955_/Y
 _07956_/X
 _07957_/Y
 _07958_/Y
 _07959_/X
 _07960_/Y
 _07961_/X
 _07962_/Y
 _07963_/Y
 _07964_/Y
 _07965_/X
 _07966_/X
 _07967_/X
 _07968_/Y
 _07969_/Y
 _07970_/Y
 _07971_/X
 _07972_/X
 _07973_/X
 _07974_/Y
 _07975_/Y
 _07976_/X
 _07977_/X
 _07978_/X
 _07979_/Y
 _07980_/Y
 _07981_/X
 _07982_/Y
 _07983_/X
 _07984_/X
 _07985_/Y
 _07986_/Y
 _07987_/X
 _07988_/Y
 _07989_/X
 _07990_/X
 _07991_/X
 _07992_/Y
 _07993_/Y
 _07994_/X
 _07995_/X
 _07996_/Y
 _07997_/Y
 _07998_/X
 _07999_/X
 _08000_/X
 _08001_/X
 _08002_/X
 _08003_/Y
 _08004_/Y
 _08005_/Y
 _08006_/X
 _08007_/X
 _08008_/X
 _08009_/Y
 _08010_/Y
 _08011_/Y
 _08012_/X
 _08013_/Y
 _08014_/X
 _08015_/X
 _08016_/Y
 _08017_/Y
 _08018_/X
 _08019_/Y
 _08020_/X
 _08021_/Y
 _08022_/Y
 _08023_/Y
 _08024_/X
 _08025_/X
 _08026_/Y
 _08027_/X
 _08028_/X
 _08029_/X
 _08030_/Y
 _08031_/Y
 _08032_/X
 _08033_/Y
 _08034_/Y
 _08035_/Y
 _08036_/Y
 _08037_/X
 _08038_/Y
 _08039_/Y
 _08040_/X
 _08041_/Y
 _08042_/Y
 _08043_/X
 _08044_/Y
 _08045_/X
 _08046_/Y
 _08047_/X
 _08048_/X
 _08049_/Y
 _08050_/Y
 _08051_/X
 _08052_/X
 _08053_/Y
 _08054_/X
 _08055_/Y
 _08056_/X
 _08057_/Y
 _08058_/Y
 _08059_/Y
 _08060_/X
 _08061_/Y
 _08062_/Y
 _08063_/Y
 _08064_/X
 _08065_/X
 _08066_/Y
 _08067_/X
 _08068_/Y
 _08069_/Y
 _08070_/Y
 _08071_/X
 _08072_/X
 _08073_/X
 _08074_/X
 _08075_/Y
 _08076_/X
 _08077_/X
 _08078_/Y
 _08079_/X
 _08080_/X
 _08081_/Y
 _08082_/Y
 _08083_/X
 _08084_/Y
 _08085_/Y
 _08086_/Y
 _08087_/X
 _08088_/Y
 _08089_/Y
 _08090_/Y
 _08091_/Y
 _08092_/X
 _08093_/Y
 _08094_/Y
 _08095_/Y
 _08096_/Y
 _08097_/X
 _08098_/X
 _08099_/Y
 _08100_/Y
 _08101_/Y
 _08102_/Y
 _08103_/X
 _08104_/Y
 _08105_/X
 _08106_/Y
 _08107_/X
 _08108_/X
 _08109_/Y
 _08110_/Y
 _08111_/X
 _08112_/Y
 _08113_/X
 _08114_/X
 _08115_/Y
 _08116_/Y
 _08117_/X
 _08118_/Y
 _08119_/Y
 _08120_/Y
 _08121_/Y
 _08122_/Y
 _08123_/Y
 _08124_/X
 _08125_/X
 _08126_/Y
 _08127_/X
 _08128_/X
 _08129_/X
 _08130_/Y
 _08131_/Y
 _08132_/Y
 _08133_/X
 _08134_/Y
 _08135_/X
 _08136_/Y
 _08137_/X
 _08138_/X
 _08139_/X
 _08140_/X
 _08141_/Y
 _08142_/Y
 _08143_/X
 _08144_/Y
 _08145_/X
 _08146_/X
 _08147_/Y
 _08148_/Y
 _08149_/X
 _08150_/Y
 _08151_/X
 _08152_/X
 _08153_/X
 _08154_/Y
 _08155_/Y
 _08156_/X
 _08157_/X
 _08158_/Y
 _08159_/Y
 _08160_/X
 _08161_/X
 _08162_/Y
 _08163_/X
 _08164_/X
 _08165_/X
 _08166_/Y
 _08167_/Y
 _08168_/X
 _08169_/Y
 _08170_/X
 _08171_/Y
 _08172_/X
 _08173_/Y
 _08174_/X
 _08175_/Y
 _08176_/X
 _08177_/X
 _08178_/Y
 _08179_/Y
 _08180_/X
 _08181_/Y
 _08182_/Y
 _08183_/Y
 _08184_/Y
 _08185_/Y
 _08186_/X
 _08187_/Y
 _08188_/X
 _08189_/X
 _08190_/X
 _08191_/X
 _08192_/Y
 _08193_/X
 _08194_/Y
 _08195_/X
 _08196_/Y
 _08197_/X
 _08198_/Y
 _08199_/X
 _08200_/Y
 _08201_/X
 _08202_/X
 _08203_/X
 _08204_/X
 _08205_/X
 _08206_/X
 _08207_/X
 _08208_/Y
 _08209_/Y
 _08210_/Y
 _08211_/Y
 _08212_/X
 _08213_/X
 _08214_/Y
 _08215_/X
 _08216_/Y
 _08217_/Y
 _08218_/Y
 _08219_/Y
 _08220_/Y
 _08221_/Y
 _08222_/Y
 _08223_/X
 _08224_/Y
 _08225_/Y
 _08226_/Y
 _08227_/X
 _08228_/Y
 _08229_/X
 _08230_/Y
 _08231_/X
 _08232_/X
 _08233_/X
 _08234_/Y
 _08235_/Y
 _08236_/Y
 _08237_/X
 _08238_/Y
 _08239_/Y
 _08240_/Y
 _08241_/Y
 _08242_/X
 _08243_/Y
 _08244_/Y
 _08245_/Y
 _08246_/Y
 _08247_/X
 _08248_/X
 _08249_/Y
 _08250_/Y
 _08251_/Y
 _08252_/Y
 _08253_/X
 _08254_/Y
 _08255_/X
 _08256_/Y
 _08257_/X
 _08258_/X
 _08259_/Y
 _08260_/Y
 _08261_/X
 _08262_/Y
 _08263_/X
 _08264_/X
 _08265_/Y
 _08266_/Y
 _08267_/X
 _08268_/Y
 _08269_/Y
 _08270_/Y
 _08271_/Y
 _08272_/Y
 _08273_/Y
 _08274_/X
 _08275_/X
 _08276_/Y
 _08277_/X
 _08278_/X
 _08279_/X
 _08280_/Y
 _08281_/Y
 _08282_/Y
 _08283_/X
 _08284_/Y
 _08285_/X
 _08286_/Y
 _08287_/Y
 _08288_/X
 _08289_/X
 _08290_/X
 _08291_/Y
 _08292_/Y
 _08293_/X
 _08294_/Y
 _08295_/X
 _08296_/X
 _08297_/Y
 _08298_/Y
 _08299_/X
 _08300_/Y
 _08301_/X
 _08302_/X
 _08303_/X
 _08304_/Y
 _08305_/X
 _08306_/Y
 _08307_/Y
 _08308_/X
 _08309_/Y
 _08310_/X
 _08311_/Y
 _08312_/X
 _08313_/Y
 _08314_/X
 _08315_/X
 _08316_/X
 _08317_/Y
 _08318_/Y
 _08319_/X
 _08320_/Y
 _08321_/X
 _08322_/Y
 _08323_/Y
 _08324_/Y
 _08325_/X
 _08326_/Y
 _08327_/X
 _08328_/Y
 _08329_/X
 _08330_/Y
 _08331_/X
 _08332_/X
 _08333_/Y
 _08334_/Y
 _08335_/Y
 _08336_/Y
 _08337_/X
 _08338_/Y
 _08339_/X
 _08340_/Y
 _08341_/X
 _08342_/Y
 _08343_/X
 _08344_/X
 _08345_/Y
 _08346_/X
 _08347_/X
 _08348_/X
 _08349_/Y
 _08350_/X
 _08351_/X
 _08352_/X
 _08353_/Y
 _08354_/X
 _08355_/Y
 _08356_/X
 _08357_/Y
 _08358_/Y
 _08359_/Y
 _08360_/X
 _08361_/X
 _08362_/Y
 _08363_/X
 _08364_/Y
 _08365_/Y
 _08366_/Y
 _08367_/Y
 _08368_/Y
 _08369_/Y
 _08370_/Y
 _08371_/Y
 _08372_/Y
 _08373_/Y
 _08374_/Y
 _08375_/Y
 _08376_/Y
 _08377_/X
 _08378_/Y
 _08379_/Y
 _08380_/X
 _08381_/Y
 _08382_/Y
 _08383_/Y
 _08384_/X
 _08385_/Y
 _08386_/Y
 _08387_/Y
 _08388_/Y
 _08389_/X
 _08390_/Y
 _08391_/X
 _08392_/X
 _08393_/Y
 _08394_/X
 _08395_/X
 _08396_/Y
 _08397_/Y
 _08398_/Y
 _08399_/X
 _08400_/X
 _08401_/Y
 _08402_/Y
 _08403_/Y
 _08404_/Y
 _08405_/X
 _08406_/Y
 _08407_/X
 _08408_/Y
 _08409_/X
 _08410_/X
 _08411_/Y
 _08412_/Y
 _08413_/X
 _08414_/Y
 _08415_/X
 _08416_/X
 _08417_/Y
 _08418_/Y
 _08419_/X
 _08420_/Y
 _08421_/Y
 _08422_/X
 _08423_/Y
 _08424_/X
 _08425_/Y
 _08426_/X
 _08427_/X
 _08428_/X
 _08429_/X
 _08430_/X
 _08431_/X
 _08432_/Y
 _08433_/Y
 _08434_/Y
 _08435_/X
 _08436_/Y
 _08437_/X
 _08438_/Y
 _08439_/Y
 _08440_/X
 _08441_/X
 _08442_/X
 _08443_/Y
 _08444_/Y
 _08445_/X
 _08446_/Y
 _08447_/X
 _08448_/X
 _08449_/Y
 _08450_/Y
 _08451_/X
 _08452_/Y
 _08453_/X
 _08454_/X
 _08455_/X
 _08456_/Y
 _08457_/Y
 _08458_/Y
 _08459_/X
 _08460_/X
 _08461_/Y
 _08462_/X
 _08463_/Y
 _08464_/Y
 _08465_/Y
 _08466_/X
 _08467_/Y
 _08468_/X
 _08469_/X
 _08470_/X
 _08471_/Y
 _08472_/Y
 _08473_/X
 _08474_/Y
 _08475_/X
 _08476_/Y
 _08477_/Y
 _08478_/Y
 _08479_/X
 _08480_/Y
 _08481_/X
 _08482_/Y
 _08483_/X
 _08484_/Y
 _08485_/X
 _08486_/Y
 _08487_/X
 _08488_/Y
 _08489_/Y
 _08490_/X
 _08491_/X
 _08492_/Y
 _08493_/X
 _08494_/Y
 _08495_/Y
 _08496_/X
 _08497_/Y
 _08498_/X
 _08499_/Y
 _08500_/X
 _08501_/X
 _08502_/X
 _08503_/Y
 _08504_/X
 _08505_/X
 _08506_/X
 _08507_/X
 _08508_/Y
 _08509_/X
 _08510_/Y
 _08511_/X
 _08512_/Y
 _08513_/X
 _08514_/Y
 _08515_/Y
 _08516_/Y
 _08517_/X
 _08518_/Y
 _08519_/Y
 _08520_/Y
 _08521_/X
 _08522_/Y
 _08523_/Y
 _08524_/X
 _08525_/Y
 _08526_/X
 _08527_/Y
 _08528_/X
 _08529_/X
 _08530_/X
 _08531_/Y
 _08532_/X
 _08533_/Y
 _08534_/X
 _08535_/Y
 _08536_/X
 _08537_/X
 _08538_/Y
 _08539_/Y
 _08540_/X
 _08541_/Y
 _08542_/X
 _08543_/Y
 _08544_/X
 _08545_/Y
 _08546_/Y
 _08547_/Y
 _08548_/Y
 _08549_/X
 _08550_/Y
 _08551_/X
 _08552_/Y
 _08553_/X
 _08554_/X
 _08555_/Y
 _08556_/Y
 _08557_/X
 _08558_/Y
 _08559_/X
 _08560_/X
 _08561_/Y
 _08562_/Y
 _08563_/X
 _08564_/Y
 _08565_/X
 _08566_/Y
 _08567_/Y
 _08568_/X
 _08569_/Y
 _08570_/X
 _08571_/Y
 _08572_/X
 _08573_/X
 _08574_/X
 _08575_/X
 _08576_/Y
 _08577_/Y
 _08578_/Y
 _08579_/X
 _08580_/X
 _08581_/X
 _08582_/Y
 _08583_/Y
 _08584_/X
 _08585_/X
 _08586_/X
 _08587_/Y
 _08588_/Y
 _08589_/X
 _08590_/Y
 _08591_/X
 _08592_/X
 _08593_/Y
 _08594_/Y
 _08595_/X
 _08596_/Y
 _08597_/X
 _08598_/X
 _08599_/X
 _08600_/Y
 _08601_/Y
 _08602_/Y
 _08603_/X
 _08604_/X
 _08605_/Y
 _08606_/X
 _08607_/Y
 _08608_/X
 _08609_/Y
 _08610_/X
 _08611_/X
 _08612_/X
 _08613_/X
 _08614_/Y
 _08615_/Y
 _08616_/Y
 _08617_/X
 _08618_/X
 _08619_/X
 _08620_/Y
 _08621_/Y
 _08622_/Y
 _08623_/X
 _08624_/Y
 _08625_/X
 _08626_/Y
 _08627_/X
 _08628_/Y
 _08629_/X
 _08630_/Y
 _08631_/X
 _08632_/Y
 _08633_/Y
 _08634_/X
 _08635_/Y
 _08636_/X
 _08637_/Y
 _08638_/Y
 _08639_/X
 _08640_/Y
 _08641_/X
 _08642_/Y
 _08643_/X
 _08644_/Y
 _08645_/X
 _08646_/Y
 _08647_/X
 _08648_/X
 _08649_/Y
 _08650_/Y
 _08651_/X
 _08652_/Y
 _08653_/X
 _08654_/Y
 _08655_/X
 _08656_/Y
 _08657_/Y
 _08658_/Y
 _08659_/Y
 _08660_/Y
 _08661_/Y
 _08662_/Y
 _08663_/Y
 _08664_/X
 _08665_/Y
 _08666_/Y
 _08667_/Y
 _08668_/X
 _08669_/X
 _08670_/X
 _08671_/X
 _08672_/X
 _08673_/Y
 _08674_/X
 _08675_/X
 _08676_/X
 _08677_/X
 _08678_/Y
 _08679_/X
 _08680_/X
 _08681_/Y
 _08682_/Y
 _08683_/X
 _08684_/Y
 _08685_/X
 _08686_/Y
 _08687_/Y
 _08688_/Y
 _08689_/Y
 _08690_/X
 _08691_/X
 _08692_/X
 _08693_/Y
 _08694_/X
 _08695_/Y
 _08696_/X
 _08697_/X
 _08698_/Y
 _08699_/Y
 _08700_/X
 _08701_/Y
 _08702_/X
 _08703_/X
 _08704_/Y
 _08705_/Y
 _08706_/X
 _08707_/Y
 _08708_/Y
 _08709_/Y
 _08710_/X
 _08711_/X
 _08712_/Y
 _08713_/X
 _08714_/X
 _08715_/Y
 _08716_/X
 _08717_/X
 _08718_/Y
 _08719_/X
 _08720_/X
 _08721_/X
 _08722_/Y
 _08723_/Y
 _08724_/Y
 _08725_/X
 _08726_/X
 _08727_/X
 _08728_/Y
 _08729_/X
 _08730_/X
 _08731_/X
 _08732_/X
 _08733_/Y
 _08734_/Y
 _08735_/X
 _08736_/Y
 _08737_/X
 _08738_/X
 _08739_/Y
 _08740_/Y
 _08741_/X
 _08742_/Y
 _08743_/X
 _08744_/X
 _08745_/X
 _08746_/Y
 _08747_/Y
 _08748_/Y
 _08749_/X
 _08750_/X
 _08751_/Y
 _08752_/X
 _08753_/Y
 _08754_/X
 _08755_/X
 _08756_/X
 _08757_/X
 _08758_/X
 _08759_/Y
 _08760_/X
 _08761_/X
 _08762_/X
 _08763_/X
 _08764_/X
 _08765_/X
 _08766_/Y
 _08767_/X
 _08768_/X
 _08769_/X
 _08770_/X
 _08771_/Y
 _08772_/Y
 _08773_/Y
 _08774_/X
 _08775_/X
 _08776_/X
 _08777_/Y
 _08778_/X
 _08779_/Y
 _08780_/X
 _08781_/Y
 _08782_/X
 _08783_/Y
 _08784_/X
 _08785_/Y
 _08786_/X
 _08787_/X
 _08788_/Y
 _08789_/Y
 _08790_/X
 _08791_/Y
 _08792_/X
 _08793_/X
 _08794_/X
 _08795_/Y
 _08796_/Y
 _08797_/X
 _08798_/Y
 _08799_/Y
 _08800_/X
 _08801_/Y
 _08802_/X
 _08803_/Y
 _08804_/X
 _08805_/Y
 _08806_/Y
 _08807_/X
 _08808_/Y
 _08809_/X
 _08810_/Y
 _08811_/X
 _08812_/X
 _08813_/Y
 _08814_/Y
 _08815_/Y
 _08816_/X
 _08817_/Y
 _08818_/X
 _08819_/X
 _08820_/Y
 _08821_/Y
 _08822_/X
 _08823_/Y
 _08824_/X
 _08825_/Y
 _08826_/Y
 _08827_/Y
 _08828_/Y
 _08829_/X
 _08830_/X
 _08831_/X
 _08832_/Y
 _08833_/X
 _08834_/Y
 _08835_/X
 _08836_/X
 _08837_/Y
 _08838_/Y
 _08839_/X
 _08840_/Y
 _08841_/X
 _08842_/X
 _08843_/Y
 _08844_/Y
 _08845_/X
 _08846_/Y
 _08847_/Y
 _08848_/Y
 _08849_/X
 _08850_/X
 _08851_/Y
 _08852_/X
 _08853_/Y
 _08854_/X
 _08855_/Y
 _08856_/X
 _08857_/X
 _08858_/Y
 _08859_/X
 _08860_/X
 _08861_/X
 _08862_/Y
 _08863_/Y
 _08864_/Y
 _08865_/X
 _08866_/X
 _08867_/X
 _08868_/Y
 _08869_/Y
 _08870_/Y
 _08871_/X
 _08872_/X
 _08873_/X
 _08874_/Y
 _08875_/X
 _08876_/Y
 _08877_/X
 _08878_/Y
 _08879_/X
 _08880_/Y
 _08881_/X
 _08882_/Y
 _08883_/X
 _08884_/X
 _08885_/Y
 _08886_/X
 _08887_/Y
 _08888_/Y
 _08889_/X
 _08890_/X
 _08891_/X
 _08892_/Y
 _08893_/Y
 _08894_/Y
 _08895_/X
 _08896_/X
 _08897_/X
 _08898_/Y
 _08899_/X
 _08900_/X
 _08901_/X
 _08902_/X
 _08903_/Y
 _08904_/Y
 _08905_/X
 _08906_/Y
 _08907_/X
 _08908_/X
 _08909_/Y
 _08910_/Y
 _08911_/X
 _08912_/Y
 _08913_/X
 _08914_/X
 _08915_/X
 _08916_/Y
 _08917_/Y
 _08918_/Y
 _08919_/X
 _08920_/X
 _08921_/Y
 _08922_/X
 _08923_/Y
 _08924_/X
 _08925_/Y
 _08926_/X
 _08927_/X
 _08928_/X
 _08929_/Y
 _08930_/Y
 _08931_/X
 _08932_/X
 _08933_/Y
 _08934_/X
 _08935_/Y
 _08936_/Y
 _08937_/Y
 _08938_/X
 _08939_/Y
 _08940_/Y
 _08941_/Y
 _08942_/X
 _08943_/Y
 _08944_/Y
 _08945_/Y
 _08946_/X
 _08947_/X
 _08948_/Y
 _08949_/X
 _08950_/Y
 _08951_/X
 _08952_/X
 _08953_/X
 _08954_/Y
 _08955_/Y
 _08956_/Y
 _08957_/Y
 _08958_/X
 _08959_/X
 _08960_/X
 _08961_/Y
 _08962_/X
 _08963_/Y
 _08964_/X
 _08965_/Y
 _08966_/X
 _08967_/Y
 _08968_/X
 _08969_/Y
 _08970_/X
 _08971_/X
 _08972_/X
 _08973_/Y
 _08974_/X
 _08975_/Y
 _08976_/X
 _08977_/X
 _08978_/X
 _08979_/Y
 _08980_/Y
 _08981_/Y
 _08982_/X
 _08983_/X
 _08984_/X
 _08985_/Y
 _08986_/X
 _08987_/X
 _08988_/X
 _08989_/X
 _08990_/Y
 _08991_/Y
 _08992_/X
 _08993_/Y
 _08994_/X
 _08995_/X
 _08996_/Y
 _08997_/Y
 _08998_/X
 _08999_/Y
 _09000_/X
 _09001_/X
 _09002_/X
 _09003_/Y
 _09004_/Y
 _09005_/X
 _09006_/Y
 _09007_/X
 _09008_/Y
 _09009_/X
 _09010_/Y
 _09011_/X
 _09012_/X
 _09013_/Y
 _09014_/Y
 _09015_/X
 _09016_/X
 _09017_/Y
 _09018_/X
 _09019_/X
 _09020_/Y
 _09021_/Y
 _09022_/X
 _09023_/Y
 _09024_/Y
 _09025_/Y
 _09026_/X
 _09027_/Y
 _09028_/Y
 _09029_/Y
 _09030_/X
 _09031_/X
 _09032_/X
 _09033_/Y
 _09034_/X
 _09035_/Y
 _09036_/X
 _09037_/X
 _09038_/Y
 _09039_/Y
 _09040_/X
 _09041_/Y
 _09042_/X
 _09043_/X
 _09044_/Y
 _09045_/Y
 _09046_/X
 _09047_/Y
 _09048_/Y
 _09049_/X
 _09050_/Y
 _09051_/X
 _09052_/Y
 _09053_/X
 _09054_/Y
 _09055_/X
 _09056_/X
 _09057_/X
 _09058_/Y
 _09059_/Y
 _09060_/X
 _09061_/Y
 _09062_/X
 _09063_/X
 _09064_/Y
 _09065_/X
 _09066_/Y
 _09067_/X
 _09068_/X
 _09069_/X
 _09070_/Y
 _09071_/X
 _09072_/Y
 _09073_/Y
 _09074_/X
 _09075_/X
 _09076_/X
 _09077_/Y
 _09078_/Y
 _09079_/Y
 _09080_/X
 _09081_/X
 _09082_/Y
 _09083_/X
 _09084_/X
 _09085_/Y
 _09086_/Y
 _09087_/X
 _09088_/Y
 _09089_/X
 _09090_/X
 _09091_/Y
 _09092_/X
 _09093_/Y
 _09094_/Y
 _09095_/Y
 _09096_/X
 _09097_/X
 _09098_/X
 _09099_/X
 _09100_/Y
 _09101_/Y
 _09102_/Y
 _09103_/X
 _09104_/X
 _09105_/X
 _09106_/Y
 _09107_/X
 _09108_/X
 _09109_/X
 _09110_/X
 _09111_/Y
 _09112_/Y
 _09113_/X
 _09114_/Y
 _09115_/X
 _09116_/X
 _09117_/Y
 _09118_/Y
 _09119_/X
 _09120_/Y
 _09121_/X
 _09122_/X
 _09123_/X
 _09124_/Y
 _09125_/Y
 _09126_/Y
 _09127_/Y
 _09128_/X
 _09129_/X
 _09130_/Y
 _09131_/Y
 _09132_/X
 _09133_/X
 _09134_/Y
 _09135_/Y
 _09136_/X
 _09137_/Y
 _09138_/X
 _09139_/Y
 _09140_/X
 _09141_/X
 _09142_/Y
 _09143_/Y
 _09144_/X
 _09145_/Y
 _09146_/X
 _09147_/Y
 _09148_/X
 _09149_/X
 _09150_/X
 _09151_/Y
 _09152_/Y
 _09153_/Y
 _09154_/X
 _09155_/Y
 _09156_/X
 _09157_/Y
 _09158_/X
 _09159_/X
 _09160_/Y
 _09161_/Y
 _09162_/X
 _09163_/Y
 _09164_/X
 _09165_/X
 _09166_/Y
 _09167_/Y
 _09168_/X
 _09169_/Y
 _09170_/Y
 _09171_/X
 _09172_/Y
 _09173_/X
 _09174_/Y
 _09175_/X
 _09176_/Y
 _09177_/X
 _09178_/X
 _09179_/Y
 _09180_/Y
 _09181_/X
 _09182_/X
 _09183_/X
 _09184_/Y
 _09185_/Y
 _09186_/X
 _09187_/Y
 _09188_/X
 _09189_/X
 _09190_/Y
 _09191_/X
 _09192_/Y
 _09193_/Y
 _09194_/X
 _09195_/X
 _09196_/Y
 _09197_/X
 _09198_/X
 _09199_/Y
 _09200_/X
 _09201_/Y
 _09202_/Y
 _09203_/X
 _09204_/Y
 _09205_/X
 _09206_/Y
 _09207_/X
 _09208_/Y
 _09209_/X
 _09210_/X
 _09211_/X
 _09212_/Y
 _09213_/Y
 _09214_/Y
 _09215_/X
 _09216_/X
 _09217_/Y
 _09218_/X
 _09219_/X
 _09220_/X
 _09221_/X
 _09222_/Y
 _09223_/Y
 _09224_/Y
 _09225_/X
 _09226_/X
 _09227_/X
 _09228_/Y
 _09229_/X
 _09230_/X
 _09231_/X
 _09232_/X
 _09233_/Y
 _09234_/Y
 _09235_/X
 _09236_/Y
 _09237_/X
 _09238_/X
 _09239_/Y
 _09240_/Y
 _09241_/X
 _09242_/Y
 _09243_/X
 _09244_/X
 _09245_/X
 _09246_/Y
 _09247_/Y
 _09248_/Y
 _09249_/X
 _09250_/X
 _09251_/Y
 _09252_/X
 _09253_/Y
 _09254_/X
 _09255_/X
 _09256_/Y
 _09257_/Y
 _09258_/X
 _09259_/X
 _09260_/Y
 _09261_/X
 _09262_/X
 _09263_/Y
 _09264_/Y
 _09265_/X
 _09266_/Y
 _09267_/X
 _09268_/Y
 _09269_/Y
 _09270_/Y
 _09271_/Y
 _09272_/X
 _09273_/X
 _09274_/X
 _09275_/Y
 _09276_/X
 _09277_/Y
 _09278_/X
 _09279_/X
 _09280_/Y
 _09281_/Y
 _09282_/X
 _09283_/Y
 _09284_/X
 _09285_/X
 _09286_/Y
 _09287_/Y
 _09288_/X
 _09289_/X
 _09290_/Y
 _09291_/Y
 _09292_/X
 _09293_/Y
 _09294_/Y
 _09295_/X
 _09296_/X
 _09297_/X
 _09298_/Y
 _09299_/Y
 _09300_/X
 _09301_/X
 _09302_/Y
 _09303_/Y
 _09304_/X
 _09305_/Y
 _09306_/Y
 _09307_/X
 _09308_/Y
 _09309_/X
 _09310_/X
 _09311_/Y
 _09312_/Y
 _09313_/X
 _09314_/Y
 _09315_/Y
 _09316_/X
 _09317_/X
 _09318_/X
 _09319_/X
 _09320_/Y
 _09321_/Y
 _09322_/Y
 _09323_/Y
 _09324_/X
 _09325_/X
 _09326_/X
 _09327_/X
 _09328_/X
 _09329_/Y
 _09330_/Y
 _09331_/Y
 _09332_/X
 _09333_/X
 _09334_/X
 _09335_/Y
 _09336_/X
 _09337_/X
 _09338_/X
 _09339_/X
 _09340_/Y
 _09341_/Y
 _09342_/X
 _09343_/Y
 _09344_/X
 _09345_/X
 _09346_/Y
 _09347_/Y
 _09348_/X
 _09349_/Y
 _09350_/X
 _09351_/X
 _09352_/X
 _09353_/Y
 _09354_/Y
 _09355_/X
 _09356_/Y
 _09357_/X
 _09358_/Y
 _09359_/Y
 _09360_/X
 _09361_/Y
 _09362_/X
 _09363_/X
 _09364_/Y
 _09365_/X
 _09366_/Y
 _09367_/X
 _09368_/X
 _09369_/Y
 _09370_/Y
 _09371_/X
 _09372_/Y
 _09373_/X
 _09374_/Y
 _09375_/Y
 _09376_/X
 _09377_/Y
 _09378_/Y
 _09379_/X
 _09380_/X
 _09381_/X
 _09382_/Y
 _09383_/X
 _09384_/Y
 _09385_/X
 _09386_/X
 _09387_/Y
 _09388_/Y
 _09389_/X
 _09390_/Y
 _09391_/X
 _09392_/X
 _09393_/Y
 _09394_/Y
 _09395_/X
 _09396_/Y
 _09397_/Y
 _09398_/X
 _09399_/Y
 _09400_/X
 _09401_/Y
 _09402_/X
 _09403_/Y
 _09404_/X
 _09405_/X
 _09406_/Y
 _09407_/Y
 _09408_/Y
 _09409_/X
 _09410_/X
 _09411_/Y
 _09412_/Y
 _09413_/X
 _09414_/Y
 _09415_/X
 _09416_/Y
 _09417_/Y
 _09418_/Y
 _09419_/X
 _09420_/Y
 _09421_/X
 _09422_/X
 _09423_/X
 _09424_/X
 _09425_/X
 _09426_/X
 _09427_/Y
 _09428_/Y
 _09429_/Y
 _09430_/X
 _09431_/X
 _09432_/Y
 _09433_/X
 _09434_/X
 _09435_/X
 _09436_/Y
 _09437_/Y
 _09438_/Y
 _09439_/X
 _09440_/X
 _09441_/X
 _09442_/Y
 _09443_/X
 _09444_/X
 _09445_/X
 _09446_/X
 _09447_/Y
 _09448_/Y
 _09449_/X
 _09450_/Y
 _09451_/X
 _09452_/X
 _09453_/Y
 _09454_/Y
 _09455_/X
 _09456_/Y
 _09457_/X
 _09458_/X
 _09459_/X
 _09460_/Y
 _09461_/Y
 _09462_/X
 _09463_/Y
 _09464_/X
 _09465_/Y
 _09466_/Y
 _09467_/X
 _09468_/Y
 _09469_/X
 _09470_/Y
 _09471_/Y
 _09472_/X
 _09473_/X
 _09474_/Y
 _09475_/X
 _09476_/X
 _09477_/Y
 _09478_/Y
 _09479_/X
 _09480_/Y
 _09481_/X
 _09482_/Y
 _09483_/Y
 _09484_/Y
 _09485_/Y
 _09486_/X
 _09487_/X
 _09488_/X
 _09489_/Y
 _09490_/X
 _09491_/Y
 _09492_/X
 _09493_/X
 _09494_/Y
 _09495_/Y
 _09496_/X
 _09497_/Y
 _09498_/X
 _09499_/X
 _09500_/Y
 _09501_/Y
 _09502_/X
 _09503_/X
 _09504_/Y
 _09505_/Y
 _09506_/X
 _09507_/X
 _09508_/Y
 _09509_/Y
 _09510_/X
 _09511_/Y
 _09512_/Y
 _09513_/X
 _09514_/X
 _09515_/Y
 _09516_/Y
 _09517_/X
 _09518_/Y
 _09519_/X
 _09520_/Y
 _09521_/X
 _09522_/X
 _09523_/Y
 _09524_/Y
 _09525_/Y
 _09526_/Y
 _09527_/X
 _09528_/Y
 _09529_/Y
 _09530_/X
 _09531_/X
 _09532_/X
 _09533_/Y
 _09534_/Y
 _09535_/Y
 _09536_/X
 _09537_/X
 _09538_/X
 _09539_/Y
 _09540_/X
 _09541_/X
 _09542_/X
 _09543_/X
 _09544_/Y
 _09545_/Y
 _09546_/X
 _09547_/Y
 _09548_/X
 _09549_/X
 _09550_/Y
 _09551_/Y
 _09552_/X
 _09553_/Y
 _09554_/X
 _09555_/X
 _09556_/X
 _09557_/Y
 _09558_/X
 _09559_/Y
 _09560_/X
 _09561_/Y
 _09562_/Y
 _09563_/X
 _09564_/Y
 _09565_/Y
 _09566_/X
 _09567_/Y
 _09568_/X
 _09569_/Y
 _09570_/Y
 _09571_/X
 _09572_/Y
 _09573_/X
 _09574_/X
 _09575_/Y
 _09576_/Y
 _09577_/X
 _09578_/Y
 _09579_/Y
 _09580_/Y
 _09581_/Y
 _09582_/Y
 _09583_/X
 _09584_/X
 _09585_/Y
 _09586_/Y
 _09587_/Y
 _09588_/X
 _09589_/Y
 _09590_/X
 _09591_/Y
 _09592_/X
 _09593_/X
 _09594_/Y
 _09595_/Y
 _09596_/X
 _09597_/Y
 _09598_/X
 _09599_/X
 _09600_/Y
 _09601_/Y
 _09602_/X
 _09603_/Y
 _09604_/Y
 _09605_/X
 _09606_/X
 _09607_/Y
 _09608_/Y
 _09609_/X
 _09610_/Y
 _09611_/X
 _09612_/Y
 _09613_/Y
 _09614_/Y
 _09615_/X
 _09616_/X
 _09617_/Y
 _09618_/Y
 _09619_/X
 _09620_/X
 _09621_/Y
 _09622_/Y
 _09623_/X
 _09624_/Y
 _09625_/Y
 _09626_/Y
 _09627_/Y
 _09628_/Y
 _09629_/X
 _09630_/X
 _09631_/Y
 _09632_/Y
 _09633_/Y
 _09634_/X
 _09635_/Y
 _09636_/X
 _09637_/Y
 _09638_/X
 _09639_/Y
 _09640_/X
 _09641_/X
 _09642_/X
 _09643_/Y
 _09644_/Y
 _09645_/Y
 _09646_/X
 _09647_/X
 _09648_/Y
 _09649_/X
 _09650_/X
 _09651_/X
 _09652_/X
 _09653_/X
 _09654_/Y
 _09655_/Y
 _09656_/Y
 _09657_/X
 _09658_/X
 _09659_/X
 _09660_/Y
 _09661_/X
 _09662_/X
 _09663_/X
 _09664_/X
 _09665_/Y
 _09666_/Y
 _09667_/Y
 _09668_/Y
 _09669_/X
 _09670_/Y
 _09671_/Y
 _09672_/Y
 _09673_/X
 _09674_/Y
 _09675_/X
 _09676_/Y
 _09677_/X
 _09678_/X
 _09679_/Y
 _09680_/Y
 _09681_/X
 _09682_/Y
 _09683_/X
 _09684_/Y
 _09685_/Y
 _09686_/Y
 _09687_/Y
 _09688_/X
 _09689_/X
 _09690_/X
 _09691_/Y
 _09692_/X
 _09693_/Y
 _09694_/X
 _09695_/X
 _09696_/Y
 _09697_/Y
 _09698_/X
 _09699_/Y
 _09700_/X
 _09701_/X
 _09702_/Y
 _09703_/Y
 _09704_/X
 _09705_/X
 _09706_/Y
 _09707_/Y
 _09708_/X
 _09709_/Y
 _09710_/Y
 _09711_/X
 _09712_/X
 _09713_/X
 _09714_/Y
 _09715_/X
 _09716_/Y
 _09717_/Y
 _09718_/X
 _09719_/Y
 _09720_/X
 _09721_/Y
 _09722_/X
 _09723_/X
 _09724_/Y
 _09725_/Y
 _09726_/X
 _09727_/Y
 _09728_/X
 _09729_/Y
 _09730_/Y
 _09731_/Y
 _09732_/X
 _09733_/X
 _09734_/X
 _09735_/Y
 _09736_/Y
 _09737_/Y
 _09738_/X
 _09739_/Y
 _09740_/Y
 _09741_/Y
 _09742_/Y
 _09743_/X
 _09744_/X
 _09745_/X
 _09746_/Y
 _09747_/Y
 _09748_/Y
 _09749_/X
 _09750_/X
 _09751_/Y
 _09752_/X
 _09753_/X
 _09754_/X
 _09755_/X
 _09756_/Y
 _09757_/Y
 _09758_/Y
 _09759_/Y
 _09760_/X
 _09761_/X
 _09762_/Y
 _09763_/Y
 _09764_/X
 _09765_/Y
 _09766_/X
 _09767_/Y
 _09768_/X
 _09769_/X
 _09770_/Y
 _09771_/Y
 _09772_/X
 _09773_/Y
 _09774_/X
 _09775_/Y
 _09776_/Y
 _09777_/X
 _09778_/Y
 _09779_/Y
 _09780_/X
 _09781_/X
 _09782_/X
 _09783_/Y
 _09784_/X
 _09785_/Y
 _09786_/X
 _09787_/X
 _09788_/Y
 _09789_/Y
 _09790_/X
 _09791_/Y
 _09792_/X
 _09793_/X
 _09794_/Y
 _09795_/Y
 _09796_/X
 _09797_/Y
 _09798_/Y
 _09799_/X
 _09800_/Y
 _09801_/X
 _09802_/Y
 _09803_/X
 _09804_/Y
 _09805_/X
 _09806_/X
 _09807_/Y
 _09808_/X
 _09809_/X
 _09810_/Y
 _09811_/Y
 _09812_/X
 _09813_/Y
 _09814_/X
 _09815_/Y
 _09816_/Y
 _09817_/X
 _09818_/X
 _09819_/Y
 _09820_/Y
 _09821_/X
 _09822_/Y
 _09823_/X
 _09824_/Y
 _09825_/Y
 _09826_/Y
 _09827_/X
 _09828_/X
 _09829_/Y
 _09830_/X
 _09831_/X
 _09832_/Y
 _09833_/X
 _09834_/X
 _09835_/Y
 _09836_/Y
 _09837_/X
 _09838_/X
 _09839_/X
 _09840_/Y
 _09841_/Y
 _09842_/Y
 _09843_/X
 _09844_/X
 _09845_/Y
 _09846_/Y
 _09847_/X
 _09848_/X
 _09849_/X
 _09850_/Y
 _09851_/Y
 _09852_/X
 _09853_/Y
 _09854_/Y
 _09855_/X
 _09856_/X
 _09857_/X
 _09858_/Y
 _09859_/X
 _09860_/X
 _09861_/Y
 _09862_/Y
 _09863_/X
 _09864_/Y
 _09865_/X
 _09866_/Y
 _09867_/Y
 _09868_/Y
 _09869_/Y
 _09870_/X
 _09871_/X
 _09872_/X
 _09873_/Y
 _09874_/X
 _09875_/Y
 _09876_/X
 _09877_/X
 _09878_/Y
 _09879_/Y
 _09880_/X
 _09881_/Y
 _09882_/X
 _09883_/X
 _09884_/Y
 _09885_/Y
 _09886_/X
 _09887_/X
 _09888_/Y
 _09889_/Y
 _09890_/X
 _09891_/X
 _09892_/Y
 _09893_/Y
 _09894_/X
 _09895_/X
 _09896_/Y
 _09897_/X
 _09898_/Y
 _09899_/Y
 _09900_/X
 _09901_/Y
 _09902_/X
 _09903_/Y
 _09904_/X
 _09905_/X
 _09906_/Y
 _09907_/Y
 _09908_/Y
 _09909_/Y
 _09910_/Y
 _09911_/X
 _09912_/X
 _09913_/X
 _09914_/X
 _09915_/Y
 _09916_/Y
 _09917_/Y
 _09918_/Y
 _09919_/X
 _09920_/X
 _09921_/Y
 _09922_/Y
 _09923_/X
 _09924_/X
 _09925_/X
 _09926_/Y
 _09927_/X
 _09928_/Y
 _09929_/X
 _09930_/Y
 _09931_/Y
 _09932_/X
 _09933_/Y
 _09934_/X
 _09935_/X
 _09936_/Y
 _09937_/Y
 _09938_/Y
 _09939_/Y
 _09940_/Y
 _09941_/Y
 _09942_/Y
 _09943_/Y
 _09944_/X
 _09945_/Y
 _09946_/X
 _09947_/Y
 _09948_/X
 _09949_/Y
 _09950_/X
 _09951_/Y
 _09952_/X
 _09953_/X
 _09954_/Y
 _09955_/Y
 _09956_/X
 _09957_/Y
 _09958_/X
 _09959_/X
 _09960_/Y
 _09961_/Y
 _09962_/X
 _09963_/Y
 _09964_/Y
 _09965_/X
 _09966_/Y
 _09967_/X
 _09968_/Y
 _09969_/X
 _09970_/Y
 _09971_/X
 _09972_/X
 _09973_/Y
 _09974_/X
 _09975_/Y
 _09976_/Y
 _09977_/Y
 _09978_/X
 _09979_/X
 _09980_/Y
 _09981_/X
 _09982_/Y
 _09983_/X
 _09984_/X
 _09985_/X
 _09986_/X
 _09987_/Y
 _09988_/Y
 _09989_/X
 _09990_/Y
 _09991_/Y
 _09992_/Y
 _09993_/X
 _09994_/Y
 _09995_/X
 _09996_/X
 _09997_/X
 _09998_/X
 _09999_/Y
 _10000_/X
 _10001_/Y
 _10002_/X
 _10003_/X
 _10004_/X
 _10005_/Y
 _10006_/Y
 _10007_/Y
 _10008_/X
 _10009_/X
 _10010_/Y
 _10011_/Y
 _10012_/X
 _10013_/X
 _10014_/Y
 _10015_/X
 _10016_/X
 _10017_/Y
 _10018_/Y
 _10019_/X
 _10020_/X
 _10021_/X
 _10022_/X
 _10023_/Y
 _10024_/X
 _10025_/Y
 _10026_/X
 _10027_/X
 _10028_/Y
 _10029_/Y
 _10030_/Y
 _10031_/X
 _10032_/Y
 _10033_/Y
 _10034_/X
 _10035_/Y
 _10036_/Y
 _10037_/X
 _10038_/X
 _10039_/X
 _10040_/Y
 _10041_/X
 _10042_/Y
 _10043_/X
 _10044_/X
 _10045_/Y
 _10046_/Y
 _10047_/X
 _10048_/Y
 _10049_/X
 _10050_/X
 _10051_/Y
 _10052_/Y
 _10053_/X
 _10054_/Y
 _10055_/X
 _10056_/Y
 _10057_/X
 _10058_/X
 _10059_/Y
 _10060_/Y
 _10061_/X
 _10062_/Y
 _10063_/X
 _10064_/Y
 _10065_/X
 _10066_/Y
 _10067_/X
 _10068_/Y
 _10069_/Y
 _10070_/X
 _10071_/Y
 _10072_/X
 _10073_/Y
 _10074_/X
 _10075_/Y
 _10076_/Y
 _10077_/X
 _10078_/X
 _10079_/Y
 _10080_/Y
 _10081_/Y
 _10082_/Y
 _10083_/X
 _10084_/X
 _10085_/Y
 _10086_/Y
 _10087_/Y
 _10088_/Y
 _10089_/Y
 _10090_/X
 _10091_/X
 _10092_/X
 _10093_/Y
 _10094_/Y
 _10095_/Y
 _10096_/X
 _10097_/Y
 _10098_/Y
 _10099_/X
 _10100_/Y
 _10101_/Y
 _10102_/Y
 _10103_/Y
 _10104_/Y
 _10105_/X
 _10106_/Y
 _10107_/Y
 _10108_/X
 _10109_/X
 _10110_/X
 _10111_/Y
 _10112_/Y
 _10113_/X
 _10114_/X
 _10115_/X
 _10116_/Y
 _10117_/X
 _10118_/Y
 _10119_/X
 _10120_/X
 _10121_/Y
 _10122_/Y
 _10123_/X
 _10124_/Y
 _10125_/X
 _10126_/X
 _10127_/Y
 _10128_/Y
 _10129_/X
 _10130_/Y
 _10131_/Y
 _10132_/X
 _10133_/Y
 _10134_/X
 _10135_/Y
 _10136_/X
 _10137_/X
 _10138_/Y
 _10139_/Y
 _10140_/Y
 _10141_/X
 _10142_/X
 _10143_/Y
 _10144_/Y
 _10145_/X
 _10146_/Y
 _10147_/X
 _10148_/X
 _10149_/Y
 _10150_/Y
 _10151_/X
 _10152_/Y
 _10153_/X
 _10154_/Y
 _10155_/Y
 _10156_/Y
 _10157_/Y
 _10158_/Y
 _10159_/Y
 _10160_/Y
 _10161_/X
 _10162_/X
 _10163_/Y
 _10164_/Y
 _10165_/Y
 _10166_/Y
 _10167_/Y
 _10168_/Y
 _10169_/X
 _10170_/Y
 _10171_/Y
 _10172_/Y
 _10173_/Y
 _10174_/X
 _10175_/Y
 _10176_/Y
 _10177_/X
 _10178_/Y
 _10179_/Y
 _10180_/Y
 _10181_/X
 _10182_/Y
 _10183_/Y
 _10184_/X
 _10185_/X
 _10186_/Y
 _10187_/X
 _10188_/Y
 _10189_/X
 _10190_/X
 _10191_/Y
 _10192_/X
 _10193_/Y
 _10194_/X
 _10195_/X
 _10196_/Y
 _10197_/X
 _10198_/X
 _10199_/Y
 _10200_/X
 _10201_/Y
 _10202_/Y
 _10203_/Y
 _10204_/X
 _10205_/X
 _10206_/Y
 _10207_/Y
 _10208_/X
 _10209_/Y
 _10210_/X
 _10211_/X
 _10212_/Y
 _10213_/X
 _10214_/Y
 _10215_/Y
 _10216_/X
 _10217_/Y
 _10218_/X
 _10219_/Y
 _10220_/X
 _10221_/X
 _10222_/Y
 _10223_/Y
 _10224_/Y
 _10225_/Y
 _10226_/X
 _10227_/X
 _10228_/X
 _10229_/Y
 _10230_/Y
 _10231_/Y
 _10232_/X
 _10233_/Y
 _10234_/X
 _10235_/X
 _10236_/Y
 _10237_/Y
 _10238_/Y
 _10239_/Y
 _10240_/X
 _10241_/Y
 _10242_/X
 _10243_/Y
 _10244_/Y
 _10245_/X
 _10246_/Y
 _10247_/Y
 _10248_/X
 _10249_/Y
 _10250_/X
 _10251_/Y
 _10252_/Y
 _10253_/Y
 _10254_/Y
 _10255_/X
 _10256_/Y
 _10257_/Y
 _10258_/X
 _10259_/X
 _10260_/Y
 _10261_/Y
 _10262_/Y
 _10263_/Y
 _10264_/Y
 _10265_/X
 _10266_/Y
 _10267_/Y
 _10268_/X
 _10269_/X
 _10270_/Y
 _10271_/X
 _10272_/Y
 _10273_/Y
 _10274_/Y
 _10275_/Y
 _10276_/X
 _10277_/Y
 _10278_/X
 _10279_/X
 _10280_/X
 _10281_/Y
 _10282_/Y
 _10283_/Y
 _10284_/Y
 _10285_/Y
 _10286_/Y
 _10287_/X
 _10288_/X
 _10289_/X
 _10290_/Y
 _10291_/Y
 _10292_/Y
 _10293_/Y
 _10294_/Y
 _10295_/Y
 _10296_/X
 _10297_/Y
 _10298_/X
 _10299_/Y
 _10300_/X
 _10301_/Y
 _10302_/X
 _10303_/Y
 _10304_/Y
 _10305_/X
 _10306_/X
 _10307_/X
 _10308_/Y
 _10309_/X
 _10310_/Y
 _10311_/X
 _10312_/Y
 _10313_/Y
 _10314_/X
 _10315_/Y
 _10316_/X
 _10317_/X
 _10318_/Y
 _10319_/Y
 _10320_/Y
 _10321_/Y
 _10322_/X
 _10323_/Y
 _10324_/Y
 _10325_/X
 _10326_/X
 _10327_/Y
 _10328_/Y
 _10329_/X
 _10330_/Y
 _10331_/Y
 _10332_/Y
 _10333_/Y
 _10334_/X
 _10335_/Y
 _10336_/Y
 _10337_/Y
 _10338_/X
 _10339_/Y
 _10340_/Y
 _10341_/X
 _10342_/Y
 _10343_/Y
 _10344_/X
 _10345_/Y
 _10346_/X
 _10347_/Y
 _10348_/Y
 _10349_/X
 _10350_/X
 _10351_/Y
 _10352_/Y
 _10353_/X
 _10354_/X
 _10355_/Y
 _10356_/X
 _10357_/Y
 _10358_/X
 _10359_/X
 _10360_/Y
 _10361_/Y
 _10362_/Y
 _10363_/X
 _10364_/X
 _10365_/X
 _10366_/X
 _10367_/X
 _10368_/X
 _10369_/Y
 _10370_/Y
 _10371_/X
 _10372_/Y
 _10373_/Y
 _10374_/Y
 _10375_/Y
 _10376_/X
 _10377_/Y
 _10378_/Y
 _10379_/X
 _10380_/X
 _10381_/Y
 _10382_/Y
 _10383_/X
 _10384_/Y
 _10385_/Y
 _10386_/Y
 _10387_/Y
 _10388_/Y
 _10389_/Y
 _10390_/Y
 _10391_/Y
 _10392_/X
 _10393_/Y
 _10394_/Y
 _10395_/Y
 _10396_/Y
 _10397_/X
 _10398_/Y
 _10399_/X
 _10400_/X
 _10401_/Y
 _10402_/Y
 _10403_/Y
 _10404_/Y
 _10405_/X
 _10406_/X
 _10407_/Y
 _10408_/X
 _10409_/Y
 _10410_/X
 _10411_/Y
 _10412_/Y
 _10413_/Y
 _10414_/X
 _10415_/Y
 _10416_/Y
 _10417_/Y
 _10418_/X
 _10419_/Y
 _10420_/X
 _10421_/Y
 _10422_/Y
 _10423_/X
 _10424_/Y
 _10425_/Y
 _10426_/X
 _10427_/Y
 _10428_/Y
 _10429_/Y
 _10430_/Y
 _10431_/X
 _10432_/Y
 _10433_/Y
 _10434_/X
 _10435_/X
 _10436_/Y
 _10437_/Y
 _10438_/X
 _10439_/Y
 _10440_/Y
 _10441_/Y
 _10442_/Y
 _10443_/X
 _10444_/Y
 _10445_/X
 _10446_/X
 _10447_/Y
 _10448_/Y
 _10449_/Y
 _10450_/X
 _10451_/Y
 _10452_/Y
 _10453_/X
 _10454_/Y
 _10455_/X
 _10456_/X
 _10457_/X
 _10458_/Y
 _10459_/X
 _10460_/X
 _10461_/X
 _10462_/Y
 _10463_/Y
 _10464_/Y
 _10465_/Y
 _10466_/X
 _10467_/Y
 _10468_/Y
 _10469_/X
 _10470_/X
 _10471_/Y
 _10472_/Y
 _10473_/X
 _10474_/Y
 _10475_/Y
 _10476_/Y
 _10477_/Y
 _10478_/X
 _10479_/Y
 _10480_/X
 _10481_/Y
 _10482_/Y
 _10483_/X
 _10484_/Y
 _10485_/Y
 _10486_/X
 _10487_/X
 _10488_/X
 _10489_/Y
 _10490_/Y
 _10491_/X
 _10492_/X
 _10493_/X
 _10494_/Y
 _10495_/X
 _10496_/X
 _10497_/X
 _10498_/Y
 _10499_/X
 _10500_/Y
 _10501_/Y
 _10502_/Y
 _10503_/Y
 _10504_/X
 _10505_/X
 _10506_/X
 _10507_/X
 _10508_/Y
 _10509_/X
 _10510_/Y
 _10511_/Y
 _10512_/Y
 _10513_/Y
 _10514_/X
 _10515_/Y
 _10516_/Y
 _10517_/X
 _10518_/X
 _10519_/Y
 _10520_/Y
 _10521_/X
 _10522_/Y
 _10523_/Y
 _10524_/Y
 _10525_/Y
 _10526_/Y
 _10527_/Y
 _10528_/X
 _10529_/X
 _10530_/X
 _10531_/X
 _10532_/X
 _10533_/Y
 _10534_/Y
 _10535_/Y
 _10536_/Y
 _10537_/X
 _10538_/X
 _10539_/X
 _10540_/X
 _10541_/Y
 _10542_/X
 _10543_/Y
 _10544_/Y
 _10545_/X
 _10546_/Y
 _10547_/X
 _10548_/X
 _10549_/Y
 _10550_/X
 _10551_/Y
 _10552_/X
 _10553_/X
 _10554_/Y
 _10555_/Y
 _10556_/X
 _10557_/X
 _10558_/Y
 _10559_/Y
 _10560_/Y
 _10561_/Y
 _10562_/Y
 _10563_/X
 _10564_/Y
 _10565_/Y
 _10566_/X
 _10567_/Y
 _10568_/Y
 _10569_/Y
 _10570_/X
 _10571_/Y
 _10572_/Y
 _10573_/X
 _10574_/Y
 _10575_/Y
 _10576_/X
 _10577_/X
 _10578_/X
 _10579_/X
 _10580_/X
 _10581_/X
 _10582_/X
 _10583_/Y
 _10584_/Y
 _10585_/Y
 _10586_/X
 _10587_/X
 _10588_/Y
 _10589_/X
 _10590_/Y
 _10591_/Y
 _10592_/X
 _10593_/Y
 _10594_/Y
 _10595_/Y
 _10596_/Y
 _10597_/X
 _10598_/Y
 _10599_/Y
 _10600_/Y
 _10601_/Y
 _10602_/X
 _10603_/Y
 _10604_/X
 _10605_/X
 _10606_/Y
 _10607_/Y
 _10608_/Y
 _10609_/Y
 _10610_/Y
 _10611_/Y
 _10612_/Y
 _10613_/Y
 _10614_/X
 _10615_/X
 _10616_/Y
 _10617_/X
 _10618_/X
 _10619_/Y
 _10620_/Y
 _10621_/Y
 _10622_/X
 _10623_/Y
 _10624_/Y
 _10625_/X
 _10626_/Y
 _10627_/X
 _10628_/Y
 _10629_/X
 _10630_/Y
 _10631_/X
 _10632_/X
 _10633_/X
 _10634_/X
 _10635_/Y
 _10636_/Y
 _10637_/X
 _10638_/Y
 _10639_/Y
 _10640_/X
 _10641_/Y
 _10642_/Y
 _10643_/X
 _10644_/Y
 _10645_/Y
 _10646_/X
 _10647_/Y
 _10648_/X
 _10649_/X
 _10650_/Y
 _10651_/X
 _10652_/Y
 _10653_/X
 _10654_/Y
 _10655_/Y
 _10656_/Y
 _10657_/X
 _10658_/X
 _10659_/Y
 _10660_/X
 _10661_/X
 _10662_/X
 _10663_/Y
 _10664_/X
 _10665_/X
 _10666_/Y
 _10667_/X
 _10668_/Y
 _10669_/Y
 _10670_/Y
 _10671_/Y
 _10672_/Y
 _10673_/Y
 _10674_/Y
 _10675_/Y
 _10676_/X
 _10677_/X
Found 0 partially unannotated drivers.

===========================================================================
max slew violation count 0
max fanout violation count 64
max cap violation count 16
============================================================================

===========================================================================
check_setup -verbose -unconstrained_endpoints -multiple_clock -no_clock -no_input_delay -loops -generated_clocks
===========================================================================
