Reading OpenROAD database at '/home/asic/workspace/mul_32/runs/RUN_2025-09-22_05-35-53/20-openroad-generatepdn/mul_32.odb'…
Reading library file at '/foss/pdks/volare/sky130/versions/0fe599b2afb6708d281543108caf8310912f54af/sky130A/libs.ref/sky130_fd_sc_hd/lib/sky130_fd_sc_hd__tt_025C_1v80.lib'…
Reading design constraints file at '/usr/local/lib/python3.12/dist-packages/openlane/scripts/base.sdc'…
[INFO] Using clock clk…
[INFO] Setting output delay to: 200
[INFO] Setting input delay to: 200
[INFO] Setting load to: 0.033442
[INFO] Setting clock uncertainty to: 0.25
[INFO] Setting clock transition to: 0.1499999999999999944488848768742172978818416595458984375
[INFO] Setting timing derate to: 5%
+ global_placement -density 0.619128 -skip_io -pad_right 0 -pad_left 0 -init_wirelength_coef 0.25
[INFO GPL-0002] DBU: 1000
[INFO GPL-0003] SiteSize: (  0.460  2.720 ) um
[INFO GPL-0004] CoreBBox: (  5.520 10.880 ) ( 332.580 337.280 ) um
[INFO GPL-0006] NumInstances:              7136
[INFO GPL-0007] NumPlaceInstances:         5371
[INFO GPL-0008] NumFixedInstances:         1765
[INFO GPL-0009] NumDummyInstances:            0
[INFO GPL-0010] NumNets:                   5436
[INFO GPL-0011] NumPins:                  21044
[INFO GPL-0012] DieBBox:  (  0.000  0.000 ) ( 338.180 348.900 ) um
[INFO GPL-0013] CoreBBox: (  5.520 10.880 ) ( 332.580 337.280 ) um
[INFO GPL-0016] CoreArea:            106752.384 um^2
[INFO GPL-0017] NonPlaceInstsArea:     2808.944 um^2
[INFO GPL-0018] PlaceInstsArea:       53510.070 um^2
[INFO GPL-0019] Util:                    51.480 %
[INFO GPL-0020] StdInstsArea:         53510.070 um^2
[INFO GPL-0021] MacroInstsArea:           0.000 um^2
[INFO GPL-0031] FillerInit:NumGCells:      6471
[INFO GPL-0032] FillerInit:NumGNets:       5436
[INFO GPL-0033] FillerInit:NumGPins:      21044
[INFO GPL-0023] TargetDensity:            0.619
[INFO GPL-0024] AvrgPlaceInstArea:        9.963 um^2
[INFO GPL-0025] IdealBinArea:            16.092 um^2
[INFO GPL-0026] IdealBinCnt:               6634
[INFO GPL-0027] TotalBinArea:        106752.384 um^2
[INFO GPL-0028] BinCnt:        64     64
[INFO GPL-0029] BinSize: (  5.111  5.100 )
[INFO GPL-0030] NumBins: 4096
[NesterovSolve] Iter:    1 overflow: 0.999 HPWL: 14272475
[NesterovSolve] Iter:   10 overflow: 0.998 HPWL: 10038009
[NesterovSolve] Iter:   20 overflow: 0.998 HPWL: 9902530
[NesterovSolve] Iter:   30 overflow: 0.998 HPWL: 9869258
[NesterovSolve] Iter:   40 overflow: 0.998 HPWL: 9862937
[NesterovSolve] Iter:   50 overflow: 0.998 HPWL: 9862086
[NesterovSolve] Iter:   60 overflow: 0.998 HPWL: 9862767
[NesterovSolve] Iter:   70 overflow: 0.998 HPWL: 9865237
[NesterovSolve] Iter:   80 overflow: 0.998 HPWL: 9869693
[NesterovSolve] Iter:   90 overflow: 0.998 HPWL: 9884006
[NesterovSolve] Iter:  100 overflow: 0.997 HPWL: 9928551
[NesterovSolve] Iter:  110 overflow: 0.996 HPWL: 10066349
[NesterovSolve] Iter:  120 overflow: 0.995 HPWL: 10519307
[NesterovSolve] Iter:  130 overflow: 0.993 HPWL: 11791694
[NesterovSolve] Iter:  140 overflow: 0.987 HPWL: 14313247
[NesterovSolve] Iter:  150 overflow: 0.978 HPWL: 17375028
[NesterovSolve] Iter:  160 overflow: 0.965 HPWL: 20453446
[NesterovSolve] Iter:  170 overflow: 0.953 HPWL: 23659171
[NesterovSolve] Iter:  180 overflow: 0.938 HPWL: 27245123
[NesterovSolve] Iter:  190 overflow: 0.917 HPWL: 31612793
[NesterovSolve] Iter:  200 overflow: 0.884 HPWL: 36808539
[NesterovSolve] Iter:  210 overflow: 0.848 HPWL: 42026031
[NesterovSolve] Iter:  220 overflow: 0.813 HPWL: 46798156
[NesterovSolve] Iter:  230 overflow: 0.772 HPWL: 51951885
[NesterovSolve] Iter:  240 overflow: 0.723 HPWL: 57162531
[NesterovSolve] Iter:  250 overflow: 0.674 HPWL: 61060788
[NesterovSolve] Iter:  260 overflow: 0.624 HPWL: 63865857
[NesterovSolve] Iter:  270 overflow: 0.562 HPWL: 65860470
[NesterovSolve] Iter:  280 overflow: 0.503 HPWL: 68247787
[NesterovSolve] Iter:  290 overflow: 0.450 HPWL: 70778337
[NesterovSolve] Iter:  300 overflow: 0.409 HPWL: 72465795
[NesterovSolve] Iter:  310 overflow: 0.368 HPWL: 74265583
[NesterovSolve] Iter:  320 overflow: 0.333 HPWL: 76463146
[NesterovSolve] Iter:  330 overflow: 0.309 HPWL: 77805529
[NesterovSolve] Iter:  340 overflow: 0.289 HPWL: 78620244
[NesterovSolve] Iter:  350 overflow: 0.265 HPWL: 79301935
[NesterovSolve] Iter:  360 overflow: 0.244 HPWL: 79514317
[NesterovSolve] Iter:  370 overflow: 0.223 HPWL: 79720591
[NesterovSolve] Iter:  380 overflow: 0.202 HPWL: 79894823
[NesterovSolve] Iter:  390 overflow: 0.184 HPWL: 80015063
[NesterovSolve] Iter:  400 overflow: 0.171 HPWL: 80235617
[NesterovSolve] Iter:  410 overflow: 0.154 HPWL: 80411503
[NesterovSolve] Iter:  420 overflow: 0.137 HPWL: 80625349
[NesterovSolve] Iter:  430 overflow: 0.123 HPWL: 80927408
[NesterovSolve] Iter:  440 overflow: 0.108 HPWL: 81319914
[NesterovSolve] Finished with Overflow: 0.099207
[INFO] Setting RC values…
Setting global connections for newly added cells…
[INFO] Setting global connections...
Updating metrics…
Cell type report:                       Count       Area
  Fill cell                               240     900.86
  Tap cell                               1525    1908.08
  Inverter                                 69     259.00
  Multi-Input combinational cell         5302   53251.07
  Total                                  7136   56319.01
Writing OpenROAD database to '/home/asic/workspace/mul_32/runs/RUN_2025-09-22_05-35-53/23-openroad-globalplacementskipio/mul_32.odb'…
Writing netlist to '/home/asic/workspace/mul_32/runs/RUN_2025-09-22_05-35-53/23-openroad-globalplacementskipio/mul_32.nl.v'…
Writing powered netlist to '/home/asic/workspace/mul_32/runs/RUN_2025-09-22_05-35-53/23-openroad-globalplacementskipio/mul_32.pnl.v'…
Writing layout to '/home/asic/workspace/mul_32/runs/RUN_2025-09-22_05-35-53/23-openroad-globalplacementskipio/mul_32.def'…
Writing timing constraints to '/home/asic/workspace/mul_32/runs/RUN_2025-09-22_05-35-53/23-openroad-globalplacementskipio/mul_32.sdc'…
