
===========================================================================
report_checks -unconstrained
===========================================================================
======================= min_ff_n40C_1v95 Corner ===================================

Startpoint: B[9] (input port clocked by clk)
Endpoint: C[62] (output port clocked by clk)
Path Group: clk
Path Type: max

Fanout         Cap        Slew       Delay        Time   Description
---------------------------------------------------------------------------------------------
                                  0.000000    0.000000   clock clk (rise edge)
                                  0.000000    0.000000   clock network delay (propagated)
                                200.000000  200.000000 ^ input external delay
     1    0.002860    0.014129    0.007375  200.007370 ^ B[9] (in)
                                                         B[9] (net)
                      0.014129    0.000000  200.007370 ^ input64/A (sky130_fd_sc_hd__clkbuf_2)
     2    0.041159    0.173189    0.159091  200.166458 ^ input64/X (sky130_fd_sc_hd__clkbuf_2)
                                                         net64 (net)
                      0.173223    0.002004  200.168457 ^ fanout188/A (sky130_fd_sc_hd__buf_2)
     6    0.048250    0.177784    0.198725  200.367188 ^ fanout188/X (sky130_fd_sc_hd__buf_2)
                                                         net188 (net)
                      0.177830    0.002387  200.369568 ^ fanout187/A (sky130_fd_sc_hd__buf_2)
     7    0.040957    0.151930    0.181174  200.550751 ^ fanout187/X (sky130_fd_sc_hd__buf_2)
                                                         net187 (net)
                      0.152018    0.003027  200.553772 ^ fanout186/A (sky130_fd_sc_hd__buf_2)
     8    0.041815    0.154785    0.181174  200.734955 ^ fanout186/X (sky130_fd_sc_hd__buf_2)
                                                         net186 (net)
                      0.154818    0.001862  200.736816 ^ fanout185/A (sky130_fd_sc_hd__dlymetal6s2s_1)
     6    0.019984    0.165031    0.168740  200.905548 ^ fanout185/X (sky130_fd_sc_hd__dlymetal6s2s_1)
                                                         net185 (net)
                      0.165031    0.000114  200.905670 ^ _07392_/A (sky130_fd_sc_hd__and4_1)
     2    0.005850    0.056724    0.136183  201.041855 ^ _07392_/X (sky130_fd_sc_hd__and4_1)
                                                         _01294_ (net)
                      0.056724    0.000028  201.041870 ^ _07394_/A_N (sky130_fd_sc_hd__and2b_1)
     1    0.005276    0.031850    0.117907  201.159790 v _07394_/X (sky130_fd_sc_hd__and2b_1)
                                                         _01296_ (net)
                      0.031850    0.000057  201.159836 v _07395_/B (sky130_fd_sc_hd__xnor2_1)
     2    0.007439    0.145776    0.134662  201.294510 ^ _07395_/Y (sky130_fd_sc_hd__xnor2_1)
                                                         _01297_ (net)
                      0.145776    0.000071  201.294571 ^ _07398_/A (sky130_fd_sc_hd__xnor2_1)
     2    0.006608    0.055810    0.069576  201.364151 v _07398_/Y (sky130_fd_sc_hd__xnor2_1)
                                                         _01301_ (net)
                      0.055810    0.000057  201.364212 v _07400_/B (sky130_fd_sc_hd__xnor2_1)
     3    0.008950    0.172863    0.158806  201.523010 ^ _07400_/Y (sky130_fd_sc_hd__xnor2_1)
                                                         _01303_ (net)
                      0.172863    0.000071  201.523087 ^ _07403_/C (sky130_fd_sc_hd__nand3_1)
     2    0.005467    0.057610    0.066194  201.589279 v _07403_/Y (sky130_fd_sc_hd__nand3_1)
                                                         _01306_ (net)
                      0.057610    0.000043  201.589325 v _07404_/C1 (sky130_fd_sc_hd__o211a_1)
     4    0.012145    0.054949    0.100712  201.690033 v _07404_/X (sky130_fd_sc_hd__o211a_1)
                                                         _01307_ (net)
                      0.054949    0.000099  201.690140 v _07440_/A (sky130_fd_sc_hd__or4bb_2)
     4    0.012184    0.084294    0.394280  202.084412 v _07440_/X (sky130_fd_sc_hd__or4bb_2)
                                                         _01347_ (net)
                      0.084294    0.000142  202.084549 v _07442_/B1 (sky130_fd_sc_hd__o211a_1)
     4    0.017110    0.069209    0.134975  202.219528 v _07442_/X (sky130_fd_sc_hd__o211a_1)
                                                         _01349_ (net)
                      0.069211    0.000483  202.220016 v _07444_/C (sky130_fd_sc_hd__nor4_1)
     3    0.010454    0.342853    0.297405  202.517426 ^ _07444_/Y (sky130_fd_sc_hd__nor4_1)
                                                         _01351_ (net)
                      0.342853    0.000028  202.517441 ^ max_cap138/A (sky130_fd_sc_hd__buf_1)
     3    0.009763    0.091320    0.097216  202.614670 ^ max_cap138/X (sky130_fd_sc_hd__buf_1)
                                                         net138 (net)
                      0.091320    0.000099  202.614761 ^ _07448_/A1 (sky130_fd_sc_hd__o211ai_1)
     2    0.006641    0.059294    0.077080  202.691849 v _07448_/Y (sky130_fd_sc_hd__o211ai_1)
                                                         _01356_ (net)
                      0.059294    0.000057  202.691895 v _07449_/D (sky130_fd_sc_hd__and4_1)
     5    0.015055    0.061755    0.173031  202.864929 v _07449_/X (sky130_fd_sc_hd__and4_1)
                                                         _01357_ (net)
                      0.061755    0.000156  202.865082 v _07453_/A1 (sky130_fd_sc_hd__o211a_1)
     2    0.005397    0.036021    0.157456  203.022537 v _07453_/X (sky130_fd_sc_hd__o211a_1)
                                                         _01361_ (net)
                      0.036021    0.000071  203.022614 v _07454_/C (sky130_fd_sc_hd__or3_2)
     4    0.015178    0.078244    0.268670  203.291290 v _07454_/X (sky130_fd_sc_hd__or3_2)
                                                         _01362_ (net)
                      0.078264    0.000128  203.291412 v _07599_/A2 (sky130_fd_sc_hd__a211o_2)
     5    0.020143    0.065082    0.256904  203.548309 v _07599_/X (sky130_fd_sc_hd__a211o_2)
                                                         _01521_ (net)
                      0.065082    0.000256  203.548569 v _07603_/B (sky130_fd_sc_hd__and3_1)
     3    0.006972    0.039477    0.128352  203.676926 v _07603_/X (sky130_fd_sc_hd__and3_1)
                                                         _01525_ (net)
                      0.039477    0.000057  203.676987 v _07760_/D (sky130_fd_sc_hd__or4_1)
     2    0.005362    0.064463    0.233811  203.910797 v _07760_/X (sky130_fd_sc_hd__or4_1)
                                                         _01696_ (net)
                      0.064463    0.000028  203.910828 v _08071_/B (sky130_fd_sc_hd__or4bb_1)
     2    0.013834    0.094770    0.330459  204.241287 v _08071_/X (sky130_fd_sc_hd__or4bb_1)
                                                         _02036_ (net)
                      0.094771    0.000512  204.241791 v _08077_/B (sky130_fd_sc_hd__or3_1)
     2    0.006356    0.056244    0.231466  204.473251 v _08077_/X (sky130_fd_sc_hd__or3_1)
                                                         _02042_ (net)
                      0.056244    0.000114  204.473373 v _08079_/A (sky130_fd_sc_hd__or3b_2)
     2    0.028249    0.102763    0.338844  204.812210 v _08079_/X (sky130_fd_sc_hd__or3b_2)
                                                         _02045_ (net)
                      0.102825    0.002331  204.814545 v _09198_/A3 (sky130_fd_sc_hd__a311o_4)
     4    0.053004    0.098195    0.344144  205.158691 v _09198_/X (sky130_fd_sc_hd__a311o_4)
                                                         _03267_ (net)
                      0.098501    0.004775  205.163467 v _09999_/B2 (sky130_fd_sc_hd__a22oi_4)
     3    0.028657    0.149182    0.150564  205.314026 ^ _09999_/Y (sky130_fd_sc_hd__a22oi_4)
                                                         _04138_ (net)
                      0.149182    0.000512  205.314545 ^ _10505_/A1 (sky130_fd_sc_hd__a311o_1)
     3    0.013933    0.120079    0.168129  205.482666 ^ _10505_/X (sky130_fd_sc_hd__a311o_1)
                                                         _04686_ (net)
                      0.120079    0.000426  205.483093 ^ _10580_/B (sky130_fd_sc_hd__and3_1)
     4    0.015702    0.122739    0.170218  205.653320 ^ _10580_/X (sky130_fd_sc_hd__and3_1)
                                                         _04766_ (net)
                      0.122739    0.000497  205.653809 ^ _10634_/A1 (sky130_fd_sc_hd__o311a_1)
     3    0.012188    0.097471    0.156149  205.809967 ^ _10634_/X (sky130_fd_sc_hd__o311a_1)
                                                         _04823_ (net)
                      0.097471    0.000171  205.810135 ^ _10665_/A1 (sky130_fd_sc_hd__a211o_1)
     2    0.012283    0.086530    0.122611  205.932739 ^ _10665_/X (sky130_fd_sc_hd__a211o_1)
                                                         _04855_ (net)
                      0.086530    0.000185  205.932922 ^ _10666_/B (sky130_fd_sc_hd__xnor2_1)
     1    0.002276    0.075411    0.070102  206.003021 ^ _10666_/Y (sky130_fd_sc_hd__xnor2_1)
                                                         net123 (net)
                      0.075411    0.000014  206.003036 ^ output123/A (sky130_fd_sc_hd__buf_2)
     1    0.034388    0.128503    0.149541  206.152588 ^ output123/X (sky130_fd_sc_hd__buf_2)
                                                         C[62] (net)
                      0.128503    0.000355  206.152939 ^ C[62] (out)
                                            206.152939   data arrival time

                               1000.000000 1000.000000   clock clk (rise edge)
                                  0.000000 1000.000000   clock network delay (propagated)
                                 -0.250000  999.750000   clock uncertainty
                                  0.000000  999.750000   clock reconvergence pessimism
                               -200.000000  799.750061   output external delay
                                            799.750061   data required time
---------------------------------------------------------------------------------------------
                                            799.750061   data required time
                                           -206.152939   data arrival time
---------------------------------------------------------------------------------------------
                                            593.597107   slack (MET)




===========================================================================
report_checks --slack_max -0.01
============================================================================
======================= min_ff_n40C_1v95 Corner ===================================

No paths found.


===========================================================================
 report_check_types -max_slew -max_cap -max_fanout -violators
============================================================================
======================= min_ff_n40C_1v95 Corner ===================================

max fanout

Pin                                   Limit Fanout  Slack
---------------------------------------------------------
fanout329/X                              10     12     -2 (VIOLATED)
fanout430/X                              10     11        (VIOLATED)



===========================================================================
report_parasitic_annotation -report_unannotated
============================================================================
Found 1 unannotated drivers.
 clk
Found 0 partially unannotated drivers.

===========================================================================
max slew violation count 0
max fanout violation count 2
max cap violation count 0
============================================================================

===========================================================================
check_setup -verbose -unconstrained_endpoints -multiple_clock -no_clock -no_input_delay -loops -generated_clocks
===========================================================================
