Reading timing models for corner nom_ff_n40C_1v95…
Reading cell library for the 'nom_ff_n40C_1v95' corner at '/foss/pdks/volare/sky130/versions/0fe599b2afb6708d281543108caf8310912f54af/sky130A/libs.ref/sky130_fd_sc_hd/lib/sky130_fd_sc_hd__ff_n40C_1v95.lib'…
Reading top-level netlist at '/home/asic/workspace/cmp_32/runs/RUN_2025-09-21_21-04-19/06-yosys-synthesis/cmp_32.nl.v'…
Linking design 'cmp_32' from netlist…
Reading design constraints file at '/usr/local/lib/python3.12/dist-packages/openlane/scripts/base.sdc'…
Warning: base.sdc line 15, port '__VIRTUAL_CLK__' not found.
[INFO] Using clock __VIRTUAL_CLK__…
[INFO] Setting output delay to: 2
[INFO] Setting input delay to: 2
Warning: base.sdc line 32, port '__VIRTUAL_CLK__' not found.
[INFO] Setting load to: 0.033442
[INFO] Setting clock uncertainty to: 0.25
[INFO] Setting clock transition to: 0.1499999999999999944488848768742172978818416595458984375
Warning: base.sdc line 69, transition time can not be specified for virtual clocks.
[INFO] Setting timing derate to: 5%
%OL_CREATE_REPORT min.rpt

===========================================================================
report_checks -path_delay min (Hold)
============================================================================
======================= nom_ff_n40C_1v95 Corner ===================================

Startpoint: A[24] (input port clocked by __VIRTUAL_CLK__)
Endpoint: EQ (output port clocked by __VIRTUAL_CLK__)
Path Group: __VIRTUAL_CLK__
Path Type: min

Fanout         Cap        Slew       Delay        Time   Description
---------------------------------------------------------------------------------------------
                      0.000000    0.000000    0.000000   clock __VIRTUAL_CLK__ (rise edge)
                                  0.000000    0.000000   clock network delay (ideal)
                                  2.000000    2.000000 v input external delay
     2    0.004573    0.007609    0.003797    2.003797 v A[24] (in)
                                                         A[24] (net)
                      0.007609    0.000000    2.003797 v _150_/A1 (sky130_fd_sc_hd__o21ba_2)
     2    0.005709    0.021722    0.125394    2.129192 v _150_/X (sky130_fd_sc_hd__o21ba_2)
                                                         _003_ (net)
                      0.021722    0.000000    2.129192 v _173_/C (sky130_fd_sc_hd__nand4_2)
     2    0.007179    0.045092    0.065454    2.194645 ^ _173_/Y (sky130_fd_sc_hd__nand4_2)
                                                         _026_ (net)
                      0.045092    0.000000    2.194645 ^ _231_/A (sky130_fd_sc_hd__nor2_2)
     2    0.037657    0.062676    0.066035    2.260680 v _231_/Y (sky130_fd_sc_hd__nor2_2)
                                                         EQ (net)
                      0.062676    0.000000    2.260680 v EQ (out)
                                              2.260680   data arrival time

                      0.000000    0.000000    0.000000   clock __VIRTUAL_CLK__ (rise edge)
                                  0.000000    0.000000   clock network delay (ideal)
                                  0.250000    0.250000   clock uncertainty
                                  0.000000    0.250000   clock reconvergence pessimism
                                 -2.000000   -1.750000   output external delay
                                             -1.750000   data required time
---------------------------------------------------------------------------------------------
                                             -1.750000   data required time
                                             -2.260680   data arrival time
---------------------------------------------------------------------------------------------
                                              4.010680   slack (MET)


Startpoint: A[3] (input port clocked by __VIRTUAL_CLK__)
Endpoint: GT (output port clocked by __VIRTUAL_CLK__)
Path Group: __VIRTUAL_CLK__
Path Type: min

Fanout         Cap        Slew       Delay        Time   Description
---------------------------------------------------------------------------------------------
                      0.000000    0.000000    0.000000   clock __VIRTUAL_CLK__ (rise edge)
                                  0.000000    0.000000   clock network delay (ideal)
                                  2.000000    2.000000 v input external delay
     2    0.005770    0.009541    0.005092    2.005092 v A[3] (in)
                                                         A[3] (net)
                      0.009541    0.000000    2.005092 v _126_/B (sky130_fd_sc_hd__nand2b_2)
     3    0.006505    0.038102    0.040757    2.045848 ^ _126_/Y (sky130_fd_sc_hd__nand2b_2)
                                                         _094_ (net)
                      0.038102    0.000000    2.045848 ^ _225_/A1 (sky130_fd_sc_hd__a211o_2)
     1    0.002528    0.017185    0.067568    2.113416 ^ _225_/X (sky130_fd_sc_hd__a211o_2)
                                                         _078_ (net)
                      0.017185    0.000000    2.113416 ^ _226_/A3 (sky130_fd_sc_hd__a31o_2)
     2    0.006694    0.037033    0.094161    2.207577 ^ _226_/X (sky130_fd_sc_hd__a31o_2)
                                                         _079_ (net)
                      0.037033    0.000000    2.207577 ^ _232_/A2 (sky130_fd_sc_hd__a21oi_2)
     1    0.033442    0.079150    0.078142    2.285719 v _232_/Y (sky130_fd_sc_hd__a21oi_2)
                                                         GT (net)
                      0.079150    0.000000    2.285719 v GT (out)
                                              2.285719   data arrival time

                      0.000000    0.000000    0.000000   clock __VIRTUAL_CLK__ (rise edge)
                                  0.000000    0.000000   clock network delay (ideal)
                                  0.250000    0.250000   clock uncertainty
                                  0.000000    0.250000   clock reconvergence pessimism
                                 -2.000000   -1.750000   output external delay
                                             -1.750000   data required time
---------------------------------------------------------------------------------------------
                                             -1.750000   data required time
                                             -2.285719   data arrival time
---------------------------------------------------------------------------------------------
                                              4.035719   slack (MET)


Startpoint: B[31] (input port clocked by __VIRTUAL_CLK__)
Endpoint: LT (output port clocked by __VIRTUAL_CLK__)
Path Group: __VIRTUAL_CLK__
Path Type: min

Fanout         Cap        Slew       Delay        Time   Description
---------------------------------------------------------------------------------------------
                      0.000000    0.000000    0.000000   clock __VIRTUAL_CLK__ (rise edge)
                                  0.000000    0.000000   clock network delay (ideal)
                                  2.000000    2.000000 v input external delay
     2    0.006182    0.010214    0.005554    2.005554 v B[31] (in)
                                                         B[31] (net)
                      0.010214    0.000000    2.005554 v _145_/B (sky130_fd_sc_hd__nand2b_2)
     2    0.005059    0.032601    0.037125    2.042680 ^ _145_/Y (sky130_fd_sc_hd__nand2b_2)
                                                         _113_ (net)
                      0.032601    0.000000    2.042680 ^ _210_/A1 (sky130_fd_sc_hd__a22o_2)
     1    0.004764    0.028814    0.078627    2.121307 ^ _210_/X (sky130_fd_sc_hd__a22o_2)
                                                         _063_ (net)
                      0.028814    0.000000    2.121307 ^ _216_/B1 (sky130_fd_sc_hd__a21oi_2)
     2    0.005783    0.015428    0.020283    2.141590 v _216_/Y (sky130_fd_sc_hd__a21oi_2)
                                                         _069_ (net)
                      0.015428    0.000000    2.141590 v _227_/A (sky130_fd_sc_hd__and2_2)
     1    0.033442    0.070792    0.148486    2.290076 v _227_/X (sky130_fd_sc_hd__and2_2)
                                                         LT (net)
                      0.070792    0.000000    2.290076 v LT (out)
                                              2.290076   data arrival time

                      0.000000    0.000000    0.000000   clock __VIRTUAL_CLK__ (rise edge)
                                  0.000000    0.000000   clock network delay (ideal)
                                  0.250000    0.250000   clock uncertainty
                                  0.000000    0.250000   clock reconvergence pessimism
                                 -2.000000   -1.750000   output external delay
                                             -1.750000   data required time
---------------------------------------------------------------------------------------------
                                             -1.750000   data required time
                                             -2.290076   data arrival time
---------------------------------------------------------------------------------------------
                                              4.040076   slack (MET)



%OL_END_REPORT
%OL_CREATE_REPORT max.rpt

===========================================================================
report_checks -path_delay max (Setup)
============================================================================
======================= nom_ff_n40C_1v95 Corner ===================================

Startpoint: B[7] (input port clocked by __VIRTUAL_CLK__)
Endpoint: GT (output port clocked by __VIRTUAL_CLK__)
Path Group: __VIRTUAL_CLK__
Path Type: max

Fanout         Cap        Slew       Delay        Time   Description
---------------------------------------------------------------------------------------------
                      0.000000    0.000000    0.000000   clock __VIRTUAL_CLK__ (rise edge)
                                  0.000000    0.000000   clock network delay (ideal)
                                  2.000000    2.000000 ^ input external delay
     2    0.003507    0.017033    0.009061    2.009061 ^ B[7] (in)
                                                         B[7] (net)
                      0.017033    0.000000    2.009061 ^ _197_/A_N (sky130_fd_sc_hd__and2b_2)
     2    0.005608    0.032126    0.128276    2.137337 v _197_/X (sky130_fd_sc_hd__and2b_2)
                                                         _050_ (net)
                      0.032126    0.000000    2.137337 v _202_/A (sky130_fd_sc_hd__or4_2)
     2    0.003676    0.068080    0.373386    2.510723 v _202_/X (sky130_fd_sc_hd__or4_2)
                                                         _055_ (net)
                      0.068080    0.000000    2.510723 v _206_/A (sky130_fd_sc_hd__or4b_2)
     2    0.003737    0.069082    0.385930    2.896652 v _206_/X (sky130_fd_sc_hd__or4b_2)
                                                         _059_ (net)
                      0.069082    0.000000    2.896652 v _230_/B (sky130_fd_sc_hd__or3b_2)
     1    0.004145    0.055004    0.263385    3.160038 v _230_/X (sky130_fd_sc_hd__or3b_2)
                                                         _082_ (net)
                      0.055004    0.000000    3.160038 v _231_/B (sky130_fd_sc_hd__nor2_2)
     2    0.038206    0.305240    0.243473    3.403511 ^ _231_/Y (sky130_fd_sc_hd__nor2_2)
                                                         EQ (net)
                      0.305240    0.000000    3.403511 ^ _232_/B1 (sky130_fd_sc_hd__a21oi_2)
     1    0.033442    0.109861    0.086545    3.490056 v _232_/Y (sky130_fd_sc_hd__a21oi_2)
                                                         GT (net)
                      0.109861    0.000000    3.490056 v GT (out)
                                              3.490056   data arrival time

                      0.000000   10.000000   10.000000   clock __VIRTUAL_CLK__ (rise edge)
                                  0.000000   10.000000   clock network delay (ideal)
                                 -0.250000    9.750000   clock uncertainty
                                  0.000000    9.750000   clock reconvergence pessimism
                                 -2.000000    7.750000   output external delay
                                              7.750000   data required time
---------------------------------------------------------------------------------------------
                                              7.750000   data required time
                                             -3.490056   data arrival time
---------------------------------------------------------------------------------------------
                                              4.259943   slack (MET)


Startpoint: B[7] (input port clocked by __VIRTUAL_CLK__)
Endpoint: EQ (output port clocked by __VIRTUAL_CLK__)
Path Group: __VIRTUAL_CLK__
Path Type: max

Fanout         Cap        Slew       Delay        Time   Description
---------------------------------------------------------------------------------------------
                      0.000000    0.000000    0.000000   clock __VIRTUAL_CLK__ (rise edge)
                                  0.000000    0.000000   clock network delay (ideal)
                                  2.000000    2.000000 ^ input external delay
     2    0.003507    0.017033    0.009061    2.009061 ^ B[7] (in)
                                                         B[7] (net)
                      0.017033    0.000000    2.009061 ^ _197_/A_N (sky130_fd_sc_hd__and2b_2)
     2    0.005608    0.032126    0.128276    2.137337 v _197_/X (sky130_fd_sc_hd__and2b_2)
                                                         _050_ (net)
                      0.032126    0.000000    2.137337 v _202_/A (sky130_fd_sc_hd__or4_2)
     2    0.003676    0.068080    0.373386    2.510723 v _202_/X (sky130_fd_sc_hd__or4_2)
                                                         _055_ (net)
                      0.068080    0.000000    2.510723 v _206_/A (sky130_fd_sc_hd__or4b_2)
     2    0.003737    0.069082    0.385930    2.896652 v _206_/X (sky130_fd_sc_hd__or4b_2)
                                                         _059_ (net)
                      0.069082    0.000000    2.896652 v _230_/B (sky130_fd_sc_hd__or3b_2)
     1    0.004145    0.055004    0.263385    3.160038 v _230_/X (sky130_fd_sc_hd__or3b_2)
                                                         _082_ (net)
                      0.055004    0.000000    3.160038 v _231_/B (sky130_fd_sc_hd__nor2_2)
     2    0.038206    0.305240    0.243473    3.403511 ^ _231_/Y (sky130_fd_sc_hd__nor2_2)
                                                         EQ (net)
                      0.305240    0.000000    3.403511 ^ EQ (out)
                                              3.403511   data arrival time

                      0.000000   10.000000   10.000000   clock __VIRTUAL_CLK__ (rise edge)
                                  0.000000   10.000000   clock network delay (ideal)
                                 -0.250000    9.750000   clock uncertainty
                                  0.000000    9.750000   clock reconvergence pessimism
                                 -2.000000    7.750000   output external delay
                                              7.750000   data required time
---------------------------------------------------------------------------------------------
                                              7.750000   data required time
                                             -3.403511   data arrival time
---------------------------------------------------------------------------------------------
                                              4.346489   slack (MET)


Startpoint: B[7] (input port clocked by __VIRTUAL_CLK__)
Endpoint: LT (output port clocked by __VIRTUAL_CLK__)
Path Group: __VIRTUAL_CLK__
Path Type: max

Fanout         Cap        Slew       Delay        Time   Description
---------------------------------------------------------------------------------------------
                      0.000000    0.000000    0.000000   clock __VIRTUAL_CLK__ (rise edge)
                                  0.000000    0.000000   clock network delay (ideal)
                                  2.000000    2.000000 ^ input external delay
     2    0.003507    0.017033    0.009061    2.009061 ^ B[7] (in)
                                                         B[7] (net)
                      0.017033    0.000000    2.009061 ^ _197_/A_N (sky130_fd_sc_hd__and2b_2)
     2    0.005608    0.032126    0.128276    2.137337 v _197_/X (sky130_fd_sc_hd__and2b_2)
                                                         _050_ (net)
                      0.032126    0.000000    2.137337 v _202_/A (sky130_fd_sc_hd__or4_2)
     2    0.003676    0.068080    0.373386    2.510723 v _202_/X (sky130_fd_sc_hd__or4_2)
                                                         _055_ (net)
                      0.068080    0.000000    2.510723 v _206_/A (sky130_fd_sc_hd__or4b_2)
     2    0.003737    0.069082    0.385930    2.896652 v _206_/X (sky130_fd_sc_hd__or4b_2)
                                                         _059_ (net)
                      0.069082    0.000000    2.896652 v _225_/C1 (sky130_fd_sc_hd__a211o_2)
     1    0.002260    0.032095    0.128643    3.025295 v _225_/X (sky130_fd_sc_hd__a211o_2)
                                                         _078_ (net)
                      0.032095    0.000000    3.025295 v _226_/A3 (sky130_fd_sc_hd__a31o_2)
     2    0.006108    0.035110    0.158490    3.183786 v _226_/X (sky130_fd_sc_hd__a31o_2)
                                                         _079_ (net)
                      0.035110    0.000000    3.183786 v _227_/B (sky130_fd_sc_hd__and2_2)
     1    0.033442    0.072670    0.169286    3.353071 v _227_/X (sky130_fd_sc_hd__and2_2)
                                                         LT (net)
                      0.072670    0.000000    3.353071 v LT (out)
                                              3.353071   data arrival time

                      0.000000   10.000000   10.000000   clock __VIRTUAL_CLK__ (rise edge)
                                  0.000000   10.000000   clock network delay (ideal)
                                 -0.250000    9.750000   clock uncertainty
                                  0.000000    9.750000   clock reconvergence pessimism
                                 -2.000000    7.750000   output external delay
                                              7.750000   data required time
---------------------------------------------------------------------------------------------
                                              7.750000   data required time
                                             -3.353071   data arrival time
---------------------------------------------------------------------------------------------
                                              4.396928   slack (MET)



%OL_END_REPORT
%OL_CREATE_REPORT checks.rpt

===========================================================================
report_checks -unconstrained
===========================================================================
======================= nom_ff_n40C_1v95 Corner ===================================

Startpoint: B[7] (input port clocked by __VIRTUAL_CLK__)
Endpoint: GT (output port clocked by __VIRTUAL_CLK__)
Path Group: __VIRTUAL_CLK__
Path Type: max

Fanout         Cap        Slew       Delay        Time   Description
---------------------------------------------------------------------------------------------
                      0.000000    0.000000    0.000000   clock __VIRTUAL_CLK__ (rise edge)
                                  0.000000    0.000000   clock network delay (ideal)
                                  2.000000    2.000000 ^ input external delay
     2    0.003507    0.017033    0.009061    2.009061 ^ B[7] (in)
                                                         B[7] (net)
                      0.017033    0.000000    2.009061 ^ _197_/A_N (sky130_fd_sc_hd__and2b_2)
     2    0.005608    0.032126    0.128276    2.137337 v _197_/X (sky130_fd_sc_hd__and2b_2)
                                                         _050_ (net)
                      0.032126    0.000000    2.137337 v _202_/A (sky130_fd_sc_hd__or4_2)
     2    0.003676    0.068080    0.373386    2.510723 v _202_/X (sky130_fd_sc_hd__or4_2)
                                                         _055_ (net)
                      0.068080    0.000000    2.510723 v _206_/A (sky130_fd_sc_hd__or4b_2)
     2    0.003737    0.069082    0.385930    2.896652 v _206_/X (sky130_fd_sc_hd__or4b_2)
                                                         _059_ (net)
                      0.069082    0.000000    2.896652 v _230_/B (sky130_fd_sc_hd__or3b_2)
     1    0.004145    0.055004    0.263385    3.160038 v _230_/X (sky130_fd_sc_hd__or3b_2)
                                                         _082_ (net)
                      0.055004    0.000000    3.160038 v _231_/B (sky130_fd_sc_hd__nor2_2)
     2    0.038206    0.305240    0.243473    3.403511 ^ _231_/Y (sky130_fd_sc_hd__nor2_2)
                                                         EQ (net)
                      0.305240    0.000000    3.403511 ^ _232_/B1 (sky130_fd_sc_hd__a21oi_2)
     1    0.033442    0.109861    0.086545    3.490056 v _232_/Y (sky130_fd_sc_hd__a21oi_2)
                                                         GT (net)
                      0.109861    0.000000    3.490056 v GT (out)
                                              3.490056   data arrival time

                      0.000000   10.000000   10.000000   clock __VIRTUAL_CLK__ (rise edge)
                                  0.000000   10.000000   clock network delay (ideal)
                                 -0.250000    9.750000   clock uncertainty
                                  0.000000    9.750000   clock reconvergence pessimism
                                 -2.000000    7.750000   output external delay
                                              7.750000   data required time
---------------------------------------------------------------------------------------------
                                              7.750000   data required time
                                             -3.490056   data arrival time
---------------------------------------------------------------------------------------------
                                              4.259943   slack (MET)




===========================================================================
report_checks --slack_max -0.01
============================================================================
======================= nom_ff_n40C_1v95 Corner ===================================

No paths found.


===========================================================================
 report_check_types -max_slew -max_cap -max_fanout -violators
============================================================================
======================= nom_ff_n40C_1v95 Corner ===================================



===========================================================================
report_parasitic_annotation -report_unannotated
============================================================================
Found 182 unannotated drivers.
 A[0]
 A[10]
 A[11]
 A[12]
 A[13]
 A[14]
 A[15]
 A[16]
 A[17]
 A[18]
 A[19]
 A[1]
 A[20]
 A[21]
 A[22]
 A[23]
 A[24]
 A[25]
 A[26]
 A[27]
 A[28]
 A[29]
 A[2]
 A[30]
 A[31]
 A[3]
 A[4]
 A[5]
 A[6]
 A[7]
 A[8]
 A[9]
 B[0]
 B[10]
 B[11]
 B[12]
 B[13]
 B[14]
 B[15]
 B[16]
 B[17]
 B[18]
 B[19]
 B[1]
 B[20]
 B[21]
 B[22]
 B[23]
 B[24]
 B[25]
 B[26]
 B[27]
 B[28]
 B[29]
 B[2]
 B[30]
 B[31]
 B[3]
 B[4]
 B[5]
 B[6]
 B[7]
 B[8]
 B[9]
 _115_/Y
 _116_/Y
 _117_/Y
 _118_/Y
 _119_/Y
 _120_/Y
 _121_/Y
 _122_/Y
 _123_/Y
 _124_/Y
 _125_/Y
 _126_/Y
 _127_/Y
 _128_/Y
 _129_/X
 _130_/X
 _131_/Y
 _132_/Y
 _133_/X
 _134_/Y
 _135_/X
 _136_/Y
 _137_/Y
 _138_/Y
 _139_/Y
 _140_/X
 _141_/X
 _142_/X
 _143_/Y
 _144_/Y
 _145_/Y
 _146_/Y
 _147_/X
 _148_/X
 _149_/X
 _150_/X
 _151_/X
 _152_/Y
 _153_/Y
 _154_/Y
 _155_/X
 _156_/X
 _157_/X
 _158_/X
 _159_/X
 _160_/Y
 _161_/Y
 _162_/Y
 _163_/Y
 _164_/Y
 _165_/Y
 _166_/X
 _167_/Y
 _168_/Y
 _169_/Y
 _170_/Y
 _171_/X
 _172_/X
 _173_/Y
 _174_/Y
 _175_/Y
 _176_/Y
 _177_/Y
 _178_/Y
 _179_/X
 _180_/Y
 _181_/Y
 _182_/Y
 _183_/Y
 _184_/X
 _185_/Y
 _186_/X
 _187_/Y
 _188_/Y
 _189_/Y
 _190_/X
 _191_/Y
 _192_/Y
 _193_/Y
 _194_/Y
 _195_/X
 _196_/Y
 _197_/X
 _198_/X
 _199_/Y
 _200_/X
 _201_/X
 _202_/X
 _203_/X
 _204_/X
 _205_/X
 _206_/X
 _207_/Y
 _208_/X
 _209_/X
 _210_/X
 _211_/Y
 _212_/Y
 _213_/Y
 _214_/X
 _215_/Y
 _216_/Y
 _217_/Y
 _218_/X
 _219_/Y
 _220_/Y
 _221_/X
 _222_/X
 _223_/X
 _224_/X
 _225_/X
 _226_/X
 _227_/X
 _228_/X
 _229_/X
 _230_/X
 _231_/Y
 _232_/Y
Found 0 partially unannotated drivers.

===========================================================================
max slew violation count 0
%OL_METRIC_I design__max_slew_violation__count__corner:nom_ff_n40C_1v95 0
max fanout violation count 0
%OL_METRIC_I design__max_fanout_violation__count__corner:nom_ff_n40C_1v95 0
max cap violation count 0
%OL_METRIC_I design__max_cap_violation__count__corner:nom_ff_n40C_1v95 0
============================================================================

===========================================================================
check_setup -verbose -unconstrained_endpoints -multiple_clock -no_clock -no_input_delay -loops -generated_clocks
===========================================================================
%OL_END_REPORT
%OL_CREATE_REPORT power.rpt

===========================================================================
 report_power
============================================================================
======================= nom_ff_n40C_1v95 Corner ===================================

Group                    Internal    Switching      Leakage        Total
                            Power        Power        Power        Power (Watts)
------------------------------------------------------------------------
Sequential           0.000000e+00 0.000000e+00 0.000000e+00 0.000000e+00   0.0%
Combinational        2.579368e-05 1.469100e-05 1.114803e-09 4.048579e-05 100.0%
Clock                0.000000e+00 0.000000e+00 0.000000e+00 0.000000e+00   0.0%
Macro                0.000000e+00 0.000000e+00 0.000000e+00 0.000000e+00   0.0%
Pad                  0.000000e+00 0.000000e+00 0.000000e+00 0.000000e+00   0.0%
------------------------------------------------------------------------
Total                2.579368e-05 1.469100e-05 1.114803e-09 4.048579e-05 100.0%
                            63.7%        36.3%         0.0%
%OL_METRIC_F power__internal__total 2.579367719590664e-5
%OL_METRIC_F power__switching__total 1.469100152462488e-5
%OL_METRIC_F power__leakage__total 1.1148034717578525e-9
%OL_METRIC_F power__total 4.048579285154119e-5

%OL_END_REPORT
%OL_CREATE_REPORT skew.min.rpt

===========================================================================
Clock Skew (Hold)
============================================================================
%OL_METRIC_F clock__skew__worst_hold__corner:nom_ff_n40C_1v95 0.0
======================= nom_ff_n40C_1v95 Corner ===================================

Clock __VIRTUAL_CLK__
No launch/capture paths found.

%OL_END_REPORT
%OL_CREATE_REPORT skew.max.rpt

===========================================================================
Clock Skew (Setup)
============================================================================
%OL_METRIC_F clock__skew__worst_setup__corner:nom_ff_n40C_1v95 0.0
======================= nom_ff_n40C_1v95 Corner ===================================

Clock __VIRTUAL_CLK__
No launch/capture paths found.

%OL_END_REPORT
%OL_CREATE_REPORT ws.min.rpt

===========================================================================
Worst Slack (Hold)
============================================================================
%OL_METRIC_F timing__hold__ws__corner:nom_ff_n40C_1v95 4.010679901709732
nom_ff_n40C_1v95: 4.010679901709732
%OL_END_REPORT
%OL_CREATE_REPORT ws.max.rpt

===========================================================================
Worst Slack (Setup)
============================================================================
%OL_METRIC_F timing__setup__ws__corner:nom_ff_n40C_1v95 4.259943629534553
nom_ff_n40C_1v95: 4.259943629534553
%OL_END_REPORT
%OL_CREATE_REPORT tns.min.rpt

===========================================================================
Total Negative Slack (Hold)
============================================================================
%OL_METRIC_F timing__hold__tns__corner:nom_ff_n40C_1v95 0.0
nom_ff_n40C_1v95: 0.0
%OL_END_REPORT
%OL_CREATE_REPORT tns.max.rpt

===========================================================================
Total Negative Slack (Setup)
============================================================================
%OL_METRIC_F timing__setup__tns__corner:nom_ff_n40C_1v95 0.0
nom_ff_n40C_1v95: 0.0
%OL_END_REPORT
%OL_CREATE_REPORT wns.min.rpt

===========================================================================
Worst Negative Slack (Hold)
============================================================================
%OL_METRIC_F timing__hold__wns__corner:nom_ff_n40C_1v95 0
nom_ff_n40C_1v95: 0
%OL_END_REPORT
%OL_CREATE_REPORT wns.max.rpt

===========================================================================
Worst Negative Slack (Setup)
============================================================================
%OL_METRIC_F timing__setup__wns__corner:nom_ff_n40C_1v95 0.0
nom_ff_n40C_1v95: 0.0
%OL_END_REPORT
%OL_CREATE_REPORT violator_list.rpt

===========================================================================
Violator List
============================================================================
%OL_METRIC_I timing__hold_vio__count__corner:nom_ff_n40C_1v95 0
%OL_METRIC_F timing__hold_r2r__ws__corner:nom_ff_n40C_1v95 inf
%OL_METRIC_I timing__hold_r2r_vio__count__corner:nom_ff_n40C_1v95 0
%OL_METRIC_I timing__setup_vio__count__corner:nom_ff_n40C_1v95 0
%OL_METRIC_F timing__setup_r2r__ws__corner:nom_ff_n40C_1v95 inf
%OL_METRIC_I timing__setup_r2r_vio__count__corner:nom_ff_n40C_1v95 0
%OL_END_REPORT
%OL_CREATE_REPORT unpropagated.rpt
__VIRTUAL_CLK__
%OL_END_REPORT
%OL_CREATE_REPORT clock.rpt
Clock: __VIRTUAL_CLK__
Sources: 
Generated: no
Virtual: yes
Propagated: no
Period: 10.000000

===========================================================================
report_clock_properties
============================================================================
Clock                   Period          Waveform
----------------------------------------------------
__VIRTUAL_CLK__      10.000000    0.000000  5.000000

===========================================================================
report_clock_latency
============================================================================
Clock __VIRTUAL_CLK__


===========================================================================
report_clock_min_period
============================================================================
__VIRTUAL_CLK__ period_min = 0.00 fmax = inf
%OL_END_REPORT
Writing SDF files for all corners…
