
===========================================================================
report_checks -path_delay max (Setup)
============================================================================
======================= nom_ff_n40C_1v95 Corner ===================================

Startpoint: B[7] (input port clocked by __VIRTUAL_CLK__)
Endpoint: GT (output port clocked by __VIRTUAL_CLK__)
Path Group: __VIRTUAL_CLK__
Path Type: max

Fanout         Cap        Slew       Delay        Time   Description
---------------------------------------------------------------------------------------------
                      0.000000    0.000000    0.000000   clock __VIRTUAL_CLK__ (rise edge)
                                  0.000000    0.000000   clock network delay (ideal)
                                  2.000000    2.000000 ^ input external delay
     2    0.003507    0.017033    0.009061    2.009061 ^ B[7] (in)
                                                         B[7] (net)
                      0.017033    0.000000    2.009061 ^ _197_/A_N (sky130_fd_sc_hd__and2b_2)
     2    0.005608    0.032126    0.128276    2.137337 v _197_/X (sky130_fd_sc_hd__and2b_2)
                                                         _050_ (net)
                      0.032126    0.000000    2.137337 v _202_/A (sky130_fd_sc_hd__or4_2)
     2    0.003676    0.068080    0.373386    2.510723 v _202_/X (sky130_fd_sc_hd__or4_2)
                                                         _055_ (net)
                      0.068080    0.000000    2.510723 v _206_/A (sky130_fd_sc_hd__or4b_2)
     2    0.003737    0.069082    0.385930    2.896652 v _206_/X (sky130_fd_sc_hd__or4b_2)
                                                         _059_ (net)
                      0.069082    0.000000    2.896652 v _230_/B (sky130_fd_sc_hd__or3b_2)
     1    0.004145    0.055004    0.263385    3.160038 v _230_/X (sky130_fd_sc_hd__or3b_2)
                                                         _082_ (net)
                      0.055004    0.000000    3.160038 v _231_/B (sky130_fd_sc_hd__nor2_2)
     2    0.038206    0.305240    0.243473    3.403511 ^ _231_/Y (sky130_fd_sc_hd__nor2_2)
                                                         EQ (net)
                      0.305240    0.000000    3.403511 ^ _232_/B1 (sky130_fd_sc_hd__a21oi_2)
     1    0.033442    0.109861    0.086545    3.490056 v _232_/Y (sky130_fd_sc_hd__a21oi_2)
                                                         GT (net)
                      0.109861    0.000000    3.490056 v GT (out)
                                              3.490056   data arrival time

                      0.000000   10.000000   10.000000   clock __VIRTUAL_CLK__ (rise edge)
                                  0.000000   10.000000   clock network delay (ideal)
                                 -0.250000    9.750000   clock uncertainty
                                  0.000000    9.750000   clock reconvergence pessimism
                                 -2.000000    7.750000   output external delay
                                              7.750000   data required time
---------------------------------------------------------------------------------------------
                                              7.750000   data required time
                                             -3.490056   data arrival time
---------------------------------------------------------------------------------------------
                                              4.259943   slack (MET)


Startpoint: B[7] (input port clocked by __VIRTUAL_CLK__)
Endpoint: EQ (output port clocked by __VIRTUAL_CLK__)
Path Group: __VIRTUAL_CLK__
Path Type: max

Fanout         Cap        Slew       Delay        Time   Description
---------------------------------------------------------------------------------------------
                      0.000000    0.000000    0.000000   clock __VIRTUAL_CLK__ (rise edge)
                                  0.000000    0.000000   clock network delay (ideal)
                                  2.000000    2.000000 ^ input external delay
     2    0.003507    0.017033    0.009061    2.009061 ^ B[7] (in)
                                                         B[7] (net)
                      0.017033    0.000000    2.009061 ^ _197_/A_N (sky130_fd_sc_hd__and2b_2)
     2    0.005608    0.032126    0.128276    2.137337 v _197_/X (sky130_fd_sc_hd__and2b_2)
                                                         _050_ (net)
                      0.032126    0.000000    2.137337 v _202_/A (sky130_fd_sc_hd__or4_2)
     2    0.003676    0.068080    0.373386    2.510723 v _202_/X (sky130_fd_sc_hd__or4_2)
                                                         _055_ (net)
                      0.068080    0.000000    2.510723 v _206_/A (sky130_fd_sc_hd__or4b_2)
     2    0.003737    0.069082    0.385930    2.896652 v _206_/X (sky130_fd_sc_hd__or4b_2)
                                                         _059_ (net)
                      0.069082    0.000000    2.896652 v _230_/B (sky130_fd_sc_hd__or3b_2)
     1    0.004145    0.055004    0.263385    3.160038 v _230_/X (sky130_fd_sc_hd__or3b_2)
                                                         _082_ (net)
                      0.055004    0.000000    3.160038 v _231_/B (sky130_fd_sc_hd__nor2_2)
     2    0.038206    0.305240    0.243473    3.403511 ^ _231_/Y (sky130_fd_sc_hd__nor2_2)
                                                         EQ (net)
                      0.305240    0.000000    3.403511 ^ EQ (out)
                                              3.403511   data arrival time

                      0.000000   10.000000   10.000000   clock __VIRTUAL_CLK__ (rise edge)
                                  0.000000   10.000000   clock network delay (ideal)
                                 -0.250000    9.750000   clock uncertainty
                                  0.000000    9.750000   clock reconvergence pessimism
                                 -2.000000    7.750000   output external delay
                                              7.750000   data required time
---------------------------------------------------------------------------------------------
                                              7.750000   data required time
                                             -3.403511   data arrival time
---------------------------------------------------------------------------------------------
                                              4.346489   slack (MET)


Startpoint: B[7] (input port clocked by __VIRTUAL_CLK__)
Endpoint: LT (output port clocked by __VIRTUAL_CLK__)
Path Group: __VIRTUAL_CLK__
Path Type: max

Fanout         Cap        Slew       Delay        Time   Description
---------------------------------------------------------------------------------------------
                      0.000000    0.000000    0.000000   clock __VIRTUAL_CLK__ (rise edge)
                                  0.000000    0.000000   clock network delay (ideal)
                                  2.000000    2.000000 ^ input external delay
     2    0.003507    0.017033    0.009061    2.009061 ^ B[7] (in)
                                                         B[7] (net)
                      0.017033    0.000000    2.009061 ^ _197_/A_N (sky130_fd_sc_hd__and2b_2)
     2    0.005608    0.032126    0.128276    2.137337 v _197_/X (sky130_fd_sc_hd__and2b_2)
                                                         _050_ (net)
                      0.032126    0.000000    2.137337 v _202_/A (sky130_fd_sc_hd__or4_2)
     2    0.003676    0.068080    0.373386    2.510723 v _202_/X (sky130_fd_sc_hd__or4_2)
                                                         _055_ (net)
                      0.068080    0.000000    2.510723 v _206_/A (sky130_fd_sc_hd__or4b_2)
     2    0.003737    0.069082    0.385930    2.896652 v _206_/X (sky130_fd_sc_hd__or4b_2)
                                                         _059_ (net)
                      0.069082    0.000000    2.896652 v _225_/C1 (sky130_fd_sc_hd__a211o_2)
     1    0.002260    0.032095    0.128643    3.025295 v _225_/X (sky130_fd_sc_hd__a211o_2)
                                                         _078_ (net)
                      0.032095    0.000000    3.025295 v _226_/A3 (sky130_fd_sc_hd__a31o_2)
     2    0.006108    0.035110    0.158490    3.183786 v _226_/X (sky130_fd_sc_hd__a31o_2)
                                                         _079_ (net)
                      0.035110    0.000000    3.183786 v _227_/B (sky130_fd_sc_hd__and2_2)
     1    0.033442    0.072670    0.169286    3.353071 v _227_/X (sky130_fd_sc_hd__and2_2)
                                                         LT (net)
                      0.072670    0.000000    3.353071 v LT (out)
                                              3.353071   data arrival time

                      0.000000   10.000000   10.000000   clock __VIRTUAL_CLK__ (rise edge)
                                  0.000000   10.000000   clock network delay (ideal)
                                 -0.250000    9.750000   clock uncertainty
                                  0.000000    9.750000   clock reconvergence pessimism
                                 -2.000000    7.750000   output external delay
                                              7.750000   data required time
---------------------------------------------------------------------------------------------
                                              7.750000   data required time
                                             -3.353071   data arrival time
---------------------------------------------------------------------------------------------
                                              4.396928   slack (MET)



