4,5d3
<     VPWR,
<     VGND,
11,12d8
<  inout VPWR;
<  inout VGND;
131,199c127,128
<  wire net1;
<  wire net2;
<  wire net3;
<  wire net4;
<  wire net5;
<  wire net6;
<  wire net7;
<  wire net8;
<  wire net9;
<  wire net10;
<  wire net11;
<  wire net12;
<  wire net13;
<  wire net14;
<  wire net15;
<  wire net16;
<  wire net17;
<  wire net18;
<  wire net19;
<  wire net20;
<  wire net21;
<  wire net22;
<  wire net23;
<  wire net24;
<  wire net25;
<  wire net26;
<  wire net27;
<  wire net28;
<  wire net29;
<  wire net30;
<  wire net31;
<  wire net32;
<  wire net33;
<  wire net34;
<  wire net35;
<  wire net36;
<  wire net37;
<  wire net38;
<  wire net39;
<  wire net40;
<  wire net41;
<  wire net42;
<  wire net43;
<  wire net44;
<  wire net45;
<  wire net46;
<  wire net47;
<  wire net48;
<  wire net49;
<  wire net50;
<  wire net51;
<  wire net52;
<  wire net53;
<  wire net54;
<  wire net55;
<  wire net56;
<  wire net57;
<  wire net58;
<  wire net59;
<  wire net60;
<  wire net61;
<  wire net62;
<  wire net63;
<  wire net64;
<  wire net65;
<  wire net66;
<  wire net67;
<  wire net68;
<  wire net69;
---
>  wire VPWR;
>  wire VGND;
201c130
<  sky130_fd_sc_hd__inv_2 _115_ (.A(net25),
---
>  sky130_fd_sc_hd__inv_2 _115_ (.A(A[31]),
207c136
<  sky130_fd_sc_hd__inv_2 _116_ (.A(net56),
---
>  sky130_fd_sc_hd__inv_2 _116_ (.A(B[30]),
213c142
<  sky130_fd_sc_hd__inv_2 _117_ (.A(net22),
---
>  sky130_fd_sc_hd__inv_2 _117_ (.A(A[29]),
219c148
<  sky130_fd_sc_hd__inv_2 _118_ (.A(net21),
---
>  sky130_fd_sc_hd__inv_2 _118_ (.A(A[28]),
225c154
<  sky130_fd_sc_hd__inv_2 _119_ (.A(net52),
---
>  sky130_fd_sc_hd__inv_2 _119_ (.A(B[27]),
231c160
<  sky130_fd_sc_hd__inv_2 _120_ (.A(net50),
---
>  sky130_fd_sc_hd__inv_2 _120_ (.A(B[25]),
237c166
<  sky130_fd_sc_hd__inv_2 _121_ (.A(net49),
---
>  sky130_fd_sc_hd__inv_2 _121_ (.A(B[24]),
243c172
<  sky130_fd_sc_hd__inv_2 _122_ (.A(net14),
---
>  sky130_fd_sc_hd__inv_2 _122_ (.A(A[21]),
249c178
<  sky130_fd_sc_hd__inv_2 _123_ (.A(net28),
---
>  sky130_fd_sc_hd__inv_2 _123_ (.A(A[5]),
255c184
<  sky130_fd_sc_hd__inv_2 _124_ (.A(net27),
---
>  sky130_fd_sc_hd__inv_2 _124_ (.A(A[4]),
261c190
<  sky130_fd_sc_hd__inv_2 _125_ (.A(net1),
---
>  sky130_fd_sc_hd__inv_2 _125_ (.A(A[0]),
267,268c196,197
<  sky130_fd_sc_hd__nand2b_1 _126_ (.A_N(net58),
<     .B(net26),
---
>  sky130_fd_sc_hd__nand2b_2 _126_ (.A_N(B[3]),
>     .B(A[3]),
274,275c203,204
<  sky130_fd_sc_hd__nand2b_1 _127_ (.A_N(net26),
<     .B(net58),
---
>  sky130_fd_sc_hd__nand2b_2 _127_ (.A_N(A[3]),
>     .B(B[3]),
281,282c210,211
<  sky130_fd_sc_hd__xnor2_1 _128_ (.A(net55),
<     .B(net23),
---
>  sky130_fd_sc_hd__xnor2_2 _128_ (.A(B[2]),
>     .B(A[2]),
288c217
<  sky130_fd_sc_hd__and3_1 _129_ (.A(_094_),
---
>  sky130_fd_sc_hd__and3_2 _129_ (.A(_094_),
296,297c225,226
<  sky130_fd_sc_hd__and2b_1 _130_ (.A_N(net44),
<     .B(net12),
---
>  sky130_fd_sc_hd__and2b_2 _130_ (.A_N(B[1]),
>     .B(A[1]),
303,304c232,233
<  sky130_fd_sc_hd__nand2b_1 _131_ (.A_N(net1),
<     .B(net33),
---
>  sky130_fd_sc_hd__nand2b_2 _131_ (.A_N(A[0]),
>     .B(B[0]),
310,311c239,240
<  sky130_fd_sc_hd__nand2b_1 _132_ (.A_N(net12),
<     .B(net44),
---
>  sky130_fd_sc_hd__nand2b_2 _132_ (.A_N(A[1]),
>     .B(B[1]),
317c246
<  sky130_fd_sc_hd__a21o_1 _133_ (.A1(_099_),
---
>  sky130_fd_sc_hd__a21o_2 _133_ (.A1(_099_),
325c254
<  sky130_fd_sc_hd__nand2_1 _134_ (.A(net23),
---
>  sky130_fd_sc_hd__nand2_2 _134_ (.A(A[2]),
332c261
<  sky130_fd_sc_hd__o2bb2a_1 _135_ (.A1_N(_097_),
---
>  sky130_fd_sc_hd__o2bb2a_2 _135_ (.A1_N(_097_),
335c264
<     .B2(net55),
---
>     .B2(B[2]),
341,342c270,271
<  sky130_fd_sc_hd__nand2b_1 _136_ (.A_N(net52),
<     .B(net20),
---
>  sky130_fd_sc_hd__nand2b_2 _136_ (.A_N(B[27]),
>     .B(A[27]),
348,349c277,278
<  sky130_fd_sc_hd__nand2b_1 _137_ (.A_N(net18),
<     .B(net50),
---
>  sky130_fd_sc_hd__nand2b_2 _137_ (.A_N(A[25]),
>     .B(B[25]),
355,356c284,285
<  sky130_fd_sc_hd__nand2b_1 _138_ (.A_N(net20),
<     .B(net52),
---
>  sky130_fd_sc_hd__nand2b_2 _138_ (.A_N(A[27]),
>     .B(B[27]),
362,363c291,292
<  sky130_fd_sc_hd__xnor2_1 _139_ (.A(net51),
<     .B(net19),
---
>  sky130_fd_sc_hd__xnor2_2 _139_ (.A(B[26]),
>     .B(A[26]),
369c298
<  sky130_fd_sc_hd__and4_1 _140_ (.A(_104_),
---
>  sky130_fd_sc_hd__and4_2 _140_ (.A(_104_),
378,379c307,308
<  sky130_fd_sc_hd__o2bb2a_1 _141_ (.A1_N(_084_),
<     .A2_N(net24),
---
>  sky130_fd_sc_hd__o2bb2a_2 _141_ (.A1_N(_084_),
>     .A2_N(A[30]),
381c310
<     .B2(net57),
---
>     .B2(B[31]),
387c316
<  sky130_fd_sc_hd__o22a_1 _142_ (.A1(net54),
---
>  sky130_fd_sc_hd__o22a_2 _142_ (.A1(B[29]),
390c319
<     .B2(net53),
---
>     .B2(B[28]),
396,397c325,326
<  sky130_fd_sc_hd__nand2b_1 _143_ (.A_N(net22),
<     .B(net54),
---
>  sky130_fd_sc_hd__nand2b_2 _143_ (.A_N(A[29]),
>     .B(B[29]),
403,404c332,333
<  sky130_fd_sc_hd__o21ai_1 _144_ (.A1(_084_),
<     .A2(net24),
---
>  sky130_fd_sc_hd__o21ai_2 _144_ (.A1(_084_),
>     .A2(A[30]),
411,412c340,341
<  sky130_fd_sc_hd__nand2b_1 _145_ (.A_N(net25),
<     .B(net57),
---
>  sky130_fd_sc_hd__nand2b_2 _145_ (.A_N(A[31]),
>     .B(B[31]),
418,419c347,348
<  sky130_fd_sc_hd__nand2b_1 _146_ (.A_N(net21),
<     .B(net53),
---
>  sky130_fd_sc_hd__nand2b_2 _146_ (.A_N(A[28]),
>     .B(B[28]),
425,426c354,355
<  sky130_fd_sc_hd__o2111a_1 _147_ (.A1(_084_),
<     .A2(net24),
---
>  sky130_fd_sc_hd__o2111a_2 _147_ (.A1(_084_),
>     .A2(A[30]),
435c364
<  sky130_fd_sc_hd__and3_1 _148_ (.A(_109_),
---
>  sky130_fd_sc_hd__and3_2 _148_ (.A(_109_),
443,445c372,374
<  sky130_fd_sc_hd__a22o_1 _149_ (.A1(_088_),
<     .A2(net18),
<     .B1(net17),
---
>  sky130_fd_sc_hd__a22o_2 _149_ (.A1(_088_),
>     .A2(A[25]),
>     .B1(A[24]),
452c381
<  sky130_fd_sc_hd__o21ba_1 _150_ (.A1(net17),
---
>  sky130_fd_sc_hd__o21ba_2 _150_ (.A1(A[24]),
460c389
<  sky130_fd_sc_hd__and3_1 _151_ (.A(_108_),
---
>  sky130_fd_sc_hd__and3_2 _151_ (.A(_108_),
468,469c397,398
<  sky130_fd_sc_hd__nand2b_1 _152_ (.A_N(net48),
<     .B(net16),
---
>  sky130_fd_sc_hd__nand2b_2 _152_ (.A_N(B[23]),
>     .B(A[23]),
475,476c404,405
<  sky130_fd_sc_hd__nand2b_1 _153_ (.A_N(net47),
<     .B(net15),
---
>  sky130_fd_sc_hd__nand2b_2 _153_ (.A_N(B[22]),
>     .B(A[22]),
482,483c411,412
<  sky130_fd_sc_hd__nand2b_1 _154_ (.A_N(net45),
<     .B(net13),
---
>  sky130_fd_sc_hd__nand2b_2 _154_ (.A_N(B[20]),
>     .B(A[20]),
489c418
<  sky130_fd_sc_hd__o2111a_1 _155_ (.A1(net46),
---
>  sky130_fd_sc_hd__o2111a_2 _155_ (.A1(B[21]),
499,500c428,429
<  sky130_fd_sc_hd__and2b_1 _156_ (.A_N(net13),
<     .B(net45),
---
>  sky130_fd_sc_hd__and2b_2 _156_ (.A_N(A[20]),
>     .B(B[20]),
506,507c435,436
<  sky130_fd_sc_hd__and2b_1 _157_ (.A_N(net16),
<     .B(net48),
---
>  sky130_fd_sc_hd__and2b_2 _157_ (.A_N(A[23]),
>     .B(B[23]),
513,514c442,443
<  sky130_fd_sc_hd__and2b_1 _158_ (.A_N(net15),
<     .B(net47),
---
>  sky130_fd_sc_hd__and2b_2 _158_ (.A_N(A[22]),
>     .B(B[22]),
520c449
<  sky130_fd_sc_hd__a21o_1 _159_ (.A1(net46),
---
>  sky130_fd_sc_hd__a21o_2 _159_ (.A1(B[21]),
528c457
<  sky130_fd_sc_hd__a2111oi_1 _160_ (.A1(net46),
---
>  sky130_fd_sc_hd__a2111oi_2 _160_ (.A1(B[21]),
538,539c467,468
<  sky130_fd_sc_hd__nand2_1 _161_ (.A(_008_),
<     .B(net68),
---
>  sky130_fd_sc_hd__nand2_2 _161_ (.A(_008_),
>     .B(_013_),
545,546c474,475
<  sky130_fd_sc_hd__nand2b_1 _162_ (.A_N(net42),
<     .B(net10),
---
>  sky130_fd_sc_hd__nand2b_2 _162_ (.A_N(B[18]),
>     .B(A[18]),
552,553c481,482
<  sky130_fd_sc_hd__nand2b_1 _163_ (.A_N(net43),
<     .B(net11),
---
>  sky130_fd_sc_hd__nand2b_2 _163_ (.A_N(B[19]),
>     .B(A[19]),
559,560c488,489
<  sky130_fd_sc_hd__nand2b_1 _164_ (.A_N(net11),
<     .B(net43),
---
>  sky130_fd_sc_hd__nand2b_2 _164_ (.A_N(A[19]),
>     .B(B[19]),
566,567c495,496
<  sky130_fd_sc_hd__nand2b_1 _165_ (.A_N(net10),
<     .B(net42),
---
>  sky130_fd_sc_hd__nand2b_2 _165_ (.A_N(A[18]),
>     .B(B[18]),
573c502
<  sky130_fd_sc_hd__and4_1 _166_ (.A(_015_),
---
>  sky130_fd_sc_hd__and4_2 _166_ (.A(_015_),
582,583c511,512
<  sky130_fd_sc_hd__nand2b_1 _167_ (.A_N(net40),
<     .B(net8),
---
>  sky130_fd_sc_hd__nand2b_2 _167_ (.A_N(B[16]),
>     .B(A[16]),
589,590c518,519
<  sky130_fd_sc_hd__nand2b_1 _168_ (.A_N(net41),
<     .B(net9),
---
>  sky130_fd_sc_hd__nand2b_2 _168_ (.A_N(B[17]),
>     .B(A[17]),
596,597c525,526
<  sky130_fd_sc_hd__nand2b_1 _169_ (.A_N(net9),
<     .B(net41),
---
>  sky130_fd_sc_hd__nand2b_2 _169_ (.A_N(A[17]),
>     .B(B[17]),
603,604c532,533
<  sky130_fd_sc_hd__nand2b_1 _170_ (.A_N(net8),
<     .B(net40),
---
>  sky130_fd_sc_hd__nand2b_2 _170_ (.A_N(A[16]),
>     .B(B[16]),
610c539
<  sky130_fd_sc_hd__and4_1 _171_ (.A(_020_),
---
>  sky130_fd_sc_hd__and4_2 _171_ (.A(_020_),
619,620c548,549
<  sky130_fd_sc_hd__and4_1 _172_ (.A(_008_),
<     .B(net69),
---
>  sky130_fd_sc_hd__and4_2 _172_ (.A(_008_),
>     .B(_013_),
628c557
<  sky130_fd_sc_hd__nand4_1 _173_ (.A(_108_),
---
>  sky130_fd_sc_hd__nand4_2 _173_ (.A(_108_),
637,638c566,567
<  sky130_fd_sc_hd__nand2b_1 _174_ (.A_N(net39),
<     .B(net7),
---
>  sky130_fd_sc_hd__nand2b_2 _174_ (.A_N(B[15]),
>     .B(A[15]),
644,645c573,574
<  sky130_fd_sc_hd__nand2b_1 _175_ (.A_N(net38),
<     .B(net6),
---
>  sky130_fd_sc_hd__nand2b_2 _175_ (.A_N(B[14]),
>     .B(A[14]),
651c580
<  sky130_fd_sc_hd__nand2_1 _176_ (.A(_027_),
---
>  sky130_fd_sc_hd__nand2_2 _176_ (.A(_027_),
658,659c587,588
<  sky130_fd_sc_hd__nand2b_1 _177_ (.A_N(net7),
<     .B(net39),
---
>  sky130_fd_sc_hd__nand2b_2 _177_ (.A_N(A[15]),
>     .B(B[15]),
665,666c594,595
<  sky130_fd_sc_hd__nand2b_1 _178_ (.A_N(net6),
<     .B(net38),
---
>  sky130_fd_sc_hd__nand2b_2 _178_ (.A_N(A[14]),
>     .B(B[14]),
672c601
<  sky130_fd_sc_hd__and4_1 _179_ (.A(_027_),
---
>  sky130_fd_sc_hd__and4_2 _179_ (.A(_027_),
681,682c610,611
<  sky130_fd_sc_hd__nand2b_1 _180_ (.A_N(net37),
<     .B(net5),
---
>  sky130_fd_sc_hd__nand2b_2 _180_ (.A_N(B[13]),
>     .B(A[13]),
688,689c617,618
<  sky130_fd_sc_hd__nand2b_1 _181_ (.A_N(net36),
<     .B(net4),
---
>  sky130_fd_sc_hd__nand2b_2 _181_ (.A_N(B[12]),
>     .B(A[12]),
695,696c624,625
<  sky130_fd_sc_hd__nand2b_1 _182_ (.A_N(net5),
<     .B(net37),
---
>  sky130_fd_sc_hd__nand2b_2 _182_ (.A_N(A[13]),
>     .B(B[13]),
702,703c631,632
<  sky130_fd_sc_hd__nand2b_1 _183_ (.A_N(net4),
<     .B(net36),
---
>  sky130_fd_sc_hd__nand2b_2 _183_ (.A_N(A[12]),
>     .B(B[12]),
709c638
<  sky130_fd_sc_hd__and4_1 _184_ (.A(_033_),
---
>  sky130_fd_sc_hd__and4_2 _184_ (.A(_033_),
718c647
<  sky130_fd_sc_hd__nand2_1 _185_ (.A(_032_),
---
>  sky130_fd_sc_hd__nand2_2 _185_ (.A(_032_),
725,726c654,655
<  sky130_fd_sc_hd__and2b_1 _186_ (.A_N(net35),
<     .B(net3),
---
>  sky130_fd_sc_hd__and2b_2 _186_ (.A_N(B[11]),
>     .B(A[11]),
732,733c661,662
<  sky130_fd_sc_hd__nand2b_1 _187_ (.A_N(net34),
<     .B(net2),
---
>  sky130_fd_sc_hd__nand2b_2 _187_ (.A_N(B[10]),
>     .B(A[10]),
739,740c668,669
<  sky130_fd_sc_hd__nand2b_1 _188_ (.A_N(net3),
<     .B(net35),
---
>  sky130_fd_sc_hd__nand2b_2 _188_ (.A_N(A[11]),
>     .B(B[11]),
746,747c675,676
<  sky130_fd_sc_hd__nand2b_1 _189_ (.A_N(net2),
<     .B(net34),
---
>  sky130_fd_sc_hd__nand2b_2 _189_ (.A_N(A[10]),
>     .B(B[10]),
753c682
<  sky130_fd_sc_hd__and4b_1 _190_ (.A_N(_039_),
---
>  sky130_fd_sc_hd__and4b_2 _190_ (.A_N(_039_),
762,763c691,692
<  sky130_fd_sc_hd__nand2b_1 _191_ (.A_N(net63),
<     .B(net31),
---
>  sky130_fd_sc_hd__nand2b_2 _191_ (.A_N(B[8]),
>     .B(A[8]),
769,770c698,699
<  sky130_fd_sc_hd__nand2b_1 _192_ (.A_N(net64),
<     .B(net32),
---
>  sky130_fd_sc_hd__nand2b_2 _192_ (.A_N(B[9]),
>     .B(A[9]),
776,777c705,706
<  sky130_fd_sc_hd__nand2b_1 _193_ (.A_N(net32),
<     .B(net64),
---
>  sky130_fd_sc_hd__nand2b_2 _193_ (.A_N(A[9]),
>     .B(B[9]),
783,784c712,713
<  sky130_fd_sc_hd__nand2b_1 _194_ (.A_N(net31),
<     .B(net63),
---
>  sky130_fd_sc_hd__nand2b_2 _194_ (.A_N(A[8]),
>     .B(B[8]),
790c719
<  sky130_fd_sc_hd__and4_1 _195_ (.A(_044_),
---
>  sky130_fd_sc_hd__and4_2 _195_ (.A(_044_),
799c728
<  sky130_fd_sc_hd__nand4_1 _196_ (.A(_032_),
---
>  sky130_fd_sc_hd__nand4_2 _196_ (.A(_032_),
808,809c737,738
<  sky130_fd_sc_hd__and2b_1 _197_ (.A_N(net62),
<     .B(net30),
---
>  sky130_fd_sc_hd__and2b_2 _197_ (.A_N(B[7]),
>     .B(A[7]),
815,816c744,745
<  sky130_fd_sc_hd__and2b_1 _198_ (.A_N(net61),
<     .B(net29),
---
>  sky130_fd_sc_hd__and2b_2 _198_ (.A_N(B[6]),
>     .B(A[6]),
822c751
<  sky130_fd_sc_hd__nor2_1 _199_ (.A(_050_),
---
>  sky130_fd_sc_hd__nor2_2 _199_ (.A(_050_),
829,830c758,759
<  sky130_fd_sc_hd__and2b_1 _200_ (.A_N(net30),
<     .B(net62),
---
>  sky130_fd_sc_hd__and2b_2 _200_ (.A_N(A[7]),
>     .B(B[7]),
836,837c765,766
<  sky130_fd_sc_hd__and2b_1 _201_ (.A_N(net29),
<     .B(net61),
---
>  sky130_fd_sc_hd__and2b_2 _201_ (.A_N(A[6]),
>     .B(B[6]),
843c772
<  sky130_fd_sc_hd__or4_1 _202_ (.A(_050_),
---
>  sky130_fd_sc_hd__or4_2 _202_ (.A(_050_),
852c781
<  sky130_fd_sc_hd__o22a_1 _203_ (.A1(net60),
---
>  sky130_fd_sc_hd__o22a_2 _203_ (.A1(B[5]),
855c784
<     .B2(net59),
---
>     .B2(B[4]),
861c790
<  sky130_fd_sc_hd__and2_1 _204_ (.A(net60),
---
>  sky130_fd_sc_hd__and2_2 _204_ (.A(B[5]),
868,869c797,798
<  sky130_fd_sc_hd__and2_1 _205_ (.A(_092_),
<     .B(net59),
---
>  sky130_fd_sc_hd__and2_2 _205_ (.A(_092_),
>     .B(B[4]),
875c804
<  sky130_fd_sc_hd__or4b_1 _206_ (.A(_055_),
---
>  sky130_fd_sc_hd__or4b_2 _206_ (.A(_055_),
884c813
<  sky130_fd_sc_hd__o21ai_1 _207_ (.A1(_110_),
---
>  sky130_fd_sc_hd__o21ai_2 _207_ (.A1(_110_),
892,893c821,822
<  sky130_fd_sc_hd__and3b_1 _208_ (.A_N(net51),
<     .B(net19),
---
>  sky130_fd_sc_hd__and3b_2 _208_ (.A_N(B[26]),
>     .B(A[26]),
900,901c829,830
<  sky130_fd_sc_hd__a221o_1 _209_ (.A1(_087_),
<     .A2(net20),
---
>  sky130_fd_sc_hd__a221o_2 _209_ (.A1(_087_),
>     .A2(A[27]),
910c839
<  sky130_fd_sc_hd__a22o_1 _210_ (.A1(_113_),
---
>  sky130_fd_sc_hd__a22o_2 _210_ (.A1(_113_),
919c848
<  sky130_fd_sc_hd__a21boi_1 _211_ (.A1(_020_),
---
>  sky130_fd_sc_hd__a21boi_2 _211_ (.A1(_020_),
927c856
<  sky130_fd_sc_hd__a21boi_1 _212_ (.A1(_015_),
---
>  sky130_fd_sc_hd__a21boi_2 _212_ (.A1(_015_),
935c864
<  sky130_fd_sc_hd__a21oi_1 _213_ (.A1(_019_),
---
>  sky130_fd_sc_hd__a21oi_2 _213_ (.A1(_019_),
943c872
<  sky130_fd_sc_hd__and3_1 _214_ (.A(_005_),
---
>  sky130_fd_sc_hd__and3_2 _214_ (.A(_005_),
951c880
<  sky130_fd_sc_hd__o32ai_1 _215_ (.A1(_008_),
---
>  sky130_fd_sc_hd__o32ai_2 _215_ (.A1(_008_),
961c890
<  sky130_fd_sc_hd__a21oi_1 _216_ (.A1(_004_),
---
>  sky130_fd_sc_hd__a21oi_2 _216_ (.A1(_004_),
969c898
<  sky130_fd_sc_hd__a21boi_1 _217_ (.A1(_044_),
---
>  sky130_fd_sc_hd__a21boi_2 _217_ (.A1(_044_),
977,978c906,907
<  sky130_fd_sc_hd__and3b_1 _218_ (.A_N(net34),
<     .B(net2),
---
>  sky130_fd_sc_hd__and3b_2 _218_ (.A_N(B[10]),
>     .B(A[10]),
985c914
<  sky130_fd_sc_hd__a211oi_1 _219_ (.A1(_043_),
---
>  sky130_fd_sc_hd__a211oi_2 _219_ (.A1(_043_),
994c923
<  sky130_fd_sc_hd__a21boi_1 _220_ (.A1(_033_),
---
>  sky130_fd_sc_hd__a21boi_2 _220_ (.A1(_033_),
1002c931
<  sky130_fd_sc_hd__a22o_1 _221_ (.A1(_029_),
---
>  sky130_fd_sc_hd__a22o_2 _221_ (.A1(_029_),
1011c940
<  sky130_fd_sc_hd__o32a_1 _222_ (.A1(_055_),
---
>  sky130_fd_sc_hd__o32a_2 _222_ (.A1(_055_),
1021c950
<  sky130_fd_sc_hd__or2_1 _223_ (.A(_049_),
---
>  sky130_fd_sc_hd__or2_2 _223_ (.A(_049_),
1028c957
<  sky130_fd_sc_hd__o21ba_1 _224_ (.A1(_038_),
---
>  sky130_fd_sc_hd__o21ba_2 _224_ (.A1(_038_),
1036c965
<  sky130_fd_sc_hd__a211o_1 _225_ (.A1(_094_),
---
>  sky130_fd_sc_hd__a211o_2 _225_ (.A1(_094_),
1045c974
<  sky130_fd_sc_hd__a31o_1 _226_ (.A1(_076_),
---
>  sky130_fd_sc_hd__a31o_2 _226_ (.A1(_076_),
1054c983
<  sky130_fd_sc_hd__and2_1 _227_ (.A(_069_),
---
>  sky130_fd_sc_hd__and2_2 _227_ (.A(_069_),
1060,1061c989,990
<     .X(net67));
<  sky130_fd_sc_hd__o2111a_1 _228_ (.A1(net33),
---
>     .X(LT));
>  sky130_fd_sc_hd__o2111a_2 _228_ (.A1(B[0]),
1071c1000
<  sky130_fd_sc_hd__and4b_1 _229_ (.A_N(_098_),
---
>  sky130_fd_sc_hd__and4b_2 _229_ (.A_N(_098_),
1080c1009
<  sky130_fd_sc_hd__or3b_1 _230_ (.A(_049_),
---
>  sky130_fd_sc_hd__or3b_2 _230_ (.A(_049_),
1088c1017
<  sky130_fd_sc_hd__nor2_1 _231_ (.A(_026_),
---
>  sky130_fd_sc_hd__nor2_2 _231_ (.A(_026_),
1094,1095c1023,1024
<     .Y(net65));
<  sky130_fd_sc_hd__a21oi_1 _232_ (.A1(_069_),
---
>     .Y(EQ));
>  sky130_fd_sc_hd__a21oi_2 _232_ (.A1(_069_),
1097,1669c1026
<     .B1(net65),
<     .VGND(VGND),
<     .VNB(VGND),
<     .VPB(VPWR),
<     .VPWR(VPWR),
<     .Y(net66));
<  sky130_fd_sc_hd__decap_3 PHY_EDGE_ROW_0_Right_0 (.VGND(VGND),
<     .VNB(VGND),
<     .VPB(VPWR),
<     .VPWR(VPWR));
<  sky130_fd_sc_hd__decap_3 PHY_EDGE_ROW_1_Right_1 (.VGND(VGND),
<     .VNB(VGND),
<     .VPB(VPWR),
<     .VPWR(VPWR));
<  sky130_fd_sc_hd__decap_3 PHY_EDGE_ROW_2_Right_2 (.VGND(VGND),
<     .VNB(VGND),
<     .VPB(VPWR),
<     .VPWR(VPWR));
<  sky130_fd_sc_hd__decap_3 PHY_EDGE_ROW_3_Right_3 (.VGND(VGND),
<     .VNB(VGND),
<     .VPB(VPWR),
<     .VPWR(VPWR));
<  sky130_fd_sc_hd__decap_3 PHY_EDGE_ROW_4_Right_4 (.VGND(VGND),
<     .VNB(VGND),
<     .VPB(VPWR),
<     .VPWR(VPWR));
<  sky130_fd_sc_hd__decap_3 PHY_EDGE_ROW_5_Right_5 (.VGND(VGND),
<     .VNB(VGND),
<     .VPB(VPWR),
<     .VPWR(VPWR));
<  sky130_fd_sc_hd__decap_3 PHY_EDGE_ROW_6_Right_6 (.VGND(VGND),
<     .VNB(VGND),
<     .VPB(VPWR),
<     .VPWR(VPWR));
<  sky130_fd_sc_hd__decap_3 PHY_EDGE_ROW_7_Right_7 (.VGND(VGND),
<     .VNB(VGND),
<     .VPB(VPWR),
<     .VPWR(VPWR));
<  sky130_fd_sc_hd__decap_3 PHY_EDGE_ROW_8_Right_8 (.VGND(VGND),
<     .VNB(VGND),
<     .VPB(VPWR),
<     .VPWR(VPWR));
<  sky130_fd_sc_hd__decap_3 PHY_EDGE_ROW_9_Right_9 (.VGND(VGND),
<     .VNB(VGND),
<     .VPB(VPWR),
<     .VPWR(VPWR));
<  sky130_fd_sc_hd__decap_3 PHY_EDGE_ROW_10_Right_10 (.VGND(VGND),
<     .VNB(VGND),
<     .VPB(VPWR),
<     .VPWR(VPWR));
<  sky130_fd_sc_hd__decap_3 PHY_EDGE_ROW_11_Right_11 (.VGND(VGND),
<     .VNB(VGND),
<     .VPB(VPWR),
<     .VPWR(VPWR));
<  sky130_fd_sc_hd__decap_3 PHY_EDGE_ROW_12_Right_12 (.VGND(VGND),
<     .VNB(VGND),
<     .VPB(VPWR),
<     .VPWR(VPWR));
<  sky130_fd_sc_hd__decap_3 PHY_EDGE_ROW_13_Right_13 (.VGND(VGND),
<     .VNB(VGND),
<     .VPB(VPWR),
<     .VPWR(VPWR));
<  sky130_fd_sc_hd__decap_3 PHY_EDGE_ROW_14_Right_14 (.VGND(VGND),
<     .VNB(VGND),
<     .VPB(VPWR),
<     .VPWR(VPWR));
<  sky130_fd_sc_hd__decap_3 PHY_EDGE_ROW_15_Right_15 (.VGND(VGND),
<     .VNB(VGND),
<     .VPB(VPWR),
<     .VPWR(VPWR));
<  sky130_fd_sc_hd__decap_3 PHY_EDGE_ROW_0_Left_16 (.VGND(VGND),
<     .VNB(VGND),
<     .VPB(VPWR),
<     .VPWR(VPWR));
<  sky130_fd_sc_hd__decap_3 PHY_EDGE_ROW_1_Left_17 (.VGND(VGND),
<     .VNB(VGND),
<     .VPB(VPWR),
<     .VPWR(VPWR));
<  sky130_fd_sc_hd__decap_3 PHY_EDGE_ROW_2_Left_18 (.VGND(VGND),
<     .VNB(VGND),
<     .VPB(VPWR),
<     .VPWR(VPWR));
<  sky130_fd_sc_hd__decap_3 PHY_EDGE_ROW_3_Left_19 (.VGND(VGND),
<     .VNB(VGND),
<     .VPB(VPWR),
<     .VPWR(VPWR));
<  sky130_fd_sc_hd__decap_3 PHY_EDGE_ROW_4_Left_20 (.VGND(VGND),
<     .VNB(VGND),
<     .VPB(VPWR),
<     .VPWR(VPWR));
<  sky130_fd_sc_hd__decap_3 PHY_EDGE_ROW_5_Left_21 (.VGND(VGND),
<     .VNB(VGND),
<     .VPB(VPWR),
<     .VPWR(VPWR));
<  sky130_fd_sc_hd__decap_3 PHY_EDGE_ROW_6_Left_22 (.VGND(VGND),
<     .VNB(VGND),
<     .VPB(VPWR),
<     .VPWR(VPWR));
<  sky130_fd_sc_hd__decap_3 PHY_EDGE_ROW_7_Left_23 (.VGND(VGND),
<     .VNB(VGND),
<     .VPB(VPWR),
<     .VPWR(VPWR));
<  sky130_fd_sc_hd__decap_3 PHY_EDGE_ROW_8_Left_24 (.VGND(VGND),
<     .VNB(VGND),
<     .VPB(VPWR),
<     .VPWR(VPWR));
<  sky130_fd_sc_hd__decap_3 PHY_EDGE_ROW_9_Left_25 (.VGND(VGND),
<     .VNB(VGND),
<     .VPB(VPWR),
<     .VPWR(VPWR));
<  sky130_fd_sc_hd__decap_3 PHY_EDGE_ROW_10_Left_26 (.VGND(VGND),
<     .VNB(VGND),
<     .VPB(VPWR),
<     .VPWR(VPWR));
<  sky130_fd_sc_hd__decap_3 PHY_EDGE_ROW_11_Left_27 (.VGND(VGND),
<     .VNB(VGND),
<     .VPB(VPWR),
<     .VPWR(VPWR));
<  sky130_fd_sc_hd__decap_3 PHY_EDGE_ROW_12_Left_28 (.VGND(VGND),
<     .VNB(VGND),
<     .VPB(VPWR),
<     .VPWR(VPWR));
<  sky130_fd_sc_hd__decap_3 PHY_EDGE_ROW_13_Left_29 (.VGND(VGND),
<     .VNB(VGND),
<     .VPB(VPWR),
<     .VPWR(VPWR));
<  sky130_fd_sc_hd__decap_3 PHY_EDGE_ROW_14_Left_30 (.VGND(VGND),
<     .VNB(VGND),
<     .VPB(VPWR),
<     .VPWR(VPWR));
<  sky130_fd_sc_hd__decap_3 PHY_EDGE_ROW_15_Left_31 (.VGND(VGND),
<     .VNB(VGND),
<     .VPB(VPWR),
<     .VPWR(VPWR));
<  sky130_fd_sc_hd__tapvpwrvgnd_1 TAP_TAPCELL_ROW_0_32 (.VGND(VGND),
<     .VPWR(VPWR));
<  sky130_fd_sc_hd__tapvpwrvgnd_1 TAP_TAPCELL_ROW_0_33 (.VGND(VGND),
<     .VPWR(VPWR));
<  sky130_fd_sc_hd__tapvpwrvgnd_1 TAP_TAPCELL_ROW_0_34 (.VGND(VGND),
<     .VPWR(VPWR));
<  sky130_fd_sc_hd__tapvpwrvgnd_1 TAP_TAPCELL_ROW_1_35 (.VGND(VGND),
<     .VPWR(VPWR));
<  sky130_fd_sc_hd__tapvpwrvgnd_1 TAP_TAPCELL_ROW_2_36 (.VGND(VGND),
<     .VPWR(VPWR));
<  sky130_fd_sc_hd__tapvpwrvgnd_1 TAP_TAPCELL_ROW_2_37 (.VGND(VGND),
<     .VPWR(VPWR));
<  sky130_fd_sc_hd__tapvpwrvgnd_1 TAP_TAPCELL_ROW_3_38 (.VGND(VGND),
<     .VPWR(VPWR));
<  sky130_fd_sc_hd__tapvpwrvgnd_1 TAP_TAPCELL_ROW_4_39 (.VGND(VGND),
<     .VPWR(VPWR));
<  sky130_fd_sc_hd__tapvpwrvgnd_1 TAP_TAPCELL_ROW_4_40 (.VGND(VGND),
<     .VPWR(VPWR));
<  sky130_fd_sc_hd__tapvpwrvgnd_1 TAP_TAPCELL_ROW_5_41 (.VGND(VGND),
<     .VPWR(VPWR));
<  sky130_fd_sc_hd__tapvpwrvgnd_1 TAP_TAPCELL_ROW_6_42 (.VGND(VGND),
<     .VPWR(VPWR));
<  sky130_fd_sc_hd__tapvpwrvgnd_1 TAP_TAPCELL_ROW_6_43 (.VGND(VGND),
<     .VPWR(VPWR));
<  sky130_fd_sc_hd__tapvpwrvgnd_1 TAP_TAPCELL_ROW_7_44 (.VGND(VGND),
<     .VPWR(VPWR));
<  sky130_fd_sc_hd__tapvpwrvgnd_1 TAP_TAPCELL_ROW_8_45 (.VGND(VGND),
<     .VPWR(VPWR));
<  sky130_fd_sc_hd__tapvpwrvgnd_1 TAP_TAPCELL_ROW_8_46 (.VGND(VGND),
<     .VPWR(VPWR));
<  sky130_fd_sc_hd__tapvpwrvgnd_1 TAP_TAPCELL_ROW_9_47 (.VGND(VGND),
<     .VPWR(VPWR));
<  sky130_fd_sc_hd__tapvpwrvgnd_1 TAP_TAPCELL_ROW_10_48 (.VGND(VGND),
<     .VPWR(VPWR));
<  sky130_fd_sc_hd__tapvpwrvgnd_1 TAP_TAPCELL_ROW_10_49 (.VGND(VGND),
<     .VPWR(VPWR));
<  sky130_fd_sc_hd__tapvpwrvgnd_1 TAP_TAPCELL_ROW_11_50 (.VGND(VGND),
<     .VPWR(VPWR));
<  sky130_fd_sc_hd__tapvpwrvgnd_1 TAP_TAPCELL_ROW_12_51 (.VGND(VGND),
<     .VPWR(VPWR));
<  sky130_fd_sc_hd__tapvpwrvgnd_1 TAP_TAPCELL_ROW_12_52 (.VGND(VGND),
<     .VPWR(VPWR));
<  sky130_fd_sc_hd__tapvpwrvgnd_1 TAP_TAPCELL_ROW_13_53 (.VGND(VGND),
<     .VPWR(VPWR));
<  sky130_fd_sc_hd__tapvpwrvgnd_1 TAP_TAPCELL_ROW_14_54 (.VGND(VGND),
<     .VPWR(VPWR));
<  sky130_fd_sc_hd__tapvpwrvgnd_1 TAP_TAPCELL_ROW_14_55 (.VGND(VGND),
<     .VPWR(VPWR));
<  sky130_fd_sc_hd__tapvpwrvgnd_1 TAP_TAPCELL_ROW_15_56 (.VGND(VGND),
<     .VPWR(VPWR));
<  sky130_fd_sc_hd__tapvpwrvgnd_1 TAP_TAPCELL_ROW_15_57 (.VGND(VGND),
<     .VPWR(VPWR));
<  sky130_fd_sc_hd__tapvpwrvgnd_1 TAP_TAPCELL_ROW_15_58 (.VGND(VGND),
<     .VPWR(VPWR));
<  sky130_fd_sc_hd__buf_1 input1 (.A(A[0]),
<     .VGND(VGND),
<     .VNB(VGND),
<     .VPB(VPWR),
<     .VPWR(VPWR),
<     .X(net1));
<  sky130_fd_sc_hd__clkbuf_1 input2 (.A(A[10]),
<     .VGND(VGND),
<     .VNB(VGND),
<     .VPB(VPWR),
<     .VPWR(VPWR),
<     .X(net2));
<  sky130_fd_sc_hd__clkbuf_1 input3 (.A(A[11]),
<     .VGND(VGND),
<     .VNB(VGND),
<     .VPB(VPWR),
<     .VPWR(VPWR),
<     .X(net3));
<  sky130_fd_sc_hd__clkbuf_1 input4 (.A(A[12]),
<     .VGND(VGND),
<     .VNB(VGND),
<     .VPB(VPWR),
<     .VPWR(VPWR),
<     .X(net4));
<  sky130_fd_sc_hd__clkbuf_1 input5 (.A(A[13]),
<     .VGND(VGND),
<     .VNB(VGND),
<     .VPB(VPWR),
<     .VPWR(VPWR),
<     .X(net5));
<  sky130_fd_sc_hd__clkbuf_1 input6 (.A(A[14]),
<     .VGND(VGND),
<     .VNB(VGND),
<     .VPB(VPWR),
<     .VPWR(VPWR),
<     .X(net6));
<  sky130_fd_sc_hd__clkbuf_1 input7 (.A(A[15]),
<     .VGND(VGND),
<     .VNB(VGND),
<     .VPB(VPWR),
<     .VPWR(VPWR),
<     .X(net7));
<  sky130_fd_sc_hd__clkbuf_1 input8 (.A(A[16]),
<     .VGND(VGND),
<     .VNB(VGND),
<     .VPB(VPWR),
<     .VPWR(VPWR),
<     .X(net8));
<  sky130_fd_sc_hd__clkbuf_1 input9 (.A(A[17]),
<     .VGND(VGND),
<     .VNB(VGND),
<     .VPB(VPWR),
<     .VPWR(VPWR),
<     .X(net9));
<  sky130_fd_sc_hd__clkbuf_1 input10 (.A(A[18]),
<     .VGND(VGND),
<     .VNB(VGND),
<     .VPB(VPWR),
<     .VPWR(VPWR),
<     .X(net10));
<  sky130_fd_sc_hd__clkbuf_1 input11 (.A(A[19]),
<     .VGND(VGND),
<     .VNB(VGND),
<     .VPB(VPWR),
<     .VPWR(VPWR),
<     .X(net11));
<  sky130_fd_sc_hd__clkbuf_1 input12 (.A(A[1]),
<     .VGND(VGND),
<     .VNB(VGND),
<     .VPB(VPWR),
<     .VPWR(VPWR),
<     .X(net12));
<  sky130_fd_sc_hd__clkbuf_1 input13 (.A(A[20]),
<     .VGND(VGND),
<     .VNB(VGND),
<     .VPB(VPWR),
<     .VPWR(VPWR),
<     .X(net13));
<  sky130_fd_sc_hd__clkbuf_1 input14 (.A(A[21]),
<     .VGND(VGND),
<     .VNB(VGND),
<     .VPB(VPWR),
<     .VPWR(VPWR),
<     .X(net14));
<  sky130_fd_sc_hd__clkbuf_1 input15 (.A(A[22]),
<     .VGND(VGND),
<     .VNB(VGND),
<     .VPB(VPWR),
<     .VPWR(VPWR),
<     .X(net15));
<  sky130_fd_sc_hd__clkbuf_1 input16 (.A(A[23]),
<     .VGND(VGND),
<     .VNB(VGND),
<     .VPB(VPWR),
<     .VPWR(VPWR),
<     .X(net16));
<  sky130_fd_sc_hd__clkbuf_1 input17 (.A(A[24]),
<     .VGND(VGND),
<     .VNB(VGND),
<     .VPB(VPWR),
<     .VPWR(VPWR),
<     .X(net17));
<  sky130_fd_sc_hd__clkbuf_1 input18 (.A(A[25]),
<     .VGND(VGND),
<     .VNB(VGND),
<     .VPB(VPWR),
<     .VPWR(VPWR),
<     .X(net18));
<  sky130_fd_sc_hd__buf_1 input19 (.A(A[26]),
<     .VGND(VGND),
<     .VNB(VGND),
<     .VPB(VPWR),
<     .VPWR(VPWR),
<     .X(net19));
<  sky130_fd_sc_hd__buf_1 input20 (.A(A[27]),
<     .VGND(VGND),
<     .VNB(VGND),
<     .VPB(VPWR),
<     .VPWR(VPWR),
<     .X(net20));
<  sky130_fd_sc_hd__clkbuf_1 input21 (.A(A[28]),
<     .VGND(VGND),
<     .VNB(VGND),
<     .VPB(VPWR),
<     .VPWR(VPWR),
<     .X(net21));
<  sky130_fd_sc_hd__clkbuf_1 input22 (.A(A[29]),
<     .VGND(VGND),
<     .VNB(VGND),
<     .VPB(VPWR),
<     .VPWR(VPWR),
<     .X(net22));
<  sky130_fd_sc_hd__buf_1 input23 (.A(A[2]),
<     .VGND(VGND),
<     .VNB(VGND),
<     .VPB(VPWR),
<     .VPWR(VPWR),
<     .X(net23));
<  sky130_fd_sc_hd__buf_1 input24 (.A(A[30]),
<     .VGND(VGND),
<     .VNB(VGND),
<     .VPB(VPWR),
<     .VPWR(VPWR),
<     .X(net24));
<  sky130_fd_sc_hd__clkbuf_1 input25 (.A(A[31]),
<     .VGND(VGND),
<     .VNB(VGND),
<     .VPB(VPWR),
<     .VPWR(VPWR),
<     .X(net25));
<  sky130_fd_sc_hd__clkbuf_1 input26 (.A(A[3]),
<     .VGND(VGND),
<     .VNB(VGND),
<     .VPB(VPWR),
<     .VPWR(VPWR),
<     .X(net26));
<  sky130_fd_sc_hd__clkbuf_1 input27 (.A(A[4]),
<     .VGND(VGND),
<     .VNB(VGND),
<     .VPB(VPWR),
<     .VPWR(VPWR),
<     .X(net27));
<  sky130_fd_sc_hd__clkbuf_1 input28 (.A(A[5]),
<     .VGND(VGND),
<     .VNB(VGND),
<     .VPB(VPWR),
<     .VPWR(VPWR),
<     .X(net28));
<  sky130_fd_sc_hd__clkbuf_1 input29 (.A(A[6]),
<     .VGND(VGND),
<     .VNB(VGND),
<     .VPB(VPWR),
<     .VPWR(VPWR),
<     .X(net29));
<  sky130_fd_sc_hd__clkbuf_1 input30 (.A(A[7]),
<     .VGND(VGND),
<     .VNB(VGND),
<     .VPB(VPWR),
<     .VPWR(VPWR),
<     .X(net30));
<  sky130_fd_sc_hd__clkbuf_1 input31 (.A(A[8]),
<     .VGND(VGND),
<     .VNB(VGND),
<     .VPB(VPWR),
<     .VPWR(VPWR),
<     .X(net31));
<  sky130_fd_sc_hd__clkbuf_1 input32 (.A(A[9]),
<     .VGND(VGND),
<     .VNB(VGND),
<     .VPB(VPWR),
<     .VPWR(VPWR),
<     .X(net32));
<  sky130_fd_sc_hd__clkbuf_1 input33 (.A(B[0]),
<     .VGND(VGND),
<     .VNB(VGND),
<     .VPB(VPWR),
<     .VPWR(VPWR),
<     .X(net33));
<  sky130_fd_sc_hd__clkbuf_1 input34 (.A(B[10]),
<     .VGND(VGND),
<     .VNB(VGND),
<     .VPB(VPWR),
<     .VPWR(VPWR),
<     .X(net34));
<  sky130_fd_sc_hd__clkbuf_1 input35 (.A(B[11]),
<     .VGND(VGND),
<     .VNB(VGND),
<     .VPB(VPWR),
<     .VPWR(VPWR),
<     .X(net35));
<  sky130_fd_sc_hd__clkbuf_1 input36 (.A(B[12]),
<     .VGND(VGND),
<     .VNB(VGND),
<     .VPB(VPWR),
<     .VPWR(VPWR),
<     .X(net36));
<  sky130_fd_sc_hd__clkbuf_1 input37 (.A(B[13]),
<     .VGND(VGND),
<     .VNB(VGND),
<     .VPB(VPWR),
<     .VPWR(VPWR),
<     .X(net37));
<  sky130_fd_sc_hd__clkbuf_1 input38 (.A(B[14]),
<     .VGND(VGND),
<     .VNB(VGND),
<     .VPB(VPWR),
<     .VPWR(VPWR),
<     .X(net38));
<  sky130_fd_sc_hd__clkbuf_1 input39 (.A(B[15]),
<     .VGND(VGND),
<     .VNB(VGND),
<     .VPB(VPWR),
<     .VPWR(VPWR),
<     .X(net39));
<  sky130_fd_sc_hd__clkbuf_1 input40 (.A(B[16]),
<     .VGND(VGND),
<     .VNB(VGND),
<     .VPB(VPWR),
<     .VPWR(VPWR),
<     .X(net40));
<  sky130_fd_sc_hd__clkbuf_1 input41 (.A(B[17]),
<     .VGND(VGND),
<     .VNB(VGND),
<     .VPB(VPWR),
<     .VPWR(VPWR),
<     .X(net41));
<  sky130_fd_sc_hd__clkbuf_1 input42 (.A(B[18]),
<     .VGND(VGND),
<     .VNB(VGND),
<     .VPB(VPWR),
<     .VPWR(VPWR),
<     .X(net42));
<  sky130_fd_sc_hd__clkbuf_1 input43 (.A(B[19]),
<     .VGND(VGND),
<     .VNB(VGND),
<     .VPB(VPWR),
<     .VPWR(VPWR),
<     .X(net43));
<  sky130_fd_sc_hd__clkbuf_1 input44 (.A(B[1]),
<     .VGND(VGND),
<     .VNB(VGND),
<     .VPB(VPWR),
<     .VPWR(VPWR),
<     .X(net44));
<  sky130_fd_sc_hd__clkbuf_1 input45 (.A(B[20]),
<     .VGND(VGND),
<     .VNB(VGND),
<     .VPB(VPWR),
<     .VPWR(VPWR),
<     .X(net45));
<  sky130_fd_sc_hd__buf_1 input46 (.A(B[21]),
<     .VGND(VGND),
<     .VNB(VGND),
<     .VPB(VPWR),
<     .VPWR(VPWR),
<     .X(net46));
<  sky130_fd_sc_hd__clkbuf_1 input47 (.A(B[22]),
<     .VGND(VGND),
<     .VNB(VGND),
<     .VPB(VPWR),
<     .VPWR(VPWR),
<     .X(net47));
<  sky130_fd_sc_hd__clkbuf_1 input48 (.A(B[23]),
<     .VGND(VGND),
<     .VNB(VGND),
<     .VPB(VPWR),
<     .VPWR(VPWR),
<     .X(net48));
<  sky130_fd_sc_hd__clkbuf_1 input49 (.A(B[24]),
<     .VGND(VGND),
<     .VNB(VGND),
<     .VPB(VPWR),
<     .VPWR(VPWR),
<     .X(net49));
<  sky130_fd_sc_hd__buf_1 input50 (.A(B[25]),
<     .VGND(VGND),
<     .VNB(VGND),
<     .VPB(VPWR),
<     .VPWR(VPWR),
<     .X(net50));
<  sky130_fd_sc_hd__clkbuf_1 input51 (.A(B[26]),
<     .VGND(VGND),
<     .VNB(VGND),
<     .VPB(VPWR),
<     .VPWR(VPWR),
<     .X(net51));
<  sky130_fd_sc_hd__buf_1 input52 (.A(B[27]),
<     .VGND(VGND),
<     .VNB(VGND),
<     .VPB(VPWR),
<     .VPWR(VPWR),
<     .X(net52));
<  sky130_fd_sc_hd__clkbuf_1 input53 (.A(B[28]),
<     .VGND(VGND),
<     .VNB(VGND),
<     .VPB(VPWR),
<     .VPWR(VPWR),
<     .X(net53));
<  sky130_fd_sc_hd__clkbuf_1 input54 (.A(B[29]),
<     .VGND(VGND),
<     .VNB(VGND),
<     .VPB(VPWR),
<     .VPWR(VPWR),
<     .X(net54));
<  sky130_fd_sc_hd__buf_1 input55 (.A(B[2]),
<     .VGND(VGND),
<     .VNB(VGND),
<     .VPB(VPWR),
<     .VPWR(VPWR),
<     .X(net55));
<  sky130_fd_sc_hd__clkbuf_1 input56 (.A(B[30]),
<     .VGND(VGND),
<     .VNB(VGND),
<     .VPB(VPWR),
<     .VPWR(VPWR),
<     .X(net56));
<  sky130_fd_sc_hd__clkbuf_1 input57 (.A(B[31]),
<     .VGND(VGND),
<     .VNB(VGND),
<     .VPB(VPWR),
<     .VPWR(VPWR),
<     .X(net57));
<  sky130_fd_sc_hd__clkbuf_1 input58 (.A(B[3]),
<     .VGND(VGND),
<     .VNB(VGND),
<     .VPB(VPWR),
<     .VPWR(VPWR),
<     .X(net58));
<  sky130_fd_sc_hd__clkbuf_1 input59 (.A(B[4]),
<     .VGND(VGND),
<     .VNB(VGND),
<     .VPB(VPWR),
<     .VPWR(VPWR),
<     .X(net59));
<  sky130_fd_sc_hd__clkbuf_1 input60 (.A(B[5]),
<     .VGND(VGND),
<     .VNB(VGND),
<     .VPB(VPWR),
<     .VPWR(VPWR),
<     .X(net60));
<  sky130_fd_sc_hd__clkbuf_1 input61 (.A(B[6]),
<     .VGND(VGND),
<     .VNB(VGND),
<     .VPB(VPWR),
<     .VPWR(VPWR),
<     .X(net61));
<  sky130_fd_sc_hd__clkbuf_1 input62 (.A(B[7]),
<     .VGND(VGND),
<     .VNB(VGND),
<     .VPB(VPWR),
<     .VPWR(VPWR),
<     .X(net62));
<  sky130_fd_sc_hd__clkbuf_1 input63 (.A(B[8]),
<     .VGND(VGND),
<     .VNB(VGND),
<     .VPB(VPWR),
<     .VPWR(VPWR),
<     .X(net63));
<  sky130_fd_sc_hd__clkbuf_1 input64 (.A(B[9]),
<     .VGND(VGND),
<     .VNB(VGND),
<     .VPB(VPWR),
<     .VPWR(VPWR),
<     .X(net64));
<  sky130_fd_sc_hd__buf_2 output65 (.A(net65),
---
>     .B1(EQ),
1674,2210c1031
<     .X(EQ));
<  sky130_fd_sc_hd__buf_2 output66 (.A(net66),
<     .VGND(VGND),
<     .VNB(VGND),
<     .VPB(VPWR),
<     .VPWR(VPWR),
<     .X(GT));
<  sky130_fd_sc_hd__buf_2 output67 (.A(net67),
<     .VGND(VGND),
<     .VNB(VGND),
<     .VPB(VPWR),
<     .VPWR(VPWR),
<     .X(LT));
<  sky130_fd_sc_hd__clkbuf_1 max_cap68 (.A(net69),
<     .VGND(VGND),
<     .VNB(VGND),
<     .VPB(VPWR),
<     .VPWR(VPWR),
<     .X(net68));
<  sky130_fd_sc_hd__clkbuf_1 wire1 (.A(_013_),
<     .VGND(VGND),
<     .VNB(VGND),
<     .VPB(VPWR),
<     .VPWR(VPWR),
<     .X(net69));
<  sky130_fd_sc_hd__fill_1 FILLER_0_23 (.VGND(VGND),
<     .VNB(VGND),
<     .VPB(VPWR),
<     .VPWR(VPWR));
<  sky130_fd_sc_hd__fill_1 FILLER_0_27 (.VGND(VGND),
<     .VNB(VGND),
<     .VPB(VPWR),
<     .VPWR(VPWR));
<  sky130_fd_sc_hd__fill_2 FILLER_0_29 (.VGND(VGND),
<     .VNB(VGND),
<     .VPB(VPWR),
<     .VPWR(VPWR));
<  sky130_fd_sc_hd__decap_3 FILLER_0_42 (.VGND(VGND),
<     .VNB(VGND),
<     .VPB(VPWR),
<     .VPWR(VPWR));
<  sky130_fd_sc_hd__decap_4 FILLER_0_48 (.VGND(VGND),
<     .VNB(VGND),
<     .VPB(VPWR),
<     .VPWR(VPWR));
<  sky130_fd_sc_hd__fill_1 FILLER_0_55 (.VGND(VGND),
<     .VNB(VGND),
<     .VPB(VPWR),
<     .VPWR(VPWR));
<  sky130_fd_sc_hd__fill_1 FILLER_0_65 (.VGND(VGND),
<     .VNB(VGND),
<     .VPB(VPWR),
<     .VPWR(VPWR));
<  sky130_fd_sc_hd__decap_4 FILLER_0_69 (.VGND(VGND),
<     .VNB(VGND),
<     .VPB(VPWR),
<     .VPWR(VPWR));
<  sky130_fd_sc_hd__fill_1 FILLER_0_76 (.VGND(VGND),
<     .VNB(VGND),
<     .VPB(VPWR),
<     .VPWR(VPWR));
<  sky130_fd_sc_hd__fill_1 FILLER_0_83 (.VGND(VGND),
<     .VNB(VGND),
<     .VPB(VPWR),
<     .VPWR(VPWR));
<  sky130_fd_sc_hd__fill_1 FILLER_1_3 (.VGND(VGND),
<     .VNB(VGND),
<     .VPB(VPWR),
<     .VPWR(VPWR));
<  sky130_fd_sc_hd__fill_2 FILLER_1_19 (.VGND(VGND),
<     .VNB(VGND),
<     .VPB(VPWR),
<     .VPWR(VPWR));
<  sky130_fd_sc_hd__decap_4 FILLER_1_44 (.VGND(VGND),
<     .VNB(VGND),
<     .VPB(VPWR),
<     .VPWR(VPWR));
<  sky130_fd_sc_hd__decap_4 FILLER_1_51 (.VGND(VGND),
<     .VNB(VGND),
<     .VPB(VPWR),
<     .VPWR(VPWR));
<  sky130_fd_sc_hd__fill_1 FILLER_1_55 (.VGND(VGND),
<     .VNB(VGND),
<     .VPB(VPWR),
<     .VPWR(VPWR));
<  sky130_fd_sc_hd__fill_2 FILLER_1_72 (.VGND(VGND),
<     .VNB(VGND),
<     .VPB(VPWR),
<     .VPWR(VPWR));
<  sky130_fd_sc_hd__decap_3 FILLER_2_25 (.VGND(VGND),
<     .VNB(VGND),
<     .VPB(VPWR),
<     .VPWR(VPWR));
<  sky130_fd_sc_hd__decap_4 FILLER_2_29 (.VGND(VGND),
<     .VNB(VGND),
<     .VPB(VPWR),
<     .VPWR(VPWR));
<  sky130_fd_sc_hd__decap_8 FILLER_2_50 (.VGND(VGND),
<     .VNB(VGND),
<     .VPB(VPWR),
<     .VPWR(VPWR));
<  sky130_fd_sc_hd__decap_3 FILLER_2_58 (.VGND(VGND),
<     .VNB(VGND),
<     .VPB(VPWR),
<     .VPWR(VPWR));
<  sky130_fd_sc_hd__fill_2 FILLER_2_74 (.VGND(VGND),
<     .VNB(VGND),
<     .VPB(VPWR),
<     .VPWR(VPWR));
<  sky130_fd_sc_hd__fill_2 FILLER_2_82 (.VGND(VGND),
<     .VNB(VGND),
<     .VPB(VPWR),
<     .VPWR(VPWR));
<  sky130_fd_sc_hd__fill_2 FILLER_2_85 (.VGND(VGND),
<     .VNB(VGND),
<     .VPB(VPWR),
<     .VPWR(VPWR));
<  sky130_fd_sc_hd__fill_2 FILLER_3_3 (.VGND(VGND),
<     .VNB(VGND),
<     .VPB(VPWR),
<     .VPWR(VPWR));
<  sky130_ef_sc_hd__decap_12 FILLER_3_13 (.VPWR(VPWR),
<     .VGND(VGND),
<     .VPB(VPWR),
<     .VNB(VGND));
<  sky130_fd_sc_hd__decap_8 FILLER_3_25 (.VGND(VGND),
<     .VNB(VGND),
<     .VPB(VPWR),
<     .VPWR(VPWR));
<  sky130_fd_sc_hd__fill_2 FILLER_3_33 (.VGND(VGND),
<     .VNB(VGND),
<     .VPB(VPWR),
<     .VPWR(VPWR));
<  sky130_ef_sc_hd__decap_12 FILLER_3_40 (.VPWR(VPWR),
<     .VGND(VGND),
<     .VPB(VPWR),
<     .VNB(VGND));
<  sky130_fd_sc_hd__decap_4 FILLER_3_52 (.VGND(VGND),
<     .VNB(VGND),
<     .VPB(VPWR),
<     .VPWR(VPWR));
<  sky130_ef_sc_hd__decap_12 FILLER_3_57 (.VPWR(VPWR),
<     .VGND(VGND),
<     .VPB(VPWR),
<     .VNB(VGND));
<  sky130_ef_sc_hd__decap_12 FILLER_3_69 (.VPWR(VPWR),
<     .VGND(VGND),
<     .VPB(VPWR),
<     .VNB(VGND));
<  sky130_fd_sc_hd__decap_3 FILLER_3_84 (.VGND(VGND),
<     .VNB(VGND),
<     .VPB(VPWR),
<     .VPWR(VPWR));
<  sky130_fd_sc_hd__decap_4 FILLER_3_92 (.VGND(VGND),
<     .VNB(VGND),
<     .VPB(VPWR),
<     .VPWR(VPWR));
<  sky130_fd_sc_hd__decap_4 FILLER_4_20 (.VGND(VGND),
<     .VNB(VGND),
<     .VPB(VPWR),
<     .VPWR(VPWR));
<  sky130_fd_sc_hd__fill_1 FILLER_4_24 (.VGND(VGND),
<     .VNB(VGND),
<     .VPB(VPWR),
<     .VPWR(VPWR));
<  sky130_fd_sc_hd__fill_1 FILLER_4_29 (.VGND(VGND),
<     .VNB(VGND),
<     .VPB(VPWR),
<     .VPWR(VPWR));
<  sky130_ef_sc_hd__decap_12 FILLER_4_43 (.VPWR(VPWR),
<     .VGND(VGND),
<     .VPB(VPWR),
<     .VNB(VGND));
<  sky130_ef_sc_hd__decap_12 FILLER_4_55 (.VPWR(VPWR),
<     .VGND(VGND),
<     .VPB(VPWR),
<     .VNB(VGND));
<  sky130_fd_sc_hd__decap_6 FILLER_4_67 (.VGND(VGND),
<     .VNB(VGND),
<     .VPB(VPWR),
<     .VPWR(VPWR));
<  sky130_fd_sc_hd__fill_1 FILLER_4_73 (.VGND(VGND),
<     .VNB(VGND),
<     .VPB(VPWR),
<     .VPWR(VPWR));
<  sky130_fd_sc_hd__fill_1 FILLER_4_92 (.VGND(VGND),
<     .VNB(VGND),
<     .VPB(VPWR),
<     .VPWR(VPWR));
<  sky130_fd_sc_hd__fill_2 FILLER_5_3 (.VGND(VGND),
<     .VNB(VGND),
<     .VPB(VPWR),
<     .VPWR(VPWR));
<  sky130_fd_sc_hd__fill_1 FILLER_5_23 (.VGND(VGND),
<     .VNB(VGND),
<     .VPB(VPWR),
<     .VPWR(VPWR));
<  sky130_ef_sc_hd__decap_12 FILLER_5_42 (.VPWR(VPWR),
<     .VGND(VGND),
<     .VPB(VPWR),
<     .VNB(VGND));
<  sky130_fd_sc_hd__fill_2 FILLER_5_54 (.VGND(VGND),
<     .VNB(VGND),
<     .VPB(VPWR),
<     .VPWR(VPWR));
<  sky130_fd_sc_hd__decap_8 FILLER_5_57 (.VGND(VGND),
<     .VNB(VGND),
<     .VPB(VPWR),
<     .VPWR(VPWR));
<  sky130_fd_sc_hd__fill_1 FILLER_5_65 (.VGND(VGND),
<     .VNB(VGND),
<     .VPB(VPWR),
<     .VPWR(VPWR));
<  sky130_fd_sc_hd__decap_3 FILLER_5_74 (.VGND(VGND),
<     .VNB(VGND),
<     .VPB(VPWR),
<     .VPWR(VPWR));
<  sky130_fd_sc_hd__decap_3 FILLER_5_84 (.VGND(VGND),
<     .VNB(VGND),
<     .VPB(VPWR),
<     .VPWR(VPWR));
<  sky130_fd_sc_hd__fill_1 FILLER_5_92 (.VGND(VGND),
<     .VNB(VGND),
<     .VPB(VPWR),
<     .VPWR(VPWR));
<  sky130_ef_sc_hd__decap_12 FILLER_6_6 (.VPWR(VPWR),
<     .VGND(VGND),
<     .VPB(VPWR),
<     .VNB(VGND));
<  sky130_fd_sc_hd__decap_8 FILLER_6_18 (.VGND(VGND),
<     .VNB(VGND),
<     .VPB(VPWR),
<     .VPWR(VPWR));
<  sky130_fd_sc_hd__fill_2 FILLER_6_26 (.VGND(VGND),
<     .VNB(VGND),
<     .VPB(VPWR),
<     .VPWR(VPWR));
<  sky130_ef_sc_hd__decap_12 FILLER_6_29 (.VPWR(VPWR),
<     .VGND(VGND),
<     .VPB(VPWR),
<     .VNB(VGND));
<  sky130_ef_sc_hd__decap_12 FILLER_6_41 (.VPWR(VPWR),
<     .VGND(VGND),
<     .VPB(VPWR),
<     .VNB(VGND));
<  sky130_fd_sc_hd__decap_8 FILLER_6_53 (.VGND(VGND),
<     .VNB(VGND),
<     .VPB(VPWR),
<     .VPWR(VPWR));
<  sky130_fd_sc_hd__fill_2 FILLER_6_61 (.VGND(VGND),
<     .VNB(VGND),
<     .VPB(VPWR),
<     .VPWR(VPWR));
<  sky130_fd_sc_hd__decap_6 FILLER_6_77 (.VGND(VGND),
<     .VNB(VGND),
<     .VPB(VPWR),
<     .VPWR(VPWR));
<  sky130_fd_sc_hd__fill_1 FILLER_6_83 (.VGND(VGND),
<     .VNB(VGND),
<     .VPB(VPWR),
<     .VPWR(VPWR));
<  sky130_fd_sc_hd__fill_2 FILLER_6_85 (.VGND(VGND),
<     .VNB(VGND),
<     .VPB(VPWR),
<     .VPWR(VPWR));
<  sky130_fd_sc_hd__fill_1 FILLER_6_92 (.VGND(VGND),
<     .VNB(VGND),
<     .VPB(VPWR),
<     .VPWR(VPWR));
<  sky130_fd_sc_hd__fill_1 FILLER_7_6 (.VGND(VGND),
<     .VNB(VGND),
<     .VPB(VPWR),
<     .VPWR(VPWR));
<  sky130_ef_sc_hd__decap_12 FILLER_7_10 (.VPWR(VPWR),
<     .VGND(VGND),
<     .VPB(VPWR),
<     .VNB(VGND));
<  sky130_ef_sc_hd__decap_12 FILLER_7_22 (.VPWR(VPWR),
<     .VGND(VGND),
<     .VPB(VPWR),
<     .VNB(VGND));
<  sky130_ef_sc_hd__decap_12 FILLER_7_34 (.VPWR(VPWR),
<     .VGND(VGND),
<     .VPB(VPWR),
<     .VNB(VGND));
<  sky130_fd_sc_hd__decap_8 FILLER_7_46 (.VGND(VGND),
<     .VNB(VGND),
<     .VPB(VPWR),
<     .VPWR(VPWR));
<  sky130_fd_sc_hd__fill_2 FILLER_7_54 (.VGND(VGND),
<     .VNB(VGND),
<     .VPB(VPWR),
<     .VPWR(VPWR));
<  sky130_fd_sc_hd__decap_8 FILLER_7_57 (.VGND(VGND),
<     .VNB(VGND),
<     .VPB(VPWR),
<     .VPWR(VPWR));
<  sky130_fd_sc_hd__fill_1 FILLER_7_65 (.VGND(VGND),
<     .VNB(VGND),
<     .VPB(VPWR),
<     .VPWR(VPWR));
<  sky130_fd_sc_hd__fill_1 FILLER_7_86 (.VGND(VGND),
<     .VNB(VGND),
<     .VPB(VPWR),
<     .VPWR(VPWR));
<  sky130_fd_sc_hd__decap_8 FILLER_8_18 (.VGND(VGND),
<     .VNB(VGND),
<     .VPB(VPWR),
<     .VPWR(VPWR));
<  sky130_fd_sc_hd__fill_2 FILLER_8_26 (.VGND(VGND),
<     .VNB(VGND),
<     .VPB(VPWR),
<     .VPWR(VPWR));
<  sky130_ef_sc_hd__decap_12 FILLER_8_29 (.VPWR(VPWR),
<     .VGND(VGND),
<     .VPB(VPWR),
<     .VNB(VGND));
<  sky130_ef_sc_hd__decap_12 FILLER_8_41 (.VPWR(VPWR),
<     .VGND(VGND),
<     .VPB(VPWR),
<     .VNB(VGND));
<  sky130_ef_sc_hd__decap_12 FILLER_8_53 (.VPWR(VPWR),
<     .VGND(VGND),
<     .VPB(VPWR),
<     .VNB(VGND));
<  sky130_fd_sc_hd__decap_6 FILLER_8_65 (.VGND(VGND),
<     .VNB(VGND),
<     .VPB(VPWR),
<     .VPWR(VPWR));
<  sky130_fd_sc_hd__fill_1 FILLER_8_71 (.VGND(VGND),
<     .VNB(VGND),
<     .VPB(VPWR),
<     .VPWR(VPWR));
<  sky130_fd_sc_hd__decap_6 FILLER_8_77 (.VGND(VGND),
<     .VNB(VGND),
<     .VPB(VPWR),
<     .VPWR(VPWR));
<  sky130_fd_sc_hd__fill_1 FILLER_8_83 (.VGND(VGND),
<     .VNB(VGND),
<     .VPB(VPWR),
<     .VPWR(VPWR));
<  sky130_fd_sc_hd__decap_8 FILLER_8_85 (.VGND(VGND),
<     .VNB(VGND),
<     .VPB(VPWR),
<     .VPWR(VPWR));
<  sky130_ef_sc_hd__decap_12 FILLER_9_14 (.VPWR(VPWR),
<     .VGND(VGND),
<     .VPB(VPWR),
<     .VNB(VGND));
<  sky130_ef_sc_hd__decap_12 FILLER_9_26 (.VPWR(VPWR),
<     .VGND(VGND),
<     .VPB(VPWR),
<     .VNB(VGND));
<  sky130_ef_sc_hd__decap_12 FILLER_9_38 (.VPWR(VPWR),
<     .VGND(VGND),
<     .VPB(VPWR),
<     .VNB(VGND));
<  sky130_fd_sc_hd__decap_6 FILLER_9_50 (.VGND(VGND),
<     .VNB(VGND),
<     .VPB(VPWR),
<     .VPWR(VPWR));
<  sky130_fd_sc_hd__decap_6 FILLER_9_57 (.VGND(VGND),
<     .VNB(VGND),
<     .VPB(VPWR),
<     .VPWR(VPWR));
<  sky130_ef_sc_hd__decap_12 FILLER_9_68 (.VPWR(VPWR),
<     .VGND(VGND),
<     .VPB(VPWR),
<     .VNB(VGND));
<  sky130_fd_sc_hd__decap_4 FILLER_9_80 (.VGND(VGND),
<     .VNB(VGND),
<     .VPB(VPWR),
<     .VPWR(VPWR));
<  sky130_fd_sc_hd__fill_1 FILLER_9_84 (.VGND(VGND),
<     .VNB(VGND),
<     .VPB(VPWR),
<     .VPWR(VPWR));
<  sky130_fd_sc_hd__decap_3 FILLER_10_20 (.VGND(VGND),
<     .VNB(VGND),
<     .VPB(VPWR),
<     .VPWR(VPWR));
<  sky130_fd_sc_hd__decap_6 FILLER_10_43 (.VGND(VGND),
<     .VNB(VGND),
<     .VPB(VPWR),
<     .VPWR(VPWR));
<  sky130_fd_sc_hd__decap_6 FILLER_10_73 (.VGND(VGND),
<     .VNB(VGND),
<     .VPB(VPWR),
<     .VPWR(VPWR));
<  sky130_fd_sc_hd__fill_1 FILLER_10_95 (.VGND(VGND),
<     .VNB(VGND),
<     .VPB(VPWR),
<     .VPWR(VPWR));
<  sky130_ef_sc_hd__decap_12 FILLER_11_23 (.VPWR(VPWR),
<     .VGND(VGND),
<     .VPB(VPWR),
<     .VNB(VGND));
<  sky130_fd_sc_hd__decap_6 FILLER_11_35 (.VGND(VGND),
<     .VNB(VGND),
<     .VPB(VPWR),
<     .VPWR(VPWR));
<  sky130_fd_sc_hd__decap_8 FILLER_11_45 (.VGND(VGND),
<     .VNB(VGND),
<     .VPB(VPWR),
<     .VPWR(VPWR));
<  sky130_fd_sc_hd__decap_3 FILLER_11_53 (.VGND(VGND),
<     .VNB(VGND),
<     .VPB(VPWR),
<     .VPWR(VPWR));
<  sky130_ef_sc_hd__decap_12 FILLER_11_57 (.VPWR(VPWR),
<     .VGND(VGND),
<     .VPB(VPWR),
<     .VNB(VGND));
<  sky130_fd_sc_hd__decap_8 FILLER_11_69 (.VGND(VGND),
<     .VNB(VGND),
<     .VPB(VPWR),
<     .VPWR(VPWR));
<  sky130_ef_sc_hd__decap_12 FILLER_12_15 (.VPWR(VPWR),
<     .VGND(VGND),
<     .VPB(VPWR),
<     .VNB(VGND));
<  sky130_fd_sc_hd__fill_1 FILLER_12_27 (.VGND(VGND),
<     .VNB(VGND),
<     .VPB(VPWR),
<     .VPWR(VPWR));
<  sky130_ef_sc_hd__decap_12 FILLER_12_36 (.VPWR(VPWR),
<     .VGND(VGND),
<     .VPB(VPWR),
<     .VNB(VGND));
<  sky130_fd_sc_hd__fill_1 FILLER_12_48 (.VGND(VGND),
<     .VNB(VGND),
<     .VPB(VPWR),
<     .VPWR(VPWR));
<  sky130_fd_sc_hd__decap_8 FILLER_12_55 (.VGND(VGND),
<     .VNB(VGND),
<     .VPB(VPWR),
<     .VPWR(VPWR));
<  sky130_fd_sc_hd__fill_2 FILLER_12_70 (.VGND(VGND),
<     .VNB(VGND),
<     .VPB(VPWR),
<     .VPWR(VPWR));
<  sky130_fd_sc_hd__fill_2 FILLER_12_85 (.VGND(VGND),
<     .VNB(VGND),
<     .VPB(VPWR),
<     .VPWR(VPWR));
<  sky130_fd_sc_hd__fill_2 FILLER_13_11 (.VGND(VGND),
<     .VNB(VGND),
<     .VPB(VPWR),
<     .VPWR(VPWR));
<  sky130_fd_sc_hd__decap_3 FILLER_13_31 (.VGND(VGND),
<     .VNB(VGND),
<     .VPB(VPWR),
<     .VPWR(VPWR));
<  sky130_fd_sc_hd__decap_8 FILLER_13_39 (.VGND(VGND),
<     .VNB(VGND),
<     .VPB(VPWR),
<     .VPWR(VPWR));
<  sky130_fd_sc_hd__fill_1 FILLER_13_47 (.VGND(VGND),
<     .VNB(VGND),
<     .VPB(VPWR),
<     .VPWR(VPWR));
<  sky130_fd_sc_hd__fill_2 FILLER_13_57 (.VGND(VGND),
<     .VNB(VGND),
<     .VPB(VPWR),
<     .VPWR(VPWR));
<  sky130_fd_sc_hd__fill_2 FILLER_13_79 (.VGND(VGND),
<     .VNB(VGND),
<     .VPB(VPWR),
<     .VPWR(VPWR));
<  sky130_fd_sc_hd__fill_1 FILLER_14_3 (.VGND(VGND),
<     .VNB(VGND),
<     .VPB(VPWR),
<     .VPWR(VPWR));
<  sky130_fd_sc_hd__fill_2 FILLER_14_19 (.VGND(VGND),
<     .VNB(VGND),
<     .VPB(VPWR),
<     .VPWR(VPWR));
<  sky130_fd_sc_hd__fill_1 FILLER_14_46 (.VGND(VGND),
<     .VNB(VGND),
<     .VPB(VPWR),
<     .VPWR(VPWR));
<  sky130_fd_sc_hd__fill_2 FILLER_14_76 (.VGND(VGND),
<     .VNB(VGND),
<     .VPB(VPWR),
<     .VPWR(VPWR));
<  sky130_fd_sc_hd__fill_2 FILLER_14_85 (.VGND(VGND),
<     .VNB(VGND),
<     .VPB(VPWR),
<     .VPWR(VPWR));
<  sky130_fd_sc_hd__fill_1 FILLER_15_16 (.VGND(VGND),
<     .VNB(VGND),
<     .VPB(VPWR),
<     .VPWR(VPWR));
<  sky130_fd_sc_hd__fill_1 FILLER_15_23 (.VGND(VGND),
<     .VNB(VGND),
<     .VPB(VPWR),
<     .VPWR(VPWR));
<  sky130_fd_sc_hd__fill_1 FILLER_15_27 (.VGND(VGND),
<     .VNB(VGND),
<     .VPB(VPWR),
<     .VPWR(VPWR));
<  sky130_fd_sc_hd__fill_2 FILLER_15_29 (.VGND(VGND),
<     .VNB(VGND),
<     .VPB(VPWR),
<     .VPWR(VPWR));
<  sky130_fd_sc_hd__fill_2 FILLER_15_43 (.VGND(VGND),
<     .VNB(VGND),
<     .VPB(VPWR),
<     .VPWR(VPWR));
<  sky130_fd_sc_hd__fill_1 FILLER_15_48 (.VGND(VGND),
<     .VNB(VGND),
<     .VPB(VPWR),
<     .VPWR(VPWR));
<  sky130_fd_sc_hd__fill_1 FILLER_15_55 (.VGND(VGND),
<     .VNB(VGND),
<     .VPB(VPWR),
<     .VPWR(VPWR));
<  sky130_fd_sc_hd__fill_2 FILLER_15_57 (.VGND(VGND),
<     .VNB(VGND),
<     .VPB(VPWR),
<     .VPWR(VPWR));
<  sky130_fd_sc_hd__fill_2 FILLER_15_69 (.VGND(VGND),
<     .VNB(VGND),
<     .VPB(VPWR),
<     .VPWR(VPWR));
<  sky130_fd_sc_hd__fill_1 FILLER_15_79 (.VGND(VGND),
<     .VNB(VGND),
<     .VPB(VPWR),
<     .VPWR(VPWR));
<  sky130_fd_sc_hd__fill_1 FILLER_15_83 (.VGND(VGND),
<     .VNB(VGND),
<     .VPB(VPWR),
<     .VPWR(VPWR));
<  sky130_fd_sc_hd__fill_2 FILLER_15_85 (.VGND(VGND),
<     .VNB(VGND),
<     .VPB(VPWR),
<     .VPWR(VPWR));
---
>     .Y(GT));
