107. Printing statistics.

=== cmp_32 ===

   Number of wires:                161
   Number of wire bits:            223
   Number of public wires:           5
   Number of public wire bits:      67
   Number of ports:                  5
   Number of port bits:             67
   Number of memories:               0
   Number of memory bits:            0
   Number of processes:              0
   Number of cells:                159
     $_ANDNOT_                      78
     $_AND_                          3
     $_NAND_                         1
     $_NOR_                          2
     $_ORNOT_                       31
     $_OR_                          12
     $_XNOR_                        10
     $_XOR_                         22

   Area for cell type $_AND_ is unknown!
   Area for cell type $_NAND_ is unknown!
   Area for cell type $_OR_ is unknown!
   Area for cell type $_NOR_ is unknown!
   Area for cell type $_XOR_ is unknown!
   Area for cell type $_XNOR_ is unknown!
   Area for cell type $_ANDNOT_ is unknown!
   Area for cell type $_ORNOT_ is unknown!

