                                                                        Cells by Master                                                                         
┏━━━━━━━━━━━━━━━━━━━━━━━━━━━━━━━━━━━━━━━━━━━━━━━━━━━━━━━━━━━━━━━━━━━━━━━━━━━━━━━━━━━━━━━━━━━━━━━━━━━━━━━━━━━━━━━━━━━━━━━━━━━━━━━━━━┳━━━━━━━━━━━━━━━━━━━━━━━━━━━┓
┃ Cell                                                                                                                             ┃ Count                     ┃
┡━━━━━━━━━━━━━━━━━━━━━━━━━━━━━━━━━━━━━━━━━━━━━━━━━━━━━━━━━━━━━━━━━━━━━━━━━━━━━━━━━━━━━━━━━━━━━━━━━━━━━━━━━━━━━━━━━━━━━━━━━━━━━━━━━━╇━━━━━━━━━━━━━━━━━━━━━━━━━━━┩
│ sky130_ef_sc_hd__decap_12                                                                                                        │ 2308                      │
│ sky130_fd_sc_hd__a211o_1                                                                                                         │ 125                       │
│ sky130_fd_sc_hd__a211o_2                                                                                                         │ 8                         │
│ sky130_fd_sc_hd__a211oi_1                                                                                                        │ 73                        │
│ sky130_fd_sc_hd__a211oi_2                                                                                                        │ 70                        │
│ sky130_fd_sc_hd__a211oi_4                                                                                                        │ 18                        │
│ sky130_fd_sc_hd__a21bo_1                                                                                                         │ 101                       │
│ sky130_fd_sc_hd__a21boi_1                                                                                                        │ 11                        │
│ sky130_fd_sc_hd__a21boi_2                                                                                                        │ 3                         │
│ sky130_fd_sc_hd__a21o_1                                                                                                          │ 390                       │
│ sky130_fd_sc_hd__a21o_2                                                                                                          │ 3                         │
│ sky130_fd_sc_hd__a21oi_1                                                                                                         │ 185                       │
│ sky130_fd_sc_hd__a21oi_2                                                                                                         │ 27                        │
│ sky130_fd_sc_hd__a22o_1                                                                                                          │ 214                       │
│ sky130_fd_sc_hd__a22oi_1                                                                                                         │ 134                       │
│ sky130_fd_sc_hd__a22oi_2                                                                                                         │ 40                        │
│ sky130_fd_sc_hd__a22oi_4                                                                                                         │ 2                         │
│ sky130_fd_sc_hd__a2bb2o_1                                                                                                        │ 14                        │
│ sky130_fd_sc_hd__a2bb2oi_1                                                                                                       │ 7                         │
│ sky130_fd_sc_hd__a2bb2oi_2                                                                                                       │ 1                         │
│ sky130_fd_sc_hd__a311o_1                                                                                                         │ 1                         │
│ sky130_fd_sc_hd__a311o_4                                                                                                         │ 1                         │
│ sky130_fd_sc_hd__a31o_1                                                                                                          │ 83                        │
│ sky130_fd_sc_hd__a31oi_1                                                                                                         │ 3                         │
│ sky130_fd_sc_hd__a31oi_2                                                                                                         │ 2                         │
│ sky130_fd_sc_hd__a32o_1                                                                                                          │ 3                         │
│ sky130_fd_sc_hd__a32oi_2                                                                                                         │ 2                         │
│ sky130_fd_sc_hd__a41o_1                                                                                                          │ 1                         │
│ sky130_fd_sc_hd__and2_1                                                                                                          │ 121                       │
│ sky130_fd_sc_hd__and2b_1                                                                                                         │ 171                       │
│ sky130_fd_sc_hd__and3_1                                                                                                          │ 204                       │
│ sky130_fd_sc_hd__and3_2                                                                                                          │ 13                        │
│ sky130_fd_sc_hd__and3b_1                                                                                                         │ 4                         │
│ sky130_fd_sc_hd__and4_1                                                                                                          │ 233                       │
│ sky130_fd_sc_hd__and4bb_1                                                                                                        │ 34                        │
│ sky130_fd_sc_hd__and4bb_2                                                                                                        │ 1                         │
│ sky130_fd_sc_hd__buf_1                                                                                                           │ 55                        │
│ sky130_fd_sc_hd__buf_2                                                                                                           │ 319                       │
│ sky130_fd_sc_hd__buf_4                                                                                                           │ 14                        │
│ sky130_fd_sc_hd__clkbuf_1                                                                                                        │ 18                        │
│ sky130_fd_sc_hd__clkbuf_2                                                                                                        │ 92                        │
│ sky130_fd_sc_hd__clkbuf_4                                                                                                        │ 115                       │
│ sky130_fd_sc_hd__decap_3                                                                                                         │ 908                       │
│ sky130_fd_sc_hd__decap_4                                                                                                         │ 786                       │
│ sky130_fd_sc_hd__decap_6                                                                                                         │ 770                       │
│ sky130_fd_sc_hd__decap_8                                                                                                         │ 910                       │
│ sky130_fd_sc_hd__diode_2                                                                                                         │ 29                        │
│ sky130_fd_sc_hd__dlymetal6s2s_1                                                                                                  │ 22                        │
│ sky130_fd_sc_hd__fill_1                                                                                                          │ 1744                      │
│ sky130_fd_sc_hd__fill_2                                                                                                          │ 760                       │
│ sky130_fd_sc_hd__inv_2                                                                                                           │ 69                        │
│ sky130_fd_sc_hd__nand2_1                                                                                                         │ 459                       │
│ sky130_fd_sc_hd__nand2_2                                                                                                         │ 1                         │
│ sky130_fd_sc_hd__nand2b_1                                                                                                        │ 91                        │
│ sky130_fd_sc_hd__nand2b_2                                                                                                        │ 1                         │
│ sky130_fd_sc_hd__nand3_1                                                                                                         │ 233                       │
│ sky130_fd_sc_hd__nand3_2                                                                                                         │ 101                       │
│ sky130_fd_sc_hd__nand3_4                                                                                                         │ 8                         │
│ sky130_fd_sc_hd__nand3b_1                                                                                                        │ 12                        │
│ sky130_fd_sc_hd__nand3b_2                                                                                                        │ 2                         │
│ sky130_fd_sc_hd__nand4_1                                                                                                         │ 99                        │
│ sky130_fd_sc_hd__nand4_2                                                                                                         │ 53                        │
│ sky130_fd_sc_hd__nand4_4                                                                                                         │ 2                         │
│ sky130_fd_sc_hd__nand4b_1                                                                                                        │ 1                         │
│ sky130_fd_sc_hd__nor2_1                                                                                                          │ 318                       │
│ sky130_fd_sc_hd__nor2_2                                                                                                          │ 1                         │
│ sky130_fd_sc_hd__nor3_1                                                                                                          │ 49                        │
│ sky130_fd_sc_hd__nor3_2                                                                                                          │ 5                         │
│ sky130_fd_sc_hd__nor3_4                                                                                                          │ 1                         │
│ sky130_fd_sc_hd__nor3b_1                                                                                                         │ 5                         │
│ sky130_fd_sc_hd__nor4_1                                                                                                          │ 13                        │
│ sky130_fd_sc_hd__nor4_2                                                                                                          │ 2                         │
│ sky130_fd_sc_hd__o211a_1                                                                                                         │ 147                       │
│ sky130_fd_sc_hd__o211a_2                                                                                                         │ 3                         │
│ sky130_fd_sc_hd__o211ai_1                                                                                                        │ 42                        │
│ sky130_fd_sc_hd__o211ai_2                                                                                                        │ 60                        │
│ sky130_fd_sc_hd__o211ai_4                                                                                                        │ 27                        │
│ sky130_fd_sc_hd__o21a_1                                                                                                          │ 70                        │
│ sky130_fd_sc_hd__o21a_2                                                                                                          │ 1                         │
│ sky130_fd_sc_hd__o21ai_1                                                                                                         │ 95                        │
│ sky130_fd_sc_hd__o21ai_2                                                                                                         │ 10                        │
│ sky130_fd_sc_hd__o21ba_1                                                                                                         │ 93                        │
│ sky130_fd_sc_hd__o21bai_1                                                                                                        │ 60                        │
│ sky130_fd_sc_hd__o21bai_2                                                                                                        │ 1                         │
│ sky130_fd_sc_hd__o221a_1                                                                                                         │ 1                         │
│ sky130_fd_sc_hd__o22a_1                                                                                                          │ 11                        │
│ sky130_fd_sc_hd__o22ai_1                                                                                                         │ 2                         │
│ sky130_fd_sc_hd__o22ai_2                                                                                                         │ 5                         │
│ sky130_fd_sc_hd__o2bb2a_1                                                                                                        │ 23                        │
│ sky130_fd_sc_hd__o311a_1                                                                                                         │ 2                         │
│ sky130_fd_sc_hd__o31a_1                                                                                                          │ 3                         │
│ sky130_fd_sc_hd__or2_1                                                                                                           │ 101                       │
│ sky130_fd_sc_hd__or2_2                                                                                                           │ 1                         │
│ sky130_fd_sc_hd__or3_1                                                                                                           │ 89                        │
│ sky130_fd_sc_hd__or3_2                                                                                                           │ 12                        │
│ sky130_fd_sc_hd__or3b_1                                                                                                          │ 7                         │
│ sky130_fd_sc_hd__or3b_2                                                                                                          │ 2                         │
│ sky130_fd_sc_hd__or4_1                                                                                                           │ 6                         │
│ sky130_fd_sc_hd__or4_2                                                                                                           │ 3                         │
│ sky130_fd_sc_hd__or4_4                                                                                                           │ 1                         │
│ sky130_fd_sc_hd__or4b_2                                                                                                          │ 2                         │
│ sky130_fd_sc_hd__or4bb_1                                                                                                         │ 8                         │
│ sky130_fd_sc_hd__or4bb_2                                                                                                         │ 9                         │
│ sky130_fd_sc_hd__or4bb_4                                                                                                         │ 1                         │
│ sky130_fd_sc_hd__tapvpwrvgnd_1                                                                                                   │ 1525                      │
│ sky130_fd_sc_hd__xnor2_1                                                                                                         │ 493                       │
│ sky130_fd_sc_hd__xnor2_2                                                                                                         │ 14                        │
│ sky130_fd_sc_hd__xor2_1                                                                                                          │ 128                       │
│ sky130_fd_sc_hd__xor2_2                                                                                                          │ 8                         │
│ sky130_fd_sc_hd__xor2_4                                                                                                          │ 1                         │
└──────────────────────────────────────────────────────────────────────────────────────────────────────────────────────────────────┴───────────────────────────┘
