
===========================================================================
report_checks -unconstrained
===========================================================================
======================= max_ff_n40C_1v95 Corner ===================================

Startpoint: B[9] (input port clocked by clk)
Endpoint: C[62] (output port clocked by clk)
Path Group: clk
Path Type: max

Fanout         Cap        Slew       Delay        Time   Description
---------------------------------------------------------------------------------------------
                                  0.000000    0.000000   clock clk (rise edge)
                                  0.000000    0.000000   clock network delay (propagated)
                                200.000000  200.000000 ^ input external delay
     1    0.002935    0.014403    0.007631  200.007629 ^ B[9] (in)
                                                         B[9] (net)
                      0.014405    0.000000  200.007629 ^ input64/A (sky130_fd_sc_hd__clkbuf_2)
     2    0.046390    0.194429    0.171028  200.178650 ^ input64/X (sky130_fd_sc_hd__clkbuf_2)
                                                         net64 (net)
                      0.194724    0.006182  200.184830 ^ fanout188/A (sky130_fd_sc_hd__buf_2)
     6    0.053505    0.196946    0.211458  200.396286 ^ fanout188/X (sky130_fd_sc_hd__buf_2)
                                                         net188 (net)
                      0.197288    0.006736  200.403030 ^ fanout187/A (sky130_fd_sc_hd__buf_2)
     7    0.047146    0.174313    0.194689  200.597717 ^ fanout187/X (sky130_fd_sc_hd__buf_2)
                                                         net187 (net)
                      0.175234    0.010274  200.607986 ^ fanout186/A (sky130_fd_sc_hd__buf_2)
     8    0.047520    0.175484    0.195215  200.803207 ^ fanout186/X (sky130_fd_sc_hd__buf_2)
                                                         net186 (net)
                      0.175823    0.006310  200.809509 ^ fanout185/A (sky130_fd_sc_hd__dlymetal6s2s_1)
     6    0.021078    0.172872    0.174623  200.984131 ^ fanout185/X (sky130_fd_sc_hd__dlymetal6s2s_1)
                                                         net185 (net)
                      0.172875    0.000625  200.984756 ^ _07392_/A (sky130_fd_sc_hd__and4_1)
     2    0.006237    0.059525    0.139082  201.123840 ^ _07392_/X (sky130_fd_sc_hd__and4_1)
                                                         _01294_ (net)
                      0.059525    0.000227  201.124069 ^ _07394_/A_N (sky130_fd_sc_hd__and2b_1)
     1    0.005471    0.032420    0.118675  201.242752 v _07394_/X (sky130_fd_sc_hd__and2b_1)
                                                         _01296_ (net)
                      0.032426    0.000426  201.243179 v _07395_/B (sky130_fd_sc_hd__xnor2_1)
     2    0.007643    0.148628    0.136836  201.380005 ^ _07395_/Y (sky130_fd_sc_hd__xnor2_1)
                                                         _01297_ (net)
                      0.148630    0.000469  201.380478 ^ _07398_/A (sky130_fd_sc_hd__xnor2_1)
     2    0.006771    0.056909    0.070372  201.450851 v _07398_/Y (sky130_fd_sc_hd__xnor2_1)
                                                         _01301_ (net)
                      0.056913    0.000483  201.451340 v _07400_/B (sky130_fd_sc_hd__xnor2_1)
     3    0.009258    0.171358    0.162288  201.613617 ^ _07400_/Y (sky130_fd_sc_hd__xnor2_1)
                                                         _01303_ (net)
                      0.171359    0.000398  201.614014 ^ _07403_/C (sky130_fd_sc_hd__nand3_1)
     2    0.005692    0.058434    0.067189  201.681213 v _07403_/Y (sky130_fd_sc_hd__nand3_1)
                                                         _01306_ (net)
                      0.058435    0.000341  201.681549 v _07404_/C1 (sky130_fd_sc_hd__o211a_1)
     4    0.013413    0.058547    0.103626  201.785172 v _07404_/X (sky130_fd_sc_hd__o211a_1)
                                                         _01307_ (net)
                      0.058553    0.000639  201.785812 v _07440_/A (sky130_fd_sc_hd__or4bb_2)
     4    0.012778    0.085975    0.397108  202.182922 v _07440_/X (sky130_fd_sc_hd__or4bb_2)
                                                         _01347_ (net)
                      0.085981    0.000796  202.183716 v _07442_/B1 (sky130_fd_sc_hd__o211a_1)
     4    0.018782    0.074152    0.139025  202.322739 v _07442_/X (sky130_fd_sc_hd__o211a_1)
                                                         _01349_ (net)
                      0.074186    0.001464  202.324203 v _07444_/C (sky130_fd_sc_hd__nor4_1)
     3    0.010661    0.337372    0.302535  202.626740 ^ _07444_/Y (sky130_fd_sc_hd__nor4_1)
                                                         _01351_ (net)
                      0.337372    0.000298  202.627045 ^ max_cap138/A (sky130_fd_sc_hd__buf_1)
     3    0.010172    0.094762    0.099732  202.726776 ^ max_cap138/X (sky130_fd_sc_hd__buf_1)
                                                         net138 (net)
                      0.094764    0.000398  202.727173 ^ _07448_/A1 (sky130_fd_sc_hd__o211ai_1)
     2    0.006877    0.060673    0.078558  202.805725 v _07448_/Y (sky130_fd_sc_hd__o211ai_1)
                                                         _01356_ (net)
                      0.060675    0.000369  202.806091 v _07449_/D (sky130_fd_sc_hd__and4_1)
     5    0.015816    0.064089    0.175106  202.981201 v _07449_/X (sky130_fd_sc_hd__and4_1)
                                                         _01357_ (net)
                      0.064102    0.000909  202.982117 v _07453_/A1 (sky130_fd_sc_hd__o211a_1)
     2    0.005878    0.037437    0.159801  203.141922 v _07453_/X (sky130_fd_sc_hd__o211a_1)
                                                         _01361_ (net)
                      0.037442    0.000426  203.142334 v _07454_/C (sky130_fd_sc_hd__or3_2)
     4    0.016043    0.079595    0.270703  203.413040 v _07454_/X (sky130_fd_sc_hd__or3_2)
                                                         _01362_ (net)
                      0.079597    0.000796  203.413834 v _07599_/A2 (sky130_fd_sc_hd__a211o_2)
     5    0.021014    0.066568    0.258382  203.672226 v _07599_/X (sky130_fd_sc_hd__a211o_2)
                                                         _01521_ (net)
                      0.066593    0.001208  203.673431 v _07603_/B (sky130_fd_sc_hd__and3_1)
     3    0.007470    0.041126    0.130427  203.803864 v _07603_/X (sky130_fd_sc_hd__and3_1)
                                                         _01525_ (net)
                      0.041129    0.000426  203.804276 v _07760_/D (sky130_fd_sc_hd__or4_1)
     2    0.005745    0.065950    0.236241  204.040527 v _07760_/X (sky130_fd_sc_hd__or4_1)
                                                         _01696_ (net)
                      0.065950    0.000199  204.040726 v _08071_/B (sky130_fd_sc_hd__or4bb_1)
     2    0.015947    0.102501    0.338446  204.379166 v _08071_/X (sky130_fd_sc_hd__or4bb_1)
                                                         _02036_ (net)
                      0.102535    0.001762  204.380936 v _08077_/B (sky130_fd_sc_hd__or3_1)
     2    0.007256    0.059783    0.238060  204.618988 v _08077_/X (sky130_fd_sc_hd__or3_1)
                                                         _02042_ (net)
                      0.059786    0.000483  204.619476 v _08079_/A (sky130_fd_sc_hd__or3b_2)
     2    0.032579    0.112891    0.348024  204.967499 v _08079_/X (sky130_fd_sc_hd__or3b_2)
                                                         _02045_ (net)
                      0.113232    0.005372  204.972870 v _09198_/A3 (sky130_fd_sc_hd__a311o_4)
     4    0.062156    0.100202    0.355243  205.328110 v _09198_/X (sky130_fd_sc_hd__a311o_4)
                                                         _03267_ (net)
                      0.102302    0.010942  205.339050 v _09999_/B2 (sky130_fd_sc_hd__a22oi_4)
     3    0.030726    0.156352    0.156419  205.495468 ^ _09999_/Y (sky130_fd_sc_hd__a22oi_4)
                                                         _04138_ (net)
                      0.156426    0.002601  205.498077 ^ _10505_/A1 (sky130_fd_sc_hd__a311o_1)
     3    0.015291    0.130710    0.175589  205.673660 ^ _10505_/X (sky130_fd_sc_hd__a311o_1)
                                                         _04686_ (net)
                      0.130776    0.001378  205.675049 ^ _10580_/B (sky130_fd_sc_hd__and3_1)
     4    0.016765    0.130387    0.176300  205.851349 ^ _10580_/X (sky130_fd_sc_hd__and3_1)
                                                         _04766_ (net)
                      0.130455    0.001464  205.852798 ^ _10634_/A1 (sky130_fd_sc_hd__o311a_1)
     3    0.013062    0.103734    0.160824  206.013626 ^ _10634_/X (sky130_fd_sc_hd__o311a_1)
                                                         _04823_ (net)
                      0.103735    0.000597  206.014221 ^ _10665_/A1 (sky130_fd_sc_hd__a211o_1)
     2    0.013197    0.092329    0.127542  206.141769 ^ _10665_/X (sky130_fd_sc_hd__a211o_1)
                                                         _04855_ (net)
                      0.092331    0.000611  206.142380 ^ _10666_/B (sky130_fd_sc_hd__xnor2_1)
     1    0.002389    0.077122    0.071324  206.213699 ^ _10666_/Y (sky130_fd_sc_hd__xnor2_1)
                                                         net123 (net)
                      0.077122    0.000156  206.213867 ^ output123/A (sky130_fd_sc_hd__buf_2)
     1    0.034525    0.129157    0.149413  206.363281 ^ output123/X (sky130_fd_sc_hd__buf_2)
                                                         C[62] (net)
                      0.129187    0.001620  206.364899 ^ C[62] (out)
                                            206.364899   data arrival time

                               1000.000000 1000.000000   clock clk (rise edge)
                                  0.000000 1000.000000   clock network delay (propagated)
                                 -0.250000  999.750000   clock uncertainty
                                  0.000000  999.750000   clock reconvergence pessimism
                               -200.000000  799.750061   output external delay
                                            799.750061   data required time
---------------------------------------------------------------------------------------------
                                            799.750061   data required time
                                           -206.364899   data arrival time
---------------------------------------------------------------------------------------------
                                            593.385193   slack (MET)




===========================================================================
report_checks --slack_max -0.01
============================================================================
======================= max_ff_n40C_1v95 Corner ===================================

No paths found.


===========================================================================
 report_check_types -max_slew -max_cap -max_fanout -violators
============================================================================
======================= max_ff_n40C_1v95 Corner ===================================

max fanout

Pin                                   Limit Fanout  Slack
---------------------------------------------------------
fanout329/X                              10     12     -2 (VIOLATED)
fanout430/X                              10     11        (VIOLATED)



===========================================================================
report_parasitic_annotation -report_unannotated
============================================================================
Found 1 unannotated drivers.
 clk
Found 0 partially unannotated drivers.

===========================================================================
max slew violation count 0
max fanout violation count 2
max cap violation count 0
============================================================================

===========================================================================
check_setup -verbose -unconstrained_endpoints -multiple_clock -no_clock -no_input_delay -loops -generated_clocks
===========================================================================
