115. Printing statistics.

=== cmp_32 ===

   Number of wires:                120
   Number of wire bits:            182
   Number of public wires:           5
   Number of public wire bits:      67
   Number of ports:                  5
   Number of port bits:             67
   Number of memories:               0
   Number of memory bits:            0
   Number of processes:              0
   Number of cells:                118
     sky130_fd_sc_hd__a2111oi_2      1
     sky130_fd_sc_hd__a211o_2        1
     sky130_fd_sc_hd__a211oi_2       1
     sky130_fd_sc_hd__a21boi_2       4
     sky130_fd_sc_hd__a21o_2         2
     sky130_fd_sc_hd__a21oi_2        3
     sky130_fd_sc_hd__a221o_2        1
     sky130_fd_sc_hd__a22o_2         3
     sky130_fd_sc_hd__a31o_2         1
     sky130_fd_sc_hd__and2_2         3
     sky130_fd_sc_hd__and2b_2        9
     sky130_fd_sc_hd__and3_2         4
     sky130_fd_sc_hd__and3b_2        2
     sky130_fd_sc_hd__and4_2         7
     sky130_fd_sc_hd__and4b_2        2
     sky130_fd_sc_hd__inv_2         11
     sky130_fd_sc_hd__nand2_2        4
     sky130_fd_sc_hd__nand2b_2      36
     sky130_fd_sc_hd__nand4_2        2
     sky130_fd_sc_hd__nor2_2         2
     sky130_fd_sc_hd__o2111a_2       3
     sky130_fd_sc_hd__o21ai_2        2
     sky130_fd_sc_hd__o21ba_2        2
     sky130_fd_sc_hd__o22a_2         2
     sky130_fd_sc_hd__o2bb2a_2       2
     sky130_fd_sc_hd__o32a_2         1
     sky130_fd_sc_hd__o32ai_2        1
     sky130_fd_sc_hd__or2_2          1
     sky130_fd_sc_hd__or3b_2         1
     sky130_fd_sc_hd__or4_2          1
     sky130_fd_sc_hd__or4b_2         1
     sky130_fd_sc_hd__xnor2_2        2

   Chip area for module '\cmp_32': 1051.008000
     of which used for sequential elements: 0.000000 (0.00%)

