
===========================================================================
report_checks -unconstrained
===========================================================================
======================= nom_ss_100C_1v60 Corner ===================================

Startpoint: B[7] (input port clocked by __VIRTUAL_CLK__)
Endpoint: GT (output port clocked by __VIRTUAL_CLK__)
Path Group: __VIRTUAL_CLK__
Path Type: max

Fanout         Cap        Slew       Delay        Time   Description
---------------------------------------------------------------------------------------------
                      0.000000    0.000000    0.000000   clock __VIRTUAL_CLK__ (rise edge)
                                  0.000000    0.000000   clock network delay (ideal)
                                  2.000000    2.000000 ^ input external delay
     2    0.003122    0.035591    0.017456    2.017456 ^ B[7] (in)
                                                         B[7] (net)
                      0.035591    0.000000    2.017456 ^ _197_/A_N (sky130_fd_sc_hd__and2b_2)
     2    0.005542    0.084899    0.440890    2.458346 v _197_/X (sky130_fd_sc_hd__and2b_2)
                                                         _050_ (net)
                      0.084899    0.000000    2.458346 v _202_/A (sky130_fd_sc_hd__or4_2)
     2    0.003579    0.224113    1.562030    4.020376 v _202_/X (sky130_fd_sc_hd__or4_2)
                                                         _055_ (net)
                      0.224113    0.000000    4.020376 v _206_/A (sky130_fd_sc_hd__or4b_2)
     2    0.003649    0.224833    1.618984    5.639360 v _206_/X (sky130_fd_sc_hd__or4b_2)
                                                         _059_ (net)
                      0.224833    0.000000    5.639360 v _230_/B (sky130_fd_sc_hd__or3b_2)
     1    0.004181    0.173637    1.095235    6.734596 v _230_/X (sky130_fd_sc_hd__or3b_2)
                                                         _082_ (net)
                      0.173637    0.000000    6.734596 v _231_/B (sky130_fd_sc_hd__nor2_2)
     2    0.038126    0.685598    0.595774    7.330369 ^ _231_/Y (sky130_fd_sc_hd__nor2_2)
                                                         EQ (net)
                      0.685598    0.000000    7.330369 ^ _232_/B1 (sky130_fd_sc_hd__a21oi_2)
     1    0.033442    0.279932    0.397437    7.727806 v _232_/Y (sky130_fd_sc_hd__a21oi_2)
                                                         GT (net)
                      0.279932    0.000000    7.727806 v GT (out)
                                              7.727806   data arrival time

                      0.000000   10.000000   10.000000   clock __VIRTUAL_CLK__ (rise edge)
                                  0.000000   10.000000   clock network delay (ideal)
                                 -0.250000    9.750000   clock uncertainty
                                  0.000000    9.750000   clock reconvergence pessimism
                                 -2.000000    7.750000   output external delay
                                              7.750000   data required time
---------------------------------------------------------------------------------------------
                                              7.750000   data required time
                                             -7.727806   data arrival time
---------------------------------------------------------------------------------------------
                                              0.022194   slack (MET)




===========================================================================
report_checks --slack_max -0.01
============================================================================
======================= nom_ss_100C_1v60 Corner ===================================

No paths found.


===========================================================================
 report_check_types -max_slew -max_cap -max_fanout -violators
============================================================================
======================= nom_ss_100C_1v60 Corner ===================================



===========================================================================
report_parasitic_annotation -report_unannotated
============================================================================
Found 182 unannotated drivers.
 A[0]
 A[10]
 A[11]
 A[12]
 A[13]
 A[14]
 A[15]
 A[16]
 A[17]
 A[18]
 A[19]
 A[1]
 A[20]
 A[21]
 A[22]
 A[23]
 A[24]
 A[25]
 A[26]
 A[27]
 A[28]
 A[29]
 A[2]
 A[30]
 A[31]
 A[3]
 A[4]
 A[5]
 A[6]
 A[7]
 A[8]
 A[9]
 B[0]
 B[10]
 B[11]
 B[12]
 B[13]
 B[14]
 B[15]
 B[16]
 B[17]
 B[18]
 B[19]
 B[1]
 B[20]
 B[21]
 B[22]
 B[23]
 B[24]
 B[25]
 B[26]
 B[27]
 B[28]
 B[29]
 B[2]
 B[30]
 B[31]
 B[3]
 B[4]
 B[5]
 B[6]
 B[7]
 B[8]
 B[9]
 _115_/Y
 _116_/Y
 _117_/Y
 _118_/Y
 _119_/Y
 _120_/Y
 _121_/Y
 _122_/Y
 _123_/Y
 _124_/Y
 _125_/Y
 _126_/Y
 _127_/Y
 _128_/Y
 _129_/X
 _130_/X
 _131_/Y
 _132_/Y
 _133_/X
 _134_/Y
 _135_/X
 _136_/Y
 _137_/Y
 _138_/Y
 _139_/Y
 _140_/X
 _141_/X
 _142_/X
 _143_/Y
 _144_/Y
 _145_/Y
 _146_/Y
 _147_/X
 _148_/X
 _149_/X
 _150_/X
 _151_/X
 _152_/Y
 _153_/Y
 _154_/Y
 _155_/X
 _156_/X
 _157_/X
 _158_/X
 _159_/X
 _160_/Y
 _161_/Y
 _162_/Y
 _163_/Y
 _164_/Y
 _165_/Y
 _166_/X
 _167_/Y
 _168_/Y
 _169_/Y
 _170_/Y
 _171_/X
 _172_/X
 _173_/Y
 _174_/Y
 _175_/Y
 _176_/Y
 _177_/Y
 _178_/Y
 _179_/X
 _180_/Y
 _181_/Y
 _182_/Y
 _183_/Y
 _184_/X
 _185_/Y
 _186_/X
 _187_/Y
 _188_/Y
 _189_/Y
 _190_/X
 _191_/Y
 _192_/Y
 _193_/Y
 _194_/Y
 _195_/X
 _196_/Y
 _197_/X
 _198_/X
 _199_/Y
 _200_/X
 _201_/X
 _202_/X
 _203_/X
 _204_/X
 _205_/X
 _206_/X
 _207_/Y
 _208_/X
 _209_/X
 _210_/X
 _211_/Y
 _212_/Y
 _213_/Y
 _214_/X
 _215_/Y
 _216_/Y
 _217_/Y
 _218_/X
 _219_/Y
 _220_/Y
 _221_/X
 _222_/X
 _223_/X
 _224_/X
 _225_/X
 _226_/X
 _227_/X
 _228_/X
 _229_/X
 _230_/X
 _231_/Y
 _232_/Y
Found 0 partially unannotated drivers.

===========================================================================
max slew violation count 0
max fanout violation count 0
max cap violation count 0
============================================================================

===========================================================================
check_setup -verbose -unconstrained_endpoints -multiple_clock -no_clock -no_input_delay -loops -generated_clocks
===========================================================================
