Reading OpenROAD database at '/home/asic/workspace/mul_32/runs/RUN_2025-09-22_05-35-53/43-openroad-detailedrouting/mul_32.odb'…
Reading library file at '/foss/pdks/volare/sky130/versions/0fe599b2afb6708d281543108caf8310912f54af/sky130A/libs.ref/sky130_fd_sc_hd/lib/sky130_fd_sc_hd__tt_025C_1v80.lib'…
Reading design constraints file at '/usr/local/lib/python3.12/dist-packages/openlane/scripts/base.sdc'…
[INFO] Using clock clk…
[INFO] Setting output delay to: 200
[INFO] Setting input delay to: 200
[INFO] Setting load to: 0.033442
[INFO] Setting clock uncertainty to: 0.25
[INFO] Setting clock transition to: 0.1499999999999999944488848768742172978818416595458984375
[INFO] Setting timing derate to: 5%
%OL_CREATE_REPORT /home/asic/workspace/mul_32/runs/RUN_2025-09-22_05-35-53/45-openroad-checkantennas-1/reports/antenna.rpt
Net: net37
  Pin:   fanout406/A (sky130_fd_sc_hd__buf_2)
    Layer: mcon
      Partial area ratio:    0.18
      Required ratio:    3.00 (Gate area) 
      Cumulative area ratio:    0.18
      Required ratio:    0.00 (Cumulative area) 

    Layer: met1
      Partial area ratio:   20.64
      Required ratio:    0.00 (Gate area) 
      Cumulative area ratio:   20.64
      Required ratio:    0.00 (Cumulative area) 
      Partial area ratio:  102.69
      Required ratio:  400.00 (Side area) 
      Cumulative area ratio:  102.69
      Required ratio:    0.00 (Cumulative side area) 

    Layer: via
      Partial area ratio:    0.14
      Required ratio:    6.00 (Gate area) 
      Cumulative area ratio:    0.32
      Required ratio:    0.00 (Cumulative area) 

    Layer: met2
      Partial area ratio:    1.32
      Required ratio:    0.00 (Gate area) 
      Cumulative area ratio:   21.96
      Required ratio:    0.00 (Cumulative area) 
      Partial area ratio:    5.53
      Required ratio:  400.00 (Side area) 
      Cumulative area ratio:  108.21
      Required ratio:    0.00 (Cumulative side area) 

    Layer: via2
      Partial area ratio:    0.25
      Required ratio:    6.00 (Gate area) 
      Cumulative area ratio:    0.57
      Required ratio:    0.00 (Cumulative area) 

    Layer: met3
      Partial area ratio:    8.60
      Required ratio:    0.00 (Gate area) 
      Cumulative area ratio:   30.55
      Required ratio:    0.00 (Cumulative area) 
      Partial area ratio:   47.83
      Required ratio: 2778.20 (Side area) 
      Cumulative area ratio:  156.05
      Required ratio:    0.00 (Cumulative side area) 


  Pin:   fanout409/A (sky130_fd_sc_hd__buf_2)
    Layer: mcon
      Partial area ratio:    0.18
      Required ratio:    3.00 (Gate area) 
      Cumulative area ratio:    0.18
      Required ratio:    0.00 (Cumulative area) 

    Layer: met1
      Partial area ratio:    1.08
      Required ratio:    0.00 (Gate area) 
      Cumulative area ratio:    1.08
      Required ratio:    0.00 (Cumulative area) 
      Partial area ratio:    4.91
      Required ratio:  400.00 (Side area) 
      Cumulative area ratio:    4.91
      Required ratio:    0.00 (Cumulative side area) 

    Layer: via
      Partial area ratio:    0.14
      Required ratio:    6.00 (Gate area) 
      Cumulative area ratio:    0.32
      Required ratio:    0.00 (Cumulative area) 

    Layer: met2
      Partial area ratio:  135.83
      Required ratio:    0.00 (Gate area) 
      Cumulative area ratio:  136.91
      Required ratio:    0.00 (Cumulative area) 
      Partial area ratio:  674.95
      Required ratio:  400.00 (Side area) (VIOLATED)
      Cumulative area ratio:  679.86
      Required ratio:    0.00 (Cumulative side area) 

    Layer: via2
      Partial area ratio:    0.50
      Required ratio:    6.00 (Gate area) 
      Cumulative area ratio:    0.83
      Required ratio:    0.00 (Cumulative area) 

    Layer: met3
      Partial area ratio:    8.60
      Required ratio:    0.00 (Gate area) 
      Cumulative area ratio:  145.50
      Required ratio:    0.00 (Cumulative area) 
      Partial area ratio:   47.83
      Required ratio: 2778.20 (Side area) 
      Cumulative area ratio:  727.69
      Required ratio:    0.00 (Cumulative side area) 


  Pin:   fanout412/A (sky130_fd_sc_hd__buf_2)
    Layer: mcon
      Partial area ratio:    0.18
      Required ratio:    3.00 (Gate area) 
      Cumulative area ratio:    0.18
      Required ratio:    0.00 (Cumulative area) 

    Layer: met1
      Partial area ratio:    0.52
      Required ratio:    0.00 (Gate area) 
      Cumulative area ratio:    0.52
      Required ratio:    0.00 (Cumulative area) 
      Partial area ratio:    2.55
      Required ratio:  400.00 (Side area) 
      Cumulative area ratio:    2.55
      Required ratio:    0.00 (Cumulative side area) 

    Layer: via
      Partial area ratio:    0.14
      Required ratio:    6.00 (Gate area) 
      Cumulative area ratio:    0.32
      Required ratio:    0.00 (Cumulative area) 

    Layer: met2
      Partial area ratio:    2.46
      Required ratio:    0.00 (Gate area) 
      Cumulative area ratio:    2.98
      Required ratio:    0.00 (Cumulative area) 
      Partial area ratio:   10.65
      Required ratio: 2778.20 (Side area) 
      Cumulative area ratio:   13.21
      Required ratio:    0.00 (Cumulative side area) 

    Layer: via2
      Partial area ratio:    0.25
      Required ratio:   22.04 (Gate area) 
      Cumulative area ratio:    0.57
      Required ratio:    0.00 (Cumulative area) 

    Layer: met3
      Partial area ratio:    8.60
      Required ratio:    0.00 (Gate area) 
      Cumulative area ratio:   11.58
      Required ratio:    0.00 (Cumulative area) 
      Partial area ratio:   47.83
      Required ratio: 2778.20 (Side area) 
      Cumulative area ratio:   61.04
      Required ratio:    0.00 (Cumulative side area) 



Net: net62
  Pin:   fanout200/A (sky130_fd_sc_hd__buf_2)
    Layer: mcon
      Partial area ratio:    0.18
      Required ratio:    3.00 (Gate area) 
      Cumulative area ratio:    0.18
      Required ratio:    0.00 (Cumulative area) 

    Layer: met1
      Partial area ratio:    0.52
      Required ratio:    0.00 (Gate area) 
      Cumulative area ratio:    0.52
      Required ratio:    0.00 (Cumulative area) 
      Partial area ratio:    2.55
      Required ratio:  400.00 (Side area) 
      Cumulative area ratio:    2.55
      Required ratio:    0.00 (Cumulative side area) 

    Layer: via
      Partial area ratio:    0.14
      Required ratio:    6.00 (Gate area) 
      Cumulative area ratio:    0.32
      Required ratio:    0.00 (Cumulative area) 

    Layer: met2
      Partial area ratio:    2.52
      Required ratio:    0.00 (Gate area) 
      Cumulative area ratio:    3.04
      Required ratio:    0.00 (Cumulative area) 
      Partial area ratio:   11.51
      Required ratio:  400.00 (Side area) 
      Cumulative area ratio:   14.07
      Required ratio:    0.00 (Cumulative side area) 

    Layer: via2
      Partial area ratio:    0.25
      Required ratio:    6.00 (Gate area) 
      Cumulative area ratio:    0.57
      Required ratio:    0.00 (Cumulative area) 

    Layer: met3
      Partial area ratio:    2.08
      Required ratio:    0.00 (Gate area) 
      Cumulative area ratio:    5.12
      Required ratio:    0.00 (Cumulative area) 
      Partial area ratio:   14.04
      Required ratio:  400.00 (Side area) 
      Cumulative area ratio:   28.10
      Required ratio:    0.00 (Cumulative side area) 

    Layer: via3
      Partial area ratio:    0.25
      Required ratio:    6.00 (Gate area) 
      Cumulative area ratio:    0.83
      Required ratio:    0.00 (Cumulative area) 

    Layer: met4
      Partial area ratio:   58.43
      Required ratio:    0.00 (Gate area) 
      Cumulative area ratio:   63.55
      Required ratio:    0.00 (Cumulative area) 
      Partial area ratio:  312.55
      Required ratio: 2918.08 (Side area) 
      Cumulative area ratio:  340.65
      Required ratio:    0.00 (Cumulative side area) 


  Pin:   fanout202/A (sky130_fd_sc_hd__dlymetal6s2s_1)
    Layer: mcon
      Partial area ratio:    0.23
      Required ratio:    3.00 (Gate area) 
      Cumulative area ratio:    0.23
      Required ratio:    0.00 (Cumulative area) 

    Layer: met1
      Partial area ratio:    9.54
      Required ratio:    0.00 (Gate area) 
      Cumulative area ratio:    9.54
      Required ratio:    0.00 (Cumulative area) 
      Partial area ratio:   47.08
      Required ratio:  400.00 (Side area) 
      Cumulative area ratio:   47.08
      Required ratio:    0.00 (Cumulative side area) 

    Layer: via
      Partial area ratio:    0.18
      Required ratio:    6.00 (Gate area) 
      Cumulative area ratio:    0.41
      Required ratio:    0.00 (Cumulative area) 

    Layer: met2
      Partial area ratio:   37.39
      Required ratio:    0.00 (Gate area) 
      Cumulative area ratio:   46.93
      Required ratio:    0.00 (Cumulative area) 
      Partial area ratio:  186.16
      Required ratio:  400.00 (Side area) 
      Cumulative area ratio:  233.24
      Required ratio:    0.00 (Cumulative side area) 

    Layer: via2
      Partial area ratio:    0.12
      Required ratio:    6.00 (Gate area) 
      Cumulative area ratio:    0.53
      Required ratio:    0.00 (Cumulative area) 

    Layer: met3
      Partial area ratio:  132.25
      Required ratio:    0.00 (Gate area) 
      Cumulative area ratio:  179.18
      Required ratio:    0.00 (Cumulative area) 
      Partial area ratio:  706.71
      Required ratio:  400.00 (Side area) (VIOLATED)
      Cumulative area ratio:  939.96
      Required ratio:    0.00 (Cumulative side area) 

    Layer: via3
      Partial area ratio:    0.12
      Required ratio:    6.00 (Gate area) 
      Cumulative area ratio:    0.64
      Required ratio:    0.00 (Cumulative area) 

    Layer: met4
      Partial area ratio:   58.43
      Required ratio:    0.00 (Gate area) 
      Cumulative area ratio:  237.60
      Required ratio:    0.00 (Cumulative area) 
      Partial area ratio:  312.55
      Required ratio: 2918.08 (Side area) 
      Cumulative area ratio: 1252.50
      Required ratio:    0.00 (Cumulative side area) 


  Pin:   fanout205/A (sky130_fd_sc_hd__clkbuf_2)
    Layer: mcon
      Partial area ratio:    0.14
      Required ratio:    3.00 (Gate area) 
      Cumulative area ratio:    0.14
      Required ratio:    0.00 (Cumulative area) 

    Layer: met1
      Partial area ratio:    1.11
      Required ratio:    0.00 (Gate area) 
      Cumulative area ratio:    1.11
      Required ratio:    0.00 (Cumulative area) 
      Partial area ratio:    5.18
      Required ratio:  400.00 (Side area) 
      Cumulative area ratio:    5.18
      Required ratio:    0.00 (Cumulative side area) 

    Layer: via
      Partial area ratio:    0.11
      Required ratio:    6.00 (Gate area) 
      Cumulative area ratio:    0.24
      Required ratio:    0.00 (Cumulative area) 

    Layer: met2
      Partial area ratio:   37.39
      Required ratio:    0.00 (Gate area) 
      Cumulative area ratio:   38.49
      Required ratio:    0.00 (Cumulative area) 
      Partial area ratio:  186.16
      Required ratio:  400.00 (Side area) 
      Cumulative area ratio:  191.34
      Required ratio:    0.00 (Cumulative side area) 

    Layer: via2
      Partial area ratio:    0.12
      Required ratio:    6.00 (Gate area) 
      Cumulative area ratio:    0.36
      Required ratio:    0.00 (Cumulative area) 

    Layer: met3
      Partial area ratio:  132.25
      Required ratio:    0.00 (Gate area) 
      Cumulative area ratio:  170.74
      Required ratio:    0.00 (Cumulative area) 
      Partial area ratio:  706.71
      Required ratio:  400.00 (Side area) (VIOLATED)
      Cumulative area ratio:  898.05
      Required ratio:    0.00 (Cumulative side area) 

    Layer: via3
      Partial area ratio:    0.12
      Required ratio:    6.00 (Gate area) 
      Cumulative area ratio:    0.48
      Required ratio:    0.00 (Cumulative area) 

    Layer: met4
      Partial area ratio:   58.43
      Required ratio:    0.00 (Gate area) 
      Cumulative area ratio:  229.17
      Required ratio:    0.00 (Cumulative area) 
      Partial area ratio:  312.55
      Required ratio: 2918.08 (Side area) 
      Cumulative area ratio: 1210.60
      Required ratio:    0.00 (Cumulative side area) 



Net: net296
  Pin:   _07472_/D (sky130_fd_sc_hd__and4_1)
    Layer: mcon
      Partial area ratio:    0.23
      Required ratio:    3.00 (Gate area) 
      Cumulative area ratio:    0.23
      Required ratio:    0.00 (Cumulative area) 

    Layer: met1
      Partial area ratio:    0.66
      Required ratio:    0.00 (Gate area) 
      Cumulative area ratio:    0.66
      Required ratio:    0.00 (Cumulative area) 
      Partial area ratio:    3.22
      Required ratio:  400.00 (Side area) 
      Cumulative area ratio:    3.22
      Required ratio:    0.00 (Cumulative side area) 

    Layer: via
      Partial area ratio:    0.18
      Required ratio:    6.00 (Gate area) 
      Cumulative area ratio:    0.41
      Required ratio:    0.00 (Cumulative area) 

    Layer: met2
      Partial area ratio:    3.80
      Required ratio:    0.00 (Gate area) 
      Cumulative area ratio:    4.47
      Required ratio:    0.00 (Cumulative area) 
      Partial area ratio:   16.39
      Required ratio:  400.00 (Side area) 
      Cumulative area ratio:   19.61
      Required ratio:    0.00 (Cumulative side area) 

    Layer: via2
      Partial area ratio:    0.63
      Required ratio:    6.00 (Gate area) 
      Cumulative area ratio:    1.04
      Required ratio:    0.00 (Cumulative area) 

    Layer: met3
      Partial area ratio:   11.72
      Required ratio:    0.00 (Gate area) 
      Cumulative area ratio:   16.19
      Required ratio:    0.00 (Cumulative area) 
      Partial area ratio:   63.61
      Required ratio: 2956.40 (Side area) 
      Cumulative area ratio:   83.22
      Required ratio:    0.00 (Cumulative side area) 


  Pin:   _07473_/B1 (sky130_fd_sc_hd__a22oi_1)
    Layer: mcon
      Partial area ratio:    0.12
      Required ratio:    3.00 (Gate area) 
      Cumulative area ratio:    0.12
      Required ratio:    0.00 (Cumulative area) 

    Layer: met1
      Partial area ratio:    0.34
      Required ratio:    0.00 (Gate area) 
      Cumulative area ratio:    0.34
      Required ratio:    0.00 (Cumulative area) 
      Partial area ratio:    1.64
      Required ratio:  400.00 (Side area) 
      Cumulative area ratio:    1.64
      Required ratio:    0.00 (Cumulative side area) 

    Layer: via
      Partial area ratio:    0.09
      Required ratio:    6.00 (Gate area) 
      Cumulative area ratio:    0.21
      Required ratio:    0.00 (Cumulative area) 

    Layer: met2
      Partial area ratio:    1.23
      Required ratio:    0.00 (Gate area) 
      Cumulative area ratio:    1.57
      Required ratio:    0.00 (Cumulative area) 
      Partial area ratio:    5.47
      Required ratio:  400.00 (Side area) 
      Cumulative area ratio:    7.11
      Required ratio:    0.00 (Cumulative side area) 

    Layer: via2
      Partial area ratio:    0.16
      Required ratio:    6.00 (Gate area) 
      Cumulative area ratio:    0.37
      Required ratio:    0.00 (Cumulative area) 

    Layer: met3
      Partial area ratio:   11.72
      Required ratio:    0.00 (Gate area) 
      Cumulative area ratio:   13.29
      Required ratio:    0.00 (Cumulative area) 
      Partial area ratio:   63.61
      Required ratio: 2956.40 (Side area) 
      Cumulative area ratio:   70.73
      Required ratio:    0.00 (Cumulative side area) 


  Pin:   _10188_/B (sky130_fd_sc_hd__nand4_2)
    Layer: mcon
      Partial area ratio:    0.06
      Required ratio:    3.00 (Gate area) 
      Cumulative area ratio:    0.06
      Required ratio:    0.00 (Cumulative area) 

    Layer: met1
      Partial area ratio:    5.89
      Required ratio:    0.00 (Gate area) 
      Cumulative area ratio:    5.89
      Required ratio:    0.00 (Cumulative area) 
      Partial area ratio:   29.23
      Required ratio:  400.00 (Side area) 
      Cumulative area ratio:   29.23
      Required ratio:    0.00 (Cumulative side area) 

    Layer: via
      Partial area ratio:    0.03
      Required ratio:    6.00 (Gate area) 
      Cumulative area ratio:    0.09
      Required ratio:    0.00 (Cumulative area) 

    Layer: met2
      Partial area ratio:    5.29
      Required ratio:    0.00 (Gate area) 
      Cumulative area ratio:   11.18
      Required ratio:    0.00 (Cumulative area) 
      Partial area ratio:   25.93
      Required ratio:  400.00 (Side area) 
      Cumulative area ratio:   55.16
      Required ratio:    0.00 (Cumulative side area) 

    Layer: via2
      Partial area ratio:    0.04
      Required ratio:    6.00 (Gate area) 
      Cumulative area ratio:    0.13
      Required ratio:    0.00 (Cumulative area) 

    Layer: met3
      Partial area ratio:   11.72
      Required ratio:    0.00 (Gate area) 
      Cumulative area ratio:   22.90
      Required ratio:    0.00 (Cumulative area) 
      Partial area ratio:   63.61
      Required ratio: 2956.40 (Side area) 
      Cumulative area ratio:  118.77
      Required ratio:    0.00 (Cumulative side area) 


  Pin:   _10189_/A1 (sky130_fd_sc_hd__a22o_1)
    Layer: mcon
      Partial area ratio:    0.12
      Required ratio:    3.00 (Gate area) 
      Cumulative area ratio:    0.12
      Required ratio:    0.00 (Cumulative area) 

    Layer: met1
      Partial area ratio:    5.89
      Required ratio:    0.00 (Gate area) 
      Cumulative area ratio:    5.89
      Required ratio:    0.00 (Cumulative area) 
      Partial area ratio:   29.23
      Required ratio:  400.00 (Side area) 
      Cumulative area ratio:   29.23
      Required ratio:    0.00 (Cumulative side area) 

    Layer: via
      Partial area ratio:    0.03
      Required ratio:    6.00 (Gate area) 
      Cumulative area ratio:    0.15
      Required ratio:    0.00 (Cumulative area) 

    Layer: met2
      Partial area ratio:    5.29
      Required ratio:    0.00 (Gate area) 
      Cumulative area ratio:   11.18
      Required ratio:    0.00 (Cumulative area) 
      Partial area ratio:   25.93
      Required ratio:  400.00 (Side area) 
      Cumulative area ratio:   55.16
      Required ratio:    0.00 (Cumulative side area) 

    Layer: via2
      Partial area ratio:    0.04
      Required ratio:    6.00 (Gate area) 
      Cumulative area ratio:    0.19
      Required ratio:    0.00 (Cumulative area) 

    Layer: met3
      Partial area ratio:   11.72
      Required ratio:    0.00 (Gate area) 
      Cumulative area ratio:   22.90
      Required ratio:    0.00 (Cumulative area) 
      Partial area ratio:   63.61
      Required ratio: 2956.40 (Side area) 
      Cumulative area ratio:  118.77
      Required ratio:    0.00 (Cumulative side area) 


  Pin:   fanout290/A (sky130_fd_sc_hd__buf_2)
    Layer: mcon
      Partial area ratio:    0.18
      Required ratio:    3.00 (Gate area) 
      Cumulative area ratio:    0.18
      Required ratio:    0.00 (Cumulative area) 

    Layer: met1
      Partial area ratio:   24.79
      Required ratio:    0.00 (Gate area) 
      Cumulative area ratio:   24.79
      Required ratio:    0.00 (Cumulative area) 
      Partial area ratio:  123.47
      Required ratio:  400.00 (Side area) 
      Cumulative area ratio:  123.47
      Required ratio:    0.00 (Cumulative side area) 

    Layer: via
      Partial area ratio:    0.14
      Required ratio:    6.00 (Gate area) 
      Cumulative area ratio:    0.32
      Required ratio:    0.00 (Cumulative area) 

    Layer: met2
      Partial area ratio:  100.48
      Required ratio:    0.00 (Gate area) 
      Cumulative area ratio:  125.27
      Required ratio:    0.00 (Cumulative area) 
      Partial area ratio:  498.76
      Required ratio:  400.00 (Side area) (VIOLATED)
      Cumulative area ratio:  622.23
      Required ratio:    0.00 (Cumulative side area) 

    Layer: via2
      Partial area ratio:    0.50
      Required ratio:    6.00 (Gate area) 
      Cumulative area ratio:    0.83
      Required ratio:    0.00 (Cumulative area) 

    Layer: met3
      Partial area ratio:   11.72
      Required ratio:    0.00 (Gate area) 
      Cumulative area ratio:  136.99
      Required ratio:    0.00 (Cumulative area) 
      Partial area ratio:   63.61
      Required ratio: 2956.40 (Side area) 
      Cumulative area ratio:  685.84
      Required ratio:    0.00 (Cumulative side area) 


  Pin:   fanout292/A (sky130_fd_sc_hd__buf_4)
    Layer: mcon
      Partial area ratio:    0.12
      Required ratio:    3.00 (Gate area) 
      Cumulative area ratio:    0.12
      Required ratio:    0.00 (Cumulative area) 

    Layer: met1
      Partial area ratio:    3.15
      Required ratio:    0.00 (Gate area) 
      Cumulative area ratio:    3.15
      Required ratio:    0.00 (Cumulative area) 
      Partial area ratio:   14.99
      Required ratio:  400.00 (Side area) 
      Cumulative area ratio:   14.99
      Required ratio:    0.00 (Cumulative side area) 

    Layer: via
      Partial area ratio:    0.18
      Required ratio:    6.00 (Gate area) 
      Cumulative area ratio:    0.30
      Required ratio:    0.00 (Cumulative area) 

    Layer: met2
      Partial area ratio:    5.29
      Required ratio:    0.00 (Gate area) 
      Cumulative area ratio:    8.44
      Required ratio:    0.00 (Cumulative area) 
      Partial area ratio:   25.93
      Required ratio:  400.00 (Side area) 
      Cumulative area ratio:   40.92
      Required ratio:    0.00 (Cumulative side area) 

    Layer: via2
      Partial area ratio:    0.04
      Required ratio:    6.00 (Gate area) 
      Cumulative area ratio:    0.34
      Required ratio:    0.00 (Cumulative area) 

    Layer: met3
      Partial area ratio:   11.72
      Required ratio:    0.00 (Gate area) 
      Cumulative area ratio:   20.16
      Required ratio:    0.00 (Cumulative area) 
      Partial area ratio:   63.61
      Required ratio: 2956.40 (Side area) 
      Cumulative area ratio:  104.53
      Required ratio:    0.00 (Cumulative side area) 


  Pin:   fanout295/A (sky130_fd_sc_hd__clkbuf_4)
    Layer: mcon
      Partial area ratio:    0.14
      Required ratio:    3.00 (Gate area) 
      Cumulative area ratio:    0.14
      Required ratio:    0.00 (Cumulative area) 

    Layer: met1
      Partial area ratio:    0.39
      Required ratio:    0.00 (Gate area) 
      Cumulative area ratio:    0.39
      Required ratio:    0.00 (Cumulative area) 
      Partial area ratio:    1.91
      Required ratio:  400.00 (Side area) 
      Cumulative area ratio:    1.91
      Required ratio:    0.00 (Cumulative side area) 

    Layer: via
      Partial area ratio:    0.11
      Required ratio:    6.00 (Gate area) 
      Cumulative area ratio:    0.24
      Required ratio:    0.00 (Cumulative area) 

    Layer: met2
      Partial area ratio:   43.97
      Required ratio:    0.00 (Gate area) 
      Cumulative area ratio:   44.36
      Required ratio:    0.00 (Cumulative area) 
      Partial area ratio:  216.61
      Required ratio: 2956.40 (Side area) 
      Cumulative area ratio:  218.51
      Required ratio:    0.00 (Cumulative side area) 

    Layer: via2
      Partial area ratio:    0.38
      Required ratio:   38.08 (Gate area) 
      Cumulative area ratio:    0.62
      Required ratio:    0.00 (Cumulative area) 

    Layer: met3
      Partial area ratio:   11.72
      Required ratio:    0.00 (Gate area) 
      Cumulative area ratio:   56.08
      Required ratio:    0.00 (Cumulative area) 
      Partial area ratio:   63.61
      Required ratio: 2956.40 (Side area) 
      Cumulative area ratio:  282.12
      Required ratio:    0.00 (Cumulative side area) 



Net: net576
  Pin:   _09224_/D (sky130_fd_sc_hd__nand4_1)
    Layer: mcon
      Partial area ratio:    0.12
      Required ratio:    3.00 (Gate area) 
      Cumulative area ratio:    0.12
      Required ratio:    0.00 (Cumulative area) 

    Layer: met1
      Partial area ratio:    1.23
      Required ratio:    0.00 (Gate area) 
      Cumulative area ratio:    1.23
      Required ratio:    0.00 (Cumulative area) 
      Partial area ratio:    6.00
      Required ratio:  400.00 (Side area) 
      Cumulative area ratio:    6.00
      Required ratio:    0.00 (Cumulative side area) 

    Layer: via
      Partial area ratio:    0.05
      Required ratio:    6.00 (Gate area) 
      Cumulative area ratio:    0.16
      Required ratio:    0.00 (Cumulative area) 

    Layer: met2
      Partial area ratio:    4.92
      Required ratio:    0.00 (Gate area) 
      Cumulative area ratio:    6.15
      Required ratio:    0.00 (Cumulative area) 
      Partial area ratio:   24.01
      Required ratio: 2778.20 (Side area) 
      Cumulative area ratio:   30.02
      Required ratio:    0.00 (Cumulative side area) 


  Pin:   _09225_/B1 (sky130_fd_sc_hd__a22o_1)
    Layer: mcon
      Partial area ratio:    0.12
      Required ratio:    3.00 (Gate area) 
      Cumulative area ratio:    0.12
      Required ratio:    0.00 (Cumulative area) 

    Layer: met1
      Partial area ratio:    1.23
      Required ratio:    0.00 (Gate area) 
      Cumulative area ratio:    1.23
      Required ratio:    0.00 (Cumulative area) 
      Partial area ratio:    6.00
      Required ratio:  400.00 (Side area) 
      Cumulative area ratio:    6.00
      Required ratio:    0.00 (Cumulative side area) 

    Layer: via
      Partial area ratio:    0.05
      Required ratio:    6.00 (Gate area) 
      Cumulative area ratio:    0.16
      Required ratio:    0.00 (Cumulative area) 

    Layer: met2
      Partial area ratio:    4.92
      Required ratio:    0.00 (Gate area) 
      Cumulative area ratio:    6.15
      Required ratio:    0.00 (Cumulative area) 
      Partial area ratio:   24.01
      Required ratio: 2778.20 (Side area) 
      Cumulative area ratio:   30.02
      Required ratio:    0.00 (Cumulative side area) 


  Pin:   _09331_/C (sky130_fd_sc_hd__nand4_1)
    Layer: mcon
      Partial area ratio:    0.12
      Required ratio:    3.00 (Gate area) 
      Cumulative area ratio:    0.12
      Required ratio:    0.00 (Cumulative area) 

    Layer: met1
      Partial area ratio:    0.34
      Required ratio:    0.00 (Gate area) 
      Cumulative area ratio:    0.34
      Required ratio:    0.00 (Cumulative area) 
      Partial area ratio:    1.64
      Required ratio:  400.00 (Side area) 
      Cumulative area ratio:    1.64
      Required ratio:    0.00 (Cumulative side area) 

    Layer: via
      Partial area ratio:    0.09
      Required ratio:    6.00 (Gate area) 
      Cumulative area ratio:    0.21
      Required ratio:    0.00 (Cumulative area) 

    Layer: met2
      Partial area ratio:    4.92
      Required ratio:    0.00 (Gate area) 
      Cumulative area ratio:    5.25
      Required ratio:    0.00 (Cumulative area) 
      Partial area ratio:   24.01
      Required ratio: 2778.20 (Side area) 
      Cumulative area ratio:   25.65
      Required ratio:    0.00 (Cumulative side area) 


  Pin:   _09332_/A2 (sky130_fd_sc_hd__a22o_1)
    Layer: mcon
      Partial area ratio:    0.12
      Required ratio:    3.00 (Gate area) 
      Cumulative area ratio:    0.12
      Required ratio:    0.00 (Cumulative area) 

    Layer: met1
      Partial area ratio:    1.01
      Required ratio:    0.00 (Gate area) 
      Cumulative area ratio:    1.01
      Required ratio:    0.00 (Cumulative area) 
      Partial area ratio:    4.58
      Required ratio:  400.00 (Side area) 
      Cumulative area ratio:    4.58
      Required ratio:    0.00 (Cumulative side area) 

    Layer: via
      Partial area ratio:    0.18
      Required ratio:    6.00 (Gate area) 
      Cumulative area ratio:    0.30
      Required ratio:    0.00 (Cumulative area) 

    Layer: met2
      Partial area ratio:    4.92
      Required ratio:    0.00 (Gate area) 
      Cumulative area ratio:    5.93
      Required ratio:    0.00 (Cumulative area) 
      Partial area ratio:   24.01
      Required ratio: 2778.20 (Side area) 
      Cumulative area ratio:   28.59
      Required ratio:    0.00 (Cumulative side area) 


  Pin:   _09440_/B (sky130_fd_sc_hd__and2_1)
    Layer: mcon
      Partial area ratio:    0.23
      Required ratio:    3.00 (Gate area) 
      Cumulative area ratio:    0.23
      Required ratio:    0.00 (Cumulative area) 

    Layer: met1
      Partial area ratio:   80.66
      Required ratio:    0.00 (Gate area) 
      Cumulative area ratio:   80.66
      Required ratio:    0.00 (Cumulative area) 
      Partial area ratio:  400.97
      Required ratio:  400.00 (Side area) (VIOLATED)
      Cumulative area ratio:  400.97
      Required ratio:    0.00 (Cumulative side area) 

    Layer: via
      Partial area ratio:    0.54
      Required ratio:    6.00 (Gate area) 
      Cumulative area ratio:    0.77
      Required ratio:    0.00 (Cumulative area) 

    Layer: met2
      Partial area ratio:    4.92
      Required ratio:    0.00 (Gate area) 
      Cumulative area ratio:   85.58
      Required ratio:    0.00 (Cumulative area) 
      Partial area ratio:   24.01
      Required ratio: 2778.20 (Side area) 
      Cumulative area ratio:  424.98
      Required ratio:    0.00 (Cumulative side area) 


  Pin:   _09530_/D (sky130_fd_sc_hd__and4_1)
    Layer: mcon
      Partial area ratio:    0.23
      Required ratio:    3.00 (Gate area) 
      Cumulative area ratio:    0.23
      Required ratio:    0.00 (Cumulative area) 

    Layer: met1
      Partial area ratio:    1.36
      Required ratio:    0.00 (Gate area) 
      Cumulative area ratio:    1.36
      Required ratio:    0.00 (Cumulative area) 
      Partial area ratio:    6.19
      Required ratio:  400.00 (Side area) 
      Cumulative area ratio:    6.19
      Required ratio:    0.00 (Cumulative side area) 

    Layer: via
      Partial area ratio:    0.18
      Required ratio:    6.00 (Gate area) 
      Cumulative area ratio:    0.41
      Required ratio:    0.00 (Cumulative area) 

    Layer: met2
      Partial area ratio:    4.92
      Required ratio:    0.00 (Gate area) 
      Cumulative area ratio:    6.28
      Required ratio:    0.00 (Cumulative area) 
      Partial area ratio:   24.01
      Required ratio: 2778.20 (Side area) 
      Cumulative area ratio:   30.21
      Required ratio:    0.00 (Cumulative side area) 


  Pin:   _09531_/B1 (sky130_fd_sc_hd__a22o_1)
    Layer: mcon
      Partial area ratio:    0.12
      Required ratio:    3.00 (Gate area) 
      Cumulative area ratio:    0.12
      Required ratio:    0.00 (Cumulative area) 

    Layer: met1
      Partial area ratio:    1.42
      Required ratio:    0.00 (Gate area) 
      Cumulative area ratio:    1.42
      Required ratio:    0.00 (Cumulative area) 
      Partial area ratio:    6.80
      Required ratio:  400.00 (Side area) 
      Cumulative area ratio:    6.80
      Required ratio:    0.00 (Cumulative side area) 

    Layer: via
      Partial area ratio:    0.09
      Required ratio:    6.00 (Gate area) 
      Cumulative area ratio:    0.21
      Required ratio:    0.00 (Cumulative area) 

    Layer: met2
      Partial area ratio:    4.92
      Required ratio:    0.00 (Gate area) 
      Cumulative area ratio:    6.34
      Required ratio:    0.00 (Cumulative area) 
      Partial area ratio:   24.01
      Required ratio: 2778.20 (Side area) 
      Cumulative area ratio:   30.81
      Required ratio:    0.00 (Cumulative side area) 


  Pin:   _09651_/C (sky130_fd_sc_hd__and4_1)
    Layer: mcon
      Partial area ratio:    0.23
      Required ratio:    3.00 (Gate area) 
      Cumulative area ratio:    0.23
      Required ratio:    0.00 (Cumulative area) 

    Layer: met1
      Partial area ratio:    5.97
      Required ratio:    0.00 (Gate area) 
      Cumulative area ratio:    5.97
      Required ratio:    0.00 (Cumulative area) 
      Partial area ratio:   28.36
      Required ratio:  400.00 (Side area) 
      Cumulative area ratio:   28.36
      Required ratio:    0.00 (Cumulative side area) 

    Layer: via
      Partial area ratio:    0.36
      Required ratio:    6.00 (Gate area) 
      Cumulative area ratio:    0.59
      Required ratio:    0.00 (Cumulative area) 

    Layer: met2
      Partial area ratio:    4.92
      Required ratio:    0.00 (Gate area) 
      Cumulative area ratio:   10.88
      Required ratio:    0.00 (Cumulative area) 
      Partial area ratio:   24.01
      Required ratio: 2778.20 (Side area) 
      Cumulative area ratio:   52.37
      Required ratio:    0.00 (Cumulative side area) 


  Pin:   _09652_/A2 (sky130_fd_sc_hd__a22o_1)
    Layer: mcon
      Partial area ratio:    0.12
      Required ratio:    3.00 (Gate area) 
      Cumulative area ratio:    0.12
      Required ratio:    0.00 (Cumulative area) 

    Layer: met1
      Partial area ratio:    1.21
      Required ratio:    0.00 (Gate area) 
      Cumulative area ratio:    1.21
      Required ratio:    0.00 (Cumulative area) 
      Partial area ratio:    5.76
      Required ratio:  400.00 (Side area) 
      Cumulative area ratio:    5.76
      Required ratio:    0.00 (Cumulative side area) 

    Layer: via
      Partial area ratio:    0.09
      Required ratio:    6.00 (Gate area) 
      Cumulative area ratio:    0.21
      Required ratio:    0.00 (Cumulative area) 

    Layer: met2
      Partial area ratio:    4.92
      Required ratio:    0.00 (Gate area) 
      Cumulative area ratio:    6.13
      Required ratio:    0.00 (Cumulative area) 
      Partial area ratio:   24.01
      Required ratio: 2778.20 (Side area) 
      Cumulative area ratio:   29.77
      Required ratio:    0.00 (Cumulative side area) 


  Pin:   _10099_/B (sky130_fd_sc_hd__and4_1)
    Layer: mcon
      Partial area ratio:    0.23
      Required ratio:    3.00 (Gate area) 
      Cumulative area ratio:    0.23
      Required ratio:    0.00 (Cumulative area) 

    Layer: met1
      Partial area ratio:    0.66
      Required ratio:    0.00 (Gate area) 
      Cumulative area ratio:    0.66
      Required ratio:    0.00 (Cumulative area) 
      Partial area ratio:    3.22
      Required ratio:  400.00 (Side area) 
      Cumulative area ratio:    3.22
      Required ratio:    0.00 (Cumulative side area) 

    Layer: via
      Partial area ratio:    0.18
      Required ratio:    6.00 (Gate area) 
      Cumulative area ratio:    0.41
      Required ratio:    0.00 (Cumulative area) 

    Layer: met2
      Partial area ratio:    4.92
      Required ratio:    0.00 (Gate area) 
      Cumulative area ratio:    5.58
      Required ratio:    0.00 (Cumulative area) 
      Partial area ratio:   24.01
      Required ratio: 2778.20 (Side area) 
      Cumulative area ratio:   27.23
      Required ratio:    0.00 (Cumulative side area) 



[INFO ANT-0002] Found 4 net violations.
[INFO ANT-0001] Found 5 pin violations.
%OL_END_REPORT
