Reading OpenROAD database at '/home/asic/workspace/mul_32/runs/RUN_2025-09-22_05-35-53/18-openroad-tapendcapinsertion/mul_32.odb'…
Reading library file at '/foss/pdks/volare/sky130/versions/0fe599b2afb6708d281543108caf8310912f54af/sky130A/libs.ref/sky130_fd_sc_hd/lib/sky130_fd_sc_hd__tt_025C_1v80.lib'…
Reading design constraints file at '/usr/local/lib/python3.12/dist-packages/openlane/scripts/base.sdc'…
[INFO] Using clock clk…
[INFO] Setting output delay to: 200
[INFO] Setting input delay to: 200
[INFO] Setting load to: 0.033442
[INFO] Setting clock uncertainty to: 0.25
[INFO] Setting clock transition to: 0.1499999999999999944488848768742172978818416595458984375
[INFO] Setting timing derate to: 5%
[INFO] Setting global connections...
adding -skip_trim to pdngen
[INFO PDN-0001] Inserting grid: stdcell_grid
Setting global connections for newly added cells…
[INFO] Setting global connections...
Updating metrics…
Cell type report:                       Count       Area
  Fill cell                               240     900.86
  Tap cell                               1525    1908.08
  Inverter                                 69     259.00
  Multi-Input combinational cell         5302   53251.07
  Total                                  7136   56319.01
Writing OpenROAD database to '/home/asic/workspace/mul_32/runs/RUN_2025-09-22_05-35-53/20-openroad-generatepdn/mul_32.odb'…
Writing netlist to '/home/asic/workspace/mul_32/runs/RUN_2025-09-22_05-35-53/20-openroad-generatepdn/mul_32.nl.v'…
Writing powered netlist to '/home/asic/workspace/mul_32/runs/RUN_2025-09-22_05-35-53/20-openroad-generatepdn/mul_32.pnl.v'…
Writing layout to '/home/asic/workspace/mul_32/runs/RUN_2025-09-22_05-35-53/20-openroad-generatepdn/mul_32.def'…
Writing timing constraints to '/home/asic/workspace/mul_32/runs/RUN_2025-09-22_05-35-53/20-openroad-generatepdn/mul_32.sdc'…
[INFO PSM-0040] All shapes on net VPWR are connected.
[INFO PSM-0040] All shapes on net VGND are connected.
