
===========================================================================
report_checks -unconstrained
===========================================================================
======================= max_tt_025C_1v80 Corner ===================================

Startpoint: B[9] (input port clocked by clk)
Endpoint: C[62] (output port clocked by clk)
Path Group: clk
Path Type: max

Fanout         Cap        Slew       Delay        Time   Description
---------------------------------------------------------------------------------------------
                                  0.000000    0.000000   clock clk (rise edge)
                                  0.000000    0.000000   clock network delay (propagated)
                                200.000000  200.000000 ^ input external delay
     1    0.002898    0.020154    0.010701  200.010696 ^ B[9] (in)
                                                         B[9] (net)
                      0.020155    0.000000  200.010696 ^ input64/A (sky130_fd_sc_hd__clkbuf_2)
     2    0.046282    0.252325    0.237890  200.248581 ^ input64/X (sky130_fd_sc_hd__clkbuf_2)
                                                         net64 (net)
                      0.252547    0.006168  200.254745 ^ fanout188/A (sky130_fd_sc_hd__buf_2)
     6    0.053486    0.260467    0.322132  200.576889 ^ fanout188/X (sky130_fd_sc_hd__buf_2)
                                                         net188 (net)
                      0.260723    0.006750  200.583633 ^ fanout187/A (sky130_fd_sc_hd__buf_2)
     7    0.046724    0.229895    0.300631  200.884262 ^ fanout187/X (sky130_fd_sc_hd__buf_2)
                                                         net187 (net)
                      0.230577    0.010218  200.894485 ^ fanout186/A (sky130_fd_sc_hd__buf_2)
     8    0.047214    0.230807    0.296012  201.190491 ^ fanout186/X (sky130_fd_sc_hd__buf_2)
                                                         net186 (net)
                      0.231058    0.006267  201.196762 ^ fanout185/A (sky130_fd_sc_hd__dlymetal6s2s_1)
     6    0.020789    0.222886    0.262176  201.458939 ^ fanout185/X (sky130_fd_sc_hd__dlymetal6s2s_1)
                                                         net185 (net)
                      0.222889    0.000625  201.459564 ^ _07392_/A (sky130_fd_sc_hd__and4_1)
     2    0.006082    0.083478    0.237748  201.697311 ^ _07392_/X (sky130_fd_sc_hd__and4_1)
                                                         _01294_ (net)
                      0.083478    0.000213  201.697525 ^ _07394_/A_N (sky130_fd_sc_hd__and2b_1)
     1    0.005497    0.045014    0.192614  201.890137 v _07394_/X (sky130_fd_sc_hd__and2b_1)
                                                         _01296_ (net)
                      0.045017    0.000426  201.890564 v _07395_/B (sky130_fd_sc_hd__xnor2_1)
     2    0.007572    0.207888    0.198568  202.089127 ^ _07395_/Y (sky130_fd_sc_hd__xnor2_1)
                                                         _01297_ (net)
                      0.207889    0.000469  202.089600 ^ _07398_/A (sky130_fd_sc_hd__xnor2_1)
     2    0.006706    0.081493    0.127955  202.217560 v _07398_/Y (sky130_fd_sc_hd__xnor2_1)
                                                         _01301_ (net)
                      0.081495    0.000469  202.218018 v _07400_/B (sky130_fd_sc_hd__xnor2_1)
     3    0.009174    0.239656    0.236838  202.454865 ^ _07400_/Y (sky130_fd_sc_hd__xnor2_1)
                                                         _01303_ (net)
                      0.239657    0.000398  202.455261 ^ _07403_/C (sky130_fd_sc_hd__nand3_1)
     2    0.005661    0.089426    0.132474  202.587738 v _07403_/Y (sky130_fd_sc_hd__nand3_1)
                                                         _01306_ (net)
                      0.089426    0.000341  202.588074 v _07404_/C1 (sky130_fd_sc_hd__o211a_1)
     4    0.013229    0.083530    0.168839  202.756912 v _07404_/X (sky130_fd_sc_hd__o211a_1)
                                                         _01307_ (net)
                      0.083533    0.000639  202.757553 v _07440_/A (sky130_fd_sc_hd__or4bb_2)
     4    0.012718    0.133037    0.697867  203.455414 v _07440_/X (sky130_fd_sc_hd__or4bb_2)
                                                         _01347_ (net)
                      0.133037    0.000753  203.456177 v _07588_/C1 (sky130_fd_sc_hd__o211ai_1)
     2    0.008622    0.245369    0.160696  203.616867 ^ _07588_/Y (sky130_fd_sc_hd__o211ai_1)
                                                         _01509_ (net)
                      0.245369    0.000625  203.617493 ^ _07589_/D_N (sky130_fd_sc_hd__or4bb_2)
     4    0.016253    0.141889    0.625235  204.242737 v _07589_/X (sky130_fd_sc_hd__or4bb_2)
                                                         _01510_ (net)
                      0.141889    0.001208  204.243942 v _07591_/B1 (sky130_fd_sc_hd__o211ai_2)
     5    0.014369    0.224864    0.147764  204.391708 ^ _07591_/Y (sky130_fd_sc_hd__o211ai_2)
                                                         _01512_ (net)
                      0.224864    0.000625  204.392334 ^ _07593_/C_N (sky130_fd_sc_hd__or4bb_2)
     5    0.015002    0.139328    0.703949  205.096283 v _07593_/X (sky130_fd_sc_hd__or4bb_2)
                                                         _01514_ (net)
                      0.139328    0.000881  205.097153 v _07596_/A1 (sky130_fd_sc_hd__a211oi_1)
     2    0.009508    0.364417    0.370363  205.467514 ^ _07596_/Y (sky130_fd_sc_hd__a211oi_1)
                                                         _01517_ (net)
                      0.364419    0.000696  205.468216 ^ _07597_/C1 (sky130_fd_sc_hd__a211oi_2)
     3    0.009995    0.095208    0.093934  205.562149 v _07597_/Y (sky130_fd_sc_hd__a211oi_2)
                                                         _01518_ (net)
                      0.095209    0.000426  205.562576 v _07599_/B1 (sky130_fd_sc_hd__a211o_2)
     5    0.020843    0.092040    0.379600  205.942184 v _07599_/X (sky130_fd_sc_hd__a211o_2)
                                                         _01521_ (net)
                      0.092055    0.001194  205.943375 v _07603_/B (sky130_fd_sc_hd__and3_1)
     3    0.007228    0.056275    0.201567  206.144943 v _07603_/X (sky130_fd_sc_hd__and3_1)
                                                         _01525_ (net)
                      0.056277    0.000412  206.145355 v _07760_/D (sky130_fd_sc_hd__or4_1)
     2    0.005666    0.101038    0.423299  206.568649 v _07760_/X (sky130_fd_sc_hd__or4_1)
                                                         _01696_ (net)
                      0.101038    0.000199  206.568848 v _08071_/B (sky130_fd_sc_hd__or4bb_1)
     2    0.015861    0.153546    0.583086  207.151932 v _08071_/X (sky130_fd_sc_hd__or4bb_1)
                                                         _02036_ (net)
                      0.153565    0.001748  207.153687 v _08077_/B (sky130_fd_sc_hd__or3_1)
     2    0.007090    0.089289    0.409742  207.563416 v _08077_/X (sky130_fd_sc_hd__or3_1)
                                                         _02042_ (net)
                      0.089290    0.000469  207.563889 v _08079_/A (sky130_fd_sc_hd__or3b_2)
     2    0.032473    0.163510    0.597566  208.161453 v _08079_/X (sky130_fd_sc_hd__or3b_2)
                                                         _02045_ (net)
                      0.163734    0.005357  208.166809 v _09198_/A3 (sky130_fd_sc_hd__a311o_4)
     4    0.061852    0.133516    0.543920  208.710739 v _09198_/X (sky130_fd_sc_hd__a311o_4)
                                                         _03267_ (net)
                      0.135218    0.010914  208.721649 v _09999_/B2 (sky130_fd_sc_hd__a22oi_4)
     3    0.030685    0.278979    0.293880  209.015533 ^ _09999_/Y (sky130_fd_sc_hd__a22oi_4)
                                                         _04138_ (net)
                      0.279112    0.002601  209.018127 ^ _10505_/A1 (sky130_fd_sc_hd__a311o_1)
     3    0.015239    0.175190    0.304937  209.323074 ^ _10505_/X (sky130_fd_sc_hd__a311o_1)
                                                         _04686_ (net)
                      0.175197    0.001378  209.324448 ^ _10580_/B (sky130_fd_sc_hd__and3_1)
     4    0.016624    0.172405    0.272848  209.597290 ^ _10580_/X (sky130_fd_sc_hd__and3_1)
                                                         _04766_ (net)
                      0.172414    0.001450  209.598740 ^ _10634_/A1 (sky130_fd_sc_hd__o311a_1)
     3    0.013015    0.140862    0.260840  209.859589 ^ _10634_/X (sky130_fd_sc_hd__o311a_1)
                                                         _04823_ (net)
                      0.140862    0.000597  209.860184 ^ _10665_/A1 (sky130_fd_sc_hd__a211o_1)
     2    0.013182    0.123318    0.201922  210.062103 ^ _10665_/X (sky130_fd_sc_hd__a211o_1)
                                                         _04855_ (net)
                      0.123319    0.000611  210.062714 ^ _10666_/B (sky130_fd_sc_hd__xnor2_1)
     1    0.002318    0.106576    0.123478  210.186188 ^ _10666_/Y (sky130_fd_sc_hd__xnor2_1)
                                                         net123 (net)
                      0.106576    0.000156  210.186356 ^ output123/A (sky130_fd_sc_hd__buf_2)
     1    0.034525    0.171869    0.220965  210.407318 ^ output123/X (sky130_fd_sc_hd__buf_2)
                                                         C[62] (net)
                      0.171882    0.001620  210.408936 ^ C[62] (out)
                                            210.408936   data arrival time

                               1000.000000 1000.000000   clock clk (rise edge)
                                  0.000000 1000.000000   clock network delay (propagated)
                                 -0.250000  999.750000   clock uncertainty
                                  0.000000  999.750000   clock reconvergence pessimism
                               -200.000000  799.750061   output external delay
                                            799.750061   data required time
---------------------------------------------------------------------------------------------
                                            799.750061   data required time
                                           -210.408936   data arrival time
---------------------------------------------------------------------------------------------
                                            589.341125   slack (MET)




===========================================================================
report_checks --slack_max -0.01
============================================================================
======================= max_tt_025C_1v80 Corner ===================================

No paths found.


===========================================================================
 report_check_types -max_slew -max_cap -max_fanout -violators
============================================================================
======================= max_tt_025C_1v80 Corner ===================================

max fanout

Pin                                   Limit Fanout  Slack
---------------------------------------------------------
fanout329/X                              10     12     -2 (VIOLATED)
fanout430/X                              10     11        (VIOLATED)



===========================================================================
report_parasitic_annotation -report_unannotated
============================================================================
Found 1 unannotated drivers.
 clk
Found 0 partially unannotated drivers.

===========================================================================
max slew violation count 0
max fanout violation count 2
max cap violation count 0
============================================================================

===========================================================================
check_setup -verbose -unconstrained_endpoints -multiple_clock -no_clock -no_input_delay -loops -generated_clocks
===========================================================================
