87. Printing statistics.

=== mul_32 ===

   Number of wires:               6345
   Number of wire bits:           6470
   Number of public wires:           4
   Number of public wire bits:     129
   Number of ports:                  4
   Number of port bits:            129
   Number of memories:               0
   Number of memory bits:            0
   Number of processes:              0
   Number of cells:               6405
     $_ANDNOT_                    1936
     $_AND_                        892
     $_NAND_                       389
     $_NOR_                        165
     $_NOT_                        128
     $_ORNOT_                       80
     $_OR_                         735
     $_XNOR_                       493
     $_XOR_                       1587

   Area for cell type $_NOT_ is unknown!
   Area for cell type $_AND_ is unknown!
   Area for cell type $_NAND_ is unknown!
   Area for cell type $_OR_ is unknown!
   Area for cell type $_NOR_ is unknown!
   Area for cell type $_XOR_ is unknown!
   Area for cell type $_XNOR_ is unknown!
   Area for cell type $_ANDNOT_ is unknown!
   Area for cell type $_ORNOT_ is unknown!

