101. Printing statistics.

=== mul_32 ===

   Number of wires:               5311
   Number of wire bits:           5436
   Number of public wires:           4
   Number of public wire bits:     129
   Number of ports:                  4
   Number of port bits:            129
   Number of memories:               0
   Number of memory bits:            0
   Number of processes:              0
   Number of cells:               5371
     sky130_fd_sc_hd__a211o_2      133
     sky130_fd_sc_hd__a211oi_2     161
     sky130_fd_sc_hd__a21bo_2      101
     sky130_fd_sc_hd__a21boi_2      14
     sky130_fd_sc_hd__a21o_2       393
     sky130_fd_sc_hd__a21oi_2      212
     sky130_fd_sc_hd__a22o_2       214
     sky130_fd_sc_hd__a22oi_2      176
     sky130_fd_sc_hd__a2bb2o_2      14
     sky130_fd_sc_hd__a2bb2oi_2      8
     sky130_fd_sc_hd__a311o_2        2
     sky130_fd_sc_hd__a31o_2        83
     sky130_fd_sc_hd__a31oi_2        5
     sky130_fd_sc_hd__a32o_2         3
     sky130_fd_sc_hd__a32oi_2        2
     sky130_fd_sc_hd__a41o_2         1
     sky130_fd_sc_hd__and2_2       121
     sky130_fd_sc_hd__and2b_2      171
     sky130_fd_sc_hd__and3_2       217
     sky130_fd_sc_hd__and3b_2        4
     sky130_fd_sc_hd__and4_2       233
     sky130_fd_sc_hd__and4bb_2      35
     sky130_fd_sc_hd__inv_2         69
     sky130_fd_sc_hd__nand2_2      460
     sky130_fd_sc_hd__nand2b_2      92
     sky130_fd_sc_hd__nand3_2      342
     sky130_fd_sc_hd__nand3b_2      14
     sky130_fd_sc_hd__nand4_2      154
     sky130_fd_sc_hd__nand4b_2       1
     sky130_fd_sc_hd__nor2_2       319
     sky130_fd_sc_hd__nor3_2        55
     sky130_fd_sc_hd__nor3b_2        5
     sky130_fd_sc_hd__nor4_2        15
     sky130_fd_sc_hd__o211a_2      150
     sky130_fd_sc_hd__o211ai_2     129
     sky130_fd_sc_hd__o21a_2        71
     sky130_fd_sc_hd__o21ai_2      105
     sky130_fd_sc_hd__o21ba_2       93
     sky130_fd_sc_hd__o21bai_2      61
     sky130_fd_sc_hd__o221a_2        1
     sky130_fd_sc_hd__o22a_2        11
     sky130_fd_sc_hd__o22ai_2        7
     sky130_fd_sc_hd__o2bb2a_2      23
     sky130_fd_sc_hd__o311a_2        2
     sky130_fd_sc_hd__o31a_2         3
     sky130_fd_sc_hd__or2_2        102
     sky130_fd_sc_hd__or3_2        101
     sky130_fd_sc_hd__or3b_2         9
     sky130_fd_sc_hd__or4_2         10
     sky130_fd_sc_hd__or4b_2         2
     sky130_fd_sc_hd__or4bb_2       18
     sky130_fd_sc_hd__xnor2_2      507
     sky130_fd_sc_hd__xor2_2       137

   Chip area for module '\mul_32': 53510.070400
     of which used for sequential elements: 0.000000 (0.00%)

