Reading OpenROAD database at '/home/asic/workspace/mul_32/runs/RUN_2025-09-22_05-35-53/24-openroad-ioplacement/mul_32.odb'…
Reading library file at '/foss/pdks/volare/sky130/versions/0fe599b2afb6708d281543108caf8310912f54af/sky130A/libs.ref/sky130_fd_sc_hd/lib/sky130_fd_sc_hd__tt_025C_1v80.lib'…
Reading design constraints file at '/usr/local/lib/python3.12/dist-packages/openlane/scripts/base.sdc'…
[INFO] Using clock clk…
[INFO] Setting output delay to: 200
[INFO] Setting input delay to: 200
[INFO] Setting load to: 0.033442
[INFO] Setting clock uncertainty to: 0.25
[INFO] Setting clock transition to: 0.1499999999999999944488848768742172978818416595458984375
[INFO] Setting timing derate to: 5%
[INFO] Setting RC values…
[INFO] Setting signal min routing layer to: met1 and clock min routing layer to met1. 
[INFO] Setting signal max routing layer to: met5 and clock max routing layer to met5. 
+ global_placement -density 0.619128 -timing_driven -routability_driven -pad_right 0 -pad_left 0 -init_wirelength_coef 0.25
[INFO GPL-0002] DBU: 1000
[INFO GPL-0003] SiteSize: (  0.460  2.720 ) um
[INFO GPL-0004] CoreBBox: (  5.520 10.880 ) ( 332.580 337.280 ) um
[INFO GPL-0006] NumInstances:              7136
[INFO GPL-0007] NumPlaceInstances:         5371
[INFO GPL-0008] NumFixedInstances:         1765
[INFO GPL-0009] NumDummyInstances:            0
[INFO GPL-0010] NumNets:                   5436
[INFO GPL-0011] NumPins:                  21173
[INFO GPL-0012] DieBBox:  (  0.000  0.000 ) ( 338.180 348.900 ) um
[INFO GPL-0013] CoreBBox: (  5.520 10.880 ) ( 332.580 337.280 ) um
[INFO GPL-0016] CoreArea:            106752.384 um^2
[INFO GPL-0017] NonPlaceInstsArea:     2808.944 um^2
[INFO GPL-0018] PlaceInstsArea:       53510.070 um^2
[INFO GPL-0019] Util:                    51.480 %
[INFO GPL-0020] StdInstsArea:         53510.070 um^2
[INFO GPL-0021] MacroInstsArea:           0.000 um^2
[InitialPlace]  Iter: 1 CG residual: 0.00016370 HPWL: 122983835
[InitialPlace]  Iter: 2 CG residual: 0.00021808 HPWL: 74469820
[InitialPlace]  Iter: 3 CG residual: 0.00000818 HPWL: 74499462
[InitialPlace]  Iter: 4 CG residual: 0.00002550 HPWL: 74586662
[InitialPlace]  Iter: 5 CG residual: 0.00003376 HPWL: 74640085
[InitialPlace]  Iter: 6 CG residual: 0.00004491 HPWL: 74683867
[InitialPlace]  Iter: 7 CG residual: 0.00004729 HPWL: 74712484
[InitialPlace]  Iter: 8 CG residual: 0.00008734 HPWL: 74736913
[InitialPlace]  Iter: 9 CG residual: 0.00004246 HPWL: 74754539
[InitialPlace]  Iter: 10 CG residual: 0.00004039 HPWL: 74773622
[InitialPlace]  Iter: 11 CG residual: 0.00003522 HPWL: 74778503
[InitialPlace]  Iter: 12 CG residual: 0.00003505 HPWL: 74790342
[InitialPlace]  Iter: 13 CG residual: 0.00002806 HPWL: 74798549
[InitialPlace]  Iter: 14 CG residual: 0.00002558 HPWL: 74801599
[InitialPlace]  Iter: 15 CG residual: 0.00002462 HPWL: 74799679
[InitialPlace]  Iter: 16 CG residual: 0.00001565 HPWL: 74814894
[InitialPlace]  Iter: 17 CG residual: 0.00001890 HPWL: 74806328
[InitialPlace]  Iter: 18 CG residual: 0.00001758 HPWL: 74819429
[InitialPlace]  Iter: 19 CG residual: 0.00001825 HPWL: 74816383
[InitialPlace]  Iter: 20 CG residual: 0.00001928 HPWL: 74820624
[INFO GPL-0031] FillerInit:NumGCells:      6471
[INFO GPL-0032] FillerInit:NumGNets:       5436
[INFO GPL-0033] FillerInit:NumGPins:      21173
[INFO GPL-0023] TargetDensity:            0.619
[INFO GPL-0024] AvrgPlaceInstArea:        9.963 um^2
[INFO GPL-0025] IdealBinArea:            16.092 um^2
[INFO GPL-0026] IdealBinCnt:               6634
[INFO GPL-0027] TotalBinArea:        106752.384 um^2
[INFO GPL-0028] BinCnt:        64     64
[INFO GPL-0029] BinSize: (  5.111  5.100 )
[INFO GPL-0030] NumBins: 4096
[NesterovSolve] Iter:    1 overflow: 0.968 HPWL: 44728980
[NesterovSolve] Iter:   10 overflow: 0.889 HPWL: 52913934
[NesterovSolve] Iter:   20 overflow: 0.846 HPWL: 59326631
[NesterovSolve] Iter:   30 overflow: 0.823 HPWL: 62053089
[NesterovSolve] Iter:   40 overflow: 0.814 HPWL: 62715363
[NesterovSolve] Iter:   50 overflow: 0.809 HPWL: 62962489
[NesterovSolve] Iter:   60 overflow: 0.808 HPWL: 63225025
[NesterovSolve] Iter:   70 overflow: 0.809 HPWL: 63185903
[NesterovSolve] Iter:   80 overflow: 0.811 HPWL: 63011278
[NesterovSolve] Iter:   90 overflow: 0.811 HPWL: 62959533
[NesterovSolve] Iter:  100 overflow: 0.811 HPWL: 63044064
[NesterovSolve] Iter:  110 overflow: 0.809 HPWL: 63204858
[NesterovSolve] Iter:  120 overflow: 0.808 HPWL: 63396304
[NesterovSolve] Iter:  130 overflow: 0.806 HPWL: 63576966
[NesterovSolve] Iter:  140 overflow: 0.805 HPWL: 63752038
[NesterovSolve] Iter:  150 overflow: 0.803 HPWL: 63971280
[NesterovSolve] Iter:  160 overflow: 0.800 HPWL: 64311884
[NesterovSolve] Iter:  170 overflow: 0.795 HPWL: 64874751
[NesterovSolve] Iter:  180 overflow: 0.786 HPWL: 65754827
[INFO GPL-0100] Timing-driven: executing resizer for reweighting nets.
[INFO GPL-0101] Timing-driven: worst slack 5.9e-07
[INFO GPL-0103] Timing-driven: weighted 541 nets.
[NesterovSolve] Iter:  190 overflow: 0.773 HPWL: 67755920
[NesterovSolve] Iter:  200 overflow: 0.757 HPWL: 69223669
[NesterovSolve] Iter:  210 overflow: 0.739 HPWL: 70455333
[NesterovSolve] Iter:  220 overflow: 0.713 HPWL: 72150891
[NesterovSolve] Iter:  230 overflow: 0.677 HPWL: 74263165
[INFO GPL-0100] Timing-driven: executing resizer for reweighting nets.
[INFO GPL-0101] Timing-driven: worst slack 5.9e-07
[INFO GPL-0103] Timing-driven: weighted 543 nets.
[NesterovSolve] Iter:  240 overflow: 0.623 HPWL: 75865456
[NesterovSolve] Snapshot saved at iter = 243
[NesterovSolve] Iter:  250 overflow: 0.558 HPWL: 76976031
[NesterovSolve] Iter:  260 overflow: 0.511 HPWL: 77376637
[NesterovSolve] Iter:  270 overflow: 0.484 HPWL: 77435472
[INFO GPL-0100] Timing-driven: executing resizer for reweighting nets.
[INFO GPL-0101] Timing-driven: worst slack 5.9e-07
[INFO GPL-0103] Timing-driven: weighted 543 nets.
[NesterovSolve] Iter:  280 overflow: 0.456 HPWL: 78039844
[NesterovSolve] Iter:  290 overflow: 0.416 HPWL: 79370711
[NesterovSolve] Iter:  300 overflow: 0.375 HPWL: 80888187
[NesterovSolve] Iter:  310 overflow: 0.340 HPWL: 82015861
[NesterovSolve] Iter:  320 overflow: 0.322 HPWL: 82852557
[NesterovSolve] Iter:  330 overflow: 0.301 HPWL: 83457621
[INFO GPL-0075] Routability numCall: 1 inflationIterCnt: 1 bloatIterCnt: 0
[INFO GPL-0036] TileBBox: (    0    0 ) ( 6900 6900 ) DBU
[INFO GPL-0038] TileCnt:      49   50
[INFO GPL-0040] NumTiles: 2450
[INFO GPL-0081] TotalRouteOverflow: 0.0
[INFO GPL-0082] OverflowTileCnt: 0
[INFO GPL-0083] 0.5%RC: 0.8131042443788968
[INFO GPL-0084] 1.0%RC: 0.7981651711463928
[INFO GPL-0085] 2.0%RC: 0.778995651371625
[INFO GPL-0086] 5.0%RC: 0.7426793958113446
[INFO GPL-0087] FinalRC: 0.80563474
[INFO GPL-0077] FinalRC lower than targetRC(1.01), routability not needed.
[INFO GPL-0100] Timing-driven: executing resizer for reweighting nets.
[INFO GPL-0101] Timing-driven: worst slack 5.91e-07
[INFO GPL-0103] Timing-driven: weighted 543 nets.
[NesterovSolve] Iter:  340 overflow: 0.278 HPWL: 83910160
[NesterovSolve] Iter:  350 overflow: 0.259 HPWL: 84420033
[NesterovSolve] Iter:  360 overflow: 0.240 HPWL: 84618771
[NesterovSolve] Iter:  370 overflow: 0.219 HPWL: 84549297
[INFO GPL-0100] Timing-driven: executing resizer for reweighting nets.
[INFO GPL-0101] Timing-driven: worst slack 5.9e-07
[INFO GPL-0103] Timing-driven: weighted 543 nets.
[NesterovSolve] Iter:  380 overflow: 0.202 HPWL: 84809988
[NesterovSolve] Iter:  390 overflow: 0.186 HPWL: 84873370
[NesterovSolve] Iter:  400 overflow: 0.170 HPWL: 85016374
[NesterovSolve] Iter:  410 overflow: 0.154 HPWL: 85186975
[INFO GPL-0100] Timing-driven: executing resizer for reweighting nets.
[INFO GPL-0101] Timing-driven: worst slack 5.91e-07
[INFO GPL-0103] Timing-driven: weighted 543 nets.
[NesterovSolve] Iter:  420 overflow: 0.139 HPWL: 85409456
[NesterovSolve] Iter:  430 overflow: 0.125 HPWL: 85651709
[NesterovSolve] Iter:  440 overflow: 0.110 HPWL: 85926236
[NesterovSolve] Finished with Overflow: 0.098998
[INFO] Setting RC values…
Setting global connections for newly added cells…
[INFO] Setting global connections...
Updating metrics…
Cell type report:                       Count       Area
  Fill cell                               240     900.86
  Tap cell                               1525    1908.08
  Inverter                                 69     259.00
  Multi-Input combinational cell         5302   53251.07
  Total                                  7136   56319.01
Writing OpenROAD database to '/home/asic/workspace/mul_32/runs/RUN_2025-09-22_05-35-53/27-openroad-globalplacement/mul_32.odb'…
Writing netlist to '/home/asic/workspace/mul_32/runs/RUN_2025-09-22_05-35-53/27-openroad-globalplacement/mul_32.nl.v'…
Writing powered netlist to '/home/asic/workspace/mul_32/runs/RUN_2025-09-22_05-35-53/27-openroad-globalplacement/mul_32.pnl.v'…
Writing layout to '/home/asic/workspace/mul_32/runs/RUN_2025-09-22_05-35-53/27-openroad-globalplacement/mul_32.def'…
Writing timing constraints to '/home/asic/workspace/mul_32/runs/RUN_2025-09-22_05-35-53/27-openroad-globalplacement/mul_32.sdc'…
