
===========================================================================
report_checks -path_delay max (Setup)
============================================================================
======================= nom_tt_025C_1v80 Corner ===================================

Startpoint: B[7] (input port clocked by __VIRTUAL_CLK__)
Endpoint: GT (output port clocked by __VIRTUAL_CLK__)
Path Group: __VIRTUAL_CLK__
Path Type: max

Fanout         Cap        Slew       Delay        Time   Description
---------------------------------------------------------------------------------------------
                      0.000000    0.000000    0.000000   clock __VIRTUAL_CLK__ (rise edge)
                                  0.000000    0.000000   clock network delay (ideal)
                                  2.000000    2.000000 ^ input external delay
     2    0.003303    0.022713    0.012047    2.012047 ^ B[7] (in)
                                                         B[7] (net)
                      0.022713    0.000000    2.012047 ^ _197_/A_N (sky130_fd_sc_hd__and2b_2)
     2    0.005534    0.043779    0.205318    2.217364 v _197_/X (sky130_fd_sc_hd__and2b_2)
                                                         _050_ (net)
                      0.043779    0.000000    2.217364 v _202_/A (sky130_fd_sc_hd__or4_2)
     2    0.003587    0.103537    0.658035    2.875400 v _202_/X (sky130_fd_sc_hd__or4_2)
                                                         _055_ (net)
                      0.103537    0.000000    2.875400 v _206_/A (sky130_fd_sc_hd__or4b_2)
     2    0.003620    0.104217    0.680894    3.556294 v _206_/X (sky130_fd_sc_hd__or4b_2)
                                                         _059_ (net)
                      0.104217    0.000000    3.556294 v _230_/B (sky130_fd_sc_hd__or3b_2)
     1    0.004136    0.082707    0.462124    4.018418 v _230_/X (sky130_fd_sc_hd__or3b_2)
                                                         _082_ (net)
                      0.082707    0.000000    4.018418 v _231_/B (sky130_fd_sc_hd__nor2_2)
     2    0.038149    0.421468    0.348704    4.367121 ^ _231_/Y (sky130_fd_sc_hd__nor2_2)
                                                         EQ (net)
                      0.421468    0.000000    4.367121 ^ _232_/B1 (sky130_fd_sc_hd__a21oi_2)
     1    0.033442    0.150201    0.171145    4.538267 v _232_/Y (sky130_fd_sc_hd__a21oi_2)
                                                         GT (net)
                      0.150201    0.000000    4.538267 v GT (out)
                                              4.538267   data arrival time

                      0.000000   10.000000   10.000000   clock __VIRTUAL_CLK__ (rise edge)
                                  0.000000   10.000000   clock network delay (ideal)
                                 -0.250000    9.750000   clock uncertainty
                                  0.000000    9.750000   clock reconvergence pessimism
                                 -2.000000    7.750000   output external delay
                                              7.750000   data required time
---------------------------------------------------------------------------------------------
                                              7.750000   data required time
                                             -4.538267   data arrival time
---------------------------------------------------------------------------------------------
                                              3.211733   slack (MET)


Startpoint: B[7] (input port clocked by __VIRTUAL_CLK__)
Endpoint: EQ (output port clocked by __VIRTUAL_CLK__)
Path Group: __VIRTUAL_CLK__
Path Type: max

Fanout         Cap        Slew       Delay        Time   Description
---------------------------------------------------------------------------------------------
                      0.000000    0.000000    0.000000   clock __VIRTUAL_CLK__ (rise edge)
                                  0.000000    0.000000   clock network delay (ideal)
                                  2.000000    2.000000 ^ input external delay
     2    0.003303    0.022713    0.012047    2.012047 ^ B[7] (in)
                                                         B[7] (net)
                      0.022713    0.000000    2.012047 ^ _197_/A_N (sky130_fd_sc_hd__and2b_2)
     2    0.005534    0.043779    0.205318    2.217364 v _197_/X (sky130_fd_sc_hd__and2b_2)
                                                         _050_ (net)
                      0.043779    0.000000    2.217364 v _202_/A (sky130_fd_sc_hd__or4_2)
     2    0.003587    0.103537    0.658035    2.875400 v _202_/X (sky130_fd_sc_hd__or4_2)
                                                         _055_ (net)
                      0.103537    0.000000    2.875400 v _206_/A (sky130_fd_sc_hd__or4b_2)
     2    0.003620    0.104217    0.680894    3.556294 v _206_/X (sky130_fd_sc_hd__or4b_2)
                                                         _059_ (net)
                      0.104217    0.000000    3.556294 v _230_/B (sky130_fd_sc_hd__or3b_2)
     1    0.004136    0.082707    0.462124    4.018418 v _230_/X (sky130_fd_sc_hd__or3b_2)
                                                         _082_ (net)
                      0.082707    0.000000    4.018418 v _231_/B (sky130_fd_sc_hd__nor2_2)
     2    0.038149    0.421468    0.348704    4.367121 ^ _231_/Y (sky130_fd_sc_hd__nor2_2)
                                                         EQ (net)
                      0.421468    0.000000    4.367121 ^ EQ (out)
                                              4.367121   data arrival time

                      0.000000   10.000000   10.000000   clock __VIRTUAL_CLK__ (rise edge)
                                  0.000000   10.000000   clock network delay (ideal)
                                 -0.250000    9.750000   clock uncertainty
                                  0.000000    9.750000   clock reconvergence pessimism
                                 -2.000000    7.750000   output external delay
                                              7.750000   data required time
---------------------------------------------------------------------------------------------
                                              7.750000   data required time
                                             -4.367121   data arrival time
---------------------------------------------------------------------------------------------
                                              3.382879   slack (MET)


Startpoint: B[7] (input port clocked by __VIRTUAL_CLK__)
Endpoint: LT (output port clocked by __VIRTUAL_CLK__)
Path Group: __VIRTUAL_CLK__
Path Type: max

Fanout         Cap        Slew       Delay        Time   Description
---------------------------------------------------------------------------------------------
                      0.000000    0.000000    0.000000   clock __VIRTUAL_CLK__ (rise edge)
                                  0.000000    0.000000   clock network delay (ideal)
                                  2.000000    2.000000 ^ input external delay
     2    0.003303    0.022713    0.012047    2.012047 ^ B[7] (in)
                                                         B[7] (net)
                      0.022713    0.000000    2.012047 ^ _197_/A_N (sky130_fd_sc_hd__and2b_2)
     2    0.005534    0.043779    0.205318    2.217364 v _197_/X (sky130_fd_sc_hd__and2b_2)
                                                         _050_ (net)
                      0.043779    0.000000    2.217364 v _202_/A (sky130_fd_sc_hd__or4_2)
     2    0.003587    0.103537    0.658035    2.875400 v _202_/X (sky130_fd_sc_hd__or4_2)
                                                         _055_ (net)
                      0.103537    0.000000    2.875400 v _206_/A (sky130_fd_sc_hd__or4b_2)
     2    0.003620    0.104217    0.680894    3.556294 v _206_/X (sky130_fd_sc_hd__or4b_2)
                                                         _059_ (net)
                      0.104217    0.000000    3.556294 v _225_/C1 (sky130_fd_sc_hd__a211o_2)
     1    0.002240    0.045146    0.273815    3.830108 v _225_/X (sky130_fd_sc_hd__a211o_2)
                                                         _078_ (net)
                      0.045146    0.000000    3.830108 v _226_/A3 (sky130_fd_sc_hd__a31o_2)
     2    0.006012    0.046122    0.249055    4.079164 v _226_/X (sky130_fd_sc_hd__a31o_2)
                                                         _079_ (net)
                      0.046122    0.000000    4.079164 v _227_/B (sky130_fd_sc_hd__and2_2)
     1    0.033442    0.101807    0.260652    4.339815 v _227_/X (sky130_fd_sc_hd__and2_2)
                                                         LT (net)
                      0.101807    0.000000    4.339815 v LT (out)
                                              4.339815   data arrival time

                      0.000000   10.000000   10.000000   clock __VIRTUAL_CLK__ (rise edge)
                                  0.000000   10.000000   clock network delay (ideal)
                                 -0.250000    9.750000   clock uncertainty
                                  0.000000    9.750000   clock reconvergence pessimism
                                 -2.000000    7.750000   output external delay
                                              7.750000   data required time
---------------------------------------------------------------------------------------------
                                              7.750000   data required time
                                             -4.339815   data arrival time
---------------------------------------------------------------------------------------------
                                              3.410185   slack (MET)



