Reading OpenROAD database at '/home/asic/workspace/mul_32/runs/RUN_2025-09-22_05-35-53/39-openroad-repairdesignpostgrt/mul_32.odb'…
Reading library file at '/foss/pdks/volare/sky130/versions/0fe599b2afb6708d281543108caf8310912f54af/sky130A/libs.ref/sky130_fd_sc_hd/lib/sky130_fd_sc_hd__tt_025C_1v80.lib'…
Reading design constraints file at '/usr/local/lib/python3.12/dist-packages/openlane/scripts/base.sdc'…
[INFO] Using clock clk…
[INFO] Setting output delay to: 200
[INFO] Setting input delay to: 200
[INFO] Setting load to: 0.033442
[INFO] Setting clock uncertainty to: 0.25
[INFO] Setting clock transition to: 0.1499999999999999944488848768742172978818416595458984375
[INFO] Setting timing derate to: 5%
[INFO] Setting signal min routing layer to: met1 and clock min routing layer to met1. 
[INFO] Setting signal max routing layer to: met5 and clock max routing layer to met5. 
-congestion_iterations 50 -verbose
[INFO GRT-0020] Min routing layer: met1
[INFO GRT-0021] Max routing layer: met5
[INFO GRT-0022] Global adjustment: 30%
[INFO GRT-0023] Grid origin: (0, 0)
[INFO GRT-0043] No OR_DEFAULT vias defined.
[INFO GRT-0088] Layer li1     Track-Pitch = 0.4600  line-2-Via Pitch: 0.3400
[INFO GRT-0088] Layer met1    Track-Pitch = 0.3400  line-2-Via Pitch: 0.3400
[INFO GRT-0088] Layer met2    Track-Pitch = 0.4600  line-2-Via Pitch: 0.3500
[INFO GRT-0088] Layer met3    Track-Pitch = 0.6800  line-2-Via Pitch: 0.6150
[INFO GRT-0088] Layer met4    Track-Pitch = 0.9200  line-2-Via Pitch: 1.0400
[INFO GRT-0088] Layer met5    Track-Pitch = 3.4000  line-2-Via Pitch: 3.1100
[INFO GRT-0019] Found 0 clock nets.
[INFO GRT-0001] Minimum degree: 2
[INFO GRT-0002] Maximum degree: 11
[INFO GRT-0003] Macros: 0
[INFO GRT-0043] No OR_DEFAULT vias defined.
[INFO GRT-0004] Blockages: 255

[INFO GRT-0053] Routing resources analysis:
          Routing      Original      Derated      Resource
Layer     Direction    Resources     Resources    Reduction (%)
---------------------------------------------------------------
li1        Vertical            0             0          0.00%
met1       Horizontal      49519         24366          50.79%
met2       Vertical        36765         23956          34.84%
met3       Horizontal      24735         16882          31.75%
met4       Vertical        14756          9087          38.42%
met5       Horizontal       4947          2352          52.46%
---------------------------------------------------------------

[INFO GRT-0197] Via related to pin nodes: 32563
[INFO GRT-0198] Via related Steiner nodes: 338
[INFO GRT-0199] Via filling finished.
[INFO GRT-0111] Final number of vias: 39795
[INFO GRT-0112] Final usage 3D: 141049

[INFO GRT-0096] Final congestion report:
Layer         Resource        Demand        Usage (%)    Max H / Max V / Total Overflow
---------------------------------------------------------------------------------------
li1                  0             0            0.00%             0 /  0 /  0
met1             24366         10106           41.48%             0 /  0 /  0
met2             23956         10271           42.87%             0 /  0 /  0
met3             16882           763            4.52%             0 /  0 /  0
met4              9087           524            5.77%             0 /  0 /  0
met5              2352             0            0.00%             0 /  0 /  0
---------------------------------------------------------------------------------------
Total            76643         21664           28.27%             0 /  0 /  0

[INFO GRT-0018] Total wirelength: 236359 um
[INFO GRT-0014] Routed nets: 6070
[INFO GRT-0006] Repairing antennas, iteration 1.
[INFO GRT-0043] No OR_DEFAULT vias defined.
[INFO GRT-0012] Found 20 antenna violations.
[INFO GRT-0015] Inserted 23 diodes.
[INFO GRT-0009] rerouting 1648 nets.
[INFO GRT-0001] Minimum degree: 2
[INFO GRT-0002] Maximum degree: 11
[INFO GRT-0006] Repairing antennas, iteration 2.
[INFO GRT-0043] No OR_DEFAULT vias defined.
[INFO GRT-0012] Found 4 antenna violations.
[INFO GRT-0015] Inserted 5 diodes.
[INFO GRT-0009] rerouting 5 nets.
[INFO GRT-0001] Minimum degree: 6
[INFO GRT-0002] Maximum degree: 13
[INFO GRT-0006] Repairing antennas, iteration 3.
[INFO GRT-0043] No OR_DEFAULT vias defined.
[INFO GRT-0012] Found 1 antenna violations.
[INFO GRT-0015] Inserted 1 diodes.
[INFO GRT-0009] rerouting 1 nets.
[INFO GRT-0001] Minimum degree: 7
[INFO GRT-0002] Maximum degree: 7
Placement Analysis
---------------------------------
total displacement          0.0 u
average displacement        0.0 u
max displacement            0.0 u
original HPWL          145080.3 u
legalized HPWL         145082.2 u
delta HPWL                    0 %

[INFO DPL-0020] Mirrored 2524 instances
[INFO DPL-0021] HPWL before          145082.2 u
[INFO DPL-0022] HPWL after           141329.9 u
[INFO DPL-0023] HPWL delta               -2.6 %
-congestion_iterations 50 -verbose
[INFO GRT-0020] Min routing layer: met1
[INFO GRT-0021] Max routing layer: met5
[INFO GRT-0022] Global adjustment: 30%
[INFO GRT-0023] Grid origin: (0, 0)
[INFO GRT-0043] No OR_DEFAULT vias defined.
[INFO GRT-0088] Layer li1     Track-Pitch = 0.4600  line-2-Via Pitch: 0.3400
[INFO GRT-0088] Layer met1    Track-Pitch = 0.3400  line-2-Via Pitch: 0.3400
[INFO GRT-0088] Layer met2    Track-Pitch = 0.4600  line-2-Via Pitch: 0.3500
[INFO GRT-0088] Layer met3    Track-Pitch = 0.6800  line-2-Via Pitch: 0.6150
[INFO GRT-0088] Layer met4    Track-Pitch = 0.9200  line-2-Via Pitch: 1.0400
[INFO GRT-0088] Layer met5    Track-Pitch = 3.4000  line-2-Via Pitch: 3.1100
[INFO GRT-0019] Found 0 clock nets.
[INFO GRT-0001] Minimum degree: 2
[INFO GRT-0002] Maximum degree: 13
[INFO GRT-0003] Macros: 0
[INFO GRT-0043] No OR_DEFAULT vias defined.
[INFO GRT-0004] Blockages: 255

[INFO GRT-0053] Routing resources analysis:
          Routing      Original      Derated      Resource
Layer     Direction    Resources     Resources    Reduction (%)
---------------------------------------------------------------
li1        Vertical            0             0          0.00%
met1       Horizontal      49519         24366          50.79%
met2       Vertical        36765         23956          34.84%
met3       Horizontal      24735         16882          31.75%
met4       Vertical        14756          9087          38.42%
met5       Horizontal       4947          2352          52.46%
---------------------------------------------------------------

[INFO GRT-0197] Via related to pin nodes: 32602
[INFO GRT-0198] Via related Steiner nodes: 338
[INFO GRT-0199] Via filling finished.
[INFO GRT-0111] Final number of vias: 39841
[INFO GRT-0112] Final usage 3D: 141204

[INFO GRT-0096] Final congestion report:
Layer         Resource        Demand        Usage (%)    Max H / Max V / Total Overflow
---------------------------------------------------------------------------------------
li1                  0             0            0.00%             0 /  0 /  0
met1             24366         10110           41.49%             0 /  0 /  0
met2             23956         10265           42.85%             0 /  0 /  0
met3             16882           763            4.52%             0 /  0 /  0
met4              9087           543            5.98%             0 /  0 /  0
met5              2352             0            0.00%             0 /  0 /  0
---------------------------------------------------------------------------------------
Total            76643         21681           28.29%             0 /  0 /  0

[INFO GRT-0018] Total wirelength: 236628 um
[INFO GRT-0014] Routed nets: 6070
[INFO] Setting RC values…
Setting global connections for newly added cells…
[INFO] Setting global connections...
Updating metrics…
Cell type report:                       Count       Area
  Fill cell                               240     900.86
  Tap cell                               1525    1908.08
  Antenna cell                             29      72.57
  Timing Repair Buffer                    635    3574.68
  Inverter                                 69     259.00
  Multi-Input combinational cell         5302   39969.58
  Total                                  7800   46684.77
Writing OpenROAD database to '/home/asic/workspace/mul_32/runs/RUN_2025-09-22_05-35-53/41-openroad-repairantennas/1-diodeinsertion/mul_32.odb'…
Writing layout to '/home/asic/workspace/mul_32/runs/RUN_2025-09-22_05-35-53/41-openroad-repairantennas/1-diodeinsertion/mul_32.def'…
