
===========================================================================
report_checks -unconstrained
===========================================================================
======================= min_tt_025C_1v80 Corner ===================================

Startpoint: B[9] (input port clocked by clk)
Endpoint: C[62] (output port clocked by clk)
Path Group: clk
Path Type: max

Fanout         Cap        Slew       Delay        Time   Description
---------------------------------------------------------------------------------------------
                                  0.000000    0.000000   clock clk (rise edge)
                                  0.000000    0.000000   clock network delay (propagated)
                                200.000000  200.000000 ^ input external delay
     1    0.002823    0.019830    0.010374  200.010361 ^ B[9] (in)
                                                         B[9] (net)
                      0.019830    0.000000  200.010361 ^ input64/A (sky130_fd_sc_hd__clkbuf_2)
     2    0.041051    0.224536    0.221434  200.231796 ^ input64/X (sky130_fd_sc_hd__clkbuf_2)
                                                         net64 (net)
                      0.224562    0.002004  200.233810 ^ fanout188/A (sky130_fd_sc_hd__buf_2)
     6    0.048231    0.236258    0.299508  200.533310 ^ fanout188/X (sky130_fd_sc_hd__buf_2)
                                                         net188 (net)
                      0.236366    0.002387  200.535706 ^ fanout187/A (sky130_fd_sc_hd__buf_2)
     7    0.040535    0.199978    0.277325  200.813019 ^ fanout187/X (sky130_fd_sc_hd__buf_2)
                                                         net187 (net)
                      0.200116    0.002998  200.816025 ^ fanout186/A (sky130_fd_sc_hd__buf_2)
     8    0.041509    0.204351    0.271257  201.087280 ^ fanout186/X (sky130_fd_sc_hd__buf_2)
                                                         net186 (net)
                      0.204442    0.001847  201.089127 ^ fanout185/A (sky130_fd_sc_hd__dlymetal6s2s_1)
     6    0.019695    0.212428    0.250154  201.339279 ^ fanout185/X (sky130_fd_sc_hd__dlymetal6s2s_1)
                                                         net185 (net)
                      0.212428    0.000114  201.339401 ^ _07392_/A (sky130_fd_sc_hd__and4_1)
     2    0.005695    0.079817    0.231836  201.571228 ^ _07392_/X (sky130_fd_sc_hd__and4_1)
                                                         _01294_ (net)
                      0.079817    0.000028  201.571259 ^ _07394_/A_N (sky130_fd_sc_hd__and2b_1)
     1    0.005302    0.044076    0.190838  201.762100 v _07394_/X (sky130_fd_sc_hd__and2b_1)
                                                         _01296_ (net)
                      0.044076    0.000057  201.762161 v _07395_/B (sky130_fd_sc_hd__xnor2_1)
     2    0.007368    0.211194    0.195371  201.957520 ^ _07395_/Y (sky130_fd_sc_hd__xnor2_1)
                                                         _01297_ (net)
                      0.211194    0.000071  201.957596 ^ _07398_/A (sky130_fd_sc_hd__xnor2_1)
     2    0.006854    0.200762    0.173813  202.131409 ^ _07398_/Y (sky130_fd_sc_hd__xnor2_1)
                                                         _01301_ (net)
                      0.200762    0.000057  202.131470 ^ _07400_/B (sky130_fd_sc_hd__xnor2_1)
     3    0.008866    0.241461    0.188194  202.319656 ^ _07400_/Y (sky130_fd_sc_hd__xnor2_1)
                                                         _01303_ (net)
                      0.241461    0.000071  202.319733 ^ _07403_/C (sky130_fd_sc_hd__nand3_1)
     2    0.005436    0.087721    0.131081  202.450806 v _07403_/Y (sky130_fd_sc_hd__nand3_1)
                                                         _01306_ (net)
                      0.087721    0.000043  202.450851 v _07404_/C1 (sky130_fd_sc_hd__o211a_1)
     4    0.011961    0.077978    0.163794  202.614655 v _07404_/X (sky130_fd_sc_hd__o211a_1)
                                                         _01307_ (net)
                      0.077978    0.000099  202.614746 v _07440_/A (sky130_fd_sc_hd__or4bb_2)
     4    0.012124    0.129585    0.692978  203.307724 v _07440_/X (sky130_fd_sc_hd__or4bb_2)
                                                         _01347_ (net)
                      0.129585    0.000128  203.307861 v _07588_/C1 (sky130_fd_sc_hd__o211ai_1)
     2    0.007473    0.225355    0.150138  203.457993 ^ _07588_/Y (sky130_fd_sc_hd__o211ai_1)
                                                         _01509_ (net)
                      0.225355    0.000185  203.458176 ^ _07589_/D_N (sky130_fd_sc_hd__or4bb_2)
     4    0.015661    0.140326    0.620659  204.078842 v _07589_/X (sky130_fd_sc_hd__or4bb_2)
                                                         _01510_ (net)
                      0.140326    0.000213  204.079056 v _07591_/B1 (sky130_fd_sc_hd__o211ai_2)
     5    0.013631    0.217605    0.144581  204.223633 ^ _07591_/Y (sky130_fd_sc_hd__o211ai_2)
                                                         _01512_ (net)
                      0.217605    0.000085  204.223709 ^ _07593_/C_N (sky130_fd_sc_hd__or4bb_2)
     5    0.014376    0.137759    0.700638  204.924347 v _07593_/X (sky130_fd_sc_hd__or4bb_2)
                                                         _01514_ (net)
                      0.137759    0.000114  204.924469 v _07596_/A1 (sky130_fd_sc_hd__a211oi_1)
     2    0.009072    0.364617    0.361013  205.285477 ^ _07596_/Y (sky130_fd_sc_hd__a211oi_1)
                                                         _01517_ (net)
                      0.364617    0.000114  205.285599 ^ _07597_/C1 (sky130_fd_sc_hd__a211oi_2)
     3    0.009791    0.094812    0.093152  205.378738 v _07597_/Y (sky130_fd_sc_hd__a211oi_2)
                                                         _01518_ (net)
                      0.094812    0.000071  205.378815 v _07599_/B1 (sky130_fd_sc_hd__a211o_2)
     5    0.019972    0.089631    0.377710  205.756531 v _07599_/X (sky130_fd_sc_hd__a211o_2)
                                                         _01521_ (net)
                      0.089631    0.000256  205.756790 v _07603_/B (sky130_fd_sc_hd__and3_1)
     3    0.006730    0.053827    0.198256  205.955032 v _07603_/X (sky130_fd_sc_hd__and3_1)
                                                         _01525_ (net)
                      0.053827    0.000057  205.955093 v _07760_/D (sky130_fd_sc_hd__or4_1)
     2    0.005283    0.098553    0.419149  206.374237 v _07760_/X (sky130_fd_sc_hd__or4_1)
                                                         _01696_ (net)
                      0.098553    0.000028  206.374268 v _08071_/B (sky130_fd_sc_hd__or4bb_1)
     2    0.013748    0.141853    0.569912  206.944183 v _08071_/X (sky130_fd_sc_hd__or4bb_1)
                                                         _02036_ (net)
                      0.141853    0.000512  206.944702 v _08077_/B (sky130_fd_sc_hd__or3_1)
     2    0.006190    0.083698    0.398828  207.343521 v _08077_/X (sky130_fd_sc_hd__or3_1)
                                                         _02042_ (net)
                      0.083698    0.000114  207.343643 v _08079_/A (sky130_fd_sc_hd__or3b_2)
     2    0.028143    0.153622    0.581565  207.925201 v _08079_/X (sky130_fd_sc_hd__or3b_2)
                                                         _02045_ (net)
                      0.153659    0.002316  207.927521 v _09198_/A3 (sky130_fd_sc_hd__a311o_4)
     4    0.052700    0.121643    0.532580  208.460098 v _09198_/X (sky130_fd_sc_hd__a311o_4)
                                                         _03267_ (net)
                      0.121942    0.004761  208.464859 v _09999_/B2 (sky130_fd_sc_hd__a22oi_4)
     3    0.028616    0.266425    0.279627  208.744492 ^ _09999_/Y (sky130_fd_sc_hd__a22oi_4)
                                                         _04138_ (net)
                      0.266425    0.000512  208.744995 ^ _10505_/A1 (sky130_fd_sc_hd__a311o_1)
     3    0.013881    0.161316    0.291976  209.036972 ^ _10505_/X (sky130_fd_sc_hd__a311o_1)
                                                         _04686_ (net)
                      0.161316    0.000426  209.037399 ^ _10580_/B (sky130_fd_sc_hd__and3_1)
     4    0.015561    0.162569    0.262830  209.300232 ^ _10580_/X (sky130_fd_sc_hd__and3_1)
                                                         _04766_ (net)
                      0.162569    0.000483  209.300720 ^ _10634_/A1 (sky130_fd_sc_hd__o311a_1)
     3    0.012141    0.132620    0.253095  209.553802 ^ _10634_/X (sky130_fd_sc_hd__o311a_1)
                                                         _04823_ (net)
                      0.132620    0.000171  209.553986 ^ _10665_/A1 (sky130_fd_sc_hd__a211o_1)
     2    0.012268    0.115703    0.194731  209.748718 ^ _10665_/X (sky130_fd_sc_hd__a211o_1)
                                                         _04855_ (net)
                      0.115703    0.000185  209.748901 ^ _10666_/B (sky130_fd_sc_hd__xnor2_1)
     1    0.002205    0.106225    0.120394  209.869293 ^ _10666_/Y (sky130_fd_sc_hd__xnor2_1)
                                                         net123 (net)
                      0.106225    0.000014  209.869308 ^ output123/A (sky130_fd_sc_hd__buf_2)
     1    0.034388    0.171005    0.221263  210.090561 ^ output123/X (sky130_fd_sc_hd__buf_2)
                                                         C[62] (net)
                      0.171005    0.000355  210.090927 ^ C[62] (out)
                                            210.090927   data arrival time

                               1000.000000 1000.000000   clock clk (rise edge)
                                  0.000000 1000.000000   clock network delay (propagated)
                                 -0.250000  999.750000   clock uncertainty
                                  0.000000  999.750000   clock reconvergence pessimism
                               -200.000000  799.750061   output external delay
                                            799.750061   data required time
---------------------------------------------------------------------------------------------
                                            799.750061   data required time
                                           -210.090927   data arrival time
---------------------------------------------------------------------------------------------
                                            589.659058   slack (MET)




===========================================================================
report_checks --slack_max -0.01
============================================================================
======================= min_tt_025C_1v80 Corner ===================================

No paths found.


===========================================================================
 report_check_types -max_slew -max_cap -max_fanout -violators
============================================================================
======================= min_tt_025C_1v80 Corner ===================================

max fanout

Pin                                   Limit Fanout  Slack
---------------------------------------------------------
fanout329/X                              10     12     -2 (VIOLATED)
fanout430/X                              10     11        (VIOLATED)



===========================================================================
report_parasitic_annotation -report_unannotated
============================================================================
Found 1 unannotated drivers.
 clk
Found 0 partially unannotated drivers.

===========================================================================
max slew violation count 0
max fanout violation count 2
max cap violation count 0
============================================================================

===========================================================================
check_setup -verbose -unconstrained_endpoints -multiple_clock -no_clock -no_input_delay -loops -generated_clocks
===========================================================================
